[WARN ] 2020-02-08 10:02:19 [restartedMain] o.s.b.w.s.c.AnnotationConfigServletWebServerApplicationContext - Exception encountered during context initialization - cancelling refresh attempt: org.springframework.beans.factory.UnsatisfiedDependencyException: Error creating bean with name 'aimalAdoptController': Unsatisfied dependency expressed through field 'animalAdoptService'; nested exception is org.springframework.beans.factory.BeanNotOfRequiredTypeException: Bean named 'animalAdoptServiceImpl' is expected to be of type 'com.shiep.service.impl.AnimalAdoptServiceImpl' but was actually of type 'com.sun.proxy.$Proxy71'
[WARN ] 2020-02-08 10:03:53 [restartedMain] o.s.b.w.s.c.AnnotationConfigServletWebServerApplicationContext - Exception encountered during context initialization - cancelling refresh attempt: org.springframework.beans.factory.BeanCreationException: Error creating bean with name 'aimalAdoptController': Injection of resource dependencies failed; nested exception is org.springframework.beans.factory.BeanNotOfRequiredTypeException: Bean named 'animalAdoptServiceImpl' is expected to be of type 'com.shiep.service.impl.AnimalAdoptServiceImpl' but was actually of type 'com.sun.proxy.$Proxy71'
[WARN ] 2020-02-08 10:04:57 [restartedMain] o.s.b.w.s.c.AnnotationConfigServletWebServerApplicationContext - Exception encountered during context initialization - cancelling refresh attempt: org.springframework.beans.factory.BeanCreationException: Error creating bean with name 'animalAdoptController': Injection of resource dependencies failed; nested exception is org.springframework.beans.factory.BeanNotOfRequiredTypeException: Bean named 'animalAdoptServiceImpl' is expected to be of type 'com.shiep.service.impl.AnimalAdoptServiceImpl' but was actually of type 'com.sun.proxy.$Proxy71'
[WARN ] 2020-02-08 10:06:41 [restartedMain] o.s.b.w.s.c.AnnotationConfigServletWebServerApplicationContext - Exception encountered during context initialization - cancelling refresh attempt: org.springframework.beans.factory.UnsatisfiedDependencyException: Error creating bean with name 'animalAdoptController': Unsatisfied dependency expressed through field 'animalAdoptService'; nested exception is org.springframework.beans.factory.BeanNotOfRequiredTypeException: Bean named 'animalAdoptServiceImpl' is expected to be of type 'com.shiep.service.impl.AnimalAdoptServiceImpl' but was actually of type 'com.sun.proxy.$Proxy71'
[WARN ] 2020-02-08 10:08:13 [http-nio-8080-exec-3] o.s.w.s.m.m.a.ExceptionHandlerExceptionResolver - Resolved [io.jsonwebtoken.SignatureException: token身份验证未通过！]
[WARN ] 2020-02-08 10:08:13 [http-nio-8080-exec-6] o.s.w.s.m.s.DefaultHandlerExceptionResolver - Resolved [org.springframework.web.bind.MissingServletRequestParameterException: Required AnimalAdopt parameter 'animalAdopt' is not present]
[WARN ] 2020-02-08 10:08:13 [http-nio-8080-exec-5] o.s.w.s.m.m.a.ExceptionHandlerExceptionResolver - Resolved [io.jsonwebtoken.SignatureException: token身份验证未通过！]
[WARN ] 2020-02-08 10:08:13 [http-nio-8080-exec-2] o.s.w.s.m.m.a.ExceptionHandlerExceptionResolver - Resolved [io.jsonwebtoken.SignatureException: token身份验证未通过！]
[WARN ] 2020-02-08 10:08:13 [http-nio-8080-exec-7] o.s.w.s.m.s.DefaultHandlerExceptionResolver - Resolved [org.springframework.web.bind.MissingServletRequestParameterException: Required AnimalAdopt parameter 'animalAdopt' is not present]
[WARN ] 2020-02-08 10:08:13 [http-nio-8080-exec-8] o.s.w.s.m.s.DefaultHandlerExceptionResolver - Resolved [org.springframework.web.bind.MissingServletRequestParameterException: Required AnimalAdopt parameter 'animalAdopt' is not present]
[WARN ] 2020-02-08 10:08:13 [http-nio-8080-exec-6] o.s.w.s.m.s.DefaultHandlerExceptionResolver - Resolved [org.springframework.web.bind.MissingServletRequestParameterException: Required AnimalAdopt parameter 'animalAdopt' is not present]
[WARN ] 2020-02-08 10:08:13 [http-nio-8080-exec-5] o.s.w.s.m.s.DefaultHandlerExceptionResolver - Resolved [org.springframework.web.bind.MissingServletRequestParameterException: Required AnimalAdopt parameter 'animalAdopt' is not present]
[WARN ] 2020-02-08 10:08:13 [http-nio-8080-exec-10] o.s.w.s.m.s.DefaultHandlerExceptionResolver - Resolved [org.springframework.web.bind.MissingServletRequestParameterException: Required AnimalAdopt parameter 'animalAdopt' is not present]
[WARN ] 2020-02-08 10:08:13 [http-nio-8080-exec-4] o.s.w.s.m.s.DefaultHandlerExceptionResolver - Resolved [org.springframework.web.bind.MissingServletRequestParameterException: Required AnimalAdopt parameter 'animalAdopt' is not present]
[WARN ] 2020-02-08 10:08:13 [http-nio-8080-exec-9] o.s.w.s.m.s.DefaultHandlerExceptionResolver - Resolved [org.springframework.web.bind.MissingServletRequestParameterException: Required AnimalAdopt parameter 'animalAdopt' is not present]
[WARN ] 2020-02-08 10:08:13 [http-nio-8080-exec-3] o.s.w.s.m.s.DefaultHandlerExceptionResolver - Resolved [org.springframework.web.bind.MissingServletRequestParameterException: Required AnimalAdopt parameter 'animalAdopt' is not present]
[WARN ] 2020-02-08 10:08:13 [http-nio-8080-exec-5] o.s.w.s.m.s.DefaultHandlerExceptionResolver - Resolved [org.springframework.web.bind.MissingServletRequestParameterException: Required AnimalAdopt parameter 'animalAdopt' is not present]
[WARN ] 2020-02-08 10:08:13 [http-nio-8080-exec-2] o.s.w.s.m.s.DefaultHandlerExceptionResolver - Resolved [org.springframework.web.bind.MissingServletRequestParameterException: Required AnimalAdopt parameter 'animalAdopt' is not present]
[WARN ] 2020-02-08 10:08:13 [http-nio-8080-exec-3] o.s.w.s.m.s.DefaultHandlerExceptionResolver - Resolved [org.springframework.web.bind.MissingServletRequestParameterException: Required AnimalAdopt parameter 'animalAdopt' is not present]
[WARN ] 2020-02-08 10:08:13 [http-nio-8080-exec-9] o.s.w.s.m.s.DefaultHandlerExceptionResolver - Resolved [org.springframework.web.bind.MissingServletRequestParameterException: Required AnimalAdopt parameter 'animalAdopt' is not present]
[WARN ] 2020-02-08 10:08:13 [http-nio-8080-exec-3] o.s.w.s.m.s.DefaultHandlerExceptionResolver - Resolved [org.springframework.web.bind.MissingServletRequestParameterException: Required AnimalAdopt parameter 'animalAdopt' is not present]
[WARN ] 2020-02-08 10:08:13 [http-nio-8080-exec-1] o.s.w.s.m.m.a.ExceptionHandlerExceptionResolver - Resolved [io.jsonwebtoken.SignatureException: tokentoken不能为空]
[WARN ] 2020-02-08 10:08:13 [http-nio-8080-exec-9] o.s.w.s.m.m.a.ExceptionHandlerExceptionResolver - Resolved [io.jsonwebtoken.SignatureException: tokentoken不能为空]
[WARN ] 2020-02-08 10:08:13 [http-nio-8080-exec-6] o.s.w.s.m.m.a.ExceptionHandlerExceptionResolver - Resolved [io.jsonwebtoken.SignatureException: tokentoken不能为空]
[WARN ] 2020-02-08 10:08:13 [http-nio-8080-exec-3] o.s.w.s.m.s.DefaultHandlerExceptionResolver - Resolved [org.springframework.web.bind.MissingServletRequestParameterException: Required AnimalAdopt parameter 'animalAdopt' is not present]
[WARN ] 2020-02-08 10:08:13 [http-nio-8080-exec-5] o.s.w.s.m.s.DefaultHandlerExceptionResolver - Resolved [org.springframework.web.bind.MissingServletRequestParameterException: Required AnimalAdopt parameter 'animalAdopt' is not present]
[WARN ] 2020-02-08 10:08:13 [http-nio-8080-exec-10] o.s.w.s.m.s.DefaultHandlerExceptionResolver - Resolved [org.springframework.web.bind.MissingServletRequestParameterException: Required AnimalAdopt parameter 'animalAdopt' is not present]
[WARN ] 2020-02-08 10:08:13 [http-nio-8080-exec-4] o.s.w.s.m.s.DefaultHandlerExceptionResolver - Resolved [org.springframework.web.bind.MissingServletRequestParameterException: Required AnimalAdopt parameter 'animalAdopt' is not present]
[WARN ] 2020-02-08 10:08:13 [http-nio-8080-exec-9] o.s.w.s.m.s.DefaultHandlerExceptionResolver - Resolved [org.springframework.web.bind.MissingServletRequestParameterException: Required AnimalAdopt parameter 'animalAdopt' is not present]
[WARN ] 2020-02-08 10:08:13 [http-nio-8080-exec-3] o.s.w.s.m.s.DefaultHandlerExceptionResolver - Resolved [org.springframework.web.bind.MissingServletRequestParameterException: Required AnimalAdopt parameter 'animalAdopt' is not present]
[WARN ] 2020-02-08 10:08:13 [http-nio-8080-exec-5] o.s.w.s.m.s.DefaultHandlerExceptionResolver - Resolved [org.springframework.web.bind.MissingServletRequestParameterException: Required AnimalAdopt parameter 'animalAdopt' is not present]
[WARN ] 2020-02-08 10:08:13 [http-nio-8080-exec-10] o.s.w.s.m.s.DefaultHandlerExceptionResolver - Resolved [org.springframework.web.bind.MissingServletRequestParameterException: Required AnimalAdopt parameter 'animalAdopt' is not present]
[WARN ] 2020-02-08 10:08:13 [http-nio-8080-exec-4] o.s.w.s.m.s.DefaultHandlerExceptionResolver - Resolved [org.springframework.web.bind.MissingServletRequestParameterException: Required AnimalAdopt parameter 'animalAdopt' is not present]
[WARN ] 2020-02-08 10:48:26 [http-nio-8080-exec-8] o.s.w.s.m.s.DefaultHandlerExceptionResolver - Resolved [org.springframework.web.bind.MissingServletRequestParameterException: Required AnimalAdopt parameter 'animalAdopt' is not present]
[WARN ] 2020-02-08 10:48:26 [http-nio-8080-exec-4] o.s.w.s.m.s.DefaultHandlerExceptionResolver - Resolved [org.springframework.web.bind.MissingServletRequestParameterException: Required AnimalAdopt parameter 'animalAdopt' is not present]
[WARN ] 2020-02-08 10:52:25 [http-nio-8080-exec-4] o.s.w.s.m.s.DefaultHandlerExceptionResolver - Resolved [org.springframework.web.bind.MissingServletRequestParameterException: Required AnimalAdopt parameter 'animalAdopt' is not present]
[WARN ] 2020-02-08 10:52:25 [http-nio-8080-exec-2] o.s.w.s.m.s.DefaultHandlerExceptionResolver - Resolved [org.springframework.web.bind.MissingServletRequestParameterException: Required AnimalAdopt parameter 'animalAdopt' is not present]
[WARN ] 2020-02-08 11:20:54 [restartedMain] o.m.s.mapper.ClassPathMapperScanner - No MyBatis mapper was found in '[com.shiep.mapper]' package. Please check your configuration.
[WARN ] 2020-02-08 11:20:54 [restartedMain] o.m.s.mapper.ClassPathMapperScanner - No MyBatis mapper was found in '[com.shiep]' package. Please check your configuration.
[WARN ] 2020-02-08 11:20:54 [restartedMain] t.m.s.mapper.ClassPathMapperScanner - No MyBatis mapper was found in '[com.shiep]' package. Please check your configuration.
[WARN ] 2020-02-08 11:20:54 [restartedMain] o.m.s.mapper.ClassPathMapperScanner - No MyBatis mapper was found in '[com.shiep]' package. Please check your configuration.
[WARN ] 2020-02-08 11:36:01 [http-nio-8080-exec-5] o.s.w.s.m.m.a.ExceptionHandlerExceptionResolver - Resolved [io.jsonwebtoken.SignatureException: token身份验证未通过！]
[WARN ] 2020-02-08 11:36:01 [http-nio-8080-exec-6] o.s.w.s.m.m.a.ExceptionHandlerExceptionResolver - Resolved [io.jsonwebtoken.SignatureException: token身份验证未通过！]
[WARN ] 2020-02-08 11:36:01 [http-nio-8080-exec-4] o.s.w.s.m.m.a.ExceptionHandlerExceptionResolver - Resolved [io.jsonwebtoken.SignatureException: token身份验证未通过！]
[WARN ] 2020-02-08 11:36:01 [http-nio-8080-exec-9] o.s.w.s.m.s.DefaultHandlerExceptionResolver - Resolved [org.springframework.validation.BindException: org.springframework.validation.BeanPropertyBindingResult: 12 errors
Field error in object 'animalAdopt' on field 'status': rejected value [null]; codes [NotNull.animalAdopt.status,NotNull.status,NotNull.java.lang.Integer,NotNull]; arguments [org.springframework.context.support.DefaultMessageSourceResolvable: codes [animalAdopt.status,status]; arguments []; default message [status]]; default message [不能为null]
Field error in object 'animalAdopt' on field 'category': rejected value [null]; codes [NotNull.animalAdopt.category,NotNull.category,NotNull.java.lang.Integer,NotNull]; arguments [org.springframework.context.support.DefaultMessageSourceResolvable: codes [animalAdopt.category,category]; arguments []; default message [category]]; default message [不能为null]
Field error in object 'animalAdopt' on field 'title': rejected value [null]; codes [NotNull.animalAdopt.title,NotNull.title,NotNull.java.lang.String,NotNull]; arguments [org.springframework.context.support.DefaultMessageSourceResolvable: codes [animalAdopt.title,title]; arguments []; default message [title]]; default message [不能为null]
Field error in object 'animalAdopt' on field 'county': rejected value [null]; codes [NotNull.animalAdopt.county,NotNull.county,NotNull.java.lang.Long,NotNull]; arguments [org.springframework.context.support.DefaultMessageSourceResolvable: codes [animalAdopt.county,county]; arguments []; default message [county]]; default message [不能为null]
Field error in object 'animalAdopt' on field 'age': rejected value [null]; codes [NotNull.animalAdopt.age,NotNull.age,NotNull.java.lang.Integer,NotNull]; arguments [org.springframework.context.support.DefaultMessageSourceResolvable: codes [animalAdopt.age,age]; arguments []; default message [age]]; default message [不能为null]
Field error in object 'animalAdopt' on field 'personName': rejected value [null]; codes [NotNull.animalAdopt.personName,NotNull.personName,NotNull.java.lang.String,NotNull]; arguments [org.springframework.context.support.DefaultMessageSourceResolvable: codes [animalAdopt.personName,personName]; arguments []; default message [personName]]; default message [不能为null]
Field error in object 'animalAdopt' on field 'sex': rejected value [null]; codes [NotNull.animalAdopt.sex,NotNull.sex,NotNull.java.lang.String,NotNull]; arguments [org.springframework.context.support.DefaultMessageSourceResolvable: codes [animalAdopt.sex,sex]; arguments []; default message [sex]]; default message [不能为null]
Field error in object 'animalAdopt' on field 'amount': rejected value [null]; codes [NotNull.animalAdopt.amount,NotNull.amount,NotNull.java.lang.Integer,NotNull]; arguments [org.springframework.context.support.DefaultMessageSourceResolvable: codes [animalAdopt.amount,amount]; arguments []; default message [amount]]; default message [不能为null]
Field error in object 'animalAdopt' on field 'userId': rejected value [null]; codes [NotNull.animalAdopt.userId,NotNull.userId,NotNull.java.lang.Long,NotNull]; arguments [org.springframework.context.support.DefaultMessageSourceResolvable: codes [animalAdopt.userId,userId]; arguments []; default message [userId]]; default message [不能为null]
Field error in object 'animalAdopt' on field 'phone': rejected value [null]; codes [NotNull.animalAdopt.phone,NotNull.phone,NotNull.java.lang.String,NotNull]; arguments [org.springframework.context.support.DefaultMessageSourceResolvable: codes [animalAdopt.phone,phone]; arguments []; default message [phone]]; default message [不能为null]
Field error in object 'animalAdopt' on field 'createTime': rejected value [null]; codes [NotNull.animalAdopt.createTime,NotNull.createTime,NotNull.java.util.Date,NotNull]; arguments [org.springframework.context.support.DefaultMessageSourceResolvable: codes [animalAdopt.createTime,createTime]; arguments []; default message [createTime]]; default message [不能为null]
Field error in object 'animalAdopt' on field 'message': rejected value [null]; codes [NotNull.animalAdopt.message,NotNull.message,NotNull.java.lang.String,NotNull]; arguments [org.springframework.context.support.DefaultMessageSourceResolvable: codes [animalAdopt.message,message]; arguments []; default message [message]]; default message [不能为null]]
[WARN ] 2020-02-08 12:02:23 [http-nio-8080-exec-2] o.s.w.s.m.s.DefaultHandlerExceptionResolver - Resolved [org.springframework.validation.BindException: org.springframework.validation.BeanPropertyBindingResult: 1 errors
Field error in object 'animalAdopt' on field 'age': rejected value [0.2]; codes [typeMismatch.animalAdopt.age,typeMismatch.age,typeMismatch.java.lang.Integer,typeMismatch]; arguments [org.springframework.context.support.DefaultMessageSourceResolvable: codes [animalAdopt.age,age]; arguments []; default message [age]]; default message [Failed to convert property value of type 'java.lang.String' to required type 'java.lang.Integer' for property 'age'; nested exception is java.lang.NumberFormatException: For input string: "0.2"]]
[WARN ] 2020-02-08 12:02:23 [http-nio-8080-exec-5] o.s.w.s.m.s.DefaultHandlerExceptionResolver - Resolved [org.springframework.validation.BindException: org.springframework.validation.BeanPropertyBindingResult: 1 errors
Field error in object 'animalAdopt' on field 'age': rejected value [0.2]; codes [typeMismatch.animalAdopt.age,typeMismatch.age,typeMismatch.java.lang.Integer,typeMismatch]; arguments [org.springframework.context.support.DefaultMessageSourceResolvable: codes [animalAdopt.age,age]; arguments []; default message [age]]; default message [Failed to convert property value of type 'java.lang.String' to required type 'java.lang.Integer' for property 'age'; nested exception is java.lang.NumberFormatException: For input string: "0.2"]]
[WARN ] 2020-02-08 12:08:30 [http-nio-8080-exec-2] o.s.w.s.m.s.DefaultHandlerExceptionResolver - Resolved [org.springframework.validation.BindException: org.springframework.validation.BeanPropertyBindingResult: 1 errors
Field error in object 'animalAdopt' on field 'age': rejected value [0.2]; codes [typeMismatch.animalAdopt.age,typeMismatch.age,typeMismatch.java.lang.Integer,typeMismatch]; arguments [org.springframework.context.support.DefaultMessageSourceResolvable: codes [animalAdopt.age,age]; arguments []; default message [age]]; default message [Failed to convert property value of type 'java.lang.String' to required type 'java.lang.Integer' for property 'age'; nested exception is java.lang.NumberFormatException: For input string: "0.2"]]
[WARN ] 2020-02-08 12:11:03 [http-nio-8080-exec-1] o.s.w.s.m.s.DefaultHandlerExceptionResolver - Resolved [org.springframework.web.HttpMediaTypeNotSupportedException: Content type 'application/x-www-form-urlencoded;charset=UTF-8' not supported]
[WARN ] 2020-02-08 12:11:03 [http-nio-8080-exec-4] o.s.w.s.m.s.DefaultHandlerExceptionResolver - Resolved [org.springframework.web.HttpMediaTypeNotSupportedException: Content type 'application/x-www-form-urlencoded;charset=UTF-8' not supported]
[WARN ] 2020-02-08 12:14:16 [http-nio-8080-exec-1] o.s.w.s.m.m.a.ExceptionHandlerExceptionResolver - Resolved [io.jsonwebtoken.SignatureException: tokentoken不能为空]
[WARN ] 2020-02-08 12:44:25 [http-nio-8080-exec-4] o.s.w.s.m.m.a.ExceptionHandlerExceptionResolver - Resolved [io.jsonwebtoken.SignatureException: token身份验证未通过！]
[WARN ] 2020-02-08 12:44:25 [http-nio-8080-exec-8] o.s.w.s.m.m.a.ExceptionHandlerExceptionResolver - Resolved [io.jsonwebtoken.SignatureException: token身份验证未通过！]
[WARN ] 2020-02-08 12:44:25 [http-nio-8080-exec-7] o.s.w.s.m.m.a.ExceptionHandlerExceptionResolver - Resolved [io.jsonwebtoken.SignatureException: token身份验证未通过！]
[WARN ] 2020-02-08 12:44:25 [http-nio-8080-exec-3] o.s.w.s.m.s.DefaultHandlerExceptionResolver - Resolved [org.springframework.validation.BindException: org.springframework.validation.BeanPropertyBindingResult: 1 errors
Field error in object 'animalAdopt' on field 'createTime': rejected value [2020-02-08 14:08:20]; codes [typeMismatch.animalAdopt.createTime,typeMismatch.createTime,typeMismatch.java.util.Date,typeMismatch]; arguments [org.springframework.context.support.DefaultMessageSourceResolvable: codes [animalAdopt.createTime,createTime]; arguments []; default message [createTime]]; default message [Failed to convert property value of type 'java.lang.String' to required type 'java.util.Date' for property 'createTime'; nested exception is org.springframework.core.convert.ConversionFailedException: Failed to convert from type [java.lang.String] to type [java.util.Date] for value '2020-02-08 14:08:20'; nested exception is java.lang.IllegalArgumentException]]
[WARN ] 2020-02-08 12:44:25 [http-nio-8080-exec-6] o.s.w.s.m.s.DefaultHandlerExceptionResolver - Resolved [org.springframework.validation.BindException: org.springframework.validation.BeanPropertyBindingResult: 1 errors
Field error in object 'animalAdopt' on field 'createTime': rejected value [2020-02-08 14:08:39]; codes [typeMismatch.animalAdopt.createTime,typeMismatch.createTime,typeMismatch.java.util.Date,typeMismatch]; arguments [org.springframework.context.support.DefaultMessageSourceResolvable: codes [animalAdopt.createTime,createTime]; arguments []; default message [createTime]]; default message [Failed to convert property value of type 'java.lang.String' to required type 'java.util.Date' for property 'createTime'; nested exception is org.springframework.core.convert.ConversionFailedException: Failed to convert from type [java.lang.String] to type [java.util.Date] for value '2020-02-08 14:08:39'; nested exception is java.lang.IllegalArgumentException]]
[WARN ] 2020-02-08 12:44:25 [http-nio-8080-exec-7] o.s.w.s.m.s.DefaultHandlerExceptionResolver - Resolved [org.springframework.validation.BindException: org.springframework.validation.BeanPropertyBindingResult: 1 errors
Field error in object 'animalAdopt' on field 'createTime': rejected value [2020-02-08 14:09:28]; codes [typeMismatch.animalAdopt.createTime,typeMismatch.createTime,typeMismatch.java.util.Date,typeMismatch]; arguments [org.springframework.context.support.DefaultMessageSourceResolvable: codes [animalAdopt.createTime,createTime]; arguments []; default message [createTime]]; default message [Failed to convert property value of type 'java.lang.String' to required type 'java.util.Date' for property 'createTime'; nested exception is org.springframework.core.convert.ConversionFailedException: Failed to convert from type [java.lang.String] to type [java.util.Date] for value '2020-02-08 14:09:28'; nested exception is java.lang.IllegalArgumentException]]
[WARN ] 2020-02-08 14:10:14 [http-nio-8080-exec-1] o.s.w.s.m.s.DefaultHandlerExceptionResolver - Resolved [org.springframework.validation.BindException: org.springframework.validation.BeanPropertyBindingResult: 1 errors
Field error in object 'animalAdopt' on field 'createTime': rejected value [2020-02-08 14:10:28]; codes [typeMismatch.animalAdopt.createTime,typeMismatch.createTime,typeMismatch.java.util.Date,typeMismatch]; arguments [org.springframework.context.support.DefaultMessageSourceResolvable: codes [animalAdopt.createTime,createTime]; arguments []; default message [createTime]]; default message [Failed to convert property value of type 'java.lang.String' to required type 'java.util.Date' for property 'createTime'; nested exception is org.springframework.core.convert.ConversionFailedException: Failed to convert from type [java.lang.String] to type [java.util.Date] for value '2020-02-08 14:10:28'; nested exception is java.lang.IllegalArgumentException]]
[WARN ] 2020-02-08 14:11:35 [http-nio-8080-exec-2] o.s.w.s.m.s.DefaultHandlerExceptionResolver - Resolved [org.springframework.validation.BindException: org.springframework.validation.BeanPropertyBindingResult: 1 errors
Field error in object 'animalAdopt' on field 'createTime': rejected value [2020-02-08 14:12:03]; codes [typeMismatch.animalAdopt.createTime,typeMismatch.createTime,typeMismatch.java.util.Date,typeMismatch]; arguments [org.springframework.context.support.DefaultMessageSourceResolvable: codes [animalAdopt.createTime,createTime]; arguments []; default message [createTime]]; default message [Failed to convert property value of type 'java.lang.String' to required type 'java.util.Date' for property 'createTime'; nested exception is org.springframework.core.convert.ConversionFailedException: Failed to convert from type [java.lang.String] to type [java.util.Date] for value '2020-02-08 14:12:03'; nested exception is java.lang.IllegalArgumentException]]
[WARN ] 2020-02-08 14:14:53 [http-nio-8080-exec-2] o.s.w.s.m.s.DefaultHandlerExceptionResolver - Resolved [org.springframework.validation.BindException: org.springframework.validation.BeanPropertyBindingResult: 1 errors
Field error in object 'animalAdopt' on field 'createTime': rejected value [2020-02-08 14:15:07]; codes [typeMismatch.animalAdopt.createTime,typeMismatch.createTime,typeMismatch.java.util.Date,typeMismatch]; arguments [org.springframework.context.support.DefaultMessageSourceResolvable: codes [animalAdopt.createTime,createTime]; arguments []; default message [createTime]]; default message [Failed to convert property value of type 'java.lang.String' to required type 'java.util.Date' for property 'createTime'; nested exception is org.springframework.core.convert.ConversionFailedException: Failed to convert from type [java.lang.String] to type [@org.springframework.format.annotation.DateTimeFormat java.util.Date] for value '2020-02-08 14:15:07'; nested exception is org.joda.time.IllegalFieldValueException: Cannot parse "2020-02-08 14:15:07": Value 14 for clockhourOfHalfday must be in the range [1,12]]]
[WARN ] 2020-02-08 14:14:53 [http-nio-8080-exec-2] o.s.w.s.m.s.DefaultHandlerExceptionResolver - Resolved [org.springframework.validation.BindException: org.springframework.validation.BeanPropertyBindingResult: 1 errors
Field error in object 'animalAdopt' on field 'createTime': rejected value [1581142935000]; codes [typeMismatch.animalAdopt.createTime,typeMismatch.createTime,typeMismatch.java.util.Date,typeMismatch]; arguments [org.springframework.context.support.DefaultMessageSourceResolvable: codes [animalAdopt.createTime,createTime]; arguments []; default message [createTime]]; default message [Failed to convert property value of type 'java.lang.String' to required type 'java.util.Date' for property 'createTime'; nested exception is org.springframework.core.convert.ConversionFailedException: Failed to convert from type [java.lang.String] to type [@org.springframework.format.annotation.DateTimeFormat java.util.Date] for value '1581142935000'; nested exception is java.lang.IllegalArgumentException: Invalid format: "1581142935000" is malformed at "5000"]]
[WARN ] 2020-02-08 14:14:53 [http-nio-8080-exec-6] o.s.w.s.m.s.DefaultHandlerExceptionResolver - Resolved [org.springframework.validation.BindException: org.springframework.validation.BeanPropertyBindingResult: 1 errors
Field error in object 'animalAdopt' on field 'createTime': rejected value [1581142969000]; codes [typeMismatch.animalAdopt.createTime,typeMismatch.createTime,typeMismatch.java.util.Date,typeMismatch]; arguments [org.springframework.context.support.DefaultMessageSourceResolvable: codes [animalAdopt.createTime,createTime]; arguments []; default message [createTime]]; default message [Failed to convert property value of type 'java.lang.String' to required type 'java.util.Date' for property 'createTime'; nested exception is org.springframework.core.convert.ConversionFailedException: Failed to convert from type [java.lang.String] to type [@org.springframework.format.annotation.DateTimeFormat java.util.Date] for value '1581142969000'; nested exception is java.lang.IllegalArgumentException: Invalid format: "1581142969000" is malformed at "9000"]]
[WARN ] 2020-02-08 16:04:57 [http-nio-8080-exec-6] o.s.w.s.m.m.a.ExceptionHandlerExceptionResolver - Resolved [io.jsonwebtoken.SignatureException: token身份验证未通过！]
[WARN ] 2020-02-08 16:04:57 [http-nio-8080-exec-3] o.s.w.s.m.m.a.ExceptionHandlerExceptionResolver - Resolved [io.jsonwebtoken.SignatureException: token身份验证未通过！]
[WARN ] 2020-02-08 16:04:57 [http-nio-8080-exec-5] o.s.w.s.m.m.a.ExceptionHandlerExceptionResolver - Resolved [io.jsonwebtoken.SignatureException: token身份验证未通过！]
[WARN ] 2020-02-08 16:04:57 [http-nio-8080-exec-10] o.s.w.s.m.m.a.ExceptionHandlerExceptionResolver - Resolved [io.jsonwebtoken.SignatureException: tokentoken不能为空]
[WARN ] 2020-02-08 16:04:57 [http-nio-8080-exec-1] o.s.w.s.m.m.a.ExceptionHandlerExceptionResolver - Resolved [io.jsonwebtoken.SignatureException: tokentoken不能为空]
[WARN ] 2020-02-08 16:24:42 [http-nio-8080-exec-8] o.s.w.s.m.s.DefaultHandlerExceptionResolver - Resolved [org.springframework.web.bind.MissingServletRequestParameterException: Required Long parameter 'animalAdoptId' is not present]
[WARN ] 2020-02-08 16:24:42 [http-nio-8080-exec-8] o.s.w.s.m.m.a.ExceptionHandlerExceptionResolver - Resolved [io.jsonwebtoken.SignatureException: tokentoken不能为空]
[WARN ] 2020-02-08 16:35:29 [http-nio-8080-exec-8] o.s.w.s.m.s.DefaultHandlerExceptionResolver - Resolved [org.springframework.web.bind.MissingServletRequestParameterException: Required Long parameter 'data' is not present]
[WARN ] 2020-02-08 16:35:29 [http-nio-8080-exec-8] o.s.w.s.m.m.a.ExceptionHandlerExceptionResolver - Resolved [io.jsonwebtoken.SignatureException: tokentoken不能为空]
[WARN ] 2020-02-08 16:35:29 [http-nio-8080-exec-10] o.s.w.s.m.s.DefaultHandlerExceptionResolver - Resolved [org.springframework.web.bind.MissingServletRequestParameterException: Required Long parameter 'data' is not present]
[WARN ] 2020-02-08 16:35:29 [http-nio-8080-exec-10] o.s.w.s.m.m.a.ExceptionHandlerExceptionResolver - Resolved [io.jsonwebtoken.SignatureException: tokentoken不能为空]
[WARN ] 2020-02-08 16:38:34 [http-nio-8080-exec-8] o.s.w.s.m.s.DefaultHandlerExceptionResolver - Resolved [org.springframework.web.bind.MissingServletRequestParameterException: Required Long parameter 'data' is not present]
[WARN ] 2020-02-08 16:38:34 [http-nio-8080-exec-8] o.s.w.s.m.m.a.ExceptionHandlerExceptionResolver - Resolved [io.jsonwebtoken.SignatureException: tokentoken不能为空]
[WARN ] 2020-02-08 16:40:46 [http-nio-8080-exec-1] o.s.w.s.m.m.a.ExceptionHandlerExceptionResolver - Resolved [io.jsonwebtoken.SignatureException: token身份验证未通过！]
[WARN ] 2020-02-08 16:40:46 [http-nio-8080-exec-2] o.s.w.s.m.m.a.ExceptionHandlerExceptionResolver - Resolved [io.jsonwebtoken.SignatureException: tokentoken不能为空]
[WARN ] 2020-02-08 16:40:46 [http-nio-8080-exec-4] o.s.w.s.m.m.a.ExceptionHandlerExceptionResolver - Resolved [io.jsonwebtoken.SignatureException: tokentoken不能为空]
[WARN ] 2020-02-08 16:49:12 [http-nio-8080-exec-1] o.s.w.s.m.s.DefaultHandlerExceptionResolver - Resolved [org.springframework.web.method.annotation.MethodArgumentTypeMismatchException: Failed to convert value of type 'java.lang.String' to required type 'java.lang.Long'; nested exception is java.lang.NumberFormatException: For input string: "this.animalAdoptId"]
[WARN ] 2020-02-08 16:49:12 [http-nio-8080-exec-1] o.s.w.s.m.m.a.ExceptionHandlerExceptionResolver - Resolved [io.jsonwebtoken.SignatureException: tokentoken不能为空]
[WARN ] 2020-02-08 16:49:12 [http-nio-8080-exec-10] o.s.w.s.m.s.DefaultHandlerExceptionResolver - Resolved [org.springframework.web.method.annotation.MethodArgumentTypeMismatchException: Failed to convert value of type 'java.lang.String' to required type 'java.lang.Long'; nested exception is java.lang.NumberFormatException: For input string: "this.animalAdoptId"]
[WARN ] 2020-02-08 16:49:12 [http-nio-8080-exec-10] o.s.w.s.m.m.a.ExceptionHandlerExceptionResolver - Resolved [io.jsonwebtoken.SignatureException: tokentoken不能为空]
[WARN ] 2020-02-08 16:49:12 [http-nio-8080-exec-8] o.s.w.s.m.s.DefaultHandlerExceptionResolver - Resolved [org.springframework.web.method.annotation.MethodArgumentTypeMismatchException: Failed to convert value of type 'java.lang.String' to required type 'java.lang.Long'; nested exception is java.lang.NumberFormatException: For input string: "this.animalAdoptId"]
[WARN ] 2020-02-08 16:49:12 [http-nio-8080-exec-8] o.s.w.s.m.m.a.ExceptionHandlerExceptionResolver - Resolved [io.jsonwebtoken.SignatureException: tokentoken不能为空]
[WARN ] 2020-02-08 17:03:13 [http-nio-8080-exec-2] o.s.w.s.m.s.DefaultHandlerExceptionResolver - Resolved [org.springframework.web.method.annotation.MethodArgumentTypeMismatchException: Failed to convert value of type 'java.lang.String' to required type 'java.lang.Long'; nested exception is java.lang.NumberFormatException: For input string: "this.animalAdoptId"]
[WARN ] 2020-02-08 17:03:13 [http-nio-8080-exec-2] o.s.w.s.m.m.a.ExceptionHandlerExceptionResolver - Resolved [io.jsonwebtoken.SignatureException: tokentoken不能为空]
[WARN ] 2020-02-08 17:03:13 [http-nio-8080-exec-2] o.s.w.s.m.m.a.ExceptionHandlerExceptionResolver - Resolved [io.jsonwebtoken.SignatureException: token身份验证未通过！]
[WARN ] 2020-02-08 17:03:13 [http-nio-8080-exec-6] o.s.w.s.m.m.a.ExceptionHandlerExceptionResolver - Resolved [io.jsonwebtoken.SignatureException: token身份验证未通过！]
[WARN ] 2020-02-08 17:03:13 [http-nio-8080-exec-7] o.s.w.s.m.m.a.ExceptionHandlerExceptionResolver - Resolved [io.jsonwebtoken.SignatureException: token身份验证未通过！]
[WARN ] 2020-02-08 17:36:39 [http-nio-8080-exec-5] o.s.w.s.m.m.a.ExceptionHandlerExceptionResolver - Resolved [io.jsonwebtoken.SignatureException: token身份验证未通过！]
[WARN ] 2020-02-08 17:36:39 [http-nio-8080-exec-4] o.s.w.s.m.m.a.ExceptionHandlerExceptionResolver - Resolved [io.jsonwebtoken.SignatureException: token身份验证未通过！]
[WARN ] 2020-02-08 17:36:39 [http-nio-8080-exec-6] o.s.w.s.m.m.a.ExceptionHandlerExceptionResolver - Resolved [io.jsonwebtoken.SignatureException: token身份验证未通过！]
[WARN ] 2020-02-08 17:36:39 [http-nio-8080-exec-8] o.s.w.s.m.m.a.ExceptionHandlerExceptionResolver - Resolved [io.jsonwebtoken.SignatureException: token身份验证未通过！]
[WARN ] 2020-02-08 17:36:39 [http-nio-8080-exec-3] o.s.w.s.m.m.a.ExceptionHandlerExceptionResolver - Resolved [io.jsonwebtoken.SignatureException: token身份验证未通过！]
[WARN ] 2020-02-08 17:36:39 [http-nio-8080-exec-2] o.s.w.s.m.m.a.ExceptionHandlerExceptionResolver - Resolved [io.jsonwebtoken.SignatureException: token身份验证未通过！]
[WARN ] 2020-02-08 17:36:39 [http-nio-8080-exec-3] o.s.w.s.m.m.a.ExceptionHandlerExceptionResolver - Resolved [io.jsonwebtoken.SignatureException: token身份验证未通过！]
[WARN ] 2020-02-08 17:36:39 [http-nio-8080-exec-8] o.s.w.s.m.m.a.ExceptionHandlerExceptionResolver - Resolved [io.jsonwebtoken.SignatureException: token身份验证未通过！]
[WARN ] 2020-02-08 17:36:39 [http-nio-8080-exec-7] o.s.w.s.m.m.a.ExceptionHandlerExceptionResolver - Resolved [io.jsonwebtoken.SignatureException: token身份验证未通过！]
[WARN ] 2020-02-08 17:36:39 [http-nio-8080-exec-9] o.s.w.s.m.m.a.ExceptionHandlerExceptionResolver - Resolved [io.jsonwebtoken.SignatureException: token身份验证未通过！]
[WARN ] 2020-02-08 17:36:39 [http-nio-8080-exec-7] o.s.w.s.m.m.a.ExceptionHandlerExceptionResolver - Resolved [io.jsonwebtoken.SignatureException: token身份验证未通过！]
[WARN ] 2020-02-08 17:36:39 [http-nio-8080-exec-3] o.s.w.s.m.m.a.ExceptionHandlerExceptionResolver - Resolved [io.jsonwebtoken.SignatureException: token身份验证未通过！]
[WARN ] 2020-02-08 17:36:39 [http-nio-8080-exec-1] o.s.w.s.m.m.a.ExceptionHandlerExceptionResolver - Resolved [io.jsonwebtoken.SignatureException: token身份验证未通过！]
[WARN ] 2020-02-08 17:36:39 [http-nio-8080-exec-3] o.s.w.s.m.m.a.ExceptionHandlerExceptionResolver - Resolved [io.jsonwebtoken.SignatureException: token身份验证未通过！]
[WARN ] 2020-02-08 17:36:39 [http-nio-8080-exec-4] o.s.w.s.m.m.a.ExceptionHandlerExceptionResolver - Resolved [io.jsonwebtoken.SignatureException: token身份验证未通过！]
[WARN ] 2020-02-08 17:36:39 [http-nio-8080-exec-2] o.s.w.s.m.m.a.ExceptionHandlerExceptionResolver - Resolved [io.jsonwebtoken.SignatureException: token身份验证未通过！]
[WARN ] 2020-02-08 17:36:39 [http-nio-8080-exec-1] o.s.w.s.m.m.a.ExceptionHandlerExceptionResolver - Resolved [io.jsonwebtoken.SignatureException: token身份验证未通过！]
[WARN ] 2020-02-08 17:36:39 [http-nio-8080-exec-8] o.s.w.s.m.m.a.ExceptionHandlerExceptionResolver - Resolved [io.jsonwebtoken.SignatureException: token身份验证未通过！]
[WARN ] 2020-02-08 17:36:39 [http-nio-8080-exec-3] o.s.w.s.m.m.a.ExceptionHandlerExceptionResolver - Resolved [io.jsonwebtoken.SignatureException: token身份验证未通过！]
