[WARN ] 2020-02-20 17:21:05 [http-nio-8080-exec-5] o.s.w.s.m.m.a.ExceptionHandlerExceptionResolver - Resolved [io.jsonwebtoken.SignatureException: token身份验证未通过！]
[WARN ] 2020-02-20 17:21:05 [http-nio-8080-exec-3] o.s.w.s.m.m.a.ExceptionHandlerExceptionResolver - Resolved [io.jsonwebtoken.SignatureException: token身份验证未通过！]
[WARN ] 2020-02-20 17:21:05 [http-nio-8080-exec-1] o.s.w.s.m.m.a.ExceptionHandlerExceptionResolver - Resolved [io.jsonwebtoken.SignatureException: token身份验证未通过！]
[WARN ] 2020-02-21 10:39:32 [restartedMain] o.s.b.d.a.OptionalLiveReloadServer - Unable to start LiveReload server
[WARN ] 2020-02-21 10:40:35 [restartedMain] o.s.b.d.a.OptionalLiveReloadServer - Unable to start LiveReload server
[WARN ] 2020-02-21 10:42:34 [http-nio-8080-exec-8] o.s.w.s.m.m.a.ExceptionHandlerExceptionResolver - Resolved [io.jsonwebtoken.SignatureException: token身份验证未通过！]
[WARN ] 2020-02-21 12:31:52 [http-nio-8080-exec-4] o.s.w.s.m.m.a.ExceptionHandlerExceptionResolver - Resolved [io.jsonwebtoken.SignatureException: token身份验证未通过！]
[WARN ] 2020-02-21 12:31:52 [http-nio-8080-exec-3] o.s.w.s.m.m.a.ExceptionHandlerExceptionResolver - Resolved [io.jsonwebtoken.SignatureException: token身份验证未通过！]
[WARN ] 2020-02-21 14:05:39 [http-nio-8080-exec-4] o.s.w.s.m.m.a.ExceptionHandlerExceptionResolver - Resolved [io.jsonwebtoken.SignatureException: token身份验证未通过！]
[WARN ] 2020-02-21 14:05:39 [http-nio-8080-exec-3] o.s.w.s.m.m.a.ExceptionHandlerExceptionResolver - Resolved [io.jsonwebtoken.SignatureException: token身份验证未通过！]
[WARN ] 2020-02-21 14:29:17 [http-nio-8080-exec-6] o.s.w.s.m.m.a.ExceptionHandlerExceptionResolver - Resolved [io.jsonwebtoken.SignatureException: token身份验证未通过！]
[WARN ] 2020-02-21 14:29:17 [http-nio-8080-exec-8] o.s.w.s.m.m.a.ExceptionHandlerExceptionResolver - Resolved [io.jsonwebtoken.SignatureException: token身份验证未通过！]
[WARN ] 2020-02-21 14:29:17 [http-nio-8080-exec-3] o.s.w.s.m.m.a.ExceptionHandlerExceptionResolver - Resolved [io.jsonwebtoken.SignatureException: token身份验证未通过！]
[WARN ] 2020-02-21 14:29:17 [http-nio-8080-exec-2] o.s.w.s.m.m.a.ExceptionHandlerExceptionResolver - Resolved [io.jsonwebtoken.SignatureException: token身份验证未通过！]
[WARN ] 2020-02-21 14:29:17 [http-nio-8080-exec-7] o.s.w.s.m.m.a.ExceptionHandlerExceptionResolver - Resolved [io.jsonwebtoken.SignatureException: token身份验证未通过！]
[WARN ] 2020-02-21 14:29:17 [http-nio-8080-exec-10] o.s.w.s.m.m.a.ExceptionHandlerExceptionResolver - Resolved [io.jsonwebtoken.SignatureException: token身份验证未通过！]
[WARN ] 2020-02-21 14:29:17 [http-nio-8080-exec-4] o.s.w.s.m.m.a.ExceptionHandlerExceptionResolver - Resolved [io.jsonwebtoken.SignatureException: token身份验证未通过！]
[WARN ] 2020-02-21 14:29:17 [http-nio-8080-exec-5] o.s.w.s.m.m.a.ExceptionHandlerExceptionResolver - Resolved [io.jsonwebtoken.SignatureException: token身份验证未通过！]
[WARN ] 2020-02-21 14:29:17 [http-nio-8080-exec-1] o.s.w.s.m.m.a.ExceptionHandlerExceptionResolver - Resolved [io.jsonwebtoken.SignatureException: token身份验证未通过！]
[WARN ] 2020-02-21 14:29:17 [http-nio-8080-exec-9] o.s.w.s.m.m.a.ExceptionHandlerExceptionResolver - Resolved [io.jsonwebtoken.SignatureException: token身份验证未通过！]
[WARN ] 2020-02-21 14:29:17 [http-nio-8080-exec-6] o.s.w.s.m.m.a.ExceptionHandlerExceptionResolver - Resolved [io.jsonwebtoken.SignatureException: token身份验证未通过！]
[WARN ] 2020-02-21 14:29:17 [http-nio-8080-exec-8] o.s.w.s.m.m.a.ExceptionHandlerExceptionResolver - Resolved [io.jsonwebtoken.SignatureException: token身份验证未通过！]
[WARN ] 2020-02-21 14:29:17 [http-nio-8080-exec-2] o.s.w.s.m.m.a.ExceptionHandlerExceptionResolver - Resolved [io.jsonwebtoken.SignatureException: token身份验证未通过！]
[WARN ] 2020-02-21 14:29:17 [http-nio-8080-exec-3] o.s.w.s.m.m.a.ExceptionHandlerExceptionResolver - Resolved [io.jsonwebtoken.SignatureException: token身份验证未通过！]
[WARN ] 2020-02-21 14:29:17 [http-nio-8080-exec-7] o.s.w.s.m.m.a.ExceptionHandlerExceptionResolver - Resolved [io.jsonwebtoken.SignatureException: token身份验证未通过！]
[WARN ] 2020-02-21 14:29:17 [http-nio-8080-exec-10] o.s.w.s.m.m.a.ExceptionHandlerExceptionResolver - Resolved [io.jsonwebtoken.SignatureException: token身份验证未通过！]
[WARN ] 2020-02-21 14:29:17 [http-nio-8080-exec-9] o.s.w.s.m.m.a.ExceptionHandlerExceptionResolver - Resolved [io.jsonwebtoken.SignatureException: tokentoken不能为空]
[WARN ] 2020-02-21 14:29:17 [http-nio-8080-exec-2] o.s.w.s.m.m.a.ExceptionHandlerExceptionResolver - Resolved [io.jsonwebtoken.SignatureException: token身份验证未通过！]
[WARN ] 2020-02-21 16:41:25 [restartedMain] o.s.b.w.s.c.AnnotationConfigServletWebServerApplicationContext - Exception encountered during context initialization - cancelling refresh attempt: org.springframework.beans.factory.BeanCreationException: Error creating bean with name 'authController': Injection of resource dependencies failed; nested exception is org.springframework.beans.factory.NoSuchBeanDefinitionException: No qualifying bean of type 'com.shiep.service.IUserService' available: expected at least 1 bean which qualifies as autowire candidate. Dependency annotations: {@javax.annotation.Resource(shareable=true, lookup=, name=, description=, authenticationType=CONTAINER, type=class java.lang.Object, mappedName=)}
[WARN ] 2020-02-21 16:41:43 [restartedMain] o.s.b.d.a.OptionalLiveReloadServer - Unable to start LiveReload server
[WARN ] 2020-02-21 16:41:43 [http-nio-8080-exec-9] o.s.w.s.m.m.a.ExceptionHandlerExceptionResolver - Resolved [io.jsonwebtoken.SignatureException: token身份验证未通过！]
[WARN ] 2020-02-21 16:41:43 [http-nio-8080-exec-7] o.s.w.s.m.m.a.ExceptionHandlerExceptionResolver - Resolved [io.jsonwebtoken.SignatureException: token身份验证未通过！]
[WARN ] 2020-02-21 17:30:39 [restartedMain] o.s.b.w.s.c.AnnotationConfigServletWebServerApplicationContext - Exception encountered during context initialization - cancelling refresh attempt: org.springframework.beans.factory.BeanCreationException: Error creating bean with name 'authController': Injection of resource dependencies failed; nested exception is org.springframework.beans.factory.NoSuchBeanDefinitionException: No qualifying bean of type 'com.shiep.service.IUserService' available: expected at least 1 bean which qualifies as autowire candidate. Dependency annotations: {@javax.annotation.Resource(shareable=true, lookup=, name=, description=, authenticationType=CONTAINER, type=class java.lang.Object, mappedName=)}
[WARN ] 2020-02-21 17:30:47 [restartedMain] o.s.b.d.a.OptionalLiveReloadServer - Unable to start LiveReload server
[WARN ] 2020-02-21 17:30:47 [http-nio-8080-exec-3] o.s.w.s.m.m.a.ExceptionHandlerExceptionResolver - Resolved [io.jsonwebtoken.SignatureException: token身份验证未通过！]
[WARN ] 2020-02-21 17:30:47 [http-nio-8080-exec-4] o.s.w.s.m.m.a.ExceptionHandlerExceptionResolver - Resolved [io.jsonwebtoken.SignatureException: token身份验证未通过！]
[WARN ] 2020-02-21 18:05:28 [restartedMain] o.s.b.w.s.c.AnnotationConfigServletWebServerApplicationContext - Exception encountered during context initialization - cancelling refresh attempt: org.springframework.beans.factory.UnsatisfiedDependencyException: Error creating bean with name 'animalAdoptController': Unsatisfied dependency expressed through field 'animalAdoptService'; nested exception is org.springframework.beans.factory.BeanCreationException: Error creating bean with name 'animalAdoptServiceImpl' defined in file [D:\Tool_Workspace\IDEA\stary-animals\target\classes\com\shiep\service\impl\AnimalAdoptServiceImpl.class]: Post-processing of merged bean definition failed; nested exception is java.lang.IllegalStateException: Failed to introspect Class [com.shiep.service.impl.AnimalAdoptServiceImpl] from ClassLoader [org.springframework.boot.devtools.restart.classloader.RestartClassLoader@5e7b19cf]
[WARN ] 2020-02-21 18:07:09 [restartedMain] o.s.b.w.s.c.AnnotationConfigServletWebServerApplicationContext - Exception encountered during context initialization - cancelling refresh attempt: org.springframework.beans.factory.UnsatisfiedDependencyException: Error creating bean with name 'animalAdoptController': Unsatisfied dependency expressed through field 'animalAdoptService'; nested exception is org.springframework.beans.factory.NoSuchBeanDefinitionException: No qualifying bean of type 'com.shiep.service.IAnimalAdoptService' available: expected at least 1 bean which qualifies as autowire candidate. Dependency annotations: {@org.springframework.beans.factory.annotation.Autowired(required=true)}
[WARN ] 2020-02-21 18:07:31 [restartedMain] o.s.b.d.a.OptionalLiveReloadServer - Unable to start LiveReload server
[WARN ] 2020-02-21 18:24:18 [restartedMain] o.s.b.d.a.OptionalLiveReloadServer - Unable to start LiveReload server
[WARN ] 2020-02-21 18:53:08 [http-nio-8080-exec-10] o.s.w.s.m.s.DefaultHandlerExceptionResolver - Resolved [org.springframework.web.HttpRequestMethodNotSupportedException: Request method 'POST' not supported]
[WARN ] 2020-02-21 19:08:55 [http-nio-8080-exec-3] o.s.w.s.m.m.a.ExceptionHandlerExceptionResolver - Resolved [io.jsonwebtoken.SignatureException: token身份验证未通过！]
[WARN ] 2020-02-21 19:08:55 [http-nio-8080-exec-4] o.s.w.s.m.m.a.ExceptionHandlerExceptionResolver - Resolved [io.jsonwebtoken.SignatureException: token身份验证未通过！]
[WARN ] 2020-02-21 19:33:51 [http-nio-8080-exec-8] o.s.w.s.m.s.DefaultHandlerExceptionResolver - Resolved [org.springframework.web.bind.MissingServletRequestParameterException: Required Integer parameter 'role' is not present]
[WARN ] 2020-02-21 19:33:51 [http-nio-8080-exec-3] o.s.w.s.m.s.DefaultHandlerExceptionResolver - Resolved [org.springframework.web.bind.MissingServletRequestParameterException: Required Integer parameter 'role' is not present]
[WARN ] 2020-02-21 19:33:51 [http-nio-8080-exec-9] o.s.w.s.m.s.DefaultHandlerExceptionResolver - Resolved [org.springframework.web.bind.MissingServletRequestParameterException: Required Integer parameter 'role' is not present]
[WARN ] 2020-02-21 19:44:13 [http-nio-8080-exec-1] o.s.w.s.m.m.a.ExceptionHandlerExceptionResolver - Resolved [io.jsonwebtoken.SignatureException: token身份验证未通过！]
[WARN ] 2020-02-21 19:44:13 [http-nio-8080-exec-4] o.s.w.s.m.m.a.ExceptionHandlerExceptionResolver - Resolved [io.jsonwebtoken.SignatureException: token身份验证未通过！]
[WARN ] 2020-02-21 19:44:13 [http-nio-8080-exec-9] o.s.w.s.m.m.a.ExceptionHandlerExceptionResolver - Resolved [io.jsonwebtoken.SignatureException: token身份验证未通过！]
[WARN ] 2020-02-21 19:44:13 [http-nio-8080-exec-6] o.s.w.s.m.m.a.ExceptionHandlerExceptionResolver - Resolved [io.jsonwebtoken.SignatureException: token身份验证未通过！]
[WARN ] 2020-02-21 19:44:13 [http-nio-8080-exec-9] o.s.w.s.m.m.a.ExceptionHandlerExceptionResolver - Resolved [io.jsonwebtoken.SignatureException: token身份验证未通过！]
[WARN ] 2020-02-21 19:44:13 [http-nio-8080-exec-2] o.s.w.s.m.m.a.ExceptionHandlerExceptionResolver - Resolved [io.jsonwebtoken.SignatureException: token身份验证未通过！]
[WARN ] 2020-02-21 19:44:13 [http-nio-8080-exec-4] o.s.w.s.m.m.a.ExceptionHandlerExceptionResolver - Resolved [io.jsonwebtoken.SignatureException: token身份验证未通过！]
[WARN ] 2020-02-21 19:44:13 [http-nio-8080-exec-8] o.s.w.s.m.m.a.ExceptionHandlerExceptionResolver - Resolved [io.jsonwebtoken.SignatureException: token身份验证未通过！]
[WARN ] 2020-02-21 19:44:13 [http-nio-8080-exec-6] o.s.w.s.m.m.a.ExceptionHandlerExceptionResolver - Resolved [io.jsonwebtoken.SignatureException: token身份验证未通过！]
[WARN ] 2020-02-21 19:44:13 [http-nio-8080-exec-9] o.s.w.s.m.m.a.ExceptionHandlerExceptionResolver - Resolved [io.jsonwebtoken.SignatureException: token身份验证未通过！]
[WARN ] 2020-02-21 19:44:13 [http-nio-8080-exec-5] o.s.w.s.m.m.a.ExceptionHandlerExceptionResolver - Resolved [io.jsonwebtoken.SignatureException: token身份验证未通过！]
[WARN ] 2020-02-21 21:35:01 [restartedMain] o.s.b.w.s.c.AnnotationConfigServletWebServerApplicationContext - Exception encountered during context initialization - cancelling refresh attempt: org.springframework.beans.factory.BeanCreationException: Error creating bean with name 'animalCategoryController' defined in file [D:\Tool_Workspace\IDEA\stary-animals\target\classes\com\shiep\controller\AnimalCategoryController.class]: Post-processing of merged bean definition failed; nested exception is java.lang.IllegalStateException: Failed to introspect Class [com.shiep.controller.AnimalCategoryController] from ClassLoader [org.springframework.boot.devtools.restart.classloader.RestartClassLoader@3b697f4]
[WARN ] 2020-02-21 21:35:06 [restartedMain] o.s.b.w.s.c.AnnotationConfigServletWebServerApplicationContext - Exception encountered during context initialization - cancelling refresh attempt: org.springframework.beans.factory.BeanCreationException: Error creating bean with name 'animalCategoryController' defined in file [D:\Tool_Workspace\IDEA\stary-animals\target\classes\com\shiep\controller\AnimalCategoryController.class]: Post-processing of merged bean definition failed; nested exception is java.lang.IllegalStateException: Failed to introspect Class [com.shiep.controller.AnimalCategoryController] from ClassLoader [org.springframework.boot.devtools.restart.classloader.RestartClassLoader@356e2400]
[WARN ] 2020-02-21 21:35:10 [restartedMain] o.s.b.w.s.c.AnnotationConfigServletWebServerApplicationContext - Exception encountered during context initialization - cancelling refresh attempt: org.springframework.beans.factory.UnsatisfiedDependencyException: Error creating bean with name 'animalAdoptController': Unsatisfied dependency expressed through field 'animalAdoptService'; nested exception is org.springframework.beans.factory.NoSuchBeanDefinitionException: No qualifying bean of type 'com.shiep.service.IAnimalAdoptService' available: expected at least 1 bean which qualifies as autowire candidate. Dependency annotations: {@org.springframework.beans.factory.annotation.Autowired(required=true)}
[WARN ] 2020-02-21 21:35:17 [restartedMain] o.s.b.d.a.OptionalLiveReloadServer - Unable to start LiveReload server
