[INFO ] 2020-02-12 09:24:58 [restartedMain] com.shiep.SpringBootApplication - Starting SpringBootApplication on DESKTOP-6UGKRGF with PID 39372 (D:\Tool_Workspace\IDEA\stary-animals\target\classes started by tuoji in D:\Tool_Workspace\IDEA\stary-animals)
[INFO ] 2020-02-12 09:24:58 [restartedMain] com.shiep.SpringBootApplication - No active profile set, falling back to default profiles: default
[INFO ] 2020-02-12 09:24:58 [restartedMain] o.s.b.d.e.DevToolsPropertyDefaultsPostProcessor - Devtools property defaults active! Set 'spring.devtools.add-properties' to 'false' to disable
[INFO ] 2020-02-12 09:24:58 [restartedMain] o.s.b.d.e.DevToolsPropertyDefaultsPostProcessor - For additional web related logging consider setting the 'logging.level.web' property to 'DEBUG'
[INFO ] 2020-02-12 09:24:58 [restartedMain] o.s.b.w.e.tomcat.TomcatWebServer - Tomcat initialized with port(s): 8080 (http)
[INFO ] 2020-02-12 09:24:58 [restartedMain] o.a.coyote.http11.Http11NioProtocol - Initializing ProtocolHandler ["http-nio-8080"]
[INFO ] 2020-02-12 09:24:58 [restartedMain] o.a.catalina.core.StandardService - Starting service [Tomcat]
[INFO ] 2020-02-12 09:24:58 [restartedMain] o.a.catalina.core.StandardEngine - Starting Servlet engine: [Apache Tomcat/9.0.19]
[INFO ] 2020-02-12 09:24:58 [restartedMain] o.a.c.c.C.[.[.[/stary-animals] - Initializing Spring embedded WebApplicationContext
[INFO ] 2020-02-12 09:24:58 [restartedMain] o.s.web.context.ContextLoader - Root WebApplicationContext: initialization completed in 5474 ms
[INFO ] 2020-02-12 09:24:58 [restartedMain] c.alibaba.druid.pool.DruidDataSource - {dataSource-1} inited
[INFO ] 2020-02-12 09:24:58 [restartedMain] o.s.s.c.ThreadPoolTaskExecutor - Initializing ExecutorService 'applicationTaskExecutor'
[INFO ] 2020-02-12 09:24:58 [restartedMain] o.s.b.d.a.OptionalLiveReloadServer - LiveReload server is running on port 35729
[INFO ] 2020-02-12 09:24:58 [restartedMain] o.a.coyote.http11.Http11NioProtocol - Starting ProtocolHandler ["http-nio-8080"]
[INFO ] 2020-02-12 09:24:58 [restartedMain] o.s.b.w.e.tomcat.TomcatWebServer - Tomcat started on port(s): 8080 (http) with context path '/stary-animals'
[INFO ] 2020-02-12 09:24:58 [restartedMain] com.shiep.SpringBootApplication - Started SpringBootApplication in 10.627 seconds (JVM running for 16.819)
[INFO ] 2020-02-12 09:24:58 [http-nio-8080-exec-2] o.a.c.c.C.[.[.[/stary-animals] - Initializing Spring DispatcherServlet 'dispatcherServlet'
[INFO ] 2020-02-12 09:24:58 [http-nio-8080-exec-2] o.s.web.servlet.DispatcherServlet - Initializing Servlet 'dispatcherServlet'
[INFO ] 2020-02-12 09:24:58 [http-nio-8080-exec-2] o.s.web.servlet.DispatcherServlet - Completed initialization in 13 ms
[INFO ] 2020-02-12 11:16:19 [restartedMain] com.shiep.SpringBootApplication - Starting SpringBootApplication on DESKTOP-6UGKRGF with PID 45748 (D:\Tool_Workspace\IDEA\stary-animals\target\classes started by tuoji in D:\Tool_Workspace\IDEA\stary-animals)
[INFO ] 2020-02-12 11:16:19 [restartedMain] com.shiep.SpringBootApplication - No active profile set, falling back to default profiles: default
[INFO ] 2020-02-12 11:16:19 [restartedMain] o.s.b.d.e.DevToolsPropertyDefaultsPostProcessor - Devtools property defaults active! Set 'spring.devtools.add-properties' to 'false' to disable
[INFO ] 2020-02-12 11:16:19 [restartedMain] o.s.b.d.e.DevToolsPropertyDefaultsPostProcessor - For additional web related logging consider setting the 'logging.level.web' property to 'DEBUG'
[INFO ] 2020-02-12 11:16:19 [restartedMain] o.s.b.w.e.tomcat.TomcatWebServer - Tomcat initialized with port(s): 8080 (http)
[INFO ] 2020-02-12 11:16:19 [restartedMain] o.a.coyote.http11.Http11NioProtocol - Initializing ProtocolHandler ["http-nio-8080"]
[INFO ] 2020-02-12 11:16:19 [restartedMain] o.a.catalina.core.StandardService - Starting service [Tomcat]
[INFO ] 2020-02-12 11:16:19 [restartedMain] o.a.catalina.core.StandardEngine - Starting Servlet engine: [Apache Tomcat/9.0.19]
[INFO ] 2020-02-12 11:16:19 [restartedMain] o.a.c.c.C.[.[.[/stary-animals] - Initializing Spring embedded WebApplicationContext
[INFO ] 2020-02-12 11:16:19 [restartedMain] o.s.web.context.ContextLoader - Root WebApplicationContext: initialization completed in 3534 ms
[INFO ] 2020-02-12 11:16:19 [restartedMain] c.alibaba.druid.pool.DruidDataSource - {dataSource-1} inited
[INFO ] 2020-02-12 11:16:19 [restartedMain] o.s.s.c.ThreadPoolTaskExecutor - Initializing ExecutorService 'applicationTaskExecutor'
[INFO ] 2020-02-12 11:16:19 [restartedMain] o.s.b.d.a.OptionalLiveReloadServer - LiveReload server is running on port 35729
[INFO ] 2020-02-12 11:16:19 [restartedMain] o.a.coyote.http11.Http11NioProtocol - Starting ProtocolHandler ["http-nio-8080"]
[INFO ] 2020-02-12 11:16:19 [restartedMain] o.s.b.w.e.tomcat.TomcatWebServer - Tomcat started on port(s): 8080 (http) with context path '/stary-animals'
[INFO ] 2020-02-12 11:16:19 [restartedMain] com.shiep.SpringBootApplication - Started SpringBootApplication in 10.567 seconds (JVM running for 13.056)
[INFO ] 2020-02-12 11:16:19 [http-nio-8080-exec-10] o.a.c.c.C.[.[.[/stary-animals] - Initializing Spring DispatcherServlet 'dispatcherServlet'
[INFO ] 2020-02-12 11:16:19 [http-nio-8080-exec-10] o.s.web.servlet.DispatcherServlet - Initializing Servlet 'dispatcherServlet'
[INFO ] 2020-02-12 11:16:19 [http-nio-8080-exec-10] o.s.web.servlet.DispatcherServlet - Completed initialization in 26 ms
[INFO ] 2020-02-12 11:24:11 [restartedMain] com.shiep.SpringBootApplication - Starting SpringBootApplication on DESKTOP-6UGKRGF with PID 38820 (D:\Tool_Workspace\IDEA\stary-animals\target\classes started by tuoji in D:\Tool_Workspace\IDEA\stary-animals)
[INFO ] 2020-02-12 11:24:11 [restartedMain] com.shiep.SpringBootApplication - No active profile set, falling back to default profiles: default
[INFO ] 2020-02-12 11:24:11 [restartedMain] o.s.b.d.e.DevToolsPropertyDefaultsPostProcessor - Devtools property defaults active! Set 'spring.devtools.add-properties' to 'false' to disable
[INFO ] 2020-02-12 11:24:11 [restartedMain] o.s.b.d.e.DevToolsPropertyDefaultsPostProcessor - For additional web related logging consider setting the 'logging.level.web' property to 'DEBUG'
[INFO ] 2020-02-12 11:24:11 [restartedMain] o.s.b.w.e.tomcat.TomcatWebServer - Tomcat initialized with port(s): 8080 (http)
[INFO ] 2020-02-12 11:24:11 [restartedMain] o.a.coyote.http11.Http11NioProtocol - Initializing ProtocolHandler ["http-nio-8080"]
[INFO ] 2020-02-12 11:24:11 [restartedMain] o.a.catalina.core.StandardService - Starting service [Tomcat]
[INFO ] 2020-02-12 11:24:11 [restartedMain] o.a.catalina.core.StandardEngine - Starting Servlet engine: [Apache Tomcat/9.0.19]
[INFO ] 2020-02-12 11:24:11 [restartedMain] o.a.c.c.C.[.[.[/stary-animals] - Initializing Spring embedded WebApplicationContext
[INFO ] 2020-02-12 11:24:11 [restartedMain] o.s.web.context.ContextLoader - Root WebApplicationContext: initialization completed in 2885 ms
[INFO ] 2020-02-12 11:24:11 [restartedMain] c.alibaba.druid.pool.DruidDataSource - {dataSource-1} inited
[INFO ] 2020-02-12 11:24:11 [restartedMain] o.s.s.c.ThreadPoolTaskExecutor - Initializing ExecutorService 'applicationTaskExecutor'
[INFO ] 2020-02-12 11:24:11 [restartedMain] o.s.b.d.a.OptionalLiveReloadServer - LiveReload server is running on port 35729
[INFO ] 2020-02-12 11:24:11 [restartedMain] o.a.coyote.http11.Http11NioProtocol - Starting ProtocolHandler ["http-nio-8080"]
[INFO ] 2020-02-12 11:24:11 [restartedMain] o.s.b.w.e.tomcat.TomcatWebServer - Tomcat started on port(s): 8080 (http) with context path '/stary-animals'
[INFO ] 2020-02-12 11:24:11 [restartedMain] com.shiep.SpringBootApplication - Started SpringBootApplication in 7.146 seconds (JVM running for 10.933)
[INFO ] 2020-02-12 11:24:11 [http-nio-8080-exec-1] o.a.c.c.C.[.[.[/stary-animals] - Initializing Spring DispatcherServlet 'dispatcherServlet'
[INFO ] 2020-02-12 11:24:11 [http-nio-8080-exec-1] o.s.web.servlet.DispatcherServlet - Initializing Servlet 'dispatcherServlet'
[INFO ] 2020-02-12 11:24:11 [http-nio-8080-exec-1] o.s.web.servlet.DispatcherServlet - Completed initialization in 11 ms
[INFO ] 2020-02-12 20:37:10 [restartedMain] com.shiep.SpringBootApplication - Starting SpringBootApplication on DESKTOP-6UGKRGF with PID 2356 (D:\Tool_Workspace\IDEA\stary-animals\target\classes started by tuoji in D:\Tool_Workspace\IDEA\stary-animals)
[INFO ] 2020-02-12 20:37:10 [restartedMain] com.shiep.SpringBootApplication - No active profile set, falling back to default profiles: default
[INFO ] 2020-02-12 20:37:10 [restartedMain] o.s.b.d.e.DevToolsPropertyDefaultsPostProcessor - Devtools property defaults active! Set 'spring.devtools.add-properties' to 'false' to disable
[INFO ] 2020-02-12 20:37:10 [restartedMain] o.s.b.d.e.DevToolsPropertyDefaultsPostProcessor - For additional web related logging consider setting the 'logging.level.web' property to 'DEBUG'
[INFO ] 2020-02-12 20:37:10 [restartedMain] o.s.b.w.e.tomcat.TomcatWebServer - Tomcat initialized with port(s): 8080 (http)
[INFO ] 2020-02-12 20:37:10 [restartedMain] o.a.coyote.http11.Http11NioProtocol - Initializing ProtocolHandler ["http-nio-8080"]
[INFO ] 2020-02-12 20:37:10 [restartedMain] o.a.catalina.core.StandardService - Starting service [Tomcat]
[INFO ] 2020-02-12 20:37:10 [restartedMain] o.a.catalina.core.StandardEngine - Starting Servlet engine: [Apache Tomcat/9.0.19]
[INFO ] 2020-02-12 20:37:10 [restartedMain] o.a.c.c.C.[.[.[/stary-animals] - Initializing Spring embedded WebApplicationContext
[INFO ] 2020-02-12 20:37:10 [restartedMain] o.s.web.context.ContextLoader - Root WebApplicationContext: initialization completed in 4310 ms
[INFO ] 2020-02-12 20:37:10 [restartedMain] c.alibaba.druid.pool.DruidDataSource - {dataSource-1} inited
[INFO ] 2020-02-12 20:37:10 [restartedMain] o.s.s.c.ThreadPoolTaskExecutor - Initializing ExecutorService 'applicationTaskExecutor'
[INFO ] 2020-02-12 20:37:10 [restartedMain] o.s.b.d.a.OptionalLiveReloadServer - LiveReload server is running on port 35729
[INFO ] 2020-02-12 20:37:10 [restartedMain] o.a.coyote.http11.Http11NioProtocol - Starting ProtocolHandler ["http-nio-8080"]
[INFO ] 2020-02-12 20:37:10 [restartedMain] o.s.b.w.e.tomcat.TomcatWebServer - Tomcat started on port(s): 8080 (http) with context path '/stary-animals'
[INFO ] 2020-02-12 20:37:10 [restartedMain] com.shiep.SpringBootApplication - Started SpringBootApplication in 8.748 seconds (JVM running for 14.269)
[INFO ] 2020-02-12 20:37:10 [http-nio-8080-exec-4] o.a.c.c.C.[.[.[/stary-animals] - Initializing Spring DispatcherServlet 'dispatcherServlet'
[INFO ] 2020-02-12 20:37:10 [http-nio-8080-exec-4] o.s.web.servlet.DispatcherServlet - Initializing Servlet 'dispatcherServlet'
[INFO ] 2020-02-12 20:37:10 [http-nio-8080-exec-4] o.s.web.servlet.DispatcherServlet - Completed initialization in 13 ms
[INFO ] 2020-02-12 20:37:10 [Thread-23] o.s.s.c.ThreadPoolTaskExecutor - Shutting down ExecutorService 'applicationTaskExecutor'
[INFO ] 2020-02-12 20:37:10 [Thread-23] c.alibaba.druid.pool.DruidDataSource - {dataSource-1} closing ...
[INFO ] 2020-02-12 20:37:10 [Thread-23] c.alibaba.druid.pool.DruidDataSource - {dataSource-1} closed
[INFO ] 2020-02-12 21:30:32 [restartedMain] com.shiep.SpringBootApplication - Starting SpringBootApplication on DESKTOP-6UGKRGF with PID 2356 (D:\Tool_Workspace\IDEA\stary-animals\target\classes started by tuoji in D:\Tool_Workspace\IDEA\stary-animals)
[INFO ] 2020-02-12 21:30:32 [restartedMain] com.shiep.SpringBootApplication - No active profile set, falling back to default profiles: default
[INFO ] 2020-02-12 21:30:32 [restartedMain] o.s.b.w.e.tomcat.TomcatWebServer - Tomcat initialized with port(s): 8080 (http)
[INFO ] 2020-02-12 21:30:32 [restartedMain] o.a.coyote.http11.Http11NioProtocol - Initializing ProtocolHandler ["http-nio-8080"]
[INFO ] 2020-02-12 21:30:32 [restartedMain] o.a.catalina.core.StandardService - Starting service [Tomcat]
[INFO ] 2020-02-12 21:30:32 [restartedMain] o.a.catalina.core.StandardEngine - Starting Servlet engine: [Apache Tomcat/9.0.19]
[INFO ] 2020-02-12 21:30:32 [restartedMain] o.a.c.c.C.[.[.[/stary-animals] - Initializing Spring embedded WebApplicationContext
[INFO ] 2020-02-12 21:30:32 [restartedMain] o.s.web.context.ContextLoader - Root WebApplicationContext: initialization completed in 1182 ms
[INFO ] 2020-02-12 21:30:32 [restartedMain] c.alibaba.druid.pool.DruidDataSource - {dataSource-2} inited
[INFO ] 2020-02-12 21:30:32 [restartedMain] o.s.s.c.ThreadPoolTaskExecutor - Initializing ExecutorService 'applicationTaskExecutor'
[INFO ] 2020-02-12 21:30:32 [restartedMain] o.s.b.d.a.OptionalLiveReloadServer - LiveReload server is running on port 35729
[INFO ] 2020-02-12 21:30:32 [restartedMain] o.a.coyote.http11.Http11NioProtocol - Starting ProtocolHandler ["http-nio-8080"]
[INFO ] 2020-02-12 21:30:32 [restartedMain] o.s.b.w.e.tomcat.TomcatWebServer - Tomcat started on port(s): 8080 (http) with context path '/stary-animals'
[INFO ] 2020-02-12 21:30:32 [restartedMain] com.shiep.SpringBootApplication - Started SpringBootApplication in 2.524 seconds (JVM running for 3210.564)
[INFO ] 2020-02-12 21:30:32 [restartedMain] o.s.b.d.a.ConditionEvaluationDeltaLoggingListener - Condition evaluation unchanged
[INFO ] 2020-02-12 21:30:32 [Thread-35] o.s.s.c.ThreadPoolTaskExecutor - Shutting down ExecutorService 'applicationTaskExecutor'
[INFO ] 2020-02-12 21:30:32 [Thread-35] c.alibaba.druid.pool.DruidDataSource - {dataSource-2} closing ...
[INFO ] 2020-02-12 21:30:32 [Thread-35] c.alibaba.druid.pool.DruidDataSource - {dataSource-2} closed
[INFO ] 2020-02-12 21:30:45 [restartedMain] com.shiep.SpringBootApplication - Starting SpringBootApplication on DESKTOP-6UGKRGF with PID 2356 (D:\Tool_Workspace\IDEA\stary-animals\target\classes started by tuoji in D:\Tool_Workspace\IDEA\stary-animals)
[INFO ] 2020-02-12 21:30:45 [restartedMain] com.shiep.SpringBootApplication - No active profile set, falling back to default profiles: default
[INFO ] 2020-02-12 21:30:45 [restartedMain] o.s.b.w.e.tomcat.TomcatWebServer - Tomcat initialized with port(s): 8080 (http)
[INFO ] 2020-02-12 21:30:45 [restartedMain] o.a.coyote.http11.Http11NioProtocol - Initializing ProtocolHandler ["http-nio-8080"]
[INFO ] 2020-02-12 21:30:45 [restartedMain] o.a.catalina.core.StandardService - Starting service [Tomcat]
[INFO ] 2020-02-12 21:30:45 [restartedMain] o.a.catalina.core.StandardEngine - Starting Servlet engine: [Apache Tomcat/9.0.19]
[INFO ] 2020-02-12 21:30:45 [restartedMain] o.a.c.c.C.[.[.[/stary-animals] - Initializing Spring embedded WebApplicationContext
[INFO ] 2020-02-12 21:30:45 [restartedMain] o.s.web.context.ContextLoader - Root WebApplicationContext: initialization completed in 621 ms
[INFO ] 2020-02-12 21:30:45 [restartedMain] c.alibaba.druid.pool.DruidDataSource - {dataSource-3} inited
[INFO ] 2020-02-12 21:30:45 [restartedMain] o.s.s.c.ThreadPoolTaskExecutor - Initializing ExecutorService 'applicationTaskExecutor'
[INFO ] 2020-02-12 21:30:45 [restartedMain] o.s.b.d.a.OptionalLiveReloadServer - LiveReload server is running on port 35729
[INFO ] 2020-02-12 21:30:45 [restartedMain] o.a.coyote.http11.Http11NioProtocol - Starting ProtocolHandler ["http-nio-8080"]
[INFO ] 2020-02-12 21:30:45 [restartedMain] o.s.b.w.e.tomcat.TomcatWebServer - Tomcat started on port(s): 8080 (http) with context path '/stary-animals'
[INFO ] 2020-02-12 21:30:45 [restartedMain] com.shiep.SpringBootApplication - Started SpringBootApplication in 1.299 seconds (JVM running for 3223.225)
[INFO ] 2020-02-12 21:30:45 [restartedMain] o.s.b.d.a.ConditionEvaluationDeltaLoggingListener - Condition evaluation unchanged
[INFO ] 2020-02-12 21:30:45 [Thread-41] o.s.s.c.ThreadPoolTaskExecutor - Shutting down ExecutorService 'applicationTaskExecutor'
[INFO ] 2020-02-12 21:30:45 [Thread-41] c.alibaba.druid.pool.DruidDataSource - {dataSource-3} closing ...
[INFO ] 2020-02-12 21:30:45 [Thread-41] c.alibaba.druid.pool.DruidDataSource - {dataSource-3} closed
[INFO ] 2020-02-12 21:31:10 [restartedMain] com.shiep.SpringBootApplication - Starting SpringBootApplication on DESKTOP-6UGKRGF with PID 2356 (D:\Tool_Workspace\IDEA\stary-animals\target\classes started by tuoji in D:\Tool_Workspace\IDEA\stary-animals)
[INFO ] 2020-02-12 21:31:10 [restartedMain] com.shiep.SpringBootApplication - No active profile set, falling back to default profiles: default
[INFO ] 2020-02-12 21:31:10 [restartedMain] o.s.b.w.e.tomcat.TomcatWebServer - Tomcat initialized with port(s): 8080 (http)
[INFO ] 2020-02-12 21:31:10 [restartedMain] o.a.coyote.http11.Http11NioProtocol - Initializing ProtocolHandler ["http-nio-8080"]
[INFO ] 2020-02-12 21:31:10 [restartedMain] o.a.catalina.core.StandardService - Starting service [Tomcat]
[INFO ] 2020-02-12 21:31:10 [restartedMain] o.a.catalina.core.StandardEngine - Starting Servlet engine: [Apache Tomcat/9.0.19]
[INFO ] 2020-02-12 21:31:10 [restartedMain] o.a.c.c.C.[.[.[/stary-animals] - Initializing Spring embedded WebApplicationContext
[INFO ] 2020-02-12 21:31:10 [restartedMain] o.s.web.context.ContextLoader - Root WebApplicationContext: initialization completed in 789 ms
[INFO ] 2020-02-12 21:31:10 [restartedMain] c.alibaba.druid.pool.DruidDataSource - {dataSource-4} inited
[INFO ] 2020-02-12 21:31:10 [restartedMain] o.s.s.c.ThreadPoolTaskExecutor - Initializing ExecutorService 'applicationTaskExecutor'
[INFO ] 2020-02-12 21:31:10 [restartedMain] o.s.b.d.a.OptionalLiveReloadServer - LiveReload server is running on port 35729
[INFO ] 2020-02-12 21:31:10 [restartedMain] o.a.coyote.http11.Http11NioProtocol - Starting ProtocolHandler ["http-nio-8080"]
[INFO ] 2020-02-12 21:31:10 [restartedMain] o.s.b.w.e.tomcat.TomcatWebServer - Tomcat started on port(s): 8080 (http) with context path '/stary-animals'
[INFO ] 2020-02-12 21:31:10 [restartedMain] com.shiep.SpringBootApplication - Started SpringBootApplication in 1.6 seconds (JVM running for 3248.435)
[INFO ] 2020-02-12 21:31:10 [restartedMain] o.s.b.d.a.ConditionEvaluationDeltaLoggingListener - Condition evaluation unchanged
[INFO ] 2020-02-12 21:31:10 [Thread-47] o.s.s.c.ThreadPoolTaskExecutor - Shutting down ExecutorService 'applicationTaskExecutor'
[INFO ] 2020-02-12 21:31:10 [Thread-47] c.alibaba.druid.pool.DruidDataSource - {dataSource-4} closing ...
[INFO ] 2020-02-12 21:31:10 [Thread-47] c.alibaba.druid.pool.DruidDataSource - {dataSource-4} closed
[INFO ] 2020-02-12 21:32:54 [restartedMain] com.shiep.SpringBootApplication - Starting SpringBootApplication on DESKTOP-6UGKRGF with PID 2356 (D:\Tool_Workspace\IDEA\stary-animals\target\classes started by tuoji in D:\Tool_Workspace\IDEA\stary-animals)
[INFO ] 2020-02-12 21:32:54 [restartedMain] com.shiep.SpringBootApplication - No active profile set, falling back to default profiles: default
[INFO ] 2020-02-12 21:32:54 [restartedMain] o.s.b.w.e.tomcat.TomcatWebServer - Tomcat initialized with port(s): 8080 (http)
[INFO ] 2020-02-12 21:32:54 [restartedMain] o.a.coyote.http11.Http11NioProtocol - Initializing ProtocolHandler ["http-nio-8080"]
[INFO ] 2020-02-12 21:32:54 [restartedMain] o.a.catalina.core.StandardService - Starting service [Tomcat]
[INFO ] 2020-02-12 21:32:54 [restartedMain] o.a.catalina.core.StandardEngine - Starting Servlet engine: [Apache Tomcat/9.0.19]
[INFO ] 2020-02-12 21:32:54 [restartedMain] o.a.c.c.C.[.[.[/stary-animals] - Initializing Spring embedded WebApplicationContext
[INFO ] 2020-02-12 21:32:54 [restartedMain] o.s.web.context.ContextLoader - Root WebApplicationContext: initialization completed in 812 ms
[INFO ] 2020-02-12 21:32:54 [restartedMain] c.alibaba.druid.pool.DruidDataSource - {dataSource-5} inited
[INFO ] 2020-02-12 21:32:54 [restartedMain] o.s.s.c.ThreadPoolTaskExecutor - Initializing ExecutorService 'applicationTaskExecutor'
[INFO ] 2020-02-12 21:32:54 [restartedMain] o.s.b.d.a.OptionalLiveReloadServer - LiveReload server is running on port 35729
[INFO ] 2020-02-12 21:32:54 [restartedMain] o.a.coyote.http11.Http11NioProtocol - Starting ProtocolHandler ["http-nio-8080"]
[INFO ] 2020-02-12 21:32:54 [restartedMain] o.s.b.w.e.tomcat.TomcatWebServer - Tomcat started on port(s): 8080 (http) with context path '/stary-animals'
[INFO ] 2020-02-12 21:32:54 [restartedMain] com.shiep.SpringBootApplication - Started SpringBootApplication in 1.591 seconds (JVM running for 3352.205)
[INFO ] 2020-02-12 21:32:54 [restartedMain] o.s.b.d.a.ConditionEvaluationDeltaLoggingListener - Condition evaluation unchanged
[INFO ] 2020-02-12 21:32:54 [Thread-53] o.s.s.c.ThreadPoolTaskExecutor - Shutting down ExecutorService 'applicationTaskExecutor'
[INFO ] 2020-02-12 21:32:54 [Thread-53] c.alibaba.druid.pool.DruidDataSource - {dataSource-5} closing ...
[INFO ] 2020-02-12 21:32:54 [Thread-53] c.alibaba.druid.pool.DruidDataSource - {dataSource-5} closed
[INFO ] 2020-02-12 21:33:27 [restartedMain] com.shiep.SpringBootApplication - Starting SpringBootApplication on DESKTOP-6UGKRGF with PID 2356 (D:\Tool_Workspace\IDEA\stary-animals\target\classes started by tuoji in D:\Tool_Workspace\IDEA\stary-animals)
[INFO ] 2020-02-12 21:33:27 [restartedMain] com.shiep.SpringBootApplication - No active profile set, falling back to default profiles: default
[INFO ] 2020-02-12 21:33:27 [restartedMain] o.s.b.w.e.tomcat.TomcatWebServer - Tomcat initialized with port(s): 8080 (http)
[INFO ] 2020-02-12 21:33:27 [restartedMain] o.a.coyote.http11.Http11NioProtocol - Initializing ProtocolHandler ["http-nio-8080"]
[INFO ] 2020-02-12 21:33:27 [restartedMain] o.a.catalina.core.StandardService - Starting service [Tomcat]
[INFO ] 2020-02-12 21:33:27 [restartedMain] o.a.catalina.core.StandardEngine - Starting Servlet engine: [Apache Tomcat/9.0.19]
[INFO ] 2020-02-12 21:33:27 [restartedMain] o.a.c.c.C.[.[.[/stary-animals] - Initializing Spring embedded WebApplicationContext
[INFO ] 2020-02-12 21:33:27 [restartedMain] o.s.web.context.ContextLoader - Root WebApplicationContext: initialization completed in 804 ms
[INFO ] 2020-02-12 21:33:27 [restartedMain] c.alibaba.druid.pool.DruidDataSource - {dataSource-6} inited
[INFO ] 2020-02-12 21:33:27 [restartedMain] o.s.s.c.ThreadPoolTaskExecutor - Initializing ExecutorService 'applicationTaskExecutor'
[INFO ] 2020-02-12 21:33:27 [restartedMain] o.s.b.d.a.OptionalLiveReloadServer - LiveReload server is running on port 35729
[INFO ] 2020-02-12 21:33:27 [restartedMain] o.a.coyote.http11.Http11NioProtocol - Starting ProtocolHandler ["http-nio-8080"]
[INFO ] 2020-02-12 21:33:27 [restartedMain] o.s.b.w.e.tomcat.TomcatWebServer - Tomcat started on port(s): 8080 (http) with context path '/stary-animals'
[INFO ] 2020-02-12 21:33:27 [restartedMain] com.shiep.SpringBootApplication - Started SpringBootApplication in 1.515 seconds (JVM running for 3384.887)
[INFO ] 2020-02-12 21:33:27 [restartedMain] o.s.b.d.a.ConditionEvaluationDeltaLoggingListener - Condition evaluation unchanged
[INFO ] 2020-02-12 21:33:27 [Thread-59] o.s.s.c.ThreadPoolTaskExecutor - Shutting down ExecutorService 'applicationTaskExecutor'
[INFO ] 2020-02-12 21:33:27 [Thread-59] c.alibaba.druid.pool.DruidDataSource - {dataSource-6} closing ...
[INFO ] 2020-02-12 21:33:27 [Thread-59] c.alibaba.druid.pool.DruidDataSource - {dataSource-6} closed
[INFO ] 2020-02-12 21:47:10 [restartedMain] com.shiep.SpringBootApplication - Starting SpringBootApplication on DESKTOP-6UGKRGF with PID 2356 (D:\Tool_Workspace\IDEA\stary-animals\target\classes started by tuoji in D:\Tool_Workspace\IDEA\stary-animals)
[INFO ] 2020-02-12 21:47:10 [restartedMain] com.shiep.SpringBootApplication - No active profile set, falling back to default profiles: default
[INFO ] 2020-02-12 21:47:10 [restartedMain] o.s.b.w.e.tomcat.TomcatWebServer - Tomcat initialized with port(s): 8080 (http)
[INFO ] 2020-02-12 21:47:10 [restartedMain] o.a.coyote.http11.Http11NioProtocol - Initializing ProtocolHandler ["http-nio-8080"]
[INFO ] 2020-02-12 21:47:10 [restartedMain] o.a.catalina.core.StandardService - Starting service [Tomcat]
[INFO ] 2020-02-12 21:47:10 [restartedMain] o.a.catalina.core.StandardEngine - Starting Servlet engine: [Apache Tomcat/9.0.19]
[INFO ] 2020-02-12 21:47:10 [restartedMain] o.a.c.c.C.[.[.[/stary-animals] - Initializing Spring embedded WebApplicationContext
[INFO ] 2020-02-12 21:47:10 [restartedMain] o.s.web.context.ContextLoader - Root WebApplicationContext: initialization completed in 841 ms
[INFO ] 2020-02-12 21:47:10 [restartedMain] c.alibaba.druid.pool.DruidDataSource - {dataSource-7} inited
[INFO ] 2020-02-12 21:47:10 [restartedMain] o.s.s.c.ThreadPoolTaskExecutor - Initializing ExecutorService 'applicationTaskExecutor'
[INFO ] 2020-02-12 21:47:10 [restartedMain] o.s.b.d.a.OptionalLiveReloadServer - LiveReload server is running on port 35729
[INFO ] 2020-02-12 21:47:10 [restartedMain] o.a.coyote.http11.Http11NioProtocol - Starting ProtocolHandler ["http-nio-8080"]
[INFO ] 2020-02-12 21:47:10 [restartedMain] o.s.b.w.e.tomcat.TomcatWebServer - Tomcat started on port(s): 8080 (http) with context path '/stary-animals'
[INFO ] 2020-02-12 21:47:10 [restartedMain] com.shiep.SpringBootApplication - Started SpringBootApplication in 1.551 seconds (JVM running for 4208.495)
[INFO ] 2020-02-12 21:47:10 [restartedMain] o.s.b.d.a.ConditionEvaluationDeltaLoggingListener - Condition evaluation unchanged
[INFO ] 2020-02-12 21:47:10 [Thread-65] o.s.s.c.ThreadPoolTaskExecutor - Shutting down ExecutorService 'applicationTaskExecutor'
[INFO ] 2020-02-12 21:47:10 [Thread-65] c.alibaba.druid.pool.DruidDataSource - {dataSource-7} closing ...
[INFO ] 2020-02-12 21:47:10 [Thread-65] c.alibaba.druid.pool.DruidDataSource - {dataSource-7} closed
[INFO ] 2020-02-12 21:47:16 [restartedMain] com.shiep.SpringBootApplication - Starting SpringBootApplication on DESKTOP-6UGKRGF with PID 2356 (D:\Tool_Workspace\IDEA\stary-animals\target\classes started by tuoji in D:\Tool_Workspace\IDEA\stary-animals)
[INFO ] 2020-02-12 21:47:16 [restartedMain] com.shiep.SpringBootApplication - No active profile set, falling back to default profiles: default
[INFO ] 2020-02-12 21:47:16 [restartedMain] o.s.b.w.e.tomcat.TomcatWebServer - Tomcat initialized with port(s): 8080 (http)
[INFO ] 2020-02-12 21:47:16 [restartedMain] o.a.coyote.http11.Http11NioProtocol - Initializing ProtocolHandler ["http-nio-8080"]
[INFO ] 2020-02-12 21:47:16 [restartedMain] o.a.catalina.core.StandardService - Starting service [Tomcat]
[INFO ] 2020-02-12 21:47:16 [restartedMain] o.a.catalina.core.StandardEngine - Starting Servlet engine: [Apache Tomcat/9.0.19]
[INFO ] 2020-02-12 21:47:16 [restartedMain] o.a.c.c.C.[.[.[/stary-animals] - Initializing Spring embedded WebApplicationContext
[INFO ] 2020-02-12 21:47:16 [restartedMain] o.s.web.context.ContextLoader - Root WebApplicationContext: initialization completed in 560 ms
[INFO ] 2020-02-12 21:47:16 [restartedMain] c.alibaba.druid.pool.DruidDataSource - {dataSource-8} inited
[INFO ] 2020-02-12 21:47:16 [restartedMain] o.s.s.c.ThreadPoolTaskExecutor - Initializing ExecutorService 'applicationTaskExecutor'
[INFO ] 2020-02-12 21:47:16 [restartedMain] o.s.b.d.a.OptionalLiveReloadServer - LiveReload server is running on port 35729
[INFO ] 2020-02-12 21:47:16 [restartedMain] o.a.coyote.http11.Http11NioProtocol - Starting ProtocolHandler ["http-nio-8080"]
[INFO ] 2020-02-12 21:47:16 [restartedMain] o.s.b.w.e.tomcat.TomcatWebServer - Tomcat started on port(s): 8080 (http) with context path '/stary-animals'
[INFO ] 2020-02-12 21:47:16 [restartedMain] com.shiep.SpringBootApplication - Started SpringBootApplication in 1.255 seconds (JVM running for 4214.236)
[INFO ] 2020-02-12 21:47:16 [restartedMain] o.s.b.d.a.ConditionEvaluationDeltaLoggingListener - Condition evaluation unchanged
