[WARN ] 2020-02-07 09:18:36 [http-nio-8080-exec-2] o.s.w.s.m.m.a.ExceptionHandlerExceptionResolver - Resolved [io.jsonwebtoken.SignatureException: tokentoken不能为空]
[WARN ] 2020-02-07 09:18:36 [http-nio-8080-exec-3] o.s.w.s.m.m.a.ExceptionHandlerExceptionResolver - Resolved [io.jsonwebtoken.SignatureException: tokentoken不能为空]
[WARN ] 2020-02-07 09:18:36 [http-nio-8080-exec-4] o.s.w.s.m.m.a.ExceptionHandlerExceptionResolver - Resolved [io.jsonwebtoken.SignatureException: tokentoken不能为空]
[WARN ] 2020-02-07 09:18:36 [http-nio-8080-exec-5] o.s.w.s.m.m.a.ExceptionHandlerExceptionResolver - Resolved [io.jsonwebtoken.SignatureException: tokentoken不能为空]
[WARN ] 2020-02-07 09:18:36 [http-nio-8080-exec-7] o.s.w.s.m.m.a.ExceptionHandlerExceptionResolver - Resolved [io.jsonwebtoken.SignatureException: tokentoken不能为空]
[WARN ] 2020-02-07 09:18:36 [http-nio-8080-exec-8] o.s.w.s.m.m.a.ExceptionHandlerExceptionResolver - Resolved [io.jsonwebtoken.SignatureException: tokentoken不能为空]
[WARN ] 2020-02-07 09:18:36 [http-nio-8080-exec-10] o.s.w.s.m.m.a.ExceptionHandlerExceptionResolver - Resolved [io.jsonwebtoken.SignatureException: tokentoken不能为空]
[WARN ] 2020-02-07 09:18:36 [http-nio-8080-exec-9] o.s.w.s.m.m.a.ExceptionHandlerExceptionResolver - Resolved [io.jsonwebtoken.SignatureException: tokentoken不能为空]
[WARN ] 2020-02-07 09:18:36 [http-nio-8080-exec-1] o.s.w.s.m.m.a.ExceptionHandlerExceptionResolver - Resolved [io.jsonwebtoken.SignatureException: tokentoken不能为空]
[WARN ] 2020-02-07 09:18:36 [http-nio-8080-exec-1] o.s.w.s.m.m.a.ExceptionHandlerExceptionResolver - Resolved [io.jsonwebtoken.SignatureException: tokentoken不能为空]
[WARN ] 2020-02-07 10:09:14 [http-nio-8080-exec-1] o.s.w.s.m.m.a.ExceptionHandlerExceptionResolver - Resolved [io.jsonwebtoken.SignatureException: tokentoken不能为空]
[WARN ] 2020-02-07 10:09:14 [http-nio-8080-exec-2] o.s.w.s.m.m.a.ExceptionHandlerExceptionResolver - Resolved [io.jsonwebtoken.SignatureException: tokentoken不能为空]
[WARN ] 2020-02-07 10:54:23 [http-nio-8080-exec-2] o.s.w.s.m.m.a.ExceptionHandlerExceptionResolver - Resolved [io.jsonwebtoken.SignatureException: tokentoken不能为空]
[WARN ] 2020-02-07 10:54:23 [http-nio-8080-exec-1] o.s.w.s.m.m.a.ExceptionHandlerExceptionResolver - Resolved [io.jsonwebtoken.SignatureException: tokentoken不能为空]
[WARN ] 2020-02-07 10:54:23 [http-nio-8080-exec-4] o.s.w.s.m.m.a.ExceptionHandlerExceptionResolver - Resolved [io.jsonwebtoken.SignatureException: tokentoken不能为空]
[WARN ] 2020-02-07 10:54:23 [http-nio-8080-exec-3] o.s.w.s.m.m.a.ExceptionHandlerExceptionResolver - Resolved [io.jsonwebtoken.SignatureException: tokentoken不能为空]
[WARN ] 2020-02-07 10:54:23 [http-nio-8080-exec-6] o.s.w.s.m.m.a.ExceptionHandlerExceptionResolver - Resolved [io.jsonwebtoken.SignatureException: tokentoken不能为空]
[WARN ] 2020-02-07 10:54:23 [http-nio-8080-exec-5] o.s.w.s.m.m.a.ExceptionHandlerExceptionResolver - Resolved [io.jsonwebtoken.SignatureException: tokentoken不能为空]
[WARN ] 2020-02-07 10:54:23 [http-nio-8080-exec-8] o.s.w.s.m.m.a.ExceptionHandlerExceptionResolver - Resolved [io.jsonwebtoken.SignatureException: tokentoken不能为空]
[WARN ] 2020-02-07 10:54:23 [http-nio-8080-exec-7] o.s.w.s.m.m.a.ExceptionHandlerExceptionResolver - Resolved [io.jsonwebtoken.SignatureException: tokentoken不能为空]
[WARN ] 2020-02-07 10:54:23 [http-nio-8080-exec-9] o.s.w.s.m.m.a.ExceptionHandlerExceptionResolver - Resolved [io.jsonwebtoken.SignatureException: tokentoken不能为空]
[WARN ] 2020-02-07 10:54:23 [http-nio-8080-exec-10] o.s.w.s.m.m.a.ExceptionHandlerExceptionResolver - Resolved [io.jsonwebtoken.SignatureException: tokentoken不能为空]
[WARN ] 2020-02-07 10:54:23 [http-nio-8080-exec-2] o.s.w.s.m.m.a.ExceptionHandlerExceptionResolver - Resolved [io.jsonwebtoken.SignatureException: tokentoken不能为空]
[WARN ] 2020-02-07 10:54:23 [http-nio-8080-exec-1] o.s.w.s.m.m.a.ExceptionHandlerExceptionResolver - Resolved [io.jsonwebtoken.SignatureException: tokentoken不能为空]
[WARN ] 2020-02-07 10:54:23 [http-nio-8080-exec-3] o.s.w.s.m.m.a.ExceptionHandlerExceptionResolver - Resolved [io.jsonwebtoken.SignatureException: token失效，请重新登录。]
[WARN ] 2020-02-07 11:10:58 [http-nio-8080-exec-2] o.s.w.s.m.m.a.ExceptionHandlerExceptionResolver - Resolved [io.jsonwebtoken.SignatureException: tokentoken不能为空]
[WARN ] 2020-02-07 11:10:58 [http-nio-8080-exec-1] o.s.w.s.m.m.a.ExceptionHandlerExceptionResolver - Resolved [io.jsonwebtoken.SignatureException: token失效，请重新登录。]
[WARN ] 2020-02-07 11:17:51 [http-nio-8080-exec-2] o.s.w.s.m.m.a.ExceptionHandlerExceptionResolver - Resolved [io.jsonwebtoken.SignatureException: tokentoken不能为空]
[WARN ] 2020-02-07 11:17:51 [http-nio-8080-exec-3] o.s.w.s.m.m.a.ExceptionHandlerExceptionResolver - Resolved [io.jsonwebtoken.SignatureException: tokentoken不能为空]
[WARN ] 2020-02-07 11:17:51 [http-nio-8080-exec-5] o.s.w.s.m.m.a.ExceptionHandlerExceptionResolver - Resolved [io.jsonwebtoken.SignatureException: tokentoken不能为空]
[WARN ] 2020-02-07 11:17:51 [http-nio-8080-exec-7] o.s.w.s.m.m.a.ExceptionHandlerExceptionResolver - Resolved [io.jsonwebtoken.SignatureException: tokentoken不能为空]
[WARN ] 2020-02-07 11:17:51 [http-nio-8080-exec-9] o.s.w.s.m.m.a.ExceptionHandlerExceptionResolver - Resolved [io.jsonwebtoken.SignatureException: tokentoken不能为空]
[WARN ] 2020-02-07 11:17:51 [http-nio-8080-exec-2] o.s.w.s.m.m.a.ExceptionHandlerExceptionResolver - Resolved [io.jsonwebtoken.SignatureException: tokentoken不能为空]
[WARN ] 2020-02-07 11:17:51 [http-nio-8080-exec-3] o.s.w.s.m.m.a.ExceptionHandlerExceptionResolver - Resolved [io.jsonwebtoken.SignatureException: tokentoken不能为空]
[WARN ] 2020-02-07 11:33:47 [http-nio-8080-exec-10] o.s.w.s.m.m.a.ExceptionHandlerExceptionResolver - Resolved [io.jsonwebtoken.SignatureException: tokentoken不能为空]
[WARN ] 2020-02-07 11:33:47 [http-nio-8080-exec-8] o.s.w.s.m.m.a.ExceptionHandlerExceptionResolver - Resolved [io.jsonwebtoken.SignatureException: tokentoken不能为空]
[WARN ] 2020-02-07 11:33:47 [http-nio-8080-exec-7] o.s.w.s.m.m.a.ExceptionHandlerExceptionResolver - Resolved [io.jsonwebtoken.SignatureException: tokentoken不能为空]
[WARN ] 2020-02-07 11:33:47 [http-nio-8080-exec-6] o.s.w.s.m.m.a.ExceptionHandlerExceptionResolver - Resolved [io.jsonwebtoken.SignatureException: tokentoken不能为空]
[WARN ] 2020-02-07 11:33:47 [http-nio-8080-exec-5] o.s.w.s.m.m.a.ExceptionHandlerExceptionResolver - Resolved [io.jsonwebtoken.SignatureException: tokentoken不能为空]
[WARN ] 2020-02-07 11:33:47 [http-nio-8080-exec-4] o.s.w.s.m.m.a.ExceptionHandlerExceptionResolver - Resolved [io.jsonwebtoken.SignatureException: tokentoken不能为空]
[WARN ] 2020-02-07 11:33:47 [http-nio-8080-exec-3] o.s.w.s.m.m.a.ExceptionHandlerExceptionResolver - Resolved [io.jsonwebtoken.SignatureException: tokentoken不能为空]
[WARN ] 2020-02-07 11:33:47 [http-nio-8080-exec-2] o.s.w.s.m.m.a.ExceptionHandlerExceptionResolver - Resolved [io.jsonwebtoken.SignatureException: tokentoken不能为空]
[WARN ] 2020-02-07 11:33:47 [http-nio-8080-exec-1] o.s.w.s.m.m.a.ExceptionHandlerExceptionResolver - Resolved [io.jsonwebtoken.SignatureException: tokentoken不能为空]
[WARN ] 2020-02-07 11:33:47 [http-nio-8080-exec-9] o.s.w.s.m.m.a.ExceptionHandlerExceptionResolver - Resolved [io.jsonwebtoken.SignatureException: tokentoken不能为空]
[WARN ] 2020-02-07 11:33:47 [http-nio-8080-exec-7] o.s.w.s.m.m.a.ExceptionHandlerExceptionResolver - Resolved [io.jsonwebtoken.SignatureException: tokentoken不能为空]
[WARN ] 2020-02-07 11:33:47 [http-nio-8080-exec-5] o.s.w.s.m.m.a.ExceptionHandlerExceptionResolver - Resolved [io.jsonwebtoken.SignatureException: tokentoken不能为空]
[WARN ] 2020-02-07 11:50:42 [http-nio-8080-exec-3] o.s.w.s.m.m.a.ExceptionHandlerExceptionResolver - Resolved [io.jsonwebtoken.SignatureException: tokentoken不能为空]
[WARN ] 2020-02-07 12:17:30 [http-nio-8080-exec-6] o.s.w.s.m.m.a.ExceptionHandlerExceptionResolver - Resolved [io.jsonwebtoken.SignatureException: tokentoken不能为空]
[WARN ] 2020-02-07 12:17:30 [http-nio-8080-exec-7] o.s.w.s.m.m.a.ExceptionHandlerExceptionResolver - Resolved [io.jsonwebtoken.SignatureException: tokentoken不能为空]
[WARN ] 2020-02-07 12:17:30 [http-nio-8080-exec-8] o.s.w.s.m.m.a.ExceptionHandlerExceptionResolver - Resolved [io.jsonwebtoken.SignatureException: tokentoken不能为空]
[WARN ] 2020-02-07 13:04:19 [http-nio-8080-exec-10] o.s.w.s.m.m.a.ExceptionHandlerExceptionResolver - Resolved [io.jsonwebtoken.SignatureException: tokentoken不能为空]
[WARN ] 2020-02-07 13:04:19 [http-nio-8080-exec-9] o.s.w.s.m.m.a.ExceptionHandlerExceptionResolver - Resolved [io.jsonwebtoken.SignatureException: tokentoken不能为空]
[WARN ] 2020-02-07 13:04:19 [http-nio-8080-exec-1] o.s.w.s.m.m.a.ExceptionHandlerExceptionResolver - Resolved [io.jsonwebtoken.SignatureException: tokentoken不能为空]
[WARN ] 2020-02-07 13:04:19 [http-nio-8080-exec-2] o.s.w.s.m.m.a.ExceptionHandlerExceptionResolver - Resolved [io.jsonwebtoken.SignatureException: tokentoken不能为空]
[WARN ] 2020-02-07 13:04:19 [http-nio-8080-exec-3] o.s.w.s.m.m.a.ExceptionHandlerExceptionResolver - Resolved [io.jsonwebtoken.SignatureException: tokentoken不能为空]
[WARN ] 2020-02-07 13:04:19 [http-nio-8080-exec-4] o.s.w.s.m.m.a.ExceptionHandlerExceptionResolver - Resolved [io.jsonwebtoken.SignatureException: tokentoken不能为空]
[WARN ] 2020-02-07 13:04:19 [http-nio-8080-exec-6] o.s.w.s.m.m.a.ExceptionHandlerExceptionResolver - Resolved [io.jsonwebtoken.SignatureException: tokentoken不能为空]
[WARN ] 2020-02-07 13:04:19 [http-nio-8080-exec-5] o.s.w.s.m.m.a.ExceptionHandlerExceptionResolver - Resolved [io.jsonwebtoken.SignatureException: tokentoken不能为空]
[WARN ] 2020-02-07 13:04:19 [http-nio-8080-exec-8] o.s.w.s.m.m.a.ExceptionHandlerExceptionResolver - Resolved [io.jsonwebtoken.SignatureException: tokentoken不能为空]
[WARN ] 2020-02-07 13:04:19 [http-nio-8080-exec-7] o.s.w.s.m.m.a.ExceptionHandlerExceptionResolver - Resolved [io.jsonwebtoken.SignatureException: tokentoken不能为空]
[WARN ] 2020-02-07 13:04:19 [http-nio-8080-exec-10] o.s.w.s.m.m.a.ExceptionHandlerExceptionResolver - Resolved [io.jsonwebtoken.SignatureException: tokentoken不能为空]
[WARN ] 2020-02-07 13:04:19 [http-nio-8080-exec-9] o.s.w.s.m.m.a.ExceptionHandlerExceptionResolver - Resolved [io.jsonwebtoken.SignatureException: tokentoken不能为空]
[WARN ] 2020-02-07 13:04:19 [http-nio-8080-exec-1] o.s.w.s.m.m.a.ExceptionHandlerExceptionResolver - Resolved [io.jsonwebtoken.SignatureException: tokentoken不能为空]
[WARN ] 2020-02-07 13:04:19 [http-nio-8080-exec-2] o.s.w.s.m.m.a.ExceptionHandlerExceptionResolver - Resolved [io.jsonwebtoken.SignatureException: tokentoken不能为空]
[WARN ] 2020-02-07 13:04:19 [http-nio-8080-exec-3] o.s.w.s.m.m.a.ExceptionHandlerExceptionResolver - Resolved [io.jsonwebtoken.SignatureException: tokentoken不能为空]
[WARN ] 2020-02-07 13:04:19 [http-nio-8080-exec-4] o.s.w.s.m.m.a.ExceptionHandlerExceptionResolver - Resolved [io.jsonwebtoken.SignatureException: tokentoken不能为空]
[WARN ] 2020-02-07 13:04:19 [http-nio-8080-exec-6] o.s.w.s.m.m.a.ExceptionHandlerExceptionResolver - Resolved [io.jsonwebtoken.SignatureException: tokentoken不能为空]
[WARN ] 2020-02-07 13:04:19 [http-nio-8080-exec-5] o.s.w.s.m.m.a.ExceptionHandlerExceptionResolver - Resolved [io.jsonwebtoken.SignatureException: tokentoken不能为空]
[WARN ] 2020-02-07 13:58:20 [http-nio-8080-exec-10] o.s.w.s.m.m.a.ExceptionHandlerExceptionResolver - Resolved [io.jsonwebtoken.SignatureException: token身份验证未通过！]
[WARN ] 2020-02-07 13:58:20 [http-nio-8080-exec-1] o.s.w.s.m.m.a.ExceptionHandlerExceptionResolver - Resolved [io.jsonwebtoken.SignatureException: token身份验证未通过！]
[WARN ] 2020-02-07 14:55:51 [restartedMain] o.s.b.w.s.c.AnnotationConfigServletWebServerApplicationContext - Exception encountered during context initialization - cancelling refresh attempt: org.springframework.beans.factory.UnsatisfiedDependencyException: Error creating bean with name 'provinceAndCityController': Unsatisfied dependency expressed through field 'pcServiceImpl'; nested exception is org.springframework.beans.factory.NoSuchBeanDefinitionException: No qualifying bean of type 'com.shiep.service.impl.ProvinceAndCityServiceImpl' available: expected at least 1 bean which qualifies as autowire candidate. Dependency annotations: {@org.springframework.beans.factory.annotation.Autowired(required=true)}
[WARN ] 2020-02-07 15:03:44 [http-nio-8080-exec-4] o.s.w.s.m.m.a.ExceptionHandlerExceptionResolver - Resolved [io.jsonwebtoken.SignatureException: tokentoken不能为空]
[WARN ] 2020-02-07 15:03:44 [http-nio-8080-exec-5] o.s.w.s.m.m.a.ExceptionHandlerExceptionResolver - Resolved [io.jsonwebtoken.SignatureException: token身份验证未通过！]
[WARN ] 2020-02-07 15:03:44 [http-nio-8080-exec-2] o.s.w.s.m.m.a.ExceptionHandlerExceptionResolver - Resolved [io.jsonwebtoken.SignatureException: tokentoken不能为空]
[WARN ] 2020-02-07 15:03:44 [http-nio-8080-exec-4] o.s.w.s.m.m.a.ExceptionHandlerExceptionResolver - Resolved [io.jsonwebtoken.SignatureException: tokentoken不能为空]
[WARN ] 2020-02-07 15:03:44 [http-nio-8080-exec-10] o.s.w.s.m.m.a.ExceptionHandlerExceptionResolver - Resolved [io.jsonwebtoken.SignatureException: tokentoken不能为空]
[WARN ] 2020-02-07 15:03:44 [http-nio-8080-exec-7] o.s.w.s.m.m.a.ExceptionHandlerExceptionResolver - Resolved [io.jsonwebtoken.SignatureException: tokentoken不能为空]
[WARN ] 2020-02-07 15:03:44 [http-nio-8080-exec-8] o.s.w.s.m.m.a.ExceptionHandlerExceptionResolver - Resolved [io.jsonwebtoken.SignatureException: tokentoken不能为空]
[WARN ] 2020-02-07 15:03:44 [http-nio-8080-exec-4] o.s.w.s.m.m.a.ExceptionHandlerExceptionResolver - Resolved [io.jsonwebtoken.SignatureException: tokentoken不能为空]
[WARN ] 2020-02-07 15:03:44 [http-nio-8080-exec-6] o.s.w.s.m.m.a.ExceptionHandlerExceptionResolver - Resolved [io.jsonwebtoken.SignatureException: token身份验证未通过！]
[WARN ] 2020-02-07 15:03:44 [http-nio-8080-exec-10] o.s.w.s.m.m.a.ExceptionHandlerExceptionResolver - Resolved [io.jsonwebtoken.SignatureException: token身份验证未通过！]
[WARN ] 2020-02-07 15:03:44 [http-nio-8080-exec-4] o.s.w.s.m.m.a.ExceptionHandlerExceptionResolver - Resolved [io.jsonwebtoken.SignatureException: tokentoken不能为空]
[WARN ] 2020-02-07 15:03:44 [http-nio-8080-exec-6] o.s.w.s.m.m.a.ExceptionHandlerExceptionResolver - Resolved [io.jsonwebtoken.SignatureException: tokentoken不能为空]
[WARN ] 2020-02-07 15:03:44 [http-nio-8080-exec-3] o.s.w.s.m.m.a.ExceptionHandlerExceptionResolver - Resolved [io.jsonwebtoken.SignatureException: tokentoken不能为空]
[WARN ] 2020-02-07 15:03:44 [http-nio-8080-exec-6] o.s.w.s.m.m.a.ExceptionHandlerExceptionResolver - Resolved [io.jsonwebtoken.SignatureException: tokentoken不能为空]
[WARN ] 2020-02-07 15:03:44 [http-nio-8080-exec-10] o.s.w.s.m.m.a.ExceptionHandlerExceptionResolver - Resolved [io.jsonwebtoken.SignatureException: tokentoken不能为空]
[WARN ] 2020-02-07 15:03:44 [http-nio-8080-exec-5] o.s.w.s.m.m.a.ExceptionHandlerExceptionResolver - Resolved [io.jsonwebtoken.SignatureException: tokentoken不能为空]
[WARN ] 2020-02-07 15:03:44 [http-nio-8080-exec-2] o.s.w.s.m.m.a.ExceptionHandlerExceptionResolver - Resolved [io.jsonwebtoken.SignatureException: tokentoken不能为空]
[WARN ] 2020-02-07 15:03:44 [http-nio-8080-exec-9] o.s.w.s.m.m.a.ExceptionHandlerExceptionResolver - Resolved [io.jsonwebtoken.SignatureException: tokentoken不能为空]
[WARN ] 2020-02-07 15:03:44 [http-nio-8080-exec-7] o.s.w.s.m.m.a.ExceptionHandlerExceptionResolver - Resolved [io.jsonwebtoken.SignatureException: tokentoken不能为空]
[WARN ] 2020-02-07 15:03:44 [http-nio-8080-exec-4] o.s.w.s.m.m.a.ExceptionHandlerExceptionResolver - Resolved [io.jsonwebtoken.SignatureException: tokentoken不能为空]
[WARN ] 2020-02-07 15:03:44 [http-nio-8080-exec-1] o.s.w.s.m.m.a.ExceptionHandlerExceptionResolver - Resolved [io.jsonwebtoken.SignatureException: tokentoken不能为空]
[WARN ] 2020-02-07 15:03:44 [http-nio-8080-exec-8] o.s.w.s.m.m.a.ExceptionHandlerExceptionResolver - Resolved [io.jsonwebtoken.SignatureException: tokentoken不能为空]
[WARN ] 2020-02-07 15:03:44 [http-nio-8080-exec-3] o.s.w.s.m.m.a.ExceptionHandlerExceptionResolver - Resolved [io.jsonwebtoken.SignatureException: tokentoken不能为空]
[WARN ] 2020-02-07 15:03:44 [http-nio-8080-exec-6] o.s.w.s.m.m.a.ExceptionHandlerExceptionResolver - Resolved [io.jsonwebtoken.SignatureException: tokentoken不能为空]
[WARN ] 2020-02-07 15:03:44 [http-nio-8080-exec-5] o.s.w.s.m.m.a.ExceptionHandlerExceptionResolver - Resolved [io.jsonwebtoken.SignatureException: tokentoken不能为空]
[WARN ] 2020-02-07 15:03:44 [http-nio-8080-exec-10] o.s.w.s.m.m.a.ExceptionHandlerExceptionResolver - Resolved [io.jsonwebtoken.SignatureException: tokentoken不能为空]
[WARN ] 2020-02-07 15:03:44 [http-nio-8080-exec-2] o.s.w.s.m.m.a.ExceptionHandlerExceptionResolver - Resolved [io.jsonwebtoken.SignatureException: tokentoken不能为空]
[WARN ] 2020-02-07 15:03:44 [http-nio-8080-exec-9] o.s.w.s.m.m.a.ExceptionHandlerExceptionResolver - Resolved [io.jsonwebtoken.SignatureException: tokentoken不能为空]
[WARN ] 2020-02-07 15:03:44 [http-nio-8080-exec-4] o.s.w.s.m.m.a.ExceptionHandlerExceptionResolver - Resolved [io.jsonwebtoken.SignatureException: tokentoken不能为空]
[WARN ] 2020-02-07 15:03:44 [http-nio-8080-exec-7] o.s.w.s.m.m.a.ExceptionHandlerExceptionResolver - Resolved [io.jsonwebtoken.SignatureException: tokentoken不能为空]
[WARN ] 2020-02-07 15:03:44 [http-nio-8080-exec-8] o.s.w.s.m.m.a.ExceptionHandlerExceptionResolver - Resolved [io.jsonwebtoken.SignatureException: tokentoken不能为空]
[WARN ] 2020-02-07 15:03:44 [http-nio-8080-exec-1] o.s.w.s.m.m.a.ExceptionHandlerExceptionResolver - Resolved [io.jsonwebtoken.SignatureException: tokentoken不能为空]
[WARN ] 2020-02-07 15:03:44 [http-nio-8080-exec-3] o.s.w.s.m.m.a.ExceptionHandlerExceptionResolver - Resolved [io.jsonwebtoken.SignatureException: tokentoken不能为空]
[WARN ] 2020-02-07 15:03:44 [http-nio-8080-exec-6] o.s.w.s.m.m.a.ExceptionHandlerExceptionResolver - Resolved [io.jsonwebtoken.SignatureException: tokentoken不能为空]
[WARN ] 2020-02-07 15:03:44 [http-nio-8080-exec-5] o.s.w.s.m.m.a.ExceptionHandlerExceptionResolver - Resolved [io.jsonwebtoken.SignatureException: tokentoken不能为空]
[WARN ] 2020-02-07 15:03:44 [http-nio-8080-exec-10] o.s.w.s.m.m.a.ExceptionHandlerExceptionResolver - Resolved [io.jsonwebtoken.SignatureException: tokentoken不能为空]
[WARN ] 2020-02-07 15:03:44 [http-nio-8080-exec-2] o.s.w.s.m.m.a.ExceptionHandlerExceptionResolver - Resolved [io.jsonwebtoken.SignatureException: tokentoken不能为空]
[WARN ] 2020-02-07 15:03:44 [http-nio-8080-exec-9] o.s.w.s.m.m.a.ExceptionHandlerExceptionResolver - Resolved [io.jsonwebtoken.SignatureException: tokentoken不能为空]
[WARN ] 2020-02-07 15:03:44 [http-nio-8080-exec-4] o.s.w.s.m.m.a.ExceptionHandlerExceptionResolver - Resolved [io.jsonwebtoken.SignatureException: tokentoken不能为空]
[WARN ] 2020-02-07 15:03:44 [http-nio-8080-exec-7] o.s.w.s.m.m.a.ExceptionHandlerExceptionResolver - Resolved [io.jsonwebtoken.SignatureException: tokentoken不能为空]
[WARN ] 2020-02-07 15:03:44 [http-nio-8080-exec-8] o.s.w.s.m.m.a.ExceptionHandlerExceptionResolver - Resolved [io.jsonwebtoken.SignatureException: tokentoken不能为空]
[WARN ] 2020-02-07 15:03:44 [http-nio-8080-exec-1] o.s.w.s.m.m.a.ExceptionHandlerExceptionResolver - Resolved [io.jsonwebtoken.SignatureException: tokentoken不能为空]
[WARN ] 2020-02-07 15:03:44 [http-nio-8080-exec-3] o.s.w.s.m.m.a.ExceptionHandlerExceptionResolver - Resolved [io.jsonwebtoken.SignatureException: tokentoken不能为空]
[WARN ] 2020-02-07 15:03:44 [http-nio-8080-exec-6] o.s.w.s.m.m.a.ExceptionHandlerExceptionResolver - Resolved [io.jsonwebtoken.SignatureException: tokentoken不能为空]
[WARN ] 2020-02-07 15:03:44 [http-nio-8080-exec-5] o.s.w.s.m.m.a.ExceptionHandlerExceptionResolver - Resolved [io.jsonwebtoken.SignatureException: tokentoken不能为空]
[WARN ] 2020-02-07 15:03:44 [http-nio-8080-exec-10] o.s.w.s.m.m.a.ExceptionHandlerExceptionResolver - Resolved [io.jsonwebtoken.SignatureException: tokentoken不能为空]
[WARN ] 2020-02-07 15:03:44 [http-nio-8080-exec-2] o.s.w.s.m.m.a.ExceptionHandlerExceptionResolver - Resolved [io.jsonwebtoken.SignatureException: tokentoken不能为空]
[WARN ] 2020-02-07 15:03:44 [http-nio-8080-exec-9] o.s.w.s.m.m.a.ExceptionHandlerExceptionResolver - Resolved [io.jsonwebtoken.SignatureException: tokentoken不能为空]
[WARN ] 2020-02-07 15:03:44 [http-nio-8080-exec-4] o.s.w.s.m.m.a.ExceptionHandlerExceptionResolver - Resolved [io.jsonwebtoken.SignatureException: tokentoken不能为空]
[WARN ] 2020-02-07 15:03:44 [http-nio-8080-exec-7] o.s.w.s.m.m.a.ExceptionHandlerExceptionResolver - Resolved [io.jsonwebtoken.SignatureException: tokentoken不能为空]
[WARN ] 2020-02-07 15:03:44 [http-nio-8080-exec-1] o.s.w.s.m.m.a.ExceptionHandlerExceptionResolver - Resolved [io.jsonwebtoken.SignatureException: tokentoken不能为空]
[WARN ] 2020-02-07 15:03:44 [http-nio-8080-exec-8] o.s.w.s.m.m.a.ExceptionHandlerExceptionResolver - Resolved [io.jsonwebtoken.SignatureException: tokentoken不能为空]
[WARN ] 2020-02-07 15:03:44 [http-nio-8080-exec-3] o.s.w.s.m.m.a.ExceptionHandlerExceptionResolver - Resolved [io.jsonwebtoken.SignatureException: tokentoken不能为空]
[WARN ] 2020-02-07 15:03:44 [http-nio-8080-exec-6] o.s.w.s.m.m.a.ExceptionHandlerExceptionResolver - Resolved [io.jsonwebtoken.SignatureException: tokentoken不能为空]
[WARN ] 2020-02-07 15:03:44 [http-nio-8080-exec-5] o.s.w.s.m.m.a.ExceptionHandlerExceptionResolver - Resolved [io.jsonwebtoken.SignatureException: tokentoken不能为空]
[WARN ] 2020-02-07 15:03:44 [http-nio-8080-exec-10] o.s.w.s.m.m.a.ExceptionHandlerExceptionResolver - Resolved [io.jsonwebtoken.SignatureException: tokentoken不能为空]
[WARN ] 2020-02-07 15:03:44 [http-nio-8080-exec-2] o.s.w.s.m.m.a.ExceptionHandlerExceptionResolver - Resolved [io.jsonwebtoken.SignatureException: tokentoken不能为空]
[WARN ] 2020-02-07 15:03:44 [http-nio-8080-exec-9] o.s.w.s.m.m.a.ExceptionHandlerExceptionResolver - Resolved [io.jsonwebtoken.SignatureException: tokentoken不能为空]
[WARN ] 2020-02-07 15:03:44 [http-nio-8080-exec-4] o.s.w.s.m.m.a.ExceptionHandlerExceptionResolver - Resolved [io.jsonwebtoken.SignatureException: tokentoken不能为空]
[WARN ] 2020-02-07 15:03:44 [http-nio-8080-exec-7] o.s.w.s.m.m.a.ExceptionHandlerExceptionResolver - Resolved [io.jsonwebtoken.SignatureException: tokentoken不能为空]
[WARN ] 2020-02-07 15:03:44 [http-nio-8080-exec-1] o.s.w.s.m.m.a.ExceptionHandlerExceptionResolver - Resolved [io.jsonwebtoken.SignatureException: tokentoken不能为空]
[WARN ] 2020-02-07 15:03:44 [http-nio-8080-exec-8] o.s.w.s.m.m.a.ExceptionHandlerExceptionResolver - Resolved [io.jsonwebtoken.SignatureException: tokentoken不能为空]
[WARN ] 2020-02-07 15:03:44 [http-nio-8080-exec-3] o.s.w.s.m.m.a.ExceptionHandlerExceptionResolver - Resolved [io.jsonwebtoken.SignatureException: tokentoken不能为空]
[WARN ] 2020-02-07 15:03:44 [http-nio-8080-exec-6] o.s.w.s.m.m.a.ExceptionHandlerExceptionResolver - Resolved [io.jsonwebtoken.SignatureException: tokentoken不能为空]
[WARN ] 2020-02-07 15:03:44 [http-nio-8080-exec-5] o.s.w.s.m.m.a.ExceptionHandlerExceptionResolver - Resolved [io.jsonwebtoken.SignatureException: tokentoken不能为空]
[WARN ] 2020-02-07 15:03:44 [http-nio-8080-exec-10] o.s.w.s.m.m.a.ExceptionHandlerExceptionResolver - Resolved [io.jsonwebtoken.SignatureException: tokentoken不能为空]
[WARN ] 2020-02-07 15:03:44 [http-nio-8080-exec-2] o.s.w.s.m.m.a.ExceptionHandlerExceptionResolver - Resolved [io.jsonwebtoken.SignatureException: tokentoken不能为空]
[WARN ] 2020-02-07 15:03:44 [http-nio-8080-exec-9] o.s.w.s.m.m.a.ExceptionHandlerExceptionResolver - Resolved [io.jsonwebtoken.SignatureException: tokentoken不能为空]
[WARN ] 2020-02-07 15:03:44 [http-nio-8080-exec-4] o.s.w.s.m.m.a.ExceptionHandlerExceptionResolver - Resolved [io.jsonwebtoken.SignatureException: tokentoken不能为空]
[WARN ] 2020-02-07 15:03:44 [http-nio-8080-exec-7] o.s.w.s.m.m.a.ExceptionHandlerExceptionResolver - Resolved [io.jsonwebtoken.SignatureException: tokentoken不能为空]
[WARN ] 2020-02-07 15:03:44 [http-nio-8080-exec-1] o.s.w.s.m.m.a.ExceptionHandlerExceptionResolver - Resolved [io.jsonwebtoken.SignatureException: tokentoken不能为空]
[WARN ] 2020-02-07 15:03:44 [http-nio-8080-exec-8] o.s.w.s.m.m.a.ExceptionHandlerExceptionResolver - Resolved [io.jsonwebtoken.SignatureException: tokentoken不能为空]
[WARN ] 2020-02-07 15:03:44 [http-nio-8080-exec-3] o.s.w.s.m.m.a.ExceptionHandlerExceptionResolver - Resolved [io.jsonwebtoken.SignatureException: tokentoken不能为空]
[WARN ] 2020-02-07 15:03:44 [http-nio-8080-exec-6] o.s.w.s.m.m.a.ExceptionHandlerExceptionResolver - Resolved [io.jsonwebtoken.SignatureException: tokentoken不能为空]
[WARN ] 2020-02-07 15:03:44 [http-nio-8080-exec-5] o.s.w.s.m.m.a.ExceptionHandlerExceptionResolver - Resolved [io.jsonwebtoken.SignatureException: tokentoken不能为空]
[WARN ] 2020-02-07 15:03:44 [http-nio-8080-exec-10] o.s.w.s.m.m.a.ExceptionHandlerExceptionResolver - Resolved [io.jsonwebtoken.SignatureException: tokentoken不能为空]
[WARN ] 2020-02-07 15:03:44 [http-nio-8080-exec-2] o.s.w.s.m.m.a.ExceptionHandlerExceptionResolver - Resolved [io.jsonwebtoken.SignatureException: tokentoken不能为空]
[WARN ] 2020-02-07 15:03:44 [http-nio-8080-exec-9] o.s.w.s.m.m.a.ExceptionHandlerExceptionResolver - Resolved [io.jsonwebtoken.SignatureException: tokentoken不能为空]
[WARN ] 2020-02-07 15:03:44 [http-nio-8080-exec-4] o.s.w.s.m.m.a.ExceptionHandlerExceptionResolver - Resolved [io.jsonwebtoken.SignatureException: tokentoken不能为空]
[WARN ] 2020-02-07 15:03:44 [http-nio-8080-exec-7] o.s.w.s.m.m.a.ExceptionHandlerExceptionResolver - Resolved [io.jsonwebtoken.SignatureException: tokentoken不能为空]
[WARN ] 2020-02-07 15:03:44 [http-nio-8080-exec-1] o.s.w.s.m.m.a.ExceptionHandlerExceptionResolver - Resolved [io.jsonwebtoken.SignatureException: tokentoken不能为空]
[WARN ] 2020-02-07 15:03:44 [http-nio-8080-exec-8] o.s.w.s.m.m.a.ExceptionHandlerExceptionResolver - Resolved [io.jsonwebtoken.SignatureException: tokentoken不能为空]
[WARN ] 2020-02-07 15:03:44 [http-nio-8080-exec-3] o.s.w.s.m.m.a.ExceptionHandlerExceptionResolver - Resolved [io.jsonwebtoken.SignatureException: tokentoken不能为空]
[WARN ] 2020-02-07 15:03:44 [http-nio-8080-exec-6] o.s.w.s.m.m.a.ExceptionHandlerExceptionResolver - Resolved [io.jsonwebtoken.SignatureException: tokentoken不能为空]
[WARN ] 2020-02-07 15:03:44 [http-nio-8080-exec-5] o.s.w.s.m.m.a.ExceptionHandlerExceptionResolver - Resolved [io.jsonwebtoken.SignatureException: tokentoken不能为空]
[WARN ] 2020-02-07 15:03:44 [http-nio-8080-exec-10] o.s.w.s.m.m.a.ExceptionHandlerExceptionResolver - Resolved [io.jsonwebtoken.SignatureException: tokentoken不能为空]
[WARN ] 2020-02-07 15:03:44 [http-nio-8080-exec-2] o.s.w.s.m.m.a.ExceptionHandlerExceptionResolver - Resolved [io.jsonwebtoken.SignatureException: tokentoken不能为空]
[WARN ] 2020-02-07 15:03:44 [http-nio-8080-exec-2] o.s.w.s.m.m.a.ExceptionHandlerExceptionResolver - Resolved [io.jsonwebtoken.SignatureException: tokentoken不能为空]
[WARN ] 2020-02-07 15:03:44 [http-nio-8080-exec-4] o.s.w.s.m.m.a.ExceptionHandlerExceptionResolver - Resolved [io.jsonwebtoken.SignatureException: tokentoken不能为空]
[WARN ] 2020-02-07 15:03:44 [http-nio-8080-exec-7] o.s.w.s.m.m.a.ExceptionHandlerExceptionResolver - Resolved [io.jsonwebtoken.SignatureException: tokentoken不能为空]
[WARN ] 2020-02-07 15:03:44 [http-nio-8080-exec-1] o.s.w.s.m.m.a.ExceptionHandlerExceptionResolver - Resolved [io.jsonwebtoken.SignatureException: tokentoken不能为空]
[WARN ] 2020-02-07 15:03:44 [http-nio-8080-exec-8] o.s.w.s.m.m.a.ExceptionHandlerExceptionResolver - Resolved [io.jsonwebtoken.SignatureException: tokentoken不能为空]
[WARN ] 2020-02-07 15:03:44 [http-nio-8080-exec-3] o.s.w.s.m.m.a.ExceptionHandlerExceptionResolver - Resolved [io.jsonwebtoken.SignatureException: tokentoken不能为空]
[WARN ] 2020-02-07 15:03:44 [http-nio-8080-exec-6] o.s.w.s.m.m.a.ExceptionHandlerExceptionResolver - Resolved [io.jsonwebtoken.SignatureException: tokentoken不能为空]
[WARN ] 2020-02-07 15:03:44 [http-nio-8080-exec-5] o.s.w.s.m.m.a.ExceptionHandlerExceptionResolver - Resolved [io.jsonwebtoken.SignatureException: tokentoken不能为空]
[WARN ] 2020-02-07 15:03:44 [http-nio-8080-exec-10] o.s.w.s.m.m.a.ExceptionHandlerExceptionResolver - Resolved [io.jsonwebtoken.SignatureException: tokentoken不能为空]
[WARN ] 2020-02-07 15:03:44 [http-nio-8080-exec-9] o.s.w.s.m.m.a.ExceptionHandlerExceptionResolver - Resolved [io.jsonwebtoken.SignatureException: tokentoken不能为空]
[WARN ] 2020-02-07 15:03:44 [http-nio-8080-exec-2] o.s.w.s.m.m.a.ExceptionHandlerExceptionResolver - Resolved [io.jsonwebtoken.SignatureException: tokentoken不能为空]
[WARN ] 2020-02-07 15:03:44 [http-nio-8080-exec-4] o.s.w.s.m.m.a.ExceptionHandlerExceptionResolver - Resolved [io.jsonwebtoken.SignatureException: tokentoken不能为空]
[WARN ] 2020-02-07 15:03:44 [http-nio-8080-exec-7] o.s.w.s.m.m.a.ExceptionHandlerExceptionResolver - Resolved [io.jsonwebtoken.SignatureException: tokentoken不能为空]
[WARN ] 2020-02-07 15:03:44 [http-nio-8080-exec-1] o.s.w.s.m.m.a.ExceptionHandlerExceptionResolver - Resolved [io.jsonwebtoken.SignatureException: tokentoken不能为空]
[WARN ] 2020-02-07 15:03:44 [http-nio-8080-exec-8] o.s.w.s.m.m.a.ExceptionHandlerExceptionResolver - Resolved [io.jsonwebtoken.SignatureException: tokentoken不能为空]
[WARN ] 2020-02-07 15:03:44 [http-nio-8080-exec-3] o.s.w.s.m.m.a.ExceptionHandlerExceptionResolver - Resolved [io.jsonwebtoken.SignatureException: tokentoken不能为空]
[WARN ] 2020-02-07 15:03:44 [http-nio-8080-exec-6] o.s.w.s.m.m.a.ExceptionHandlerExceptionResolver - Resolved [io.jsonwebtoken.SignatureException: tokentoken不能为空]
[WARN ] 2020-02-07 15:03:44 [http-nio-8080-exec-5] o.s.w.s.m.m.a.ExceptionHandlerExceptionResolver - Resolved [io.jsonwebtoken.SignatureException: tokentoken不能为空]
[WARN ] 2020-02-07 15:03:44 [http-nio-8080-exec-10] o.s.w.s.m.m.a.ExceptionHandlerExceptionResolver - Resolved [io.jsonwebtoken.SignatureException: tokentoken不能为空]
[WARN ] 2020-02-07 15:03:44 [http-nio-8080-exec-9] o.s.w.s.m.m.a.ExceptionHandlerExceptionResolver - Resolved [io.jsonwebtoken.SignatureException: tokentoken不能为空]
[WARN ] 2020-02-07 15:03:44 [http-nio-8080-exec-2] o.s.w.s.m.m.a.ExceptionHandlerExceptionResolver - Resolved [io.jsonwebtoken.SignatureException: tokentoken不能为空]
[WARN ] 2020-02-07 15:03:44 [http-nio-8080-exec-4] o.s.w.s.m.m.a.ExceptionHandlerExceptionResolver - Resolved [io.jsonwebtoken.SignatureException: tokentoken不能为空]
[WARN ] 2020-02-07 15:03:44 [http-nio-8080-exec-7] o.s.w.s.m.m.a.ExceptionHandlerExceptionResolver - Resolved [io.jsonwebtoken.SignatureException: tokentoken不能为空]
[WARN ] 2020-02-07 15:03:44 [http-nio-8080-exec-1] o.s.w.s.m.m.a.ExceptionHandlerExceptionResolver - Resolved [io.jsonwebtoken.SignatureException: tokentoken不能为空]
[WARN ] 2020-02-07 15:03:44 [http-nio-8080-exec-8] o.s.w.s.m.m.a.ExceptionHandlerExceptionResolver - Resolved [io.jsonwebtoken.SignatureException: tokentoken不能为空]
[WARN ] 2020-02-07 15:03:44 [http-nio-8080-exec-3] o.s.w.s.m.m.a.ExceptionHandlerExceptionResolver - Resolved [io.jsonwebtoken.SignatureException: tokentoken不能为空]
[WARN ] 2020-02-07 15:03:44 [http-nio-8080-exec-6] o.s.w.s.m.m.a.ExceptionHandlerExceptionResolver - Resolved [io.jsonwebtoken.SignatureException: tokentoken不能为空]
[WARN ] 2020-02-07 15:03:44 [http-nio-8080-exec-5] o.s.w.s.m.m.a.ExceptionHandlerExceptionResolver - Resolved [io.jsonwebtoken.SignatureException: tokentoken不能为空]
[WARN ] 2020-02-07 15:03:44 [http-nio-8080-exec-10] o.s.w.s.m.m.a.ExceptionHandlerExceptionResolver - Resolved [io.jsonwebtoken.SignatureException: tokentoken不能为空]
[WARN ] 2020-02-07 15:03:44 [http-nio-8080-exec-2] o.s.w.s.m.m.a.ExceptionHandlerExceptionResolver - Resolved [io.jsonwebtoken.SignatureException: tokentoken不能为空]
[WARN ] 2020-02-07 15:03:44 [http-nio-8080-exec-9] o.s.w.s.m.m.a.ExceptionHandlerExceptionResolver - Resolved [io.jsonwebtoken.SignatureException: tokentoken不能为空]
[WARN ] 2020-02-07 15:03:44 [http-nio-8080-exec-4] o.s.w.s.m.m.a.ExceptionHandlerExceptionResolver - Resolved [io.jsonwebtoken.SignatureException: tokentoken不能为空]
[WARN ] 2020-02-07 15:03:44 [http-nio-8080-exec-7] o.s.w.s.m.m.a.ExceptionHandlerExceptionResolver - Resolved [io.jsonwebtoken.SignatureException: tokentoken不能为空]
[WARN ] 2020-02-07 15:03:44 [http-nio-8080-exec-1] o.s.w.s.m.m.a.ExceptionHandlerExceptionResolver - Resolved [io.jsonwebtoken.SignatureException: tokentoken不能为空]
[WARN ] 2020-02-07 15:03:44 [http-nio-8080-exec-1] o.s.w.s.m.m.a.ExceptionHandlerExceptionResolver - Resolved [io.jsonwebtoken.SignatureException: tokentoken不能为空]
[WARN ] 2020-02-07 15:03:44 [http-nio-8080-exec-3] o.s.w.s.m.m.a.ExceptionHandlerExceptionResolver - Resolved [io.jsonwebtoken.SignatureException: tokentoken不能为空]
[WARN ] 2020-02-07 15:03:44 [http-nio-8080-exec-6] o.s.w.s.m.m.a.ExceptionHandlerExceptionResolver - Resolved [io.jsonwebtoken.SignatureException: tokentoken不能为空]
[WARN ] 2020-02-07 15:03:44 [http-nio-8080-exec-10] o.s.w.s.m.m.a.ExceptionHandlerExceptionResolver - Resolved [io.jsonwebtoken.SignatureException: tokentoken不能为空]
[WARN ] 2020-02-07 15:03:44 [http-nio-8080-exec-5] o.s.w.s.m.m.a.ExceptionHandlerExceptionResolver - Resolved [io.jsonwebtoken.SignatureException: tokentoken不能为空]
[WARN ] 2020-02-07 15:03:44 [http-nio-8080-exec-2] o.s.w.s.m.m.a.ExceptionHandlerExceptionResolver - Resolved [io.jsonwebtoken.SignatureException: tokentoken不能为空]
[WARN ] 2020-02-07 15:03:44 [http-nio-8080-exec-9] o.s.w.s.m.m.a.ExceptionHandlerExceptionResolver - Resolved [io.jsonwebtoken.SignatureException: tokentoken不能为空]
[WARN ] 2020-02-07 15:03:44 [http-nio-8080-exec-7] o.s.w.s.m.m.a.ExceptionHandlerExceptionResolver - Resolved [io.jsonwebtoken.SignatureException: tokentoken不能为空]
[WARN ] 2020-02-07 15:03:44 [http-nio-8080-exec-4] o.s.w.s.m.m.a.ExceptionHandlerExceptionResolver - Resolved [io.jsonwebtoken.SignatureException: tokentoken不能为空]
[WARN ] 2020-02-07 15:03:44 [http-nio-8080-exec-8] o.s.w.s.m.m.a.ExceptionHandlerExceptionResolver - Resolved [io.jsonwebtoken.SignatureException: tokentoken不能为空]
[WARN ] 2020-02-07 15:03:44 [http-nio-8080-exec-1] o.s.w.s.m.m.a.ExceptionHandlerExceptionResolver - Resolved [io.jsonwebtoken.SignatureException: tokentoken不能为空]
[WARN ] 2020-02-07 15:03:44 [http-nio-8080-exec-6] o.s.w.s.m.m.a.ExceptionHandlerExceptionResolver - Resolved [io.jsonwebtoken.SignatureException: tokentoken不能为空]
[WARN ] 2020-02-07 15:03:44 [http-nio-8080-exec-3] o.s.w.s.m.m.a.ExceptionHandlerExceptionResolver - Resolved [io.jsonwebtoken.SignatureException: tokentoken不能为空]
[WARN ] 2020-02-07 15:03:44 [http-nio-8080-exec-10] o.s.w.s.m.m.a.ExceptionHandlerExceptionResolver - Resolved [io.jsonwebtoken.SignatureException: tokentoken不能为空]
[WARN ] 2020-02-07 15:03:44 [http-nio-8080-exec-10] o.s.w.s.m.m.a.ExceptionHandlerExceptionResolver - Resolved [io.jsonwebtoken.SignatureException: tokentoken不能为空]
[WARN ] 2020-02-07 15:03:44 [http-nio-8080-exec-2] o.s.w.s.m.m.a.ExceptionHandlerExceptionResolver - Resolved [io.jsonwebtoken.SignatureException: tokentoken不能为空]
[WARN ] 2020-02-07 15:03:44 [http-nio-8080-exec-9] o.s.w.s.m.m.a.ExceptionHandlerExceptionResolver - Resolved [io.jsonwebtoken.SignatureException: tokentoken不能为空]
[WARN ] 2020-02-07 15:03:44 [http-nio-8080-exec-4] o.s.w.s.m.m.a.ExceptionHandlerExceptionResolver - Resolved [io.jsonwebtoken.SignatureException: tokentoken不能为空]
[WARN ] 2020-02-07 15:03:44 [http-nio-8080-exec-7] o.s.w.s.m.m.a.ExceptionHandlerExceptionResolver - Resolved [io.jsonwebtoken.SignatureException: tokentoken不能为空]
[WARN ] 2020-02-07 15:03:44 [http-nio-8080-exec-8] o.s.w.s.m.m.a.ExceptionHandlerExceptionResolver - Resolved [io.jsonwebtoken.SignatureException: tokentoken不能为空]
[WARN ] 2020-02-07 15:03:44 [http-nio-8080-exec-8] o.s.w.s.m.m.a.ExceptionHandlerExceptionResolver - Resolved [io.jsonwebtoken.SignatureException: tokentoken不能为空]
[WARN ] 2020-02-07 15:03:44 [http-nio-8080-exec-8] o.s.w.s.m.m.a.ExceptionHandlerExceptionResolver - Resolved [io.jsonwebtoken.SignatureException: tokentoken不能为空]
[WARN ] 2020-02-07 15:03:44 [http-nio-8080-exec-3] o.s.w.s.m.m.a.ExceptionHandlerExceptionResolver - Resolved [io.jsonwebtoken.SignatureException: tokentoken不能为空]
[WARN ] 2020-02-07 15:03:44 [http-nio-8080-exec-3] o.s.w.s.m.m.a.ExceptionHandlerExceptionResolver - Resolved [io.jsonwebtoken.SignatureException: tokentoken不能为空]
[WARN ] 2020-02-07 15:03:44 [http-nio-8080-exec-2] o.s.w.s.m.m.a.ExceptionHandlerExceptionResolver - Resolved [io.jsonwebtoken.SignatureException: tokentoken不能为空]
[WARN ] 2020-02-07 15:03:44 [http-nio-8080-exec-10] o.s.w.s.m.m.a.ExceptionHandlerExceptionResolver - Resolved [io.jsonwebtoken.SignatureException: tokentoken不能为空]
[WARN ] 2020-02-07 15:03:44 [http-nio-8080-exec-6] o.s.w.s.m.m.a.ExceptionHandlerExceptionResolver - Resolved [io.jsonwebtoken.SignatureException: tokentoken不能为空]
[WARN ] 2020-02-07 15:03:44 [http-nio-8080-exec-5] o.s.w.s.m.m.a.ExceptionHandlerExceptionResolver - Resolved [io.jsonwebtoken.SignatureException: tokentoken不能为空]
[WARN ] 2020-02-07 15:03:44 [http-nio-8080-exec-6] o.s.w.s.m.m.a.ExceptionHandlerExceptionResolver - Resolved [io.jsonwebtoken.SignatureException: tokentoken不能为空]
[WARN ] 2020-02-07 15:03:44 [http-nio-8080-exec-7] o.s.w.s.m.m.a.ExceptionHandlerExceptionResolver - Resolved [io.jsonwebtoken.SignatureException: tokentoken不能为空]
[WARN ] 2020-02-07 15:03:44 [http-nio-8080-exec-6] o.s.w.s.m.m.a.ExceptionHandlerExceptionResolver - Resolved [io.jsonwebtoken.SignatureException: tokentoken不能为空]
[WARN ] 2020-02-07 15:03:44 [http-nio-8080-exec-5] o.s.w.s.m.m.a.ExceptionHandlerExceptionResolver - Resolved [io.jsonwebtoken.SignatureException: tokentoken不能为空]
[WARN ] 2020-02-07 15:03:44 [http-nio-8080-exec-8] o.s.w.s.m.m.a.ExceptionHandlerExceptionResolver - Resolved [io.jsonwebtoken.SignatureException: tokentoken不能为空]
[WARN ] 2020-02-07 15:03:44 [http-nio-8080-exec-4] o.s.w.s.m.m.a.ExceptionHandlerExceptionResolver - Resolved [io.jsonwebtoken.SignatureException: tokentoken不能为空]
[WARN ] 2020-02-07 15:03:44 [http-nio-8080-exec-9] o.s.w.s.m.m.a.ExceptionHandlerExceptionResolver - Resolved [io.jsonwebtoken.SignatureException: tokentoken不能为空]
[WARN ] 2020-02-07 15:03:44 [http-nio-8080-exec-10] o.s.w.s.m.m.a.ExceptionHandlerExceptionResolver - Resolved [io.jsonwebtoken.SignatureException: tokentoken不能为空]
[WARN ] 2020-02-07 15:03:44 [http-nio-8080-exec-1] o.s.w.s.m.m.a.ExceptionHandlerExceptionResolver - Resolved [io.jsonwebtoken.SignatureException: tokentoken不能为空]
[WARN ] 2020-02-07 15:03:44 [http-nio-8080-exec-2] o.s.w.s.m.m.a.ExceptionHandlerExceptionResolver - Resolved [io.jsonwebtoken.SignatureException: tokentoken不能为空]
[WARN ] 2020-02-07 15:03:44 [http-nio-8080-exec-7] o.s.w.s.m.m.a.ExceptionHandlerExceptionResolver - Resolved [io.jsonwebtoken.SignatureException: tokentoken不能为空]
[WARN ] 2020-02-07 15:03:44 [http-nio-8080-exec-3] o.s.w.s.m.m.a.ExceptionHandlerExceptionResolver - Resolved [io.jsonwebtoken.SignatureException: tokentoken不能为空]
[WARN ] 2020-02-07 15:03:44 [http-nio-8080-exec-5] o.s.w.s.m.m.a.ExceptionHandlerExceptionResolver - Resolved [io.jsonwebtoken.SignatureException: tokentoken不能为空]
[WARN ] 2020-02-07 15:03:44 [http-nio-8080-exec-6] o.s.w.s.m.m.a.ExceptionHandlerExceptionResolver - Resolved [io.jsonwebtoken.SignatureException: tokentoken不能为空]
[WARN ] 2020-02-07 15:03:44 [http-nio-8080-exec-4] o.s.w.s.m.m.a.ExceptionHandlerExceptionResolver - Resolved [io.jsonwebtoken.SignatureException: tokentoken不能为空]
[WARN ] 2020-02-07 15:03:44 [http-nio-8080-exec-8] o.s.w.s.m.m.a.ExceptionHandlerExceptionResolver - Resolved [io.jsonwebtoken.SignatureException: tokentoken不能为空]
[WARN ] 2020-02-07 15:03:44 [http-nio-8080-exec-9] o.s.w.s.m.m.a.ExceptionHandlerExceptionResolver - Resolved [io.jsonwebtoken.SignatureException: tokentoken不能为空]
[WARN ] 2020-02-07 15:03:44 [http-nio-8080-exec-10] o.s.w.s.m.m.a.ExceptionHandlerExceptionResolver - Resolved [io.jsonwebtoken.SignatureException: tokentoken不能为空]
[WARN ] 2020-02-07 15:03:44 [http-nio-8080-exec-1] o.s.w.s.m.m.a.ExceptionHandlerExceptionResolver - Resolved [io.jsonwebtoken.SignatureException: tokentoken不能为空]
[WARN ] 2020-02-07 15:03:44 [http-nio-8080-exec-2] o.s.w.s.m.m.a.ExceptionHandlerExceptionResolver - Resolved [io.jsonwebtoken.SignatureException: tokentoken不能为空]
[WARN ] 2020-02-07 15:03:44 [http-nio-8080-exec-6] o.s.w.s.m.m.a.ExceptionHandlerExceptionResolver - Resolved [io.jsonwebtoken.SignatureException: tokentoken不能为空]
[WARN ] 2020-02-07 15:03:44 [http-nio-8080-exec-7] o.s.w.s.m.m.a.ExceptionHandlerExceptionResolver - Resolved [io.jsonwebtoken.SignatureException: tokentoken不能为空]
[WARN ] 2020-02-07 15:03:44 [http-nio-8080-exec-10] o.s.w.s.m.m.a.ExceptionHandlerExceptionResolver - Resolved [io.jsonwebtoken.SignatureException: tokentoken不能为空]
[WARN ] 2020-02-07 15:03:44 [http-nio-8080-exec-8] o.s.w.s.m.m.a.ExceptionHandlerExceptionResolver - Resolved [io.jsonwebtoken.SignatureException: tokentoken不能为空]
[WARN ] 2020-02-07 15:03:44 [http-nio-8080-exec-8] o.s.w.s.m.m.a.ExceptionHandlerExceptionResolver - Resolved [io.jsonwebtoken.SignatureException: tokentoken不能为空]
[WARN ] 2020-02-07 15:03:44 [http-nio-8080-exec-5] o.s.w.s.m.m.a.ExceptionHandlerExceptionResolver - Resolved [io.jsonwebtoken.SignatureException: tokentoken不能为空]
[WARN ] 2020-02-07 15:03:44 [http-nio-8080-exec-4] o.s.w.s.m.m.a.ExceptionHandlerExceptionResolver - Resolved [io.jsonwebtoken.SignatureException: tokentoken不能为空]
[WARN ] 2020-02-07 15:03:44 [http-nio-8080-exec-3] o.s.w.s.m.m.a.ExceptionHandlerExceptionResolver - Resolved [io.jsonwebtoken.SignatureException: tokentoken不能为空]
[WARN ] 2020-02-07 15:03:44 [http-nio-8080-exec-9] o.s.w.s.m.m.a.ExceptionHandlerExceptionResolver - Resolved [io.jsonwebtoken.SignatureException: tokentoken不能为空]
[WARN ] 2020-02-07 15:03:44 [http-nio-8080-exec-6] o.s.w.s.m.m.a.ExceptionHandlerExceptionResolver - Resolved [io.jsonwebtoken.SignatureException: tokentoken不能为空]
[WARN ] 2020-02-07 15:03:44 [http-nio-8080-exec-2] o.s.w.s.m.m.a.ExceptionHandlerExceptionResolver - Resolved [io.jsonwebtoken.SignatureException: tokentoken不能为空]
[WARN ] 2020-02-07 15:03:44 [http-nio-8080-exec-7] o.s.w.s.m.m.a.ExceptionHandlerExceptionResolver - Resolved [io.jsonwebtoken.SignatureException: tokentoken不能为空]
[WARN ] 2020-02-07 15:03:44 [http-nio-8080-exec-8] o.s.w.s.m.m.a.ExceptionHandlerExceptionResolver - Resolved [io.jsonwebtoken.SignatureException: tokentoken不能为空]
[WARN ] 2020-02-07 15:03:44 [http-nio-8080-exec-10] o.s.w.s.m.m.a.ExceptionHandlerExceptionResolver - Resolved [io.jsonwebtoken.SignatureException: tokentoken不能为空]
[WARN ] 2020-02-07 15:03:44 [http-nio-8080-exec-5] o.s.w.s.m.m.a.ExceptionHandlerExceptionResolver - Resolved [io.jsonwebtoken.SignatureException: tokentoken不能为空]
[WARN ] 2020-02-07 15:03:44 [http-nio-8080-exec-1] o.s.w.s.m.m.a.ExceptionHandlerExceptionResolver - Resolved [io.jsonwebtoken.SignatureException: tokentoken不能为空]
[WARN ] 2020-02-07 15:03:44 [http-nio-8080-exec-3] o.s.w.s.m.m.a.ExceptionHandlerExceptionResolver - Resolved [io.jsonwebtoken.SignatureException: tokentoken不能为空]
[WARN ] 2020-02-07 15:03:44 [http-nio-8080-exec-4] o.s.w.s.m.m.a.ExceptionHandlerExceptionResolver - Resolved [io.jsonwebtoken.SignatureException: tokentoken不能为空]
[WARN ] 2020-02-07 15:03:44 [http-nio-8080-exec-9] o.s.w.s.m.m.a.ExceptionHandlerExceptionResolver - Resolved [io.jsonwebtoken.SignatureException: tokentoken不能为空]
[WARN ] 2020-02-07 15:03:44 [http-nio-8080-exec-6] o.s.w.s.m.m.a.ExceptionHandlerExceptionResolver - Resolved [io.jsonwebtoken.SignatureException: tokentoken不能为空]
[WARN ] 2020-02-07 15:03:44 [http-nio-8080-exec-2] o.s.w.s.m.m.a.ExceptionHandlerExceptionResolver - Resolved [io.jsonwebtoken.SignatureException: tokentoken不能为空]
[WARN ] 2020-02-07 15:03:44 [http-nio-8080-exec-7] o.s.w.s.m.m.a.ExceptionHandlerExceptionResolver - Resolved [io.jsonwebtoken.SignatureException: tokentoken不能为空]
[WARN ] 2020-02-07 15:03:44 [http-nio-8080-exec-8] o.s.w.s.m.m.a.ExceptionHandlerExceptionResolver - Resolved [io.jsonwebtoken.SignatureException: tokentoken不能为空]
[WARN ] 2020-02-07 15:03:44 [http-nio-8080-exec-5] o.s.w.s.m.m.a.ExceptionHandlerExceptionResolver - Resolved [io.jsonwebtoken.SignatureException: tokentoken不能为空]
[WARN ] 2020-02-07 15:03:44 [http-nio-8080-exec-10] o.s.w.s.m.m.a.ExceptionHandlerExceptionResolver - Resolved [io.jsonwebtoken.SignatureException: tokentoken不能为空]
[WARN ] 2020-02-07 15:03:44 [http-nio-8080-exec-1] o.s.w.s.m.m.a.ExceptionHandlerExceptionResolver - Resolved [io.jsonwebtoken.SignatureException: tokentoken不能为空]
[WARN ] 2020-02-07 15:03:44 [http-nio-8080-exec-3] o.s.w.s.m.m.a.ExceptionHandlerExceptionResolver - Resolved [io.jsonwebtoken.SignatureException: tokentoken不能为空]
[WARN ] 2020-02-07 15:03:44 [http-nio-8080-exec-4] o.s.w.s.m.m.a.ExceptionHandlerExceptionResolver - Resolved [io.jsonwebtoken.SignatureException: tokentoken不能为空]
[WARN ] 2020-02-07 15:03:44 [http-nio-8080-exec-9] o.s.w.s.m.m.a.ExceptionHandlerExceptionResolver - Resolved [io.jsonwebtoken.SignatureException: tokentoken不能为空]
[WARN ] 2020-02-07 15:03:44 [http-nio-8080-exec-6] o.s.w.s.m.m.a.ExceptionHandlerExceptionResolver - Resolved [io.jsonwebtoken.SignatureException: tokentoken不能为空]
[WARN ] 2020-02-07 15:03:44 [http-nio-8080-exec-2] o.s.w.s.m.m.a.ExceptionHandlerExceptionResolver - Resolved [io.jsonwebtoken.SignatureException: tokentoken不能为空]
[WARN ] 2020-02-07 15:03:44 [http-nio-8080-exec-7] o.s.w.s.m.m.a.ExceptionHandlerExceptionResolver - Resolved [io.jsonwebtoken.SignatureException: tokentoken不能为空]
[WARN ] 2020-02-07 15:03:44 [http-nio-8080-exec-8] o.s.w.s.m.m.a.ExceptionHandlerExceptionResolver - Resolved [io.jsonwebtoken.SignatureException: tokentoken不能为空]
[WARN ] 2020-02-07 15:03:44 [http-nio-8080-exec-10] o.s.w.s.m.m.a.ExceptionHandlerExceptionResolver - Resolved [io.jsonwebtoken.SignatureException: tokentoken不能为空]
[WARN ] 2020-02-07 15:03:44 [http-nio-8080-exec-5] o.s.w.s.m.m.a.ExceptionHandlerExceptionResolver - Resolved [io.jsonwebtoken.SignatureException: tokentoken不能为空]
[WARN ] 2020-02-07 15:03:44 [http-nio-8080-exec-1] o.s.w.s.m.m.a.ExceptionHandlerExceptionResolver - Resolved [io.jsonwebtoken.SignatureException: tokentoken不能为空]
[WARN ] 2020-02-07 15:03:44 [http-nio-8080-exec-3] o.s.w.s.m.m.a.ExceptionHandlerExceptionResolver - Resolved [io.jsonwebtoken.SignatureException: tokentoken不能为空]
[WARN ] 2020-02-07 15:03:44 [http-nio-8080-exec-9] o.s.w.s.m.m.a.ExceptionHandlerExceptionResolver - Resolved [io.jsonwebtoken.SignatureException: tokentoken不能为空]
[WARN ] 2020-02-07 15:03:44 [http-nio-8080-exec-4] o.s.w.s.m.m.a.ExceptionHandlerExceptionResolver - Resolved [io.jsonwebtoken.SignatureException: tokentoken不能为空]
[WARN ] 2020-02-07 15:03:44 [http-nio-8080-exec-6] o.s.w.s.m.m.a.ExceptionHandlerExceptionResolver - Resolved [io.jsonwebtoken.SignatureException: tokentoken不能为空]
[WARN ] 2020-02-07 15:03:44 [http-nio-8080-exec-2] o.s.w.s.m.m.a.ExceptionHandlerExceptionResolver - Resolved [io.jsonwebtoken.SignatureException: tokentoken不能为空]
[WARN ] 2020-02-07 15:03:44 [http-nio-8080-exec-7] o.s.w.s.m.m.a.ExceptionHandlerExceptionResolver - Resolved [io.jsonwebtoken.SignatureException: tokentoken不能为空]
[WARN ] 2020-02-07 15:03:44 [http-nio-8080-exec-8] o.s.w.s.m.m.a.ExceptionHandlerExceptionResolver - Resolved [io.jsonwebtoken.SignatureException: tokentoken不能为空]
[WARN ] 2020-02-07 15:03:44 [http-nio-8080-exec-10] o.s.w.s.m.m.a.ExceptionHandlerExceptionResolver - Resolved [io.jsonwebtoken.SignatureException: tokentoken不能为空]
[WARN ] 2020-02-07 15:03:44 [http-nio-8080-exec-5] o.s.w.s.m.m.a.ExceptionHandlerExceptionResolver - Resolved [io.jsonwebtoken.SignatureException: tokentoken不能为空]
[WARN ] 2020-02-07 15:03:44 [http-nio-8080-exec-1] o.s.w.s.m.m.a.ExceptionHandlerExceptionResolver - Resolved [io.jsonwebtoken.SignatureException: tokentoken不能为空]
[WARN ] 2020-02-07 15:03:44 [http-nio-8080-exec-3] o.s.w.s.m.m.a.ExceptionHandlerExceptionResolver - Resolved [io.jsonwebtoken.SignatureException: tokentoken不能为空]
[WARN ] 2020-02-07 15:03:44 [http-nio-8080-exec-9] o.s.w.s.m.m.a.ExceptionHandlerExceptionResolver - Resolved [io.jsonwebtoken.SignatureException: tokentoken不能为空]
[WARN ] 2020-02-07 15:03:44 [http-nio-8080-exec-4] o.s.w.s.m.m.a.ExceptionHandlerExceptionResolver - Resolved [io.jsonwebtoken.SignatureException: tokentoken不能为空]
[WARN ] 2020-02-07 15:03:44 [http-nio-8080-exec-6] o.s.w.s.m.m.a.ExceptionHandlerExceptionResolver - Resolved [io.jsonwebtoken.SignatureException: tokentoken不能为空]
[WARN ] 2020-02-07 15:03:44 [http-nio-8080-exec-2] o.s.w.s.m.m.a.ExceptionHandlerExceptionResolver - Resolved [io.jsonwebtoken.SignatureException: tokentoken不能为空]
[WARN ] 2020-02-07 15:03:44 [http-nio-8080-exec-7] o.s.w.s.m.m.a.ExceptionHandlerExceptionResolver - Resolved [io.jsonwebtoken.SignatureException: tokentoken不能为空]
[WARN ] 2020-02-07 15:03:44 [http-nio-8080-exec-8] o.s.w.s.m.m.a.ExceptionHandlerExceptionResolver - Resolved [io.jsonwebtoken.SignatureException: tokentoken不能为空]
[WARN ] 2020-02-07 15:03:44 [http-nio-8080-exec-10] o.s.w.s.m.m.a.ExceptionHandlerExceptionResolver - Resolved [io.jsonwebtoken.SignatureException: tokentoken不能为空]
[WARN ] 2020-02-07 15:03:44 [http-nio-8080-exec-5] o.s.w.s.m.m.a.ExceptionHandlerExceptionResolver - Resolved [io.jsonwebtoken.SignatureException: tokentoken不能为空]
[WARN ] 2020-02-07 15:03:44 [http-nio-8080-exec-1] o.s.w.s.m.m.a.ExceptionHandlerExceptionResolver - Resolved [io.jsonwebtoken.SignatureException: tokentoken不能为空]
[WARN ] 2020-02-07 15:03:44 [http-nio-8080-exec-3] o.s.w.s.m.m.a.ExceptionHandlerExceptionResolver - Resolved [io.jsonwebtoken.SignatureException: tokentoken不能为空]
[WARN ] 2020-02-07 15:03:44 [http-nio-8080-exec-9] o.s.w.s.m.m.a.ExceptionHandlerExceptionResolver - Resolved [io.jsonwebtoken.SignatureException: tokentoken不能为空]
[WARN ] 2020-02-07 15:03:44 [http-nio-8080-exec-4] o.s.w.s.m.m.a.ExceptionHandlerExceptionResolver - Resolved [io.jsonwebtoken.SignatureException: tokentoken不能为空]
[WARN ] 2020-02-07 15:03:44 [http-nio-8080-exec-6] o.s.w.s.m.m.a.ExceptionHandlerExceptionResolver - Resolved [io.jsonwebtoken.SignatureException: tokentoken不能为空]
[WARN ] 2020-02-07 15:03:44 [http-nio-8080-exec-2] o.s.w.s.m.m.a.ExceptionHandlerExceptionResolver - Resolved [io.jsonwebtoken.SignatureException: tokentoken不能为空]
[WARN ] 2020-02-07 15:03:44 [http-nio-8080-exec-7] o.s.w.s.m.m.a.ExceptionHandlerExceptionResolver - Resolved [io.jsonwebtoken.SignatureException: tokentoken不能为空]
[WARN ] 2020-02-07 15:03:44 [http-nio-8080-exec-8] o.s.w.s.m.m.a.ExceptionHandlerExceptionResolver - Resolved [io.jsonwebtoken.SignatureException: tokentoken不能为空]
[WARN ] 2020-02-07 15:03:44 [http-nio-8080-exec-10] o.s.w.s.m.m.a.ExceptionHandlerExceptionResolver - Resolved [io.jsonwebtoken.SignatureException: tokentoken不能为空]
[WARN ] 2020-02-07 15:03:44 [http-nio-8080-exec-5] o.s.w.s.m.m.a.ExceptionHandlerExceptionResolver - Resolved [io.jsonwebtoken.SignatureException: tokentoken不能为空]
[WARN ] 2020-02-07 15:03:44 [http-nio-8080-exec-1] o.s.w.s.m.m.a.ExceptionHandlerExceptionResolver - Resolved [io.jsonwebtoken.SignatureException: tokentoken不能为空]
[WARN ] 2020-02-07 15:03:44 [http-nio-8080-exec-3] o.s.w.s.m.m.a.ExceptionHandlerExceptionResolver - Resolved [io.jsonwebtoken.SignatureException: tokentoken不能为空]
[WARN ] 2020-02-07 15:03:44 [http-nio-8080-exec-9] o.s.w.s.m.m.a.ExceptionHandlerExceptionResolver - Resolved [io.jsonwebtoken.SignatureException: tokentoken不能为空]
[WARN ] 2020-02-07 15:03:44 [http-nio-8080-exec-4] o.s.w.s.m.m.a.ExceptionHandlerExceptionResolver - Resolved [io.jsonwebtoken.SignatureException: tokentoken不能为空]
[WARN ] 2020-02-07 15:03:44 [http-nio-8080-exec-6] o.s.w.s.m.m.a.ExceptionHandlerExceptionResolver - Resolved [io.jsonwebtoken.SignatureException: tokentoken不能为空]
[WARN ] 2020-02-07 15:03:44 [http-nio-8080-exec-2] o.s.w.s.m.m.a.ExceptionHandlerExceptionResolver - Resolved [io.jsonwebtoken.SignatureException: tokentoken不能为空]
[WARN ] 2020-02-07 15:03:44 [http-nio-8080-exec-7] o.s.w.s.m.m.a.ExceptionHandlerExceptionResolver - Resolved [io.jsonwebtoken.SignatureException: tokentoken不能为空]
[WARN ] 2020-02-07 15:03:44 [http-nio-8080-exec-8] o.s.w.s.m.m.a.ExceptionHandlerExceptionResolver - Resolved [io.jsonwebtoken.SignatureException: tokentoken不能为空]
[WARN ] 2020-02-07 15:03:44 [http-nio-8080-exec-10] o.s.w.s.m.m.a.ExceptionHandlerExceptionResolver - Resolved [io.jsonwebtoken.SignatureException: tokentoken不能为空]
[WARN ] 2020-02-07 15:03:44 [http-nio-8080-exec-5] o.s.w.s.m.m.a.ExceptionHandlerExceptionResolver - Resolved [io.jsonwebtoken.SignatureException: tokentoken不能为空]
[WARN ] 2020-02-07 15:03:44 [http-nio-8080-exec-1] o.s.w.s.m.m.a.ExceptionHandlerExceptionResolver - Resolved [io.jsonwebtoken.SignatureException: tokentoken不能为空]
[WARN ] 2020-02-07 15:03:44 [http-nio-8080-exec-3] o.s.w.s.m.m.a.ExceptionHandlerExceptionResolver - Resolved [io.jsonwebtoken.SignatureException: tokentoken不能为空]
[WARN ] 2020-02-07 15:03:44 [http-nio-8080-exec-9] o.s.w.s.m.m.a.ExceptionHandlerExceptionResolver - Resolved [io.jsonwebtoken.SignatureException: tokentoken不能为空]
[WARN ] 2020-02-07 15:03:44 [http-nio-8080-exec-4] o.s.w.s.m.m.a.ExceptionHandlerExceptionResolver - Resolved [io.jsonwebtoken.SignatureException: tokentoken不能为空]
[WARN ] 2020-02-07 15:03:44 [http-nio-8080-exec-6] o.s.w.s.m.m.a.ExceptionHandlerExceptionResolver - Resolved [io.jsonwebtoken.SignatureException: tokentoken不能为空]
[WARN ] 2020-02-07 15:03:44 [http-nio-8080-exec-2] o.s.w.s.m.m.a.ExceptionHandlerExceptionResolver - Resolved [io.jsonwebtoken.SignatureException: tokentoken不能为空]
[WARN ] 2020-02-07 15:03:44 [http-nio-8080-exec-7] o.s.w.s.m.m.a.ExceptionHandlerExceptionResolver - Resolved [io.jsonwebtoken.SignatureException: tokentoken不能为空]
[WARN ] 2020-02-07 15:03:44 [http-nio-8080-exec-8] o.s.w.s.m.m.a.ExceptionHandlerExceptionResolver - Resolved [io.jsonwebtoken.SignatureException: tokentoken不能为空]
[WARN ] 2020-02-07 15:03:44 [http-nio-8080-exec-10] o.s.w.s.m.m.a.ExceptionHandlerExceptionResolver - Resolved [io.jsonwebtoken.SignatureException: tokentoken不能为空]
[WARN ] 2020-02-07 15:03:44 [http-nio-8080-exec-5] o.s.w.s.m.m.a.ExceptionHandlerExceptionResolver - Resolved [io.jsonwebtoken.SignatureException: tokentoken不能为空]
[WARN ] 2020-02-07 15:03:44 [http-nio-8080-exec-1] o.s.w.s.m.m.a.ExceptionHandlerExceptionResolver - Resolved [io.jsonwebtoken.SignatureException: tokentoken不能为空]
[WARN ] 2020-02-07 15:03:44 [http-nio-8080-exec-3] o.s.w.s.m.m.a.ExceptionHandlerExceptionResolver - Resolved [io.jsonwebtoken.SignatureException: tokentoken不能为空]
[WARN ] 2020-02-07 15:03:44 [http-nio-8080-exec-9] o.s.w.s.m.m.a.ExceptionHandlerExceptionResolver - Resolved [io.jsonwebtoken.SignatureException: tokentoken不能为空]
[WARN ] 2020-02-07 15:03:44 [http-nio-8080-exec-4] o.s.w.s.m.m.a.ExceptionHandlerExceptionResolver - Resolved [io.jsonwebtoken.SignatureException: tokentoken不能为空]
[WARN ] 2020-02-07 15:03:44 [http-nio-8080-exec-6] o.s.w.s.m.m.a.ExceptionHandlerExceptionResolver - Resolved [io.jsonwebtoken.SignatureException: tokentoken不能为空]
[WARN ] 2020-02-07 15:03:44 [http-nio-8080-exec-2] o.s.w.s.m.m.a.ExceptionHandlerExceptionResolver - Resolved [io.jsonwebtoken.SignatureException: tokentoken不能为空]
[WARN ] 2020-02-07 15:03:44 [http-nio-8080-exec-7] o.s.w.s.m.m.a.ExceptionHandlerExceptionResolver - Resolved [io.jsonwebtoken.SignatureException: tokentoken不能为空]
[WARN ] 2020-02-07 15:03:44 [http-nio-8080-exec-8] o.s.w.s.m.m.a.ExceptionHandlerExceptionResolver - Resolved [io.jsonwebtoken.SignatureException: tokentoken不能为空]
[WARN ] 2020-02-07 15:03:44 [http-nio-8080-exec-10] o.s.w.s.m.m.a.ExceptionHandlerExceptionResolver - Resolved [io.jsonwebtoken.SignatureException: tokentoken不能为空]
[WARN ] 2020-02-07 15:03:44 [http-nio-8080-exec-5] o.s.w.s.m.m.a.ExceptionHandlerExceptionResolver - Resolved [io.jsonwebtoken.SignatureException: tokentoken不能为空]
[WARN ] 2020-02-07 15:03:44 [http-nio-8080-exec-1] o.s.w.s.m.m.a.ExceptionHandlerExceptionResolver - Resolved [io.jsonwebtoken.SignatureException: tokentoken不能为空]
[WARN ] 2020-02-07 15:03:44 [http-nio-8080-exec-3] o.s.w.s.m.m.a.ExceptionHandlerExceptionResolver - Resolved [io.jsonwebtoken.SignatureException: tokentoken不能为空]
[WARN ] 2020-02-07 15:03:44 [http-nio-8080-exec-9] o.s.w.s.m.m.a.ExceptionHandlerExceptionResolver - Resolved [io.jsonwebtoken.SignatureException: tokentoken不能为空]
[WARN ] 2020-02-07 15:03:44 [http-nio-8080-exec-4] o.s.w.s.m.m.a.ExceptionHandlerExceptionResolver - Resolved [io.jsonwebtoken.SignatureException: tokentoken不能为空]
[WARN ] 2020-02-07 15:03:44 [http-nio-8080-exec-6] o.s.w.s.m.m.a.ExceptionHandlerExceptionResolver - Resolved [io.jsonwebtoken.SignatureException: tokentoken不能为空]
[WARN ] 2020-02-07 15:03:44 [http-nio-8080-exec-2] o.s.w.s.m.m.a.ExceptionHandlerExceptionResolver - Resolved [io.jsonwebtoken.SignatureException: tokentoken不能为空]
[WARN ] 2020-02-07 15:03:44 [http-nio-8080-exec-7] o.s.w.s.m.m.a.ExceptionHandlerExceptionResolver - Resolved [io.jsonwebtoken.SignatureException: tokentoken不能为空]
[WARN ] 2020-02-07 15:03:44 [http-nio-8080-exec-8] o.s.w.s.m.m.a.ExceptionHandlerExceptionResolver - Resolved [io.jsonwebtoken.SignatureException: tokentoken不能为空]
[WARN ] 2020-02-07 15:03:44 [http-nio-8080-exec-10] o.s.w.s.m.m.a.ExceptionHandlerExceptionResolver - Resolved [io.jsonwebtoken.SignatureException: tokentoken不能为空]
[WARN ] 2020-02-07 15:03:44 [http-nio-8080-exec-5] o.s.w.s.m.m.a.ExceptionHandlerExceptionResolver - Resolved [io.jsonwebtoken.SignatureException: tokentoken不能为空]
[WARN ] 2020-02-07 15:03:44 [http-nio-8080-exec-1] o.s.w.s.m.m.a.ExceptionHandlerExceptionResolver - Resolved [io.jsonwebtoken.SignatureException: tokentoken不能为空]
[WARN ] 2020-02-07 15:03:44 [http-nio-8080-exec-3] o.s.w.s.m.m.a.ExceptionHandlerExceptionResolver - Resolved [io.jsonwebtoken.SignatureException: tokentoken不能为空]
[WARN ] 2020-02-07 15:03:44 [http-nio-8080-exec-9] o.s.w.s.m.m.a.ExceptionHandlerExceptionResolver - Resolved [io.jsonwebtoken.SignatureException: tokentoken不能为空]
[WARN ] 2020-02-07 15:03:44 [http-nio-8080-exec-4] o.s.w.s.m.m.a.ExceptionHandlerExceptionResolver - Resolved [io.jsonwebtoken.SignatureException: tokentoken不能为空]
[WARN ] 2020-02-07 15:03:44 [http-nio-8080-exec-6] o.s.w.s.m.m.a.ExceptionHandlerExceptionResolver - Resolved [io.jsonwebtoken.SignatureException: tokentoken不能为空]
[WARN ] 2020-02-07 15:03:44 [http-nio-8080-exec-2] o.s.w.s.m.m.a.ExceptionHandlerExceptionResolver - Resolved [io.jsonwebtoken.SignatureException: tokentoken不能为空]
[WARN ] 2020-02-07 15:03:44 [http-nio-8080-exec-7] o.s.w.s.m.m.a.ExceptionHandlerExceptionResolver - Resolved [io.jsonwebtoken.SignatureException: tokentoken不能为空]
[WARN ] 2020-02-07 15:03:44 [http-nio-8080-exec-8] o.s.w.s.m.m.a.ExceptionHandlerExceptionResolver - Resolved [io.jsonwebtoken.SignatureException: tokentoken不能为空]
[WARN ] 2020-02-07 15:03:44 [http-nio-8080-exec-3] o.s.w.s.m.m.a.ExceptionHandlerExceptionResolver - Resolved [io.jsonwebtoken.SignatureException: tokentoken不能为空]
[WARN ] 2020-02-07 15:03:44 [http-nio-8080-exec-4] o.s.w.s.m.m.a.ExceptionHandlerExceptionResolver - Resolved [io.jsonwebtoken.SignatureException: tokentoken不能为空]
[WARN ] 2020-02-07 22:05:40 [http-nio-8080-exec-7] o.s.w.s.m.m.a.ExceptionHandlerExceptionResolver - Resolved [io.jsonwebtoken.SignatureException: token身份验证未通过！]
[WARN ] 2020-02-07 22:05:40 [http-nio-8080-exec-10] o.s.w.s.m.m.a.ExceptionHandlerExceptionResolver - Resolved [io.jsonwebtoken.SignatureException: token身份验证未通过！]
[WARN ] 2020-02-07 22:05:40 [http-nio-8080-exec-2] o.s.w.s.m.m.a.ExceptionHandlerExceptionResolver - Resolved [io.jsonwebtoken.SignatureException: token身份验证未通过！]
[WARN ] 2020-02-07 22:05:40 [http-nio-8080-exec-4] o.s.w.s.m.m.a.ExceptionHandlerExceptionResolver - Resolved [io.jsonwebtoken.SignatureException: token身份验证未通过！]
[WARN ] 2020-02-07 22:05:40 [http-nio-8080-exec-3] o.s.w.s.m.m.a.ExceptionHandlerExceptionResolver - Resolved [io.jsonwebtoken.SignatureException: token身份验证未通过！]
[WARN ] 2020-02-07 22:05:40 [http-nio-8080-exec-9] o.s.w.s.m.m.a.ExceptionHandlerExceptionResolver - Resolved [io.jsonwebtoken.SignatureException: token身份验证未通过！]
[WARN ] 2020-02-07 22:05:40 [http-nio-8080-exec-1] o.s.w.s.m.m.a.ExceptionHandlerExceptionResolver - Resolved [io.jsonwebtoken.SignatureException: token身份验证未通过！]
[WARN ] 2020-02-07 22:05:40 [http-nio-8080-exec-6] o.s.w.s.m.m.a.ExceptionHandlerExceptionResolver - Resolved [io.jsonwebtoken.SignatureException: token身份验证未通过！]
[WARN ] 2020-02-07 22:05:40 [http-nio-8080-exec-9] o.s.w.s.m.m.a.ExceptionHandlerExceptionResolver - Resolved [io.jsonwebtoken.SignatureException: token身份验证未通过！]
[WARN ] 2020-02-07 22:05:40 [http-nio-8080-exec-3] o.s.w.s.m.m.a.ExceptionHandlerExceptionResolver - Resolved [io.jsonwebtoken.SignatureException: token身份验证未通过！]
[WARN ] 2020-02-07 22:05:40 [http-nio-8080-exec-5] o.s.w.s.m.m.a.ExceptionHandlerExceptionResolver - Resolved [io.jsonwebtoken.SignatureException: token身份验证未通过！]
[WARN ] 2020-02-07 22:05:40 [http-nio-8080-exec-2] o.s.w.s.m.m.a.ExceptionHandlerExceptionResolver - Resolved [io.jsonwebtoken.SignatureException: token身份验证未通过！]
[WARN ] 2020-02-07 22:05:40 [http-nio-8080-exec-10] o.s.w.s.m.m.a.ExceptionHandlerExceptionResolver - Resolved [io.jsonwebtoken.SignatureException: token身份验证未通过！]
[WARN ] 2020-02-07 22:05:40 [http-nio-8080-exec-7] o.s.w.s.m.m.a.ExceptionHandlerExceptionResolver - Resolved [io.jsonwebtoken.SignatureException: token身份验证未通过！]
[WARN ] 2020-02-07 22:05:40 [http-nio-8080-exec-4] o.s.w.s.m.m.a.ExceptionHandlerExceptionResolver - Resolved [io.jsonwebtoken.SignatureException: token身份验证未通过！]
[WARN ] 2020-02-07 22:05:40 [http-nio-8080-exec-6] o.s.w.s.m.m.a.ExceptionHandlerExceptionResolver - Resolved [io.jsonwebtoken.SignatureException: token身份验证未通过！]
[WARN ] 2020-02-07 22:05:40 [http-nio-8080-exec-9] o.s.w.s.m.m.a.ExceptionHandlerExceptionResolver - Resolved [io.jsonwebtoken.SignatureException: token身份验证未通过！]
[WARN ] 2020-02-07 22:05:40 [http-nio-8080-exec-1] o.s.w.s.m.m.a.ExceptionHandlerExceptionResolver - Resolved [io.jsonwebtoken.SignatureException: token身份验证未通过！]
[WARN ] 2020-02-07 22:05:40 [http-nio-8080-exec-8] o.s.w.s.m.m.a.ExceptionHandlerExceptionResolver - Resolved [io.jsonwebtoken.SignatureException: token身份验证未通过！]
[WARN ] 2020-02-07 22:05:40 [http-nio-8080-exec-5] o.s.w.s.m.m.a.ExceptionHandlerExceptionResolver - Resolved [io.jsonwebtoken.SignatureException: token身份验证未通过！]
[WARN ] 2020-02-07 22:05:40 [http-nio-8080-exec-10] o.s.w.s.m.m.a.ExceptionHandlerExceptionResolver - Resolved [io.jsonwebtoken.SignatureException: token身份验证未通过！]
[WARN ] 2020-02-07 22:05:40 [http-nio-8080-exec-2] o.s.w.s.m.m.a.ExceptionHandlerExceptionResolver - Resolved [io.jsonwebtoken.SignatureException: token身份验证未通过！]
[WARN ] 2020-02-07 22:05:40 [http-nio-8080-exec-3] o.s.w.s.m.m.a.ExceptionHandlerExceptionResolver - Resolved [io.jsonwebtoken.SignatureException: token身份验证未通过！]
[WARN ] 2020-02-07 22:05:40 [http-nio-8080-exec-8] o.s.w.s.m.m.a.ExceptionHandlerExceptionResolver - Resolved [io.jsonwebtoken.SignatureException: token身份验证未通过！]
[WARN ] 2020-02-07 22:05:40 [http-nio-8080-exec-7] o.s.w.s.m.m.a.ExceptionHandlerExceptionResolver - Resolved [io.jsonwebtoken.SignatureException: token身份验证未通过！]
[WARN ] 2020-02-07 22:05:40 [http-nio-8080-exec-7] o.s.w.s.m.m.a.ExceptionHandlerExceptionResolver - Resolved [io.jsonwebtoken.SignatureException: token身份验证未通过！]
[WARN ] 2020-02-07 22:05:40 [http-nio-8080-exec-1] o.s.w.s.m.m.a.ExceptionHandlerExceptionResolver - Resolved [io.jsonwebtoken.SignatureException: token身份验证未通过！]
[WARN ] 2020-02-07 22:05:40 [http-nio-8080-exec-6] o.s.w.s.m.m.a.ExceptionHandlerExceptionResolver - Resolved [io.jsonwebtoken.SignatureException: token身份验证未通过！]
[WARN ] 2020-02-07 22:05:40 [http-nio-8080-exec-9] o.s.w.s.m.m.a.ExceptionHandlerExceptionResolver - Resolved [io.jsonwebtoken.SignatureException: token身份验证未通过！]
[WARN ] 2020-02-07 22:05:40 [http-nio-8080-exec-9] o.s.w.s.m.m.a.ExceptionHandlerExceptionResolver - Resolved [io.jsonwebtoken.SignatureException: token身份验证未通过！]
[WARN ] 2020-02-07 22:05:40 [http-nio-8080-exec-2] o.s.w.s.m.m.a.ExceptionHandlerExceptionResolver - Resolved [io.jsonwebtoken.SignatureException: token身份验证未通过！]
[WARN ] 2020-02-07 22:05:40 [http-nio-8080-exec-5] o.s.w.s.m.m.a.ExceptionHandlerExceptionResolver - Resolved [io.jsonwebtoken.SignatureException: token身份验证未通过！]
[WARN ] 2020-02-07 22:05:40 [http-nio-8080-exec-4] o.s.w.s.m.m.a.ExceptionHandlerExceptionResolver - Resolved [io.jsonwebtoken.SignatureException: token身份验证未通过！]
[WARN ] 2020-02-07 22:05:40 [http-nio-8080-exec-3] o.s.w.s.m.m.a.ExceptionHandlerExceptionResolver - Resolved [io.jsonwebtoken.SignatureException: token身份验证未通过！]
[WARN ] 2020-02-07 22:05:40 [http-nio-8080-exec-8] o.s.w.s.m.m.a.ExceptionHandlerExceptionResolver - Resolved [io.jsonwebtoken.SignatureException: token身份验证未通过！]
[WARN ] 2020-02-07 22:05:40 [http-nio-8080-exec-7] o.s.w.s.m.m.a.ExceptionHandlerExceptionResolver - Resolved [io.jsonwebtoken.SignatureException: token身份验证未通过！]
[WARN ] 2020-02-07 22:05:40 [http-nio-8080-exec-8] o.s.w.s.m.m.a.ExceptionHandlerExceptionResolver - Resolved [io.jsonwebtoken.SignatureException: token身份验证未通过！]
[WARN ] 2020-02-07 22:05:40 [http-nio-8080-exec-6] o.s.w.s.m.m.a.ExceptionHandlerExceptionResolver - Resolved [io.jsonwebtoken.SignatureException: token身份验证未通过！]
[WARN ] 2020-02-07 22:05:40 [http-nio-8080-exec-1] o.s.w.s.m.m.a.ExceptionHandlerExceptionResolver - Resolved [io.jsonwebtoken.SignatureException: token身份验证未通过！]
[WARN ] 2020-02-07 22:05:40 [http-nio-8080-exec-4] o.s.w.s.m.m.a.ExceptionHandlerExceptionResolver - Resolved [io.jsonwebtoken.SignatureException: token身份验证未通过！]
[WARN ] 2020-02-07 22:05:40 [http-nio-8080-exec-10] o.s.w.s.m.m.a.ExceptionHandlerExceptionResolver - Resolved [io.jsonwebtoken.SignatureException: token身份验证未通过！]
[WARN ] 2020-02-07 22:05:40 [http-nio-8080-exec-5] o.s.w.s.m.m.a.ExceptionHandlerExceptionResolver - Resolved [io.jsonwebtoken.SignatureException: token身份验证未通过！]
[WARN ] 2020-02-07 22:05:40 [http-nio-8080-exec-3] o.s.w.s.m.m.a.ExceptionHandlerExceptionResolver - Resolved [io.jsonwebtoken.SignatureException: token身份验证未通过！]
[WARN ] 2020-02-07 22:05:40 [http-nio-8080-exec-9] o.s.w.s.m.m.a.ExceptionHandlerExceptionResolver - Resolved [io.jsonwebtoken.SignatureException: token身份验证未通过！]
[WARN ] 2020-02-07 22:05:40 [http-nio-8080-exec-6] o.s.w.s.m.m.a.ExceptionHandlerExceptionResolver - Resolved [io.jsonwebtoken.SignatureException: tokentoken不能为空]
[WARN ] 2020-02-07 22:05:40 [http-nio-8080-exec-5] o.s.w.s.m.m.a.ExceptionHandlerExceptionResolver - Resolved [io.jsonwebtoken.SignatureException: tokentoken不能为空]
[WARN ] 2020-02-07 22:05:40 [http-nio-8080-exec-2] o.s.w.s.m.m.a.ExceptionHandlerExceptionResolver - Resolved [io.jsonwebtoken.SignatureException: tokentoken不能为空]
[WARN ] 2020-02-07 22:05:40 [http-nio-8080-exec-10] o.s.w.s.m.m.a.ExceptionHandlerExceptionResolver - Resolved [io.jsonwebtoken.SignatureException: tokentoken不能为空]
[WARN ] 2020-02-07 22:05:40 [http-nio-8080-exec-3] o.s.w.s.m.m.a.ExceptionHandlerExceptionResolver - Resolved [io.jsonwebtoken.SignatureException: tokentoken不能为空]
[WARN ] 2020-02-07 22:05:40 [http-nio-8080-exec-4] o.s.w.s.m.m.a.ExceptionHandlerExceptionResolver - Resolved [io.jsonwebtoken.SignatureException: tokentoken不能为空]
[WARN ] 2020-02-07 22:05:40 [http-nio-8080-exec-9] o.s.w.s.m.m.a.ExceptionHandlerExceptionResolver - Resolved [io.jsonwebtoken.SignatureException: tokentoken不能为空]
[WARN ] 2020-02-07 22:05:40 [http-nio-8080-exec-7] o.s.w.s.m.m.a.ExceptionHandlerExceptionResolver - Resolved [io.jsonwebtoken.SignatureException: tokentoken不能为空]
[WARN ] 2020-02-07 22:05:40 [http-nio-8080-exec-8] o.s.w.s.m.m.a.ExceptionHandlerExceptionResolver - Resolved [io.jsonwebtoken.SignatureException: tokentoken不能为空]
[WARN ] 2020-02-07 22:05:40 [http-nio-8080-exec-1] o.s.w.s.m.m.a.ExceptionHandlerExceptionResolver - Resolved [io.jsonwebtoken.SignatureException: tokentoken不能为空]
[WARN ] 2020-02-07 22:05:40 [http-nio-8080-exec-5] o.s.w.s.m.m.a.ExceptionHandlerExceptionResolver - Resolved [io.jsonwebtoken.SignatureException: tokentoken不能为空]
[WARN ] 2020-02-07 22:05:40 [http-nio-8080-exec-6] o.s.w.s.m.m.a.ExceptionHandlerExceptionResolver - Resolved [io.jsonwebtoken.SignatureException: tokentoken不能为空]
[WARN ] 2020-02-07 22:05:40 [http-nio-8080-exec-10] o.s.w.s.m.m.a.ExceptionHandlerExceptionResolver - Resolved [io.jsonwebtoken.SignatureException: tokentoken不能为空]
[WARN ] 2020-02-07 22:05:40 [http-nio-8080-exec-2] o.s.w.s.m.m.a.ExceptionHandlerExceptionResolver - Resolved [io.jsonwebtoken.SignatureException: tokentoken不能为空]
[WARN ] 2020-02-07 22:05:40 [http-nio-8080-exec-3] o.s.w.s.m.m.a.ExceptionHandlerExceptionResolver - Resolved [io.jsonwebtoken.SignatureException: tokentoken不能为空]
[WARN ] 2020-02-07 22:05:40 [http-nio-8080-exec-4] o.s.w.s.m.m.a.ExceptionHandlerExceptionResolver - Resolved [io.jsonwebtoken.SignatureException: tokentoken不能为空]
[WARN ] 2020-02-07 22:05:40 [http-nio-8080-exec-7] o.s.w.s.m.m.a.ExceptionHandlerExceptionResolver - Resolved [io.jsonwebtoken.SignatureException: tokentoken不能为空]
[WARN ] 2020-02-07 22:05:40 [http-nio-8080-exec-9] o.s.w.s.m.m.a.ExceptionHandlerExceptionResolver - Resolved [io.jsonwebtoken.SignatureException: tokentoken不能为空]
[WARN ] 2020-02-07 22:05:40 [http-nio-8080-exec-1] o.s.w.s.m.m.a.ExceptionHandlerExceptionResolver - Resolved [io.jsonwebtoken.SignatureException: tokentoken不能为空]
[WARN ] 2020-02-07 22:05:40 [http-nio-8080-exec-8] o.s.w.s.m.m.a.ExceptionHandlerExceptionResolver - Resolved [io.jsonwebtoken.SignatureException: tokentoken不能为空]
[WARN ] 2020-02-07 22:05:40 [http-nio-8080-exec-5] o.s.w.s.m.m.a.ExceptionHandlerExceptionResolver - Resolved [io.jsonwebtoken.SignatureException: tokentoken不能为空]
[WARN ] 2020-02-07 22:05:40 [http-nio-8080-exec-2] o.s.w.s.m.m.a.ExceptionHandlerExceptionResolver - Resolved [io.jsonwebtoken.SignatureException: tokentoken不能为空]
[WARN ] 2020-02-07 22:05:40 [http-nio-8080-exec-6] o.s.w.s.m.m.a.ExceptionHandlerExceptionResolver - Resolved [io.jsonwebtoken.SignatureException: tokentoken不能为空]
[WARN ] 2020-02-07 22:05:40 [http-nio-8080-exec-10] o.s.w.s.m.m.a.ExceptionHandlerExceptionResolver - Resolved [io.jsonwebtoken.SignatureException: tokentoken不能为空]
[WARN ] 2020-02-07 22:05:40 [http-nio-8080-exec-4] o.s.w.s.m.m.a.ExceptionHandlerExceptionResolver - Resolved [io.jsonwebtoken.SignatureException: tokentoken不能为空]
[WARN ] 2020-02-07 22:05:40 [http-nio-8080-exec-3] o.s.w.s.m.m.a.ExceptionHandlerExceptionResolver - Resolved [io.jsonwebtoken.SignatureException: tokentoken不能为空]
[WARN ] 2020-02-07 22:05:40 [http-nio-8080-exec-9] o.s.w.s.m.m.a.ExceptionHandlerExceptionResolver - Resolved [io.jsonwebtoken.SignatureException: tokentoken不能为空]
[WARN ] 2020-02-07 22:05:40 [http-nio-8080-exec-7] o.s.w.s.m.m.a.ExceptionHandlerExceptionResolver - Resolved [io.jsonwebtoken.SignatureException: tokentoken不能为空]
[WARN ] 2020-02-07 22:05:40 [http-nio-8080-exec-1] o.s.w.s.m.m.a.ExceptionHandlerExceptionResolver - Resolved [io.jsonwebtoken.SignatureException: tokentoken不能为空]
[WARN ] 2020-02-07 22:05:40 [http-nio-8080-exec-8] o.s.w.s.m.m.a.ExceptionHandlerExceptionResolver - Resolved [io.jsonwebtoken.SignatureException: tokentoken不能为空]
[WARN ] 2020-02-07 22:05:40 [http-nio-8080-exec-2] o.s.w.s.m.m.a.ExceptionHandlerExceptionResolver - Resolved [io.jsonwebtoken.SignatureException: tokentoken不能为空]
[WARN ] 2020-02-07 22:05:40 [http-nio-8080-exec-5] o.s.w.s.m.m.a.ExceptionHandlerExceptionResolver - Resolved [io.jsonwebtoken.SignatureException: tokentoken不能为空]
[WARN ] 2020-02-07 22:05:40 [http-nio-8080-exec-6] o.s.w.s.m.m.a.ExceptionHandlerExceptionResolver - Resolved [io.jsonwebtoken.SignatureException: tokentoken不能为空]
[WARN ] 2020-02-07 22:05:40 [http-nio-8080-exec-10] o.s.w.s.m.m.a.ExceptionHandlerExceptionResolver - Resolved [io.jsonwebtoken.SignatureException: tokentoken不能为空]
[WARN ] 2020-02-07 22:05:40 [http-nio-8080-exec-3] o.s.w.s.m.m.a.ExceptionHandlerExceptionResolver - Resolved [io.jsonwebtoken.SignatureException: tokentoken不能为空]
[WARN ] 2020-02-07 22:05:40 [http-nio-8080-exec-4] o.s.w.s.m.m.a.ExceptionHandlerExceptionResolver - Resolved [io.jsonwebtoken.SignatureException: tokentoken不能为空]
[WARN ] 2020-02-07 22:05:40 [http-nio-8080-exec-7] o.s.w.s.m.m.a.ExceptionHandlerExceptionResolver - Resolved [io.jsonwebtoken.SignatureException: tokentoken不能为空]
[WARN ] 2020-02-07 22:05:40 [http-nio-8080-exec-9] o.s.w.s.m.m.a.ExceptionHandlerExceptionResolver - Resolved [io.jsonwebtoken.SignatureException: tokentoken不能为空]
[WARN ] 2020-02-07 22:05:40 [http-nio-8080-exec-1] o.s.w.s.m.m.a.ExceptionHandlerExceptionResolver - Resolved [io.jsonwebtoken.SignatureException: tokentoken不能为空]
[WARN ] 2020-02-07 22:05:40 [http-nio-8080-exec-8] o.s.w.s.m.m.a.ExceptionHandlerExceptionResolver - Resolved [io.jsonwebtoken.SignatureException: tokentoken不能为空]
[WARN ] 2020-02-07 22:05:40 [http-nio-8080-exec-5] o.s.w.s.m.m.a.ExceptionHandlerExceptionResolver - Resolved [io.jsonwebtoken.SignatureException: tokentoken不能为空]
[WARN ] 2020-02-07 22:05:40 [http-nio-8080-exec-2] o.s.w.s.m.m.a.ExceptionHandlerExceptionResolver - Resolved [io.jsonwebtoken.SignatureException: tokentoken不能为空]
[WARN ] 2020-02-07 22:05:40 [http-nio-8080-exec-6] o.s.w.s.m.m.a.ExceptionHandlerExceptionResolver - Resolved [io.jsonwebtoken.SignatureException: tokentoken不能为空]
[WARN ] 2020-02-07 22:05:40 [http-nio-8080-exec-10] o.s.w.s.m.m.a.ExceptionHandlerExceptionResolver - Resolved [io.jsonwebtoken.SignatureException: tokentoken不能为空]
[WARN ] 2020-02-07 22:05:40 [http-nio-8080-exec-3] o.s.w.s.m.m.a.ExceptionHandlerExceptionResolver - Resolved [io.jsonwebtoken.SignatureException: tokentoken不能为空]
[WARN ] 2020-02-07 22:05:40 [http-nio-8080-exec-4] o.s.w.s.m.m.a.ExceptionHandlerExceptionResolver - Resolved [io.jsonwebtoken.SignatureException: tokentoken不能为空]
[WARN ] 2020-02-07 22:05:40 [http-nio-8080-exec-7] o.s.w.s.m.m.a.ExceptionHandlerExceptionResolver - Resolved [io.jsonwebtoken.SignatureException: tokentoken不能为空]
[WARN ] 2020-02-07 22:05:40 [http-nio-8080-exec-9] o.s.w.s.m.m.a.ExceptionHandlerExceptionResolver - Resolved [io.jsonwebtoken.SignatureException: tokentoken不能为空]
[WARN ] 2020-02-07 22:05:40 [http-nio-8080-exec-1] o.s.w.s.m.m.a.ExceptionHandlerExceptionResolver - Resolved [io.jsonwebtoken.SignatureException: tokentoken不能为空]
[WARN ] 2020-02-07 22:05:40 [http-nio-8080-exec-8] o.s.w.s.m.m.a.ExceptionHandlerExceptionResolver - Resolved [io.jsonwebtoken.SignatureException: tokentoken不能为空]
[WARN ] 2020-02-07 22:05:40 [http-nio-8080-exec-5] o.s.w.s.m.m.a.ExceptionHandlerExceptionResolver - Resolved [io.jsonwebtoken.SignatureException: tokentoken不能为空]
[WARN ] 2020-02-07 22:05:40 [http-nio-8080-exec-5] o.s.w.s.m.m.a.ExceptionHandlerExceptionResolver - Resolved [io.jsonwebtoken.SignatureException: tokentoken不能为空]
[WARN ] 2020-02-07 22:05:40 [http-nio-8080-exec-6] o.s.w.s.m.m.a.ExceptionHandlerExceptionResolver - Resolved [io.jsonwebtoken.SignatureException: tokentoken不能为空]
[WARN ] 2020-02-07 22:05:40 [http-nio-8080-exec-10] o.s.w.s.m.m.a.ExceptionHandlerExceptionResolver - Resolved [io.jsonwebtoken.SignatureException: tokentoken不能为空]
[WARN ] 2020-02-07 22:05:40 [http-nio-8080-exec-3] o.s.w.s.m.m.a.ExceptionHandlerExceptionResolver - Resolved [io.jsonwebtoken.SignatureException: tokentoken不能为空]
[WARN ] 2020-02-07 22:05:40 [http-nio-8080-exec-4] o.s.w.s.m.m.a.ExceptionHandlerExceptionResolver - Resolved [io.jsonwebtoken.SignatureException: tokentoken不能为空]
[WARN ] 2020-02-07 22:05:40 [http-nio-8080-exec-7] o.s.w.s.m.m.a.ExceptionHandlerExceptionResolver - Resolved [io.jsonwebtoken.SignatureException: tokentoken不能为空]
[WARN ] 2020-02-07 22:05:40 [http-nio-8080-exec-9] o.s.w.s.m.m.a.ExceptionHandlerExceptionResolver - Resolved [io.jsonwebtoken.SignatureException: tokentoken不能为空]
[WARN ] 2020-02-07 22:05:40 [http-nio-8080-exec-1] o.s.w.s.m.m.a.ExceptionHandlerExceptionResolver - Resolved [io.jsonwebtoken.SignatureException: tokentoken不能为空]
[WARN ] 2020-02-07 22:05:40 [http-nio-8080-exec-8] o.s.w.s.m.m.a.ExceptionHandlerExceptionResolver - Resolved [io.jsonwebtoken.SignatureException: tokentoken不能为空]
[WARN ] 2020-02-07 22:05:40 [http-nio-8080-exec-2] o.s.w.s.m.m.a.ExceptionHandlerExceptionResolver - Resolved [io.jsonwebtoken.SignatureException: tokentoken不能为空]
[WARN ] 2020-02-07 22:05:40 [http-nio-8080-exec-2] o.s.w.s.m.m.a.ExceptionHandlerExceptionResolver - Resolved [io.jsonwebtoken.SignatureException: tokentoken不能为空]
[WARN ] 2020-02-07 22:05:40 [http-nio-8080-exec-6] o.s.w.s.m.m.a.ExceptionHandlerExceptionResolver - Resolved [io.jsonwebtoken.SignatureException: tokentoken不能为空]
[WARN ] 2020-02-07 22:05:40 [http-nio-8080-exec-10] o.s.w.s.m.m.a.ExceptionHandlerExceptionResolver - Resolved [io.jsonwebtoken.SignatureException: tokentoken不能为空]
[WARN ] 2020-02-07 22:05:40 [http-nio-8080-exec-3] o.s.w.s.m.m.a.ExceptionHandlerExceptionResolver - Resolved [io.jsonwebtoken.SignatureException: tokentoken不能为空]
[WARN ] 2020-02-07 22:05:40 [http-nio-8080-exec-4] o.s.w.s.m.m.a.ExceptionHandlerExceptionResolver - Resolved [io.jsonwebtoken.SignatureException: tokentoken不能为空]
[WARN ] 2020-02-07 22:05:40 [http-nio-8080-exec-7] o.s.w.s.m.m.a.ExceptionHandlerExceptionResolver - Resolved [io.jsonwebtoken.SignatureException: tokentoken不能为空]
[WARN ] 2020-02-07 22:05:40 [http-nio-8080-exec-9] o.s.w.s.m.m.a.ExceptionHandlerExceptionResolver - Resolved [io.jsonwebtoken.SignatureException: tokentoken不能为空]
[WARN ] 2020-02-07 22:05:40 [http-nio-8080-exec-1] o.s.w.s.m.m.a.ExceptionHandlerExceptionResolver - Resolved [io.jsonwebtoken.SignatureException: tokentoken不能为空]
[WARN ] 2020-02-07 22:05:40 [http-nio-8080-exec-8] o.s.w.s.m.m.a.ExceptionHandlerExceptionResolver - Resolved [io.jsonwebtoken.SignatureException: tokentoken不能为空]
[WARN ] 2020-02-07 22:05:40 [http-nio-8080-exec-5] o.s.w.s.m.m.a.ExceptionHandlerExceptionResolver - Resolved [io.jsonwebtoken.SignatureException: tokentoken不能为空]
[WARN ] 2020-02-07 22:05:40 [http-nio-8080-exec-2] o.s.w.s.m.m.a.ExceptionHandlerExceptionResolver - Resolved [io.jsonwebtoken.SignatureException: tokentoken不能为空]
[WARN ] 2020-02-07 22:05:40 [http-nio-8080-exec-6] o.s.w.s.m.m.a.ExceptionHandlerExceptionResolver - Resolved [io.jsonwebtoken.SignatureException: tokentoken不能为空]
[WARN ] 2020-02-07 22:05:40 [http-nio-8080-exec-10] o.s.w.s.m.m.a.ExceptionHandlerExceptionResolver - Resolved [io.jsonwebtoken.SignatureException: tokentoken不能为空]
[WARN ] 2020-02-07 22:05:40 [http-nio-8080-exec-3] o.s.w.s.m.m.a.ExceptionHandlerExceptionResolver - Resolved [io.jsonwebtoken.SignatureException: tokentoken不能为空]
[WARN ] 2020-02-07 22:05:40 [http-nio-8080-exec-4] o.s.w.s.m.m.a.ExceptionHandlerExceptionResolver - Resolved [io.jsonwebtoken.SignatureException: tokentoken不能为空]
[WARN ] 2020-02-07 22:05:40 [http-nio-8080-exec-7] o.s.w.s.m.m.a.ExceptionHandlerExceptionResolver - Resolved [io.jsonwebtoken.SignatureException: tokentoken不能为空]
[WARN ] 2020-02-07 22:05:40 [http-nio-8080-exec-9] o.s.w.s.m.m.a.ExceptionHandlerExceptionResolver - Resolved [io.jsonwebtoken.SignatureException: tokentoken不能为空]
[WARN ] 2020-02-07 22:05:40 [http-nio-8080-exec-1] o.s.w.s.m.m.a.ExceptionHandlerExceptionResolver - Resolved [io.jsonwebtoken.SignatureException: tokentoken不能为空]
[WARN ] 2020-02-07 22:05:40 [http-nio-8080-exec-8] o.s.w.s.m.m.a.ExceptionHandlerExceptionResolver - Resolved [io.jsonwebtoken.SignatureException: tokentoken不能为空]
[WARN ] 2020-02-07 22:05:40 [http-nio-8080-exec-5] o.s.w.s.m.m.a.ExceptionHandlerExceptionResolver - Resolved [io.jsonwebtoken.SignatureException: tokentoken不能为空]
[WARN ] 2020-02-07 22:05:40 [http-nio-8080-exec-2] o.s.w.s.m.m.a.ExceptionHandlerExceptionResolver - Resolved [io.jsonwebtoken.SignatureException: tokentoken不能为空]
[WARN ] 2020-02-07 22:05:40 [http-nio-8080-exec-6] o.s.w.s.m.m.a.ExceptionHandlerExceptionResolver - Resolved [io.jsonwebtoken.SignatureException: tokentoken不能为空]
[WARN ] 2020-02-07 22:05:40 [http-nio-8080-exec-10] o.s.w.s.m.m.a.ExceptionHandlerExceptionResolver - Resolved [io.jsonwebtoken.SignatureException: tokentoken不能为空]
[WARN ] 2020-02-07 22:05:40 [http-nio-8080-exec-3] o.s.w.s.m.m.a.ExceptionHandlerExceptionResolver - Resolved [io.jsonwebtoken.SignatureException: tokentoken不能为空]
[WARN ] 2020-02-07 22:05:40 [http-nio-8080-exec-4] o.s.w.s.m.m.a.ExceptionHandlerExceptionResolver - Resolved [io.jsonwebtoken.SignatureException: tokentoken不能为空]
[WARN ] 2020-02-07 22:05:40 [http-nio-8080-exec-7] o.s.w.s.m.m.a.ExceptionHandlerExceptionResolver - Resolved [io.jsonwebtoken.SignatureException: tokentoken不能为空]
[WARN ] 2020-02-07 22:05:40 [http-nio-8080-exec-7] o.s.w.s.m.m.a.ExceptionHandlerExceptionResolver - Resolved [io.jsonwebtoken.SignatureException: tokentoken不能为空]
[WARN ] 2020-02-07 22:05:40 [http-nio-8080-exec-1] o.s.w.s.m.m.a.ExceptionHandlerExceptionResolver - Resolved [io.jsonwebtoken.SignatureException: tokentoken不能为空]
[WARN ] 2020-02-07 22:05:40 [http-nio-8080-exec-8] o.s.w.s.m.m.a.ExceptionHandlerExceptionResolver - Resolved [io.jsonwebtoken.SignatureException: tokentoken不能为空]
[WARN ] 2020-02-07 22:05:40 [http-nio-8080-exec-2] o.s.w.s.m.m.a.ExceptionHandlerExceptionResolver - Resolved [io.jsonwebtoken.SignatureException: tokentoken不能为空]
[WARN ] 2020-02-07 22:05:40 [http-nio-8080-exec-5] o.s.w.s.m.m.a.ExceptionHandlerExceptionResolver - Resolved [io.jsonwebtoken.SignatureException: tokentoken不能为空]
[WARN ] 2020-02-07 22:05:40 [http-nio-8080-exec-6] o.s.w.s.m.m.a.ExceptionHandlerExceptionResolver - Resolved [io.jsonwebtoken.SignatureException: tokentoken不能为空]
[WARN ] 2020-02-07 22:05:40 [http-nio-8080-exec-10] o.s.w.s.m.m.a.ExceptionHandlerExceptionResolver - Resolved [io.jsonwebtoken.SignatureException: tokentoken不能为空]
[WARN ] 2020-02-07 22:05:40 [http-nio-8080-exec-4] o.s.w.s.m.m.a.ExceptionHandlerExceptionResolver - Resolved [io.jsonwebtoken.SignatureException: tokentoken不能为空]
[WARN ] 2020-02-07 22:05:40 [http-nio-8080-exec-3] o.s.w.s.m.m.a.ExceptionHandlerExceptionResolver - Resolved [io.jsonwebtoken.SignatureException: tokentoken不能为空]
[WARN ] 2020-02-07 22:05:40 [http-nio-8080-exec-7] o.s.w.s.m.m.a.ExceptionHandlerExceptionResolver - Resolved [io.jsonwebtoken.SignatureException: tokentoken不能为空]
[WARN ] 2020-02-07 22:05:40 [http-nio-8080-exec-9] o.s.w.s.m.m.a.ExceptionHandlerExceptionResolver - Resolved [io.jsonwebtoken.SignatureException: tokentoken不能为空]
[WARN ] 2020-02-07 22:05:40 [http-nio-8080-exec-1] o.s.w.s.m.m.a.ExceptionHandlerExceptionResolver - Resolved [io.jsonwebtoken.SignatureException: tokentoken不能为空]
[WARN ] 2020-02-07 22:05:40 [http-nio-8080-exec-1] o.s.w.s.m.m.a.ExceptionHandlerExceptionResolver - Resolved [io.jsonwebtoken.SignatureException: tokentoken不能为空]
[WARN ] 2020-02-07 22:05:40 [http-nio-8080-exec-2] o.s.w.s.m.m.a.ExceptionHandlerExceptionResolver - Resolved [io.jsonwebtoken.SignatureException: tokentoken不能为空]
[WARN ] 2020-02-07 22:05:40 [http-nio-8080-exec-5] o.s.w.s.m.m.a.ExceptionHandlerExceptionResolver - Resolved [io.jsonwebtoken.SignatureException: tokentoken不能为空]
[WARN ] 2020-02-07 22:05:40 [http-nio-8080-exec-6] o.s.w.s.m.m.a.ExceptionHandlerExceptionResolver - Resolved [io.jsonwebtoken.SignatureException: tokentoken不能为空]
[WARN ] 2020-02-07 22:05:40 [http-nio-8080-exec-10] o.s.w.s.m.m.a.ExceptionHandlerExceptionResolver - Resolved [io.jsonwebtoken.SignatureException: tokentoken不能为空]
[WARN ] 2020-02-07 22:05:40 [http-nio-8080-exec-4] o.s.w.s.m.m.a.ExceptionHandlerExceptionResolver - Resolved [io.jsonwebtoken.SignatureException: tokentoken不能为空]
[WARN ] 2020-02-07 22:05:40 [http-nio-8080-exec-3] o.s.w.s.m.m.a.ExceptionHandlerExceptionResolver - Resolved [io.jsonwebtoken.SignatureException: tokentoken不能为空]
[WARN ] 2020-02-07 22:05:40 [http-nio-8080-exec-7] o.s.w.s.m.m.a.ExceptionHandlerExceptionResolver - Resolved [io.jsonwebtoken.SignatureException: tokentoken不能为空]
[WARN ] 2020-02-07 22:05:40 [http-nio-8080-exec-9] o.s.w.s.m.m.a.ExceptionHandlerExceptionResolver - Resolved [io.jsonwebtoken.SignatureException: tokentoken不能为空]
[WARN ] 2020-02-07 22:05:40 [http-nio-8080-exec-8] o.s.w.s.m.m.a.ExceptionHandlerExceptionResolver - Resolved [io.jsonwebtoken.SignatureException: tokentoken不能为空]
[WARN ] 2020-02-07 22:05:40 [http-nio-8080-exec-8] o.s.w.s.m.m.a.ExceptionHandlerExceptionResolver - Resolved [io.jsonwebtoken.SignatureException: tokentoken不能为空]
[WARN ] 2020-02-07 22:05:40 [http-nio-8080-exec-2] o.s.w.s.m.m.a.ExceptionHandlerExceptionResolver - Resolved [io.jsonwebtoken.SignatureException: tokentoken不能为空]
[WARN ] 2020-02-07 22:05:40 [http-nio-8080-exec-5] o.s.w.s.m.m.a.ExceptionHandlerExceptionResolver - Resolved [io.jsonwebtoken.SignatureException: tokentoken不能为空]
[WARN ] 2020-02-07 22:05:40 [http-nio-8080-exec-6] o.s.w.s.m.m.a.ExceptionHandlerExceptionResolver - Resolved [io.jsonwebtoken.SignatureException: tokentoken不能为空]
[WARN ] 2020-02-07 22:05:40 [http-nio-8080-exec-6] o.s.w.s.m.m.a.ExceptionHandlerExceptionResolver - Resolved [io.jsonwebtoken.SignatureException: tokentoken不能为空]
[WARN ] 2020-02-07 22:05:40 [http-nio-8080-exec-4] o.s.w.s.m.m.a.ExceptionHandlerExceptionResolver - Resolved [io.jsonwebtoken.SignatureException: tokentoken不能为空]
[WARN ] 2020-02-07 22:05:40 [http-nio-8080-exec-3] o.s.w.s.m.m.a.ExceptionHandlerExceptionResolver - Resolved [io.jsonwebtoken.SignatureException: tokentoken不能为空]
[WARN ] 2020-02-07 22:05:40 [http-nio-8080-exec-7] o.s.w.s.m.m.a.ExceptionHandlerExceptionResolver - Resolved [io.jsonwebtoken.SignatureException: tokentoken不能为空]
[WARN ] 2020-02-07 22:05:40 [http-nio-8080-exec-9] o.s.w.s.m.m.a.ExceptionHandlerExceptionResolver - Resolved [io.jsonwebtoken.SignatureException: tokentoken不能为空]
[WARN ] 2020-02-07 22:05:40 [http-nio-8080-exec-1] o.s.w.s.m.m.a.ExceptionHandlerExceptionResolver - Resolved [io.jsonwebtoken.SignatureException: tokentoken不能为空]
[WARN ] 2020-02-07 22:05:40 [http-nio-8080-exec-8] o.s.w.s.m.m.a.ExceptionHandlerExceptionResolver - Resolved [io.jsonwebtoken.SignatureException: tokentoken不能为空]
[WARN ] 2020-02-07 22:05:40 [http-nio-8080-exec-2] o.s.w.s.m.m.a.ExceptionHandlerExceptionResolver - Resolved [io.jsonwebtoken.SignatureException: tokentoken不能为空]
[WARN ] 2020-02-07 22:05:40 [http-nio-8080-exec-5] o.s.w.s.m.m.a.ExceptionHandlerExceptionResolver - Resolved [io.jsonwebtoken.SignatureException: tokentoken不能为空]
[WARN ] 2020-02-07 22:05:40 [http-nio-8080-exec-10] o.s.w.s.m.m.a.ExceptionHandlerExceptionResolver - Resolved [io.jsonwebtoken.SignatureException: tokentoken不能为空]
[WARN ] 2020-02-07 22:05:40 [http-nio-8080-exec-6] o.s.w.s.m.m.a.ExceptionHandlerExceptionResolver - Resolved [io.jsonwebtoken.SignatureException: tokentoken不能为空]
[WARN ] 2020-02-07 22:05:40 [http-nio-8080-exec-4] o.s.w.s.m.m.a.ExceptionHandlerExceptionResolver - Resolved [io.jsonwebtoken.SignatureException: tokentoken不能为空]
[WARN ] 2020-02-07 22:05:40 [http-nio-8080-exec-3] o.s.w.s.m.m.a.ExceptionHandlerExceptionResolver - Resolved [io.jsonwebtoken.SignatureException: tokentoken不能为空]
[WARN ] 2020-02-07 22:05:40 [http-nio-8080-exec-7] o.s.w.s.m.m.a.ExceptionHandlerExceptionResolver - Resolved [io.jsonwebtoken.SignatureException: tokentoken不能为空]
[WARN ] 2020-02-07 22:05:40 [http-nio-8080-exec-9] o.s.w.s.m.m.a.ExceptionHandlerExceptionResolver - Resolved [io.jsonwebtoken.SignatureException: tokentoken不能为空]
[WARN ] 2020-02-07 22:05:40 [http-nio-8080-exec-1] o.s.w.s.m.m.a.ExceptionHandlerExceptionResolver - Resolved [io.jsonwebtoken.SignatureException: tokentoken不能为空]
[WARN ] 2020-02-07 22:05:40 [http-nio-8080-exec-8] o.s.w.s.m.m.a.ExceptionHandlerExceptionResolver - Resolved [io.jsonwebtoken.SignatureException: tokentoken不能为空]
[WARN ] 2020-02-07 22:05:40 [http-nio-8080-exec-2] o.s.w.s.m.m.a.ExceptionHandlerExceptionResolver - Resolved [io.jsonwebtoken.SignatureException: tokentoken不能为空]
[WARN ] 2020-02-07 22:05:40 [http-nio-8080-exec-5] o.s.w.s.m.m.a.ExceptionHandlerExceptionResolver - Resolved [io.jsonwebtoken.SignatureException: tokentoken不能为空]
