[WARN ] 2020-02-22 23:06:59 [http-nio-8080-exec-7] o.s.w.s.m.m.a.ExceptionHandlerExceptionResolver - Resolved [io.jsonwebtoken.SignatureException: token身份验证未通过！]
[WARN ] 2020-02-22 23:06:59 [http-nio-8080-exec-8] o.s.w.s.m.m.a.ExceptionHandlerExceptionResolver - Resolved [io.jsonwebtoken.SignatureException: token身份验证未通过！]
[WARN ] 2020-02-23 11:49:14 [http-nio-8080-exec-5] o.s.w.s.m.m.a.ExceptionHandlerExceptionResolver - Resolved [io.jsonwebtoken.SignatureException: token身份验证未通过！]
[WARN ] 2020-02-23 11:49:14 [http-nio-8080-exec-6] o.s.w.s.m.m.a.ExceptionHandlerExceptionResolver - Resolved [io.jsonwebtoken.SignatureException: token身份验证未通过！]
[WARN ] 2020-02-23 11:49:14 [http-nio-8080-exec-10] o.s.w.s.m.m.a.ExceptionHandlerExceptionResolver - Resolved [io.jsonwebtoken.SignatureException: token身份验证未通过！]
[WARN ] 2020-02-23 11:49:14 [http-nio-8080-exec-4] o.s.w.s.m.m.a.ExceptionHandlerExceptionResolver - Resolved [io.jsonwebtoken.SignatureException: token身份验证未通过！]
[WARN ] 2020-02-23 11:49:14 [http-nio-8080-exec-3] o.s.w.s.m.m.a.ExceptionHandlerExceptionResolver - Resolved [io.jsonwebtoken.SignatureException: token身份验证未通过！]
[WARN ] 2020-02-23 11:49:14 [http-nio-8080-exec-5] o.s.w.s.m.m.a.ExceptionHandlerExceptionResolver - Resolved [io.jsonwebtoken.SignatureException: token身份验证未通过！]
[WARN ] 2020-02-23 11:49:14 [http-nio-8080-exec-6] o.s.w.s.m.m.a.ExceptionHandlerExceptionResolver - Resolved [io.jsonwebtoken.SignatureException: token身份验证未通过！]
[WARN ] 2020-02-23 11:49:14 [http-nio-8080-exec-6] o.s.w.s.m.m.a.ExceptionHandlerExceptionResolver - Resolved [io.jsonwebtoken.SignatureException: token身份验证未通过！]
[WARN ] 2020-02-23 12:07:34 [http-nio-8080-exec-4] o.s.w.s.m.m.a.ExceptionHandlerExceptionResolver - Resolved [io.jsonwebtoken.SignatureException: token身份验证未通过！]
[WARN ] 2020-02-23 12:07:34 [http-nio-8080-exec-8] o.s.w.s.m.m.a.ExceptionHandlerExceptionResolver - Resolved [io.jsonwebtoken.SignatureException: token身份验证未通过！]
[WARN ] 2020-02-23 12:07:34 [http-nio-8080-exec-6] o.s.w.s.m.m.a.ExceptionHandlerExceptionResolver - Resolved [io.jsonwebtoken.SignatureException: token身份验证未通过！]
[WARN ] 2020-02-23 12:07:34 [http-nio-8080-exec-9] o.s.w.s.m.m.a.ExceptionHandlerExceptionResolver - Resolved [io.jsonwebtoken.SignatureException: token身份验证未通过！]
[WARN ] 2020-02-23 12:07:34 [http-nio-8080-exec-1] o.s.w.s.m.m.a.ExceptionHandlerExceptionResolver - Resolved [io.jsonwebtoken.SignatureException: token身份验证未通过！]
[WARN ] 2020-02-23 16:58:41 [http-nio-8080-exec-9] o.s.w.s.m.m.a.ExceptionHandlerExceptionResolver - Resolved [io.jsonwebtoken.SignatureException: token身份验证未通过！]
[WARN ] 2020-02-23 16:58:41 [http-nio-8080-exec-8] o.s.w.s.m.m.a.ExceptionHandlerExceptionResolver - Resolved [io.jsonwebtoken.SignatureException: token身份验证未通过！]
[WARN ] 2020-02-23 16:58:41 [http-nio-8080-exec-10] o.s.w.s.m.m.a.ExceptionHandlerExceptionResolver - Resolved [io.jsonwebtoken.SignatureException: token身份验证未通过！]
[WARN ] 2020-02-23 16:58:41 [http-nio-8080-exec-4] o.s.w.s.m.m.a.ExceptionHandlerExceptionResolver - Resolved [io.jsonwebtoken.SignatureException: token身份验证未通过！]
[WARN ] 2020-02-23 16:58:41 [http-nio-8080-exec-3] o.s.w.s.m.m.a.ExceptionHandlerExceptionResolver - Resolved [io.jsonwebtoken.SignatureException: token身份验证未通过！]
[WARN ] 2020-02-23 16:58:41 [http-nio-8080-exec-1] o.s.w.s.m.s.DefaultHandlerExceptionResolver - Resolved [org.springframework.web.method.annotation.MethodArgumentTypeMismatchException: Failed to convert value of type 'java.lang.String' to required type 'int'; nested exception is java.lang.NumberFormatException: For input string: ""]
[WARN ] 2020-02-23 16:58:41 [http-nio-8080-exec-7] o.s.w.s.m.s.DefaultHandlerExceptionResolver - Resolved [org.springframework.web.method.annotation.MethodArgumentTypeMismatchException: Failed to convert value of type 'java.lang.String' to required type 'int'; nested exception is java.lang.NumberFormatException: For input string: ""]
[WARN ] 2020-02-23 17:06:09 [http-nio-8080-exec-4] o.s.w.s.m.m.a.ExceptionHandlerExceptionResolver - Resolved [io.jsonwebtoken.SignatureException: token身份验证未通过！]
[WARN ] 2020-02-23 17:06:09 [http-nio-8080-exec-2] o.s.w.s.m.m.a.ExceptionHandlerExceptionResolver - Resolved [io.jsonwebtoken.SignatureException: token身份验证未通过！]
[WARN ] 2020-02-23 17:06:09 [http-nio-8080-exec-7] o.s.w.s.m.m.a.ExceptionHandlerExceptionResolver - Resolved [io.jsonwebtoken.SignatureException: token身份验证未通过！]
[WARN ] 2020-02-23 17:06:09 [http-nio-8080-exec-8] o.s.w.s.m.m.a.ExceptionHandlerExceptionResolver - Resolved [io.jsonwebtoken.SignatureException: token身份验证未通过！]
[WARN ] 2020-02-23 17:06:09 [http-nio-8080-exec-6] o.s.w.s.m.m.a.ExceptionHandlerExceptionResolver - Resolved [io.jsonwebtoken.SignatureException: tokentoken不能为空]
[WARN ] 2020-02-23 17:06:09 [http-nio-8080-exec-10] o.s.w.s.m.m.a.ExceptionHandlerExceptionResolver - Resolved [io.jsonwebtoken.SignatureException: tokentoken不能为空]
[WARN ] 2020-02-23 17:06:09 [http-nio-8080-exec-5] o.s.w.s.m.m.a.ExceptionHandlerExceptionResolver - Resolved [io.jsonwebtoken.SignatureException: tokentoken不能为空]
[WARN ] 2020-02-23 17:06:09 [http-nio-8080-exec-5] o.s.w.s.m.m.a.ExceptionHandlerExceptionResolver - Resolved [io.jsonwebtoken.SignatureException: tokentoken不能为空]
[WARN ] 2020-02-23 17:06:09 [http-nio-8080-exec-10] o.s.w.s.m.m.a.ExceptionHandlerExceptionResolver - Resolved [io.jsonwebtoken.SignatureException: tokentoken不能为空]
[WARN ] 2020-02-23 17:06:09 [http-nio-8080-exec-2] o.s.w.s.m.m.a.ExceptionHandlerExceptionResolver - Resolved [io.jsonwebtoken.SignatureException: tokentoken不能为空]
[WARN ] 2020-02-23 17:06:09 [http-nio-8080-exec-9] o.s.w.s.m.m.a.ExceptionHandlerExceptionResolver - Resolved [io.jsonwebtoken.SignatureException: tokentoken不能为空]
[WARN ] 2020-02-23 17:06:09 [http-nio-8080-exec-3] o.s.w.s.m.m.a.ExceptionHandlerExceptionResolver - Resolved [io.jsonwebtoken.SignatureException: tokentoken不能为空]
[WARN ] 2020-02-23 17:06:09 [http-nio-8080-exec-4] o.s.w.s.m.m.a.ExceptionHandlerExceptionResolver - Resolved [io.jsonwebtoken.SignatureException: tokentoken不能为空]
[WARN ] 2020-02-23 17:06:09 [http-nio-8080-exec-1] o.s.w.s.m.m.a.ExceptionHandlerExceptionResolver - Resolved [io.jsonwebtoken.SignatureException: tokentoken不能为空]
[WARN ] 2020-02-23 17:06:09 [http-nio-8080-exec-7] o.s.w.s.m.m.a.ExceptionHandlerExceptionResolver - Resolved [io.jsonwebtoken.SignatureException: tokentoken不能为空]
[WARN ] 2020-02-23 17:06:09 [http-nio-8080-exec-8] o.s.w.s.m.m.a.ExceptionHandlerExceptionResolver - Resolved [io.jsonwebtoken.SignatureException: tokentoken不能为空]
[WARN ] 2020-02-23 17:06:09 [http-nio-8080-exec-5] o.s.w.s.m.m.a.ExceptionHandlerExceptionResolver - Resolved [io.jsonwebtoken.SignatureException: tokentoken不能为空]
[WARN ] 2020-02-23 17:06:09 [http-nio-8080-exec-6] o.s.w.s.m.m.a.ExceptionHandlerExceptionResolver - Resolved [io.jsonwebtoken.SignatureException: tokentoken不能为空]
[WARN ] 2020-02-23 17:06:09 [http-nio-8080-exec-10] o.s.w.s.m.m.a.ExceptionHandlerExceptionResolver - Resolved [io.jsonwebtoken.SignatureException: tokentoken不能为空]
[WARN ] 2020-02-23 17:06:09 [http-nio-8080-exec-2] o.s.w.s.m.m.a.ExceptionHandlerExceptionResolver - Resolved [io.jsonwebtoken.SignatureException: tokentoken不能为空]
[WARN ] 2020-02-23 17:06:09 [http-nio-8080-exec-3] o.s.w.s.m.m.a.ExceptionHandlerExceptionResolver - Resolved [io.jsonwebtoken.SignatureException: tokentoken不能为空]
[WARN ] 2020-02-23 17:06:09 [http-nio-8080-exec-9] o.s.w.s.m.m.a.ExceptionHandlerExceptionResolver - Resolved [io.jsonwebtoken.SignatureException: tokentoken不能为空]
[WARN ] 2020-02-23 17:06:09 [http-nio-8080-exec-4] o.s.w.s.m.m.a.ExceptionHandlerExceptionResolver - Resolved [io.jsonwebtoken.SignatureException: tokentoken不能为空]
[WARN ] 2020-02-23 17:06:09 [http-nio-8080-exec-1] o.s.w.s.m.m.a.ExceptionHandlerExceptionResolver - Resolved [io.jsonwebtoken.SignatureException: tokentoken不能为空]
[WARN ] 2020-02-23 17:06:09 [http-nio-8080-exec-7] o.s.w.s.m.m.a.ExceptionHandlerExceptionResolver - Resolved [io.jsonwebtoken.SignatureException: tokentoken不能为空]
[WARN ] 2020-02-23 17:06:09 [http-nio-8080-exec-8] o.s.w.s.m.m.a.ExceptionHandlerExceptionResolver - Resolved [io.jsonwebtoken.SignatureException: tokentoken不能为空]
[WARN ] 2020-02-23 17:06:09 [http-nio-8080-exec-6] o.s.w.s.m.m.a.ExceptionHandlerExceptionResolver - Resolved [io.jsonwebtoken.SignatureException: tokentoken不能为空]
[WARN ] 2020-02-23 17:06:09 [http-nio-8080-exec-5] o.s.w.s.m.m.a.ExceptionHandlerExceptionResolver - Resolved [io.jsonwebtoken.SignatureException: tokentoken不能为空]
[WARN ] 2020-02-23 17:06:09 [http-nio-8080-exec-10] o.s.w.s.m.m.a.ExceptionHandlerExceptionResolver - Resolved [io.jsonwebtoken.SignatureException: tokentoken不能为空]
[WARN ] 2020-02-23 17:06:09 [http-nio-8080-exec-10] o.s.w.s.m.m.a.ExceptionHandlerExceptionResolver - Resolved [io.jsonwebtoken.SignatureException: tokentoken不能为空]
[WARN ] 2020-02-23 17:06:09 [http-nio-8080-exec-3] o.s.w.s.m.m.a.ExceptionHandlerExceptionResolver - Resolved [io.jsonwebtoken.SignatureException: tokentoken不能为空]
[WARN ] 2020-02-23 17:06:09 [http-nio-8080-exec-8] o.s.w.s.m.m.a.ExceptionHandlerExceptionResolver - Resolved [io.jsonwebtoken.SignatureException: tokentoken不能为空]
[WARN ] 2020-02-23 17:06:09 [http-nio-8080-exec-6] o.s.w.s.m.m.a.ExceptionHandlerExceptionResolver - Resolved [io.jsonwebtoken.SignatureException: tokentoken不能为空]
[WARN ] 2020-02-23 17:06:09 [http-nio-8080-exec-6] o.s.w.s.m.m.a.ExceptionHandlerExceptionResolver - Resolved [io.jsonwebtoken.SignatureException: tokentoken不能为空]
[WARN ] 2020-02-23 17:06:09 [http-nio-8080-exec-5] o.s.w.s.m.m.a.ExceptionHandlerExceptionResolver - Resolved [io.jsonwebtoken.SignatureException: tokentoken不能为空]
[WARN ] 2020-02-23 17:06:09 [http-nio-8080-exec-1] o.s.w.s.m.m.a.ExceptionHandlerExceptionResolver - Resolved [io.jsonwebtoken.SignatureException: token身份验证未通过！]
[WARN ] 2020-02-23 17:06:09 [http-nio-8080-exec-7] o.s.w.s.m.m.a.ExceptionHandlerExceptionResolver - Resolved [io.jsonwebtoken.SignatureException: token身份验证未通过！]
[WARN ] 2020-02-23 17:06:09 [http-nio-8080-exec-6] o.s.w.s.m.m.a.ExceptionHandlerExceptionResolver - Resolved [io.jsonwebtoken.SignatureException: token身份验证未通过！]
[WARN ] 2020-02-23 17:06:09 [http-nio-8080-exec-9] o.s.w.s.m.m.a.ExceptionHandlerExceptionResolver - Resolved [io.jsonwebtoken.SignatureException: token身份验证未通过！]
[WARN ] 2020-02-23 17:06:09 [http-nio-8080-exec-4] o.s.w.s.m.m.a.ExceptionHandlerExceptionResolver - Resolved [io.jsonwebtoken.SignatureException: token身份验证未通过！]
[WARN ] 2020-02-23 19:29:22 [restartedMain] o.s.b.w.s.c.AnnotationConfigServletWebServerApplicationContext - Exception encountered during context initialization - cancelling refresh attempt: org.springframework.beans.factory.BeanCreationException: Error creating bean with name 'newsController': Injection of resource dependencies failed; nested exception is org.springframework.beans.factory.NoSuchBeanDefinitionException: No qualifying bean of type 'com.shiep.service.INewsService' available: expected at least 1 bean which qualifies as autowire candidate. Dependency annotations: {@javax.annotation.Resource(shareable=true, lookup=, name=, description=, authenticationType=CONTAINER, type=class java.lang.Object, mappedName=)}
[WARN ] 2020-02-23 19:29:28 [restartedMain] o.s.b.d.a.OptionalLiveReloadServer - Unable to start LiveReload server
[WARN ] 2020-02-23 19:29:28 [http-nio-8080-exec-4] o.s.w.s.m.s.DefaultHandlerExceptionResolver - Resolved [org.springframework.web.HttpRequestMethodNotSupportedException: Request method 'GET' not supported]
[WARN ] 2020-02-23 19:29:28 [http-nio-8080-exec-4] o.s.w.s.m.m.a.ExceptionHandlerExceptionResolver - Resolved [io.jsonwebtoken.SignatureException: tokentoken不能为空]
[WARN ] 2020-02-23 19:35:44 [restartedMain] o.s.b.d.a.OptionalLiveReloadServer - Unable to start LiveReload server
[WARN ] 2020-02-23 19:37:44 [http-nio-8080-exec-8] o.s.w.s.m.m.a.ExceptionHandlerExceptionResolver - Resolved [io.jsonwebtoken.SignatureException: token身份验证未通过！]
[WARN ] 2020-02-23 19:37:44 [http-nio-8080-exec-7] o.s.w.s.m.m.a.ExceptionHandlerExceptionResolver - Resolved [io.jsonwebtoken.SignatureException: token身份验证未通过！]
[WARN ] 2020-02-23 19:37:44 [http-nio-8080-exec-6] o.s.w.s.m.m.a.ExceptionHandlerExceptionResolver - Resolved [io.jsonwebtoken.SignatureException: token身份验证未通过！]
[WARN ] 2020-02-23 19:46:04 [http-nio-8080-exec-9] o.s.w.s.m.m.a.ExceptionHandlerExceptionResolver - Resolved [io.jsonwebtoken.SignatureException: token身份验证未通过！]
[WARN ] 2020-02-23 19:46:04 [http-nio-8080-exec-3] o.s.w.s.m.m.a.ExceptionHandlerExceptionResolver - Resolved [io.jsonwebtoken.SignatureException: token身份验证未通过！]
[WARN ] 2020-02-23 21:05:58 [http-nio-8080-exec-5] o.s.w.s.m.m.a.ExceptionHandlerExceptionResolver - Resolved [io.jsonwebtoken.SignatureException: token身份验证未通过！]
[WARN ] 2020-02-23 21:05:58 [http-nio-8080-exec-3] o.s.w.s.m.m.a.ExceptionHandlerExceptionResolver - Resolved [io.jsonwebtoken.SignatureException: token身份验证未通过！]
[WARN ] 2020-02-23 21:05:58 [http-nio-8080-exec-5] o.s.w.s.m.m.a.ExceptionHandlerExceptionResolver - Resolved [io.jsonwebtoken.SignatureException: token身份验证未通过！]
[WARN ] 2020-02-23 21:05:58 [http-nio-8080-exec-6] o.s.w.s.m.m.a.ExceptionHandlerExceptionResolver - Resolved [io.jsonwebtoken.SignatureException: token身份验证未通过！]
[WARN ] 2020-02-23 21:05:58 [http-nio-8080-exec-10] o.s.w.s.m.m.a.ExceptionHandlerExceptionResolver - Resolved [io.jsonwebtoken.SignatureException: token身份验证未通过！]
[WARN ] 2020-02-23 21:05:58 [http-nio-8080-exec-4] o.s.w.s.m.m.a.ExceptionHandlerExceptionResolver - Resolved [io.jsonwebtoken.SignatureException: token身份验证未通过！]
[WARN ] 2020-02-23 21:05:58 [http-nio-8080-exec-2] o.s.w.s.m.m.a.ExceptionHandlerExceptionResolver - Resolved [io.jsonwebtoken.SignatureException: token身份验证未通过！]
[WARN ] 2020-02-23 21:35:40 [http-nio-8080-exec-6] o.s.w.s.m.s.DefaultHandlerExceptionResolver - Resolved [org.springframework.web.HttpRequestMethodNotSupportedException: Request method 'GET' not supported]
[WARN ] 2020-02-23 21:35:40 [http-nio-8080-exec-6] o.s.w.s.m.m.a.ExceptionHandlerExceptionResolver - Resolved [io.jsonwebtoken.SignatureException: tokentoken不能为空]
[WARN ] 2020-02-23 22:38:05 [http-nio-8080-exec-5] o.s.w.s.m.m.a.ExceptionHandlerExceptionResolver - Resolved [io.jsonwebtoken.SignatureException: token身份验证未通过！]
[WARN ] 2020-02-23 22:38:05 [http-nio-8080-exec-6] o.s.w.s.m.m.a.ExceptionHandlerExceptionResolver - Resolved [io.jsonwebtoken.SignatureException: token身份验证未通过！]
[WARN ] 2020-02-23 22:38:05 [http-nio-8080-exec-4] o.s.w.s.m.m.a.ExceptionHandlerExceptionResolver - Resolved [io.jsonwebtoken.SignatureException: token身份验证未通过！]
[WARN ] 2020-02-23 22:38:05 [http-nio-8080-exec-8] o.s.w.s.m.m.a.ExceptionHandlerExceptionResolver - Resolved [io.jsonwebtoken.SignatureException: token身份验证未通过！]
[WARN ] 2020-02-23 22:38:05 [http-nio-8080-exec-7] o.s.w.s.m.m.a.ExceptionHandlerExceptionResolver - Resolved [io.jsonwebtoken.SignatureException: token身份验证未通过！]
[WARN ] 2020-02-23 22:38:05 [http-nio-8080-exec-9] o.s.w.s.m.m.a.ExceptionHandlerExceptionResolver - Resolved [io.jsonwebtoken.SignatureException: token身份验证未通过！]
[WARN ] 2020-02-23 22:38:05 [http-nio-8080-exec-7] o.s.w.s.m.m.a.ExceptionHandlerExceptionResolver - Resolved [io.jsonwebtoken.SignatureException: token身份验证未通过！]
