[WARN ] 2020-02-10 10:46:37 [http-nio-8080-exec-6] o.s.w.s.m.m.a.ExceptionHandlerExceptionResolver - Resolved [io.jsonwebtoken.SignatureException: token身份验证未通过！]
[WARN ] 2020-02-10 10:46:37 [http-nio-8080-exec-5] o.s.w.s.m.m.a.ExceptionHandlerExceptionResolver - Resolved [io.jsonwebtoken.SignatureException: token身份验证未通过！]
[WARN ] 2020-02-10 10:46:37 [http-nio-8080-exec-8] o.s.w.s.m.m.a.ExceptionHandlerExceptionResolver - Resolved [io.jsonwebtoken.SignatureException: token身份验证未通过！]
[WARN ] 2020-02-10 10:46:37 [http-nio-8080-exec-7] o.s.w.s.m.m.a.ExceptionHandlerExceptionResolver - Resolved [io.jsonwebtoken.SignatureException: token身份验证未通过！]
[WARN ] 2020-02-10 11:39:05 [http-nio-8080-exec-7] o.s.w.s.m.m.a.ExceptionHandlerExceptionResolver - Resolved [io.jsonwebtoken.SignatureException: token身份验证未通过！]
[WARN ] 2020-02-10 11:39:05 [http-nio-8080-exec-9] o.s.w.s.m.m.a.ExceptionHandlerExceptionResolver - Resolved [io.jsonwebtoken.SignatureException: token身份验证未通过！]
[WARN ] 2020-02-10 11:39:05 [http-nio-8080-exec-10] o.s.w.s.m.m.a.ExceptionHandlerExceptionResolver - Resolved [io.jsonwebtoken.SignatureException: token身份验证未通过！]
[WARN ] 2020-02-10 11:39:05 [http-nio-8080-exec-3] o.s.w.s.m.m.a.ExceptionHandlerExceptionResolver - Resolved [io.jsonwebtoken.SignatureException: token身份验证未通过！]
[WARN ] 2020-02-10 11:39:05 [http-nio-8080-exec-1] o.s.w.s.m.m.a.ExceptionHandlerExceptionResolver - Resolved [io.jsonwebtoken.SignatureException: token身份验证未通过！]
[WARN ] 2020-02-10 13:12:00 [http-nio-8080-exec-7] o.s.w.s.m.m.a.ExceptionHandlerExceptionResolver - Resolved [io.jsonwebtoken.SignatureException: token身份验证未通过！]
[WARN ] 2020-02-10 13:12:00 [http-nio-8080-exec-4] o.s.w.s.m.m.a.ExceptionHandlerExceptionResolver - Resolved [io.jsonwebtoken.SignatureException: token身份验证未通过！]
[WARN ] 2020-02-10 13:12:00 [http-nio-8080-exec-1] o.s.w.s.m.m.a.ExceptionHandlerExceptionResolver - Resolved [io.jsonwebtoken.SignatureException: token身份验证未通过！]
[WARN ] 2020-02-10 13:12:00 [http-nio-8080-exec-9] o.s.w.s.m.m.a.ExceptionHandlerExceptionResolver - Resolved [io.jsonwebtoken.SignatureException: token身份验证未通过！]
[WARN ] 2020-02-10 13:25:27 [http-nio-8080-exec-2] o.s.w.s.m.m.a.ExceptionHandlerExceptionResolver - Resolved [io.jsonwebtoken.SignatureException: token身份验证未通过！]
[WARN ] 2020-02-10 13:25:27 [http-nio-8080-exec-9] o.s.w.s.m.m.a.ExceptionHandlerExceptionResolver - Resolved [io.jsonwebtoken.SignatureException: token身份验证未通过！]
[WARN ] 2020-02-10 13:25:27 [http-nio-8080-exec-4] o.s.w.s.m.m.a.ExceptionHandlerExceptionResolver - Resolved [io.jsonwebtoken.SignatureException: token身份验证未通过！]
[WARN ] 2020-02-10 13:25:27 [http-nio-8080-exec-6] o.s.w.s.m.m.a.ExceptionHandlerExceptionResolver - Resolved [io.jsonwebtoken.SignatureException: token身份验证未通过！]
[WARN ] 2020-02-10 13:25:27 [http-nio-8080-exec-7] o.s.w.s.m.m.a.ExceptionHandlerExceptionResolver - Resolved [io.jsonwebtoken.SignatureException: token身份验证未通过！]
[WARN ] 2020-02-10 14:35:03 [http-nio-8080-exec-3] o.s.w.s.m.s.DefaultHandlerExceptionResolver - Resolved [org.springframework.web.HttpRequestMethodNotSupportedException: Request method 'POST' not supported]
[WARN ] 2020-02-10 14:35:03 [http-nio-8080-exec-8] o.s.w.s.m.s.DefaultHandlerExceptionResolver - Resolved [org.springframework.web.HttpRequestMethodNotSupportedException: Request method 'POST' not supported]
[WARN ] 2020-02-10 14:35:03 [http-nio-8080-exec-8] o.s.w.s.m.s.DefaultHandlerExceptionResolver - Resolved [org.springframework.web.HttpRequestMethodNotSupportedException: Request method 'POST' not supported]
[WARN ] 2020-02-10 14:35:03 [http-nio-8080-exec-8] o.s.w.s.m.s.DefaultHandlerExceptionResolver - Resolved [org.springframework.web.HttpRequestMethodNotSupportedException: Request method 'POST' not supported]
[WARN ] 2020-02-10 14:35:03 [http-nio-8080-exec-8] o.s.w.s.m.s.DefaultHandlerExceptionResolver - Resolved [org.springframework.web.HttpRequestMethodNotSupportedException: Request method 'POST' not supported]
[WARN ] 2020-02-10 14:35:03 [http-nio-8080-exec-8] o.s.w.s.m.s.DefaultHandlerExceptionResolver - Resolved [org.springframework.web.HttpRequestMethodNotSupportedException: Request method 'POST' not supported]
[WARN ] 2020-02-10 14:35:03 [http-nio-8080-exec-8] o.s.w.s.m.s.DefaultHandlerExceptionResolver - Resolved [org.springframework.web.HttpRequestMethodNotSupportedException: Request method 'POST' not supported]
[WARN ] 2020-02-10 14:35:03 [http-nio-8080-exec-8] o.s.w.s.m.s.DefaultHandlerExceptionResolver - Resolved [org.springframework.web.HttpRequestMethodNotSupportedException: Request method 'POST' not supported]
[WARN ] 2020-02-10 14:35:03 [http-nio-8080-exec-10] o.s.w.s.m.s.DefaultHandlerExceptionResolver - Resolved [org.springframework.web.HttpRequestMethodNotSupportedException: Request method 'POST' not supported]
[WARN ] 2020-02-10 16:06:19 [http-nio-8080-exec-6] o.s.w.s.m.s.DefaultHandlerExceptionResolver - Resolved [org.springframework.web.HttpRequestMethodNotSupportedException: Request method 'POST' not supported]
[WARN ] 2020-02-10 16:06:19 [http-nio-8080-exec-8] o.s.w.s.m.m.a.ExceptionHandlerExceptionResolver - Resolved [io.jsonwebtoken.SignatureException: token身份验证未通过！]
[WARN ] 2020-02-10 16:06:19 [http-nio-8080-exec-6] o.s.w.s.m.m.a.ExceptionHandlerExceptionResolver - Resolved [io.jsonwebtoken.SignatureException: token身份验证未通过！]
[WARN ] 2020-02-10 16:06:19 [http-nio-8080-exec-7] o.s.w.s.m.m.a.ExceptionHandlerExceptionResolver - Resolved [io.jsonwebtoken.SignatureException: token身份验证未通过！]
[WARN ] 2020-02-10 16:06:19 [http-nio-8080-exec-9] o.s.w.s.m.m.a.ExceptionHandlerExceptionResolver - Resolved [io.jsonwebtoken.SignatureException: token身份验证未通过！]
[WARN ] 2020-02-10 16:06:19 [http-nio-8080-exec-10] o.s.w.s.m.m.a.ExceptionHandlerExceptionResolver - Resolved [io.jsonwebtoken.SignatureException: token身份验证未通过！]
[WARN ] 2020-02-10 16:06:19 [http-nio-8080-exec-9] o.s.w.s.m.s.DefaultHandlerExceptionResolver - Resolved [org.springframework.web.HttpRequestMethodNotSupportedException: Request method 'POST' not supported]
[WARN ] 2020-02-10 16:12:12 [http-nio-8080-exec-9] o.s.w.s.m.s.DefaultHandlerExceptionResolver - Resolved [org.springframework.web.bind.MissingServletRequestParameterException: Required int parameter 'size' is not present]
[WARN ] 2020-02-10 16:12:12 [http-nio-8080-exec-5] o.s.w.s.m.s.DefaultHandlerExceptionResolver - Resolved [org.springframework.web.bind.MissingServletRequestParameterException: Required int parameter 'size' is not present]
[WARN ] 2020-02-10 16:12:12 [http-nio-8080-exec-1] o.s.w.s.m.s.DefaultHandlerExceptionResolver - Resolved [org.springframework.web.bind.MissingServletRequestParameterException: Required int parameter 'size' is not present]
[WARN ] 2020-02-10 16:18:56 [http-nio-8080-exec-7] o.s.w.s.m.s.DefaultHandlerExceptionResolver - Resolved [org.springframework.web.bind.MissingServletRequestParameterException: Required int parameter 'size' is not present]
[WARN ] 2020-02-10 16:18:56 [http-nio-8080-exec-4] o.s.w.s.m.s.DefaultHandlerExceptionResolver - Resolved [org.springframework.web.bind.MissingServletRequestParameterException: Required int parameter 'size' is not present]
[WARN ] 2020-02-10 16:18:56 [http-nio-8080-exec-10] o.s.w.s.m.s.DefaultHandlerExceptionResolver - Resolved [org.springframework.web.bind.MissingServletRequestParameterException: Required int parameter 'size' is not present]
[WARN ] 2020-02-10 16:18:56 [http-nio-8080-exec-10] o.s.w.s.m.s.DefaultHandlerExceptionResolver - Resolved [org.springframework.web.bind.MissingServletRequestParameterException: Required int parameter 'size' is not present]
[WARN ] 2020-02-10 16:18:56 [http-nio-8080-exec-2] o.s.w.s.m.s.DefaultHandlerExceptionResolver - Resolved [org.springframework.web.bind.MissingServletRequestParameterException: Required int parameter 'size' is not present]
[WARN ] 2020-02-10 16:18:56 [http-nio-8080-exec-2] o.s.w.s.m.s.DefaultHandlerExceptionResolver - Resolved [org.springframework.web.bind.MissingServletRequestParameterException: Required int parameter 'size' is not present]
[WARN ] 2020-02-10 16:18:56 [http-nio-8080-exec-5] o.s.w.s.m.s.DefaultHandlerExceptionResolver - Resolved [org.springframework.web.HttpRequestMethodNotSupportedException: Request method 'GET' not supported]
[WARN ] 2020-02-10 16:18:56 [http-nio-8080-exec-5] o.s.w.s.m.m.a.ExceptionHandlerExceptionResolver - Resolved [io.jsonwebtoken.SignatureException: token身份验证未通过！]
[WARN ] 2020-02-10 16:18:56 [http-nio-8080-exec-3] o.s.w.s.m.s.DefaultHandlerExceptionResolver - Resolved [org.springframework.web.HttpRequestMethodNotSupportedException: Request method 'GET' not supported]
[WARN ] 2020-02-10 16:18:56 [http-nio-8080-exec-3] o.s.w.s.m.m.a.ExceptionHandlerExceptionResolver - Resolved [io.jsonwebtoken.SignatureException: token身份验证未通过！]
[WARN ] 2020-02-10 16:18:56 [http-nio-8080-exec-1] o.s.w.s.m.s.DefaultHandlerExceptionResolver - Resolved [org.springframework.web.HttpRequestMethodNotSupportedException: Request method 'GET' not supported]
[WARN ] 2020-02-10 16:18:56 [http-nio-8080-exec-1] o.s.w.s.m.m.a.ExceptionHandlerExceptionResolver - Resolved [io.jsonwebtoken.SignatureException: token身份验证未通过！]
[WARN ] 2020-02-10 16:18:56 [http-nio-8080-exec-4] o.s.w.s.m.s.DefaultHandlerExceptionResolver - Resolved [org.springframework.web.bind.MissingServletRequestParameterException: Required int parameter 'size' is not present]
[WARN ] 2020-02-10 16:18:56 [http-nio-8080-exec-2] o.s.w.s.m.s.DefaultHandlerExceptionResolver - Resolved [org.springframework.web.HttpRequestMethodNotSupportedException: Request method 'GET' not supported]
[WARN ] 2020-02-10 16:18:56 [http-nio-8080-exec-2] o.s.w.s.m.m.a.ExceptionHandlerExceptionResolver - Resolved [io.jsonwebtoken.SignatureException: token身份验证未通过！]
[WARN ] 2020-02-10 16:18:56 [http-nio-8080-exec-10] o.s.w.s.m.s.DefaultHandlerExceptionResolver - Resolved [org.springframework.web.HttpRequestMethodNotSupportedException: Request method 'GET' not supported]
[WARN ] 2020-02-10 16:18:56 [http-nio-8080-exec-10] o.s.w.s.m.m.a.ExceptionHandlerExceptionResolver - Resolved [io.jsonwebtoken.SignatureException: token身份验证未通过！]
[WARN ] 2020-02-10 16:18:56 [http-nio-8080-exec-7] o.s.w.s.m.s.DefaultHandlerExceptionResolver - Resolved [org.springframework.web.HttpRequestMethodNotSupportedException: Request method 'GET' not supported]
[WARN ] 2020-02-10 16:18:56 [http-nio-8080-exec-7] o.s.w.s.m.m.a.ExceptionHandlerExceptionResolver - Resolved [io.jsonwebtoken.SignatureException: token身份验证未通过！]
[WARN ] 2020-02-10 16:18:56 [http-nio-8080-exec-8] o.s.w.s.m.s.DefaultHandlerExceptionResolver - Resolved [org.springframework.web.HttpRequestMethodNotSupportedException: Request method 'GET' not supported]
[WARN ] 2020-02-10 16:18:56 [http-nio-8080-exec-8] o.s.w.s.m.m.a.ExceptionHandlerExceptionResolver - Resolved [io.jsonwebtoken.SignatureException: token身份验证未通过！]
[WARN ] 2020-02-10 16:18:56 [http-nio-8080-exec-4] o.s.w.s.m.s.DefaultHandlerExceptionResolver - Resolved [org.springframework.web.HttpRequestMethodNotSupportedException: Request method 'GET' not supported]
[WARN ] 2020-02-10 16:18:56 [http-nio-8080-exec-4] o.s.w.s.m.m.a.ExceptionHandlerExceptionResolver - Resolved [io.jsonwebtoken.SignatureException: token身份验证未通过！]
[WARN ] 2020-02-10 16:18:56 [http-nio-8080-exec-2] o.s.w.s.m.s.DefaultHandlerExceptionResolver - Resolved [org.springframework.web.bind.MissingServletRequestParameterException: Required int parameter 'size' is not present]
[WARN ] 2020-02-10 16:18:56 [http-nio-8080-exec-1] o.s.w.s.m.s.DefaultHandlerExceptionResolver - Resolved [org.springframework.web.bind.MissingServletRequestParameterException: Required int parameter 'size' is not present]
[WARN ] 2020-02-10 16:18:56 [http-nio-8080-exec-1] o.s.w.s.m.s.DefaultHandlerExceptionResolver - Resolved [org.springframework.web.bind.MissingServletRequestParameterException: Required int parameter 'size' is not present]
[WARN ] 2020-02-10 16:18:56 [http-nio-8080-exec-3] o.s.w.s.m.s.DefaultHandlerExceptionResolver - Resolved [org.springframework.web.bind.MissingServletRequestParameterException: Required int parameter 'size' is not present]
[WARN ] 2020-02-10 16:18:56 [http-nio-8080-exec-3] o.s.w.s.m.s.DefaultHandlerExceptionResolver - Resolved [org.springframework.web.bind.MissingServletRequestParameterException: Required int parameter 'size' is not present]
[WARN ] 2020-02-10 16:18:56 [http-nio-8080-exec-5] o.s.w.s.m.s.DefaultHandlerExceptionResolver - Resolved [org.springframework.web.bind.MissingServletRequestParameterException: Required int parameter 'size' is not present]
[WARN ] 2020-02-10 16:18:56 [http-nio-8080-exec-7] o.s.w.s.m.m.a.ExceptionHandlerExceptionResolver - Resolved [io.jsonwebtoken.SignatureException: token身份验证未通过！]
[WARN ] 2020-02-10 16:18:56 [http-nio-8080-exec-10] o.s.w.s.m.m.a.ExceptionHandlerExceptionResolver - Resolved [io.jsonwebtoken.SignatureException: token身份验证未通过！]
[WARN ] 2020-02-10 16:18:56 [http-nio-8080-exec-7] o.s.w.s.m.s.DefaultHandlerExceptionResolver - Resolved [org.springframework.web.bind.MissingServletRequestParameterException: Required int parameter 'size' is not present]
[WARN ] 2020-02-10 16:18:56 [http-nio-8080-exec-7] o.s.w.s.m.s.DefaultHandlerExceptionResolver - Resolved [org.springframework.web.bind.MissingServletRequestParameterException: Required int parameter 'size' is not present]
[WARN ] 2020-02-10 16:18:56 [http-nio-8080-exec-7] o.s.w.s.m.s.DefaultHandlerExceptionResolver - Resolved [org.springframework.web.bind.MissingServletRequestParameterException: Required int parameter 'size' is not present]
[WARN ] 2020-02-10 16:18:56 [http-nio-8080-exec-7] o.s.w.s.m.s.DefaultHandlerExceptionResolver - Resolved [org.springframework.web.bind.MissingServletRequestParameterException: Required int parameter 'size' is not present]
[WARN ] 2020-02-10 16:18:56 [http-nio-8080-exec-7] o.s.w.s.m.s.DefaultHandlerExceptionResolver - Resolved [org.springframework.web.bind.MissingServletRequestParameterException: Required int parameter 'size' is not present]
[WARN ] 2020-02-10 16:18:56 [http-nio-8080-exec-5] o.s.w.s.m.s.DefaultHandlerExceptionResolver - Resolved [org.springframework.web.bind.MissingServletRequestParameterException: Required List parameter 'countiesId' is not present]
[WARN ] 2020-02-10 16:18:56 [http-nio-8080-exec-7] o.s.w.s.m.s.DefaultHandlerExceptionResolver - Resolved [org.springframework.web.bind.MissingServletRequestParameterException: Required List parameter 'countiesId' is not present]
[WARN ] 2020-02-10 18:22:14 [http-nio-8080-exec-10] o.s.w.s.m.m.a.ExceptionHandlerExceptionResolver - Resolved [io.jsonwebtoken.SignatureException: token身份验证未通过！]
[WARN ] 2020-02-10 18:22:14 [http-nio-8080-exec-8] o.s.w.s.m.m.a.ExceptionHandlerExceptionResolver - Resolved [io.jsonwebtoken.SignatureException: token身份验证未通过！]
[WARN ] 2020-02-10 18:22:14 [http-nio-8080-exec-6] o.s.w.s.m.m.a.ExceptionHandlerExceptionResolver - Resolved [io.jsonwebtoken.SignatureException: token身份验证未通过！]
[WARN ] 2020-02-10 18:22:14 [http-nio-8080-exec-9] o.s.w.s.m.m.a.ExceptionHandlerExceptionResolver - Resolved [io.jsonwebtoken.SignatureException: token身份验证未通过！]
[WARN ] 2020-02-10 18:22:14 [http-nio-8080-exec-7] o.s.w.s.m.m.a.ExceptionHandlerExceptionResolver - Resolved [io.jsonwebtoken.SignatureException: token身份验证未通过！]
[WARN ] 2020-02-10 18:22:14 [http-nio-8080-exec-6] o.s.w.s.m.s.DefaultHandlerExceptionResolver - Resolved [org.springframework.web.bind.MissingServletRequestParameterException: Required int[] parameter 'countiesId' is not present]
[WARN ] 2020-02-10 18:26:29 [http-nio-8080-exec-6] o.s.w.s.m.s.DefaultHandlerExceptionResolver - Resolved [org.springframework.web.bind.MissingServletRequestParameterException: Required int[] parameter 'countiesId[]' is not present]
[WARN ] 2020-02-10 18:28:17 [http-nio-8080-exec-6] o.s.w.s.m.s.DefaultHandlerExceptionResolver - Resolved [org.springframework.web.bind.MissingServletRequestParameterException: Required int[] parameter 'countiesId[]' is not present]
[WARN ] 2020-02-10 18:29:37 [http-nio-8080-exec-8] o.s.w.s.m.s.DefaultHandlerExceptionResolver - Resolved [org.springframework.web.bind.MissingServletRequestParameterException: Required int[] parameter 'countiesId[]' is not present]
[WARN ] 2020-02-10 18:31:58 [http-nio-8080-exec-6] o.s.w.s.m.s.DefaultHandlerExceptionResolver - Resolved [org.springframework.web.bind.MissingServletRequestParameterException: Required Long[] parameter 'countiesId[]' is not present]
[WARN ] 2020-02-10 18:31:58 [http-nio-8080-exec-5] o.s.w.s.m.s.DefaultHandlerExceptionResolver - Resolved [org.springframework.web.HttpRequestMethodNotSupportedException: Request method 'GET' not supported]
[WARN ] 2020-02-10 18:31:58 [http-nio-8080-exec-5] o.s.w.s.m.m.a.ExceptionHandlerExceptionResolver - Resolved [io.jsonwebtoken.SignatureException: token身份验证未通过！]
[WARN ] 2020-02-10 18:31:58 [http-nio-8080-exec-4] o.s.w.s.m.s.DefaultHandlerExceptionResolver - Resolved [org.springframework.web.HttpRequestMethodNotSupportedException: Request method 'GET' not supported]
[WARN ] 2020-02-10 18:31:58 [http-nio-8080-exec-4] o.s.w.s.m.m.a.ExceptionHandlerExceptionResolver - Resolved [io.jsonwebtoken.SignatureException: token身份验证未通过！]
[WARN ] 2020-02-10 18:31:58 [http-nio-8080-exec-2] o.s.w.s.m.s.DefaultHandlerExceptionResolver - Resolved [org.springframework.web.HttpRequestMethodNotSupportedException: Request method 'GET' not supported]
[WARN ] 2020-02-10 18:31:58 [http-nio-8080-exec-2] o.s.w.s.m.m.a.ExceptionHandlerExceptionResolver - Resolved [io.jsonwebtoken.SignatureException: token身份验证未通过！]
[WARN ] 2020-02-10 18:31:58 [http-nio-8080-exec-1] o.s.w.s.m.m.a.ExceptionHandlerExceptionResolver - Resolved [io.jsonwebtoken.SignatureException: token身份验证未通过！]
[WARN ] 2020-02-10 18:31:58 [http-nio-8080-exec-3] o.s.w.s.m.m.a.ExceptionHandlerExceptionResolver - Resolved [io.jsonwebtoken.SignatureException: token身份验证未通过！]
[WARN ] 2020-02-10 18:31:58 [http-nio-8080-exec-9] o.s.w.s.m.m.a.ExceptionHandlerExceptionResolver - Resolved [io.jsonwebtoken.SignatureException: token身份验证未通过！]
[WARN ] 2020-02-10 19:20:36 [http-nio-8080-exec-3] o.s.w.s.m.m.a.ExceptionHandlerExceptionResolver - Resolved [io.jsonwebtoken.SignatureException: token身份验证未通过！]
[WARN ] 2020-02-10 19:20:36 [http-nio-8080-exec-1] o.s.w.s.m.m.a.ExceptionHandlerExceptionResolver - Resolved [io.jsonwebtoken.SignatureException: token身份验证未通过！]
[WARN ] 2020-02-10 19:20:36 [http-nio-8080-exec-8] o.s.w.s.m.m.a.ExceptionHandlerExceptionResolver - Resolved [io.jsonwebtoken.SignatureException: token身份验证未通过！]
[WARN ] 2020-02-10 19:20:36 [http-nio-8080-exec-10] o.s.w.s.m.m.a.ExceptionHandlerExceptionResolver - Resolved [io.jsonwebtoken.SignatureException: token身份验证未通过！]
[WARN ] 2020-02-10 19:20:36 [http-nio-8080-exec-6] o.s.w.s.m.m.a.ExceptionHandlerExceptionResolver - Resolved [io.jsonwebtoken.SignatureException: token身份验证未通过！]
[WARN ] 2020-02-10 21:14:28 [http-nio-8080-exec-7] o.s.w.s.m.m.a.ExceptionHandlerExceptionResolver - Resolved [io.jsonwebtoken.SignatureException: token身份验证未通过！]
[WARN ] 2020-02-10 21:14:28 [http-nio-8080-exec-8] o.s.w.s.m.m.a.ExceptionHandlerExceptionResolver - Resolved [io.jsonwebtoken.SignatureException: token身份验证未通过！]
[WARN ] 2020-02-10 21:14:28 [http-nio-8080-exec-9] o.s.w.s.m.m.a.ExceptionHandlerExceptionResolver - Resolved [io.jsonwebtoken.SignatureException: token身份验证未通过！]
[WARN ] 2020-02-10 21:14:28 [http-nio-8080-exec-10] o.s.w.s.m.m.a.ExceptionHandlerExceptionResolver - Resolved [io.jsonwebtoken.SignatureException: token身份验证未通过！]
[WARN ] 2020-02-10 21:14:28 [http-nio-8080-exec-6] o.s.w.s.m.m.a.ExceptionHandlerExceptionResolver - Resolved [io.jsonwebtoken.SignatureException: token身份验证未通过！]
[WARN ] 2020-02-10 21:54:34 [http-nio-8080-exec-7] o.s.w.s.m.m.a.ExceptionHandlerExceptionResolver - Resolved [io.jsonwebtoken.SignatureException: token身份验证未通过！]
[WARN ] 2020-02-10 21:54:34 [http-nio-8080-exec-6] o.s.w.s.m.m.a.ExceptionHandlerExceptionResolver - Resolved [io.jsonwebtoken.SignatureException: token身份验证未通过！]
[WARN ] 2020-02-10 21:54:34 [http-nio-8080-exec-10] o.s.w.s.m.m.a.ExceptionHandlerExceptionResolver - Resolved [io.jsonwebtoken.SignatureException: token身份验证未通过！]
[WARN ] 2020-02-10 21:54:34 [http-nio-8080-exec-8] o.s.w.s.m.m.a.ExceptionHandlerExceptionResolver - Resolved [io.jsonwebtoken.SignatureException: token身份验证未通过！]
[WARN ] 2020-02-10 21:54:34 [http-nio-8080-exec-2] o.s.w.s.m.m.a.ExceptionHandlerExceptionResolver - Resolved [io.jsonwebtoken.SignatureException: token身份验证未通过！]
