[INFO ] 2020-03-01 12:07:16 [restartedMain] com.shiep.StaryAnimalsApplication - Starting SpringBootApplication on DESKTOP-6UGKRGF with PID 41780 (D:\Tool_Workspace\IDEA\stary-animals\target\classes started by tuoji in D:\Tool_Workspace\IDEA\stary-animals)
[INFO ] 2020-03-01 12:07:16 [restartedMain] com.shiep.StaryAnimalsApplication - No active profile set, falling back to default profiles: default
[INFO ] 2020-03-01 12:07:16 [restartedMain] o.s.b.d.e.DevToolsPropertyDefaultsPostProcessor - Devtools property defaults active! Set 'spring.devtools.add-properties' to 'false' to disable
[INFO ] 2020-03-01 12:07:16 [restartedMain] o.s.b.d.e.DevToolsPropertyDefaultsPostProcessor - For additional web related logging consider setting the 'logging.level.web' property to 'DEBUG'
[INFO ] 2020-03-01 12:07:16 [restartedMain] o.s.d.r.c.RepositoryConfigurationDelegate - Multiple Spring Data modules found, entering strict repository configuration mode!
[INFO ] 2020-03-01 12:07:16 [restartedMain] o.s.d.r.c.RepositoryConfigurationDelegate - Bootstrapping Spring Data repositories in DEFAULT mode.
[INFO ] 2020-03-01 12:07:16 [restartedMain] o.s.d.r.c.RepositoryConfigurationDelegate - Finished Spring Data repository scanning in 47ms. Found 0 repository interfaces.
[INFO ] 2020-03-01 12:07:16 [restartedMain] o.s.c.s.PostProcessorRegistrationDelegate$BeanPostProcessorChecker - Bean 'org.springframework.transaction.annotation.ProxyTransactionManagementConfiguration' of type [org.springframework.transaction.annotation.ProxyTransactionManagementConfiguration$$EnhancerBySpringCGLIB$$1fb25942] is not eligible for getting processed by all BeanPostProcessors (for example: not eligible for auto-proxying)
[INFO ] 2020-03-01 12:07:16 [restartedMain] o.s.b.w.e.tomcat.TomcatWebServer - Tomcat initialized with port(s): 8080 (http)
[INFO ] 2020-03-01 12:07:16 [restartedMain] o.a.coyote.http11.Http11NioProtocol - Initializing ProtocolHandler ["http-nio-8080"]
[INFO ] 2020-03-01 12:07:16 [restartedMain] o.a.catalina.core.StandardService - Starting service [Tomcat]
[INFO ] 2020-03-01 12:07:16 [restartedMain] o.a.catalina.core.StandardEngine - Starting Servlet engine: [Apache Tomcat/9.0.19]
[INFO ] 2020-03-01 12:07:16 [restartedMain] o.a.c.c.C.[.[.[/stary-animals] - Initializing Spring embedded WebApplicationContext
[INFO ] 2020-03-01 12:07:16 [restartedMain] o.s.web.context.ContextLoader - Root WebApplicationContext: initialization completed in 3441 ms
[INFO ] 2020-03-01 12:07:16 [restartedMain] c.alibaba.druid.pool.DruidDataSource - {dataSource-1} inited
[INFO ] 2020-03-01 12:07:16 [restartedMain] o.s.s.c.ThreadPoolTaskExecutor - Initializing ExecutorService 'applicationTaskExecutor'
[INFO ] 2020-03-01 12:07:16 [restartedMain] o.s.b.d.a.OptionalLiveReloadServer - LiveReload server is running on port 35729
[INFO ] 2020-03-01 12:07:16 [restartedMain] o.a.coyote.http11.Http11NioProtocol - Starting ProtocolHandler ["http-nio-8080"]
[INFO ] 2020-03-01 12:07:16 [restartedMain] o.s.b.w.e.tomcat.TomcatWebServer - Tomcat started on port(s): 8080 (http) with context path '/stary-animals'
[INFO ] 2020-03-01 12:07:16 [restartedMain] com.shiep.StaryAnimalsApplication - Started SpringBootApplication in 7.188 seconds (JVM running for 10.65)
[INFO ] 2020-03-01 12:07:16 [http-nio-8080-exec-2] o.a.c.c.C.[.[.[/stary-animals] - Initializing Spring DispatcherServlet 'dispatcherServlet'
[INFO ] 2020-03-01 12:07:16 [http-nio-8080-exec-2] o.s.web.servlet.DispatcherServlet - Initializing Servlet 'dispatcherServlet'
[INFO ] 2020-03-01 12:07:16 [http-nio-8080-exec-2] o.s.web.servlet.DispatcherServlet - Completed initialization in 13 ms
