[INFO ] 2020-03-04 18:36:40 [main] o.s.b.t.c.SpringBootTestContextBootstrapper - Neither @ContextConfiguration nor @ContextHierarchy found for test class [com.shiep.DBtest], using SpringBootContextLoader
[INFO ] 2020-03-04 18:36:40 [main] o.s.t.c.s.AbstractContextLoader - Could not detect default resource locations for test class [com.shiep.DBtest]: no resource found for suffixes {-context.xml, Context.groovy}.
[INFO ] 2020-03-04 18:36:40 [main] o.s.t.c.s.AnnotationConfigContextLoaderUtils - Could not detect default configuration classes for test class [com.shiep.DBtest]: DBtest does not declare any static, non-private, non-final, nested classes annotated with @Configuration.
[INFO ] 2020-03-04 18:36:40 [main] o.s.b.t.c.SpringBootTestContextBootstrapper - Found @SpringBootConfiguration com.shiep.SpringBootApplication for test class com.shiep.DBtest
[INFO ] 2020-03-04 18:36:40 [main] o.s.b.t.c.SpringBootTestContextBootstrapper - Loaded default TestExecutionListener class names from location [META-INF/spring.factories]: [org.springframework.boot.test.mock.mockito.MockitoTestExecutionListener, org.springframework.boot.test.mock.mockito.ResetMocksTestExecutionListener, org.springframework.boot.test.autoconfigure.restdocs.RestDocsTestExecutionListener, org.springframework.boot.test.autoconfigure.web.client.MockRestServiceServerResetTestExecutionListener, org.springframework.boot.test.autoconfigure.web.servlet.MockMvcPrintOnlyOnFailureTestExecutionListener, org.springframework.boot.test.autoconfigure.web.servlet.WebDriverTestExecutionListener, org.springframework.test.context.web.ServletTestExecutionListener, org.springframework.test.context.support.DirtiesContextBeforeModesTestExecutionListener, org.springframework.test.context.support.DependencyInjectionTestExecutionListener, org.springframework.test.context.support.DirtiesContextTestExecutionListener, org.springframework.test.context.transaction.TransactionalTestExecutionListener, org.springframework.test.context.jdbc.SqlScriptsTestExecutionListener]
[INFO ] 2020-03-04 18:36:40 [main] o.s.b.t.c.SpringBootTestContextBootstrapper - Using TestExecutionListeners: [org.springframework.test.context.web.ServletTestExecutionListener@4d5b6aac, org.springframework.test.context.support.DirtiesContextBeforeModesTestExecutionListener@3e84448c, org.springframework.boot.test.mock.mockito.MockitoTestExecutionListener@4a7f959b, org.springframework.boot.test.autoconfigure.SpringBootDependencyInjectionTestExecutionListener@429bffaa, org.springframework.test.context.support.DirtiesContextTestExecutionListener@5403f35f, org.springframework.test.context.transaction.TransactionalTestExecutionListener@483f6d77, org.springframework.test.context.jdbc.SqlScriptsTestExecutionListener@7e5afaa6, org.springframework.boot.test.mock.mockito.ResetMocksTestExecutionListener@63a12c68, org.springframework.boot.test.autoconfigure.restdocs.RestDocsTestExecutionListener@28f3b248, org.springframework.boot.test.autoconfigure.web.client.MockRestServiceServerResetTestExecutionListener@1b1426f4, org.springframework.boot.test.autoconfigure.web.servlet.MockMvcPrintOnlyOnFailureTestExecutionListener@32b260fa, org.springframework.boot.test.autoconfigure.web.servlet.WebDriverTestExecutionListener@581ac8a8]
[INFO ] 2020-03-04 18:36:42 [main] com.shiep.DBtest - Starting DBtest on DESKTOP-6UGKRGF with PID 14788 (started by tuoji in D:\Tool_Workspace\IDEA\stary-animals)
[INFO ] 2020-03-04 18:36:42 [main] com.shiep.DBtest - No active profile set, falling back to default profiles: default
[INFO ] 2020-03-04 18:36:42 [main] o.s.d.r.c.RepositoryConfigurationDelegate - Multiple Spring Data modules found, entering strict repository configuration mode!
[INFO ] 2020-03-04 18:36:42 [main] o.s.d.r.c.RepositoryConfigurationDelegate - Bootstrapping Spring Data repositories in DEFAULT mode.
[INFO ] 2020-03-04 18:36:42 [main] o.s.d.r.c.RepositoryConfigurationDelegate - Finished Spring Data repository scanning in 73ms. Found 0 repository interfaces.
[INFO ] 2020-03-04 18:36:42 [main] o.s.c.s.PostProcessorRegistrationDelegate$BeanPostProcessorChecker - Bean 'org.springframework.transaction.annotation.ProxyTransactionManagementConfiguration' of type [org.springframework.transaction.annotation.ProxyTransactionManagementConfiguration$$EnhancerBySpringCGLIB$$8b660129] is not eligible for getting processed by all BeanPostProcessors (for example: not eligible for auto-proxying)
[INFO ] 2020-03-04 18:36:42 [main] c.alibaba.druid.pool.DruidDataSource - {dataSource-1} inited
[INFO ] 2020-03-04 18:36:42 [main] o.s.s.c.ThreadPoolTaskExecutor - Initializing ExecutorService 'applicationTaskExecutor'
[INFO ] 2020-03-04 18:36:42 [main] com.shiep.DBtest - Started DBtest in 19.288 seconds (JVM running for 23.315)
[INFO ] 2020-03-04 18:36:42 [main] o.s.d.r.c.RepositoryConfigurationDelegate - Multiple Spring Data modules found, entering strict repository configuration mode!
[INFO ] 2020-03-04 18:36:42 [main] o.s.d.r.c.RepositoryConfigurationDelegate - Bootstrapping Spring Data repositories in DEFAULT mode.
[INFO ] 2020-03-04 18:36:42 [main] o.s.d.r.c.RepositoryConfigurationDelegate - Finished Spring Data repository scanning in 29ms. Found 0 repository interfaces.
[INFO ] 2020-03-04 18:36:42 [Thread-3] o.s.s.c.ThreadPoolTaskExecutor - Shutting down ExecutorService 'applicationTaskExecutor'
[INFO ] 2020-03-04 18:36:42 [Thread-3] c.alibaba.druid.pool.DruidDataSource - {dataSource-1} closing ...
[INFO ] 2020-03-04 18:36:42 [Thread-3] c.alibaba.druid.pool.DruidDataSource - {dataSource-1} closed
[INFO ] 2020-03-04 18:55:03 [main] o.s.b.t.c.SpringBootTestContextBootstrapper - Neither @ContextConfiguration nor @ContextHierarchy found for test class [com.shiep.DBtest], using SpringBootContextLoader
[INFO ] 2020-03-04 18:55:03 [main] o.s.t.c.s.AbstractContextLoader - Could not detect default resource locations for test class [com.shiep.DBtest]: no resource found for suffixes {-context.xml, Context.groovy}.
[INFO ] 2020-03-04 18:55:03 [main] o.s.t.c.s.AnnotationConfigContextLoaderUtils - Could not detect default configuration classes for test class [com.shiep.DBtest]: DBtest does not declare any static, non-private, non-final, nested classes annotated with @Configuration.
[INFO ] 2020-03-04 18:55:03 [main] o.s.b.t.c.SpringBootTestContextBootstrapper - Found @SpringBootConfiguration com.shiep.StaryAnimalApplication for test class com.shiep.DBtest
[INFO ] 2020-03-04 18:55:03 [main] o.s.b.t.c.SpringBootTestContextBootstrapper - Loaded default TestExecutionListener class names from location [META-INF/spring.factories]: [org.springframework.boot.test.mock.mockito.MockitoTestExecutionListener, org.springframework.boot.test.mock.mockito.ResetMocksTestExecutionListener, org.springframework.boot.test.autoconfigure.restdocs.RestDocsTestExecutionListener, org.springframework.boot.test.autoconfigure.web.client.MockRestServiceServerResetTestExecutionListener, org.springframework.boot.test.autoconfigure.web.servlet.MockMvcPrintOnlyOnFailureTestExecutionListener, org.springframework.boot.test.autoconfigure.web.servlet.WebDriverTestExecutionListener, org.springframework.test.context.web.ServletTestExecutionListener, org.springframework.test.context.support.DirtiesContextBeforeModesTestExecutionListener, org.springframework.test.context.support.DependencyInjectionTestExecutionListener, org.springframework.test.context.support.DirtiesContextTestExecutionListener, org.springframework.test.context.transaction.TransactionalTestExecutionListener, org.springframework.test.context.jdbc.SqlScriptsTestExecutionListener]
[INFO ] 2020-03-04 18:55:03 [main] o.s.b.t.c.SpringBootTestContextBootstrapper - Using TestExecutionListeners: [org.springframework.test.context.web.ServletTestExecutionListener@4d5b6aac, org.springframework.test.context.support.DirtiesContextBeforeModesTestExecutionListener@3e84448c, org.springframework.boot.test.mock.mockito.MockitoTestExecutionListener@4a7f959b, org.springframework.boot.test.autoconfigure.SpringBootDependencyInjectionTestExecutionListener@429bffaa, org.springframework.test.context.support.DirtiesContextTestExecutionListener@5403f35f, org.springframework.test.context.transaction.TransactionalTestExecutionListener@483f6d77, org.springframework.test.context.jdbc.SqlScriptsTestExecutionListener@7e5afaa6, org.springframework.boot.test.mock.mockito.ResetMocksTestExecutionListener@63a12c68, org.springframework.boot.test.autoconfigure.restdocs.RestDocsTestExecutionListener@28f3b248, org.springframework.boot.test.autoconfigure.web.client.MockRestServiceServerResetTestExecutionListener@1b1426f4, org.springframework.boot.test.autoconfigure.web.servlet.MockMvcPrintOnlyOnFailureTestExecutionListener@32b260fa, org.springframework.boot.test.autoconfigure.web.servlet.WebDriverTestExecutionListener@581ac8a8]
[INFO ] 2020-03-04 18:55:05 [main] com.shiep.DBtest - Starting DBtest on DESKTOP-6UGKRGF with PID 45620 (started by tuoji in D:\Tool_Workspace\IDEA\stary-animals)
[INFO ] 2020-03-04 18:55:05 [main] com.shiep.DBtest - No active profile set, falling back to default profiles: default
[INFO ] 2020-03-04 18:55:05 [main] o.s.d.r.c.RepositoryConfigurationDelegate - Multiple Spring Data modules found, entering strict repository configuration mode!
[INFO ] 2020-03-04 18:55:05 [main] o.s.d.r.c.RepositoryConfigurationDelegate - Bootstrapping Spring Data repositories in DEFAULT mode.
[INFO ] 2020-03-04 18:55:05 [main] o.s.d.r.c.RepositoryConfigurationDelegate - Finished Spring Data repository scanning in 77ms. Found 0 repository interfaces.
[INFO ] 2020-03-04 18:55:05 [main] o.s.c.s.PostProcessorRegistrationDelegate$BeanPostProcessorChecker - Bean 'org.springframework.transaction.annotation.ProxyTransactionManagementConfiguration' of type [org.springframework.transaction.annotation.ProxyTransactionManagementConfiguration$$EnhancerBySpringCGLIB$$ad64dacd] is not eligible for getting processed by all BeanPostProcessors (for example: not eligible for auto-proxying)
[INFO ] 2020-03-04 18:56:00 [restartedMain] com.shiep.StaryAnimalApplication - Starting StaryAnimalApplication on DESKTOP-6UGKRGF with PID 41664 (D:\Tool_Workspace\IDEA\stary-animals\target\classes started by tuoji in D:\Tool_Workspace\IDEA\stary-animals)
[INFO ] 2020-03-04 18:56:00 [restartedMain] com.shiep.StaryAnimalApplication - No active profile set, falling back to default profiles: default
[INFO ] 2020-03-04 18:56:00 [restartedMain] o.s.b.d.e.DevToolsPropertyDefaultsPostProcessor - Devtools property defaults active! Set 'spring.devtools.add-properties' to 'false' to disable
[INFO ] 2020-03-04 18:56:00 [restartedMain] o.s.b.d.e.DevToolsPropertyDefaultsPostProcessor - For additional web related logging consider setting the 'logging.level.web' property to 'DEBUG'
[INFO ] 2020-03-04 18:57:06 [restartedMain] com.shiep.StaryAnimalApplication - Starting StaryAnimalApplication on DESKTOP-6UGKRGF with PID 10408 (D:\Tool_Workspace\IDEA\stary-animals\target\classes started by tuoji in D:\Tool_Workspace\IDEA\stary-animals)
[INFO ] 2020-03-04 18:57:06 [restartedMain] com.shiep.StaryAnimalApplication - No active profile set, falling back to default profiles: default
[INFO ] 2020-03-04 18:57:06 [restartedMain] o.s.b.d.e.DevToolsPropertyDefaultsPostProcessor - Devtools property defaults active! Set 'spring.devtools.add-properties' to 'false' to disable
[INFO ] 2020-03-04 18:57:06 [restartedMain] o.s.b.d.e.DevToolsPropertyDefaultsPostProcessor - For additional web related logging consider setting the 'logging.level.web' property to 'DEBUG'
[INFO ] 2020-03-04 18:58:21 [restartedMain] com.shiep.SpringBootApplication - Starting SpringBootApplication on DESKTOP-6UGKRGF with PID 29768 (D:\Tool_Workspace\IDEA\stary-animals\target\classes started by tuoji in D:\Tool_Workspace\IDEA\stary-animals)
[INFO ] 2020-03-04 18:58:21 [restartedMain] com.shiep.SpringBootApplication - No active profile set, falling back to default profiles: default
[INFO ] 2020-03-04 18:58:21 [restartedMain] o.s.b.d.e.DevToolsPropertyDefaultsPostProcessor - Devtools property defaults active! Set 'spring.devtools.add-properties' to 'false' to disable
[INFO ] 2020-03-04 18:58:21 [restartedMain] o.s.b.d.e.DevToolsPropertyDefaultsPostProcessor - For additional web related logging consider setting the 'logging.level.web' property to 'DEBUG'
[INFO ] 2020-03-04 18:58:21 [restartedMain] o.s.d.r.c.RepositoryConfigurationDelegate - Multiple Spring Data modules found, entering strict repository configuration mode!
[INFO ] 2020-03-04 18:58:21 [restartedMain] o.s.d.r.c.RepositoryConfigurationDelegate - Bootstrapping Spring Data repositories in DEFAULT mode.
[INFO ] 2020-03-04 18:58:21 [restartedMain] o.s.d.r.c.RepositoryConfigurationDelegate - Finished Spring Data repository scanning in 67ms. Found 0 repository interfaces.
[INFO ] 2020-03-04 18:58:21 [restartedMain] o.s.c.s.PostProcessorRegistrationDelegate$BeanPostProcessorChecker - Bean 'org.springframework.transaction.annotation.ProxyTransactionManagementConfiguration' of type [org.springframework.transaction.annotation.ProxyTransactionManagementConfiguration$$EnhancerBySpringCGLIB$$fd539775] is not eligible for getting processed by all BeanPostProcessors (for example: not eligible for auto-proxying)
[INFO ] 2020-03-04 18:58:21 [restartedMain] o.s.b.w.e.tomcat.TomcatWebServer - Tomcat initialized with port(s): 8080 (http)
[INFO ] 2020-03-04 18:58:21 [restartedMain] o.a.coyote.http11.Http11NioProtocol - Initializing ProtocolHandler ["http-nio-8080"]
[INFO ] 2020-03-04 18:58:21 [restartedMain] o.a.catalina.core.StandardService - Starting service [Tomcat]
[INFO ] 2020-03-04 18:58:21 [restartedMain] o.a.catalina.core.StandardEngine - Starting Servlet engine: [Apache Tomcat/9.0.19]
[INFO ] 2020-03-04 18:58:21 [restartedMain] o.a.c.c.C.[.[.[/stary-animals] - Initializing Spring embedded WebApplicationContext
[INFO ] 2020-03-04 18:58:21 [restartedMain] o.s.web.context.ContextLoader - Root WebApplicationContext: initialization completed in 4780 ms
[INFO ] 2020-03-04 18:58:21 [restartedMain] c.alibaba.druid.pool.DruidDataSource - {dataSource-1} inited
[INFO ] 2020-03-04 18:58:21 [restartedMain] o.s.s.c.ThreadPoolTaskExecutor - Initializing ExecutorService 'applicationTaskExecutor'
[INFO ] 2020-03-04 18:58:21 [restartedMain] o.s.b.d.a.OptionalLiveReloadServer - LiveReload server is running on port 35729
[INFO ] 2020-03-04 18:58:21 [restartedMain] o.a.coyote.http11.Http11NioProtocol - Starting ProtocolHandler ["http-nio-8080"]
[INFO ] 2020-03-04 18:58:21 [restartedMain] o.s.b.w.e.tomcat.TomcatWebServer - Tomcat started on port(s): 8080 (http) with context path '/stary-animals'
[INFO ] 2020-03-04 18:58:21 [restartedMain] com.shiep.SpringBootApplication - Started SpringBootApplication in 9.436 seconds (JVM running for 12.94)
