[WARN ] 2020-02-25 08:57:04 [http-nio-8080-exec-9] o.s.w.s.m.m.a.ExceptionHandlerExceptionResolver - Resolved [io.jsonwebtoken.SignatureException: tokentoken不能为空]
[WARN ] 2020-02-25 08:57:04 [http-nio-8080-exec-7] o.s.w.s.m.m.a.ExceptionHandlerExceptionResolver - Resolved [io.jsonwebtoken.SignatureException: tokentoken不能为空]
[WARN ] 2020-02-25 08:57:04 [http-nio-8080-exec-10] o.s.w.s.m.m.a.ExceptionHandlerExceptionResolver - Resolved [io.jsonwebtoken.SignatureException: tokentoken不能为空]
[WARN ] 2020-02-25 08:57:04 [http-nio-8080-exec-8] o.s.w.s.m.m.a.ExceptionHandlerExceptionResolver - Resolved [io.jsonwebtoken.SignatureException: tokentoken不能为空]
[WARN ] 2020-02-25 08:57:04 [http-nio-8080-exec-6] o.s.w.s.m.m.a.ExceptionHandlerExceptionResolver - Resolved [io.jsonwebtoken.SignatureException: tokentoken不能为空]
[WARN ] 2020-02-25 08:57:04 [http-nio-8080-exec-5] o.s.w.s.m.m.a.ExceptionHandlerExceptionResolver - Resolved [io.jsonwebtoken.SignatureException: tokentoken不能为空]
[WARN ] 2020-02-25 08:57:04 [http-nio-8080-exec-9] o.s.w.s.m.m.a.ExceptionHandlerExceptionResolver - Resolved [io.jsonwebtoken.SignatureException: token身份验证未通过！]
[WARN ] 2020-02-25 08:57:04 [http-nio-8080-exec-3] o.s.w.s.m.m.a.ExceptionHandlerExceptionResolver - Resolved [io.jsonwebtoken.SignatureException: token身份验证未通过！]
[WARN ] 2020-02-25 08:57:04 [http-nio-8080-exec-2] o.s.w.s.m.m.a.ExceptionHandlerExceptionResolver - Resolved [io.jsonwebtoken.SignatureException: token身份验证未通过！]
[WARN ] 2020-02-25 08:57:04 [http-nio-8080-exec-10] o.s.w.s.m.m.a.ExceptionHandlerExceptionResolver - Resolved [io.jsonwebtoken.SignatureException: token身份验证未通过！]
[WARN ] 2020-02-25 08:57:04 [http-nio-8080-exec-9] o.s.w.s.m.m.a.ExceptionHandlerExceptionResolver - Resolved [io.jsonwebtoken.SignatureException: token身份验证未通过！]
[WARN ] 2020-02-25 08:57:04 [http-nio-8080-exec-6] o.s.w.s.m.m.a.ExceptionHandlerExceptionResolver - Resolved [io.jsonwebtoken.SignatureException: token身份验证未通过！]
[WARN ] 2020-02-25 08:57:04 [http-nio-8080-exec-5] o.s.w.s.m.m.a.ExceptionHandlerExceptionResolver - Resolved [io.jsonwebtoken.SignatureException: token身份验证未通过！]
[WARN ] 2020-02-25 08:57:04 [http-nio-8080-exec-5] o.s.w.s.m.m.a.ExceptionHandlerExceptionResolver - Resolved [io.jsonwebtoken.SignatureException: token身份验证未通过！]
[WARN ] 2020-02-25 08:57:04 [http-nio-8080-exec-6] o.s.w.s.m.m.a.ExceptionHandlerExceptionResolver - Resolved [io.jsonwebtoken.SignatureException: token身份验证未通过！]
[WARN ] 2020-02-25 08:57:04 [http-nio-8080-exec-10] o.s.w.s.m.m.a.ExceptionHandlerExceptionResolver - Resolved [io.jsonwebtoken.SignatureException: token身份验证未通过！]
[WARN ] 2020-02-25 08:57:04 [http-nio-8080-exec-10] o.s.w.s.m.m.a.ExceptionHandlerExceptionResolver - Resolved [io.jsonwebtoken.SignatureException: token身份验证未通过！]
[WARN ] 2020-02-25 08:57:04 [http-nio-8080-exec-4] o.s.w.s.m.m.a.ExceptionHandlerExceptionResolver - Resolved [io.jsonwebtoken.SignatureException: token身份验证未通过！]
[WARN ] 2020-02-25 08:57:04 [http-nio-8080-exec-3] o.s.w.s.m.m.a.ExceptionHandlerExceptionResolver - Resolved [io.jsonwebtoken.SignatureException: token身份验证未通过！]
[WARN ] 2020-02-25 08:57:04 [http-nio-8080-exec-3] o.s.w.s.m.m.a.ExceptionHandlerExceptionResolver - Resolved [io.jsonwebtoken.SignatureException: token身份验证未通过！]
[WARN ] 2020-02-25 08:57:04 [http-nio-8080-exec-8] o.s.w.s.m.m.a.ExceptionHandlerExceptionResolver - Resolved [io.jsonwebtoken.SignatureException: token身份验证未通过！]
[WARN ] 2020-02-25 08:57:04 [http-nio-8080-exec-10] o.s.w.s.m.m.a.ExceptionHandlerExceptionResolver - Resolved [io.jsonwebtoken.SignatureException: token身份验证未通过！]
[WARN ] 2020-02-25 08:57:04 [http-nio-8080-exec-6] o.s.w.s.m.m.a.ExceptionHandlerExceptionResolver - Resolved [io.jsonwebtoken.SignatureException: token身份验证未通过！]
[WARN ] 2020-02-25 08:57:04 [http-nio-8080-exec-8] o.s.w.s.m.m.a.ExceptionHandlerExceptionResolver - Resolved [io.jsonwebtoken.SignatureException: token身份验证未通过！]
[WARN ] 2020-02-25 08:57:04 [http-nio-8080-exec-5] o.s.w.s.m.m.a.ExceptionHandlerExceptionResolver - Resolved [io.jsonwebtoken.SignatureException: token身份验证未通过！]
[WARN ] 2020-02-25 08:57:04 [http-nio-8080-exec-7] o.s.w.s.m.m.a.ExceptionHandlerExceptionResolver - Resolved [io.jsonwebtoken.SignatureException: token身份验证未通过！]
[WARN ] 2020-02-25 08:57:04 [http-nio-8080-exec-1] o.s.w.s.m.m.a.ExceptionHandlerExceptionResolver - Resolved [io.jsonwebtoken.SignatureException: token身份验证未通过！]
[WARN ] 2020-02-25 08:57:04 [http-nio-8080-exec-2] o.s.w.s.m.m.a.ExceptionHandlerExceptionResolver - Resolved [io.jsonwebtoken.SignatureException: token身份验证未通过！]
[WARN ] 2020-02-25 08:57:04 [http-nio-8080-exec-9] o.s.w.s.m.m.a.ExceptionHandlerExceptionResolver - Resolved [io.jsonwebtoken.SignatureException: token身份验证未通过！]
[WARN ] 2020-02-25 08:57:04 [http-nio-8080-exec-3] o.s.w.s.m.m.a.ExceptionHandlerExceptionResolver - Resolved [io.jsonwebtoken.SignatureException: token身份验证未通过！]
[WARN ] 2020-02-25 08:57:04 [http-nio-8080-exec-6] o.s.w.s.m.m.a.ExceptionHandlerExceptionResolver - Resolved [io.jsonwebtoken.SignatureException: token身份验证未通过！]
[WARN ] 2020-02-25 14:30:43 [restartedMain] o.s.b.w.s.c.AnnotationConfigServletWebServerApplicationContext - Exception encountered during context initialization - cancelling refresh attempt: org.springframework.beans.factory.BeanCreationException: Error creating bean with name 'newsController': Injection of resource dependencies failed; nested exception is org.springframework.beans.factory.NoSuchBeanDefinitionException: No qualifying bean of type 'com.shiep.service.INewsService' available: expected at least 1 bean which qualifies as autowire candidate. Dependency annotations: {@javax.annotation.Resource(shareable=true, lookup=, name=, description=, authenticationType=CONTAINER, type=class java.lang.Object, mappedName=)}
[WARN ] 2020-02-25 14:30:50 [restartedMain] o.s.b.d.a.OptionalLiveReloadServer - Unable to start LiveReload server
[WARN ] 2020-02-25 14:30:50 [http-nio-8080-exec-5] o.s.w.s.m.s.DefaultHandlerExceptionResolver - Resolved [org.springframework.web.method.annotation.MethodArgumentTypeMismatchException: Failed to convert value of type 'java.lang.String' to required type 'java.lang.Long'; nested exception is java.lang.NumberFormatException: For input string: "a.news.id"]
[WARN ] 2020-02-25 14:41:00 [restartedMain] o.s.b.d.a.OptionalLiveReloadServer - Unable to start LiveReload server
[WARN ] 2020-02-25 14:41:10 [restartedMain] o.s.b.d.a.OptionalLiveReloadServer - Unable to start LiveReload server
[WARN ] 2020-02-25 14:47:23 [restartedMain] o.s.b.d.a.OptionalLiveReloadServer - Unable to start LiveReload server
[WARN ] 2020-02-25 14:49:53 [http-nio-8080-exec-6] o.s.w.s.m.m.a.ExceptionHandlerExceptionResolver - Resolved [io.jsonwebtoken.SignatureException: token身份验证未通过！]
[WARN ] 2020-02-25 14:49:53 [http-nio-8080-exec-4] o.s.w.s.m.m.a.ExceptionHandlerExceptionResolver - Resolved [io.jsonwebtoken.SignatureException: token身份验证未通过！]
[WARN ] 2020-02-25 14:49:53 [http-nio-8080-exec-5] o.s.w.s.m.m.a.ExceptionHandlerExceptionResolver - Resolved [io.jsonwebtoken.SignatureException: token身份验证未通过！]
[WARN ] 2020-02-25 14:49:53 [http-nio-8080-exec-6] o.s.w.s.m.m.a.ExceptionHandlerExceptionResolver - Resolved [io.jsonwebtoken.SignatureException: token身份验证未通过！]
[WARN ] 2020-02-25 14:49:53 [http-nio-8080-exec-4] o.s.w.s.m.m.a.ExceptionHandlerExceptionResolver - Resolved [io.jsonwebtoken.SignatureException: token身份验证未通过！]
[WARN ] 2020-02-25 14:49:53 [http-nio-8080-exec-7] o.s.w.s.m.m.a.ExceptionHandlerExceptionResolver - Resolved [io.jsonwebtoken.SignatureException: token身份验证未通过！]
[WARN ] 2020-02-25 14:49:53 [http-nio-8080-exec-6] o.s.w.s.m.m.a.ExceptionHandlerExceptionResolver - Resolved [io.jsonwebtoken.SignatureException: token身份验证未通过！]
[WARN ] 2020-02-25 14:49:53 [http-nio-8080-exec-2] o.s.w.s.m.m.a.ExceptionHandlerExceptionResolver - Resolved [io.jsonwebtoken.SignatureException: token身份验证未通过！]
[WARN ] 2020-02-25 14:49:53 [http-nio-8080-exec-3] o.s.w.s.m.m.a.ExceptionHandlerExceptionResolver - Resolved [io.jsonwebtoken.SignatureException: token身份验证未通过！]
[WARN ] 2020-02-25 14:49:53 [http-nio-8080-exec-4] o.s.w.s.m.m.a.ExceptionHandlerExceptionResolver - Resolved [io.jsonwebtoken.SignatureException: token身份验证未通过！]
[WARN ] 2020-02-25 14:49:53 [http-nio-8080-exec-8] o.s.w.s.m.m.a.ExceptionHandlerExceptionResolver - Resolved [io.jsonwebtoken.SignatureException: token身份验证未通过！]
[WARN ] 2020-02-25 14:49:53 [http-nio-8080-exec-10] o.s.w.s.m.m.a.ExceptionHandlerExceptionResolver - Resolved [io.jsonwebtoken.SignatureException: token身份验证未通过！]
[WARN ] 2020-02-25 14:49:53 [http-nio-8080-exec-3] o.s.w.s.m.m.a.ExceptionHandlerExceptionResolver - Resolved [io.jsonwebtoken.SignatureException: token身份验证未通过！]
[WARN ] 2020-02-25 14:49:53 [http-nio-8080-exec-4] o.s.w.s.m.m.a.ExceptionHandlerExceptionResolver - Resolved [io.jsonwebtoken.SignatureException: token身份验证未通过！]
[WARN ] 2020-02-25 14:49:53 [http-nio-8080-exec-1] o.s.w.s.m.m.a.ExceptionHandlerExceptionResolver - Resolved [io.jsonwebtoken.SignatureException: token身份验证未通过！]
[WARN ] 2020-02-25 14:49:53 [http-nio-8080-exec-1] o.s.w.s.m.m.a.ExceptionHandlerExceptionResolver - Resolved [io.jsonwebtoken.SignatureException: token身份验证未通过！]
[WARN ] 2020-02-25 14:49:53 [http-nio-8080-exec-10] o.s.w.s.m.m.a.ExceptionHandlerExceptionResolver - Resolved [io.jsonwebtoken.SignatureException: token身份验证未通过！]
[WARN ] 2020-02-25 14:49:53 [http-nio-8080-exec-2] o.s.w.s.m.m.a.ExceptionHandlerExceptionResolver - Resolved [io.jsonwebtoken.SignatureException: token身份验证未通过！]
[WARN ] 2020-02-25 14:49:53 [http-nio-8080-exec-7] o.s.w.s.m.m.a.ExceptionHandlerExceptionResolver - Resolved [io.jsonwebtoken.SignatureException: token身份验证未通过！]
[WARN ] 2020-02-25 14:49:53 [http-nio-8080-exec-8] o.s.w.s.m.m.a.ExceptionHandlerExceptionResolver - Resolved [io.jsonwebtoken.SignatureException: token身份验证未通过！]
[WARN ] 2020-02-25 14:49:53 [http-nio-8080-exec-4] o.s.w.s.m.m.a.ExceptionHandlerExceptionResolver - Resolved [io.jsonwebtoken.SignatureException: token身份验证未通过！]
[WARN ] 2020-02-25 14:49:53 [http-nio-8080-exec-3] o.s.w.s.m.s.DefaultHandlerExceptionResolver - Resolved [org.springframework.web.HttpRequestMethodNotSupportedException: Request method 'GET' not supported]
[WARN ] 2020-02-25 14:49:53 [http-nio-8080-exec-3] o.s.w.s.m.m.a.ExceptionHandlerExceptionResolver - Resolved [io.jsonwebtoken.SignatureException: tokentoken不能为空]
[WARN ] 2020-02-25 14:49:53 [http-nio-8080-exec-6] o.s.w.s.m.m.a.ExceptionHandlerExceptionResolver - Resolved [io.jsonwebtoken.SignatureException: token身份验证未通过！]
[WARN ] 2020-02-25 14:49:53 [http-nio-8080-exec-10] o.s.w.s.m.m.a.ExceptionHandlerExceptionResolver - Resolved [io.jsonwebtoken.SignatureException: token身份验证未通过！]
[WARN ] 2020-02-25 14:49:53 [http-nio-8080-exec-3] o.s.w.s.m.m.a.ExceptionHandlerExceptionResolver - Resolved [io.jsonwebtoken.SignatureException: token身份验证未通过！]
[WARN ] 2020-02-25 14:49:53 [http-nio-8080-exec-2] o.s.w.s.m.m.a.ExceptionHandlerExceptionResolver - Resolved [io.jsonwebtoken.SignatureException: token身份验证未通过！]
[WARN ] 2020-02-25 14:49:53 [http-nio-8080-exec-4] o.s.w.s.m.m.a.ExceptionHandlerExceptionResolver - Resolved [io.jsonwebtoken.SignatureException: token身份验证未通过！]
[WARN ] 2020-02-25 14:49:53 [http-nio-8080-exec-5] o.s.w.s.m.m.a.ExceptionHandlerExceptionResolver - Resolved [io.jsonwebtoken.SignatureException: token身份验证未通过！]
[WARN ] 2020-02-25 14:49:53 [http-nio-8080-exec-8] o.s.w.s.m.m.a.ExceptionHandlerExceptionResolver - Resolved [io.jsonwebtoken.SignatureException: token身份验证未通过！]
[WARN ] 2020-02-25 14:49:53 [http-nio-8080-exec-6] o.s.w.s.m.m.a.ExceptionHandlerExceptionResolver - Resolved [io.jsonwebtoken.SignatureException: token身份验证未通过！]
[WARN ] 2020-02-25 14:49:53 [http-nio-8080-exec-3] o.s.w.s.m.m.a.ExceptionHandlerExceptionResolver - Resolved [io.jsonwebtoken.SignatureException: token身份验证未通过！]
[WARN ] 2020-02-25 14:49:53 [http-nio-8080-exec-4] o.s.w.s.m.m.a.ExceptionHandlerExceptionResolver - Resolved [io.jsonwebtoken.SignatureException: token身份验证未通过！]
[WARN ] 2020-02-25 14:49:53 [http-nio-8080-exec-1] o.s.w.s.m.m.a.ExceptionHandlerExceptionResolver - Resolved [io.jsonwebtoken.SignatureException: token身份验证未通过！]
[WARN ] 2020-02-25 14:49:53 [http-nio-8080-exec-9] o.s.w.s.m.m.a.ExceptionHandlerExceptionResolver - Resolved [io.jsonwebtoken.SignatureException: tokentoken不能为空]
[WARN ] 2020-02-25 14:49:53 [http-nio-8080-exec-4] o.s.w.s.m.m.a.ExceptionHandlerExceptionResolver - Resolved [io.jsonwebtoken.SignatureException: tokentoken不能为空]
[WARN ] 2020-02-25 14:49:53 [http-nio-8080-exec-3] o.s.w.s.m.m.a.ExceptionHandlerExceptionResolver - Resolved [io.jsonwebtoken.SignatureException: tokentoken不能为空]
[WARN ] 2020-02-25 14:49:53 [http-nio-8080-exec-9] o.s.w.s.m.m.a.ExceptionHandlerExceptionResolver - Resolved [io.jsonwebtoken.SignatureException: tokentoken不能为空]
[WARN ] 2020-02-25 14:49:53 [http-nio-8080-exec-4] o.s.w.s.m.m.a.ExceptionHandlerExceptionResolver - Resolved [io.jsonwebtoken.SignatureException: tokentoken不能为空]
[WARN ] 2020-02-25 14:49:53 [http-nio-8080-exec-3] o.s.w.s.m.m.a.ExceptionHandlerExceptionResolver - Resolved [io.jsonwebtoken.SignatureException: tokentoken不能为空]
[WARN ] 2020-02-25 14:49:53 [http-nio-8080-exec-8] o.s.w.s.m.m.a.ExceptionHandlerExceptionResolver - Resolved [io.jsonwebtoken.SignatureException: tokentoken不能为空]
[WARN ] 2020-02-25 14:49:53 [http-nio-8080-exec-3] o.s.w.s.m.m.a.ExceptionHandlerExceptionResolver - Resolved [io.jsonwebtoken.SignatureException: tokentoken不能为空]
[WARN ] 2020-02-25 14:49:53 [http-nio-8080-exec-8] o.s.w.s.m.m.a.ExceptionHandlerExceptionResolver - Resolved [io.jsonwebtoken.SignatureException: tokentoken不能为空]
[WARN ] 2020-02-25 14:49:53 [http-nio-8080-exec-6] o.s.w.s.m.m.a.ExceptionHandlerExceptionResolver - Resolved [io.jsonwebtoken.SignatureException: tokentoken不能为空]
[WARN ] 2020-02-25 14:49:53 [http-nio-8080-exec-3] o.s.w.s.m.m.a.ExceptionHandlerExceptionResolver - Resolved [io.jsonwebtoken.SignatureException: tokentoken不能为空]
[WARN ] 2020-02-25 14:49:53 [http-nio-8080-exec-6] o.s.w.s.m.m.a.ExceptionHandlerExceptionResolver - Resolved [io.jsonwebtoken.SignatureException: tokentoken不能为空]
[WARN ] 2020-02-25 14:49:53 [http-nio-8080-exec-8] o.s.w.s.m.m.a.ExceptionHandlerExceptionResolver - Resolved [io.jsonwebtoken.SignatureException: tokentoken不能为空]
[WARN ] 2020-02-25 14:49:53 [http-nio-8080-exec-5] o.s.w.s.m.m.a.ExceptionHandlerExceptionResolver - Resolved [io.jsonwebtoken.SignatureException: tokentoken不能为空]
[WARN ] 2020-02-25 14:49:53 [http-nio-8080-exec-2] o.s.w.s.m.m.a.ExceptionHandlerExceptionResolver - Resolved [io.jsonwebtoken.SignatureException: tokentoken不能为空]
[WARN ] 2020-02-25 14:49:53 [http-nio-8080-exec-1] o.s.w.s.m.m.a.ExceptionHandlerExceptionResolver - Resolved [io.jsonwebtoken.SignatureException: tokentoken不能为空]
[WARN ] 2020-02-25 14:49:53 [http-nio-8080-exec-10] o.s.w.s.m.m.a.ExceptionHandlerExceptionResolver - Resolved [io.jsonwebtoken.SignatureException: tokentoken不能为空]
[WARN ] 2020-02-25 14:49:53 [http-nio-8080-exec-9] o.s.w.s.m.m.a.ExceptionHandlerExceptionResolver - Resolved [io.jsonwebtoken.SignatureException: tokentoken不能为空]
[WARN ] 2020-02-25 14:49:53 [http-nio-8080-exec-7] o.s.w.s.m.m.a.ExceptionHandlerExceptionResolver - Resolved [io.jsonwebtoken.SignatureException: tokentoken不能为空]
[WARN ] 2020-02-25 14:49:53 [http-nio-8080-exec-4] o.s.w.s.m.m.a.ExceptionHandlerExceptionResolver - Resolved [io.jsonwebtoken.SignatureException: tokentoken不能为空]
[WARN ] 2020-02-25 14:49:53 [http-nio-8080-exec-3] o.s.w.s.m.m.a.ExceptionHandlerExceptionResolver - Resolved [io.jsonwebtoken.SignatureException: tokentoken不能为空]
[WARN ] 2020-02-25 14:49:53 [http-nio-8080-exec-8] o.s.w.s.m.m.a.ExceptionHandlerExceptionResolver - Resolved [io.jsonwebtoken.SignatureException: tokentoken不能为空]
[WARN ] 2020-02-25 14:49:53 [http-nio-8080-exec-6] o.s.w.s.m.m.a.ExceptionHandlerExceptionResolver - Resolved [io.jsonwebtoken.SignatureException: tokentoken不能为空]
[WARN ] 2020-02-25 14:49:53 [http-nio-8080-exec-2] o.s.w.s.m.m.a.ExceptionHandlerExceptionResolver - Resolved [io.jsonwebtoken.SignatureException: tokentoken不能为空]
[WARN ] 2020-02-25 14:49:53 [http-nio-8080-exec-5] o.s.w.s.m.m.a.ExceptionHandlerExceptionResolver - Resolved [io.jsonwebtoken.SignatureException: tokentoken不能为空]
[WARN ] 2020-02-25 14:49:53 [http-nio-8080-exec-1] o.s.w.s.m.m.a.ExceptionHandlerExceptionResolver - Resolved [io.jsonwebtoken.SignatureException: tokentoken不能为空]
[WARN ] 2020-02-25 14:49:53 [http-nio-8080-exec-10] o.s.w.s.m.m.a.ExceptionHandlerExceptionResolver - Resolved [io.jsonwebtoken.SignatureException: tokentoken不能为空]
[WARN ] 2020-02-25 14:49:53 [http-nio-8080-exec-9] o.s.w.s.m.m.a.ExceptionHandlerExceptionResolver - Resolved [io.jsonwebtoken.SignatureException: tokentoken不能为空]
[WARN ] 2020-02-25 14:49:53 [http-nio-8080-exec-7] o.s.w.s.m.m.a.ExceptionHandlerExceptionResolver - Resolved [io.jsonwebtoken.SignatureException: tokentoken不能为空]
[WARN ] 2020-02-25 14:49:53 [http-nio-8080-exec-4] o.s.w.s.m.m.a.ExceptionHandlerExceptionResolver - Resolved [io.jsonwebtoken.SignatureException: tokentoken不能为空]
[WARN ] 2020-02-25 14:49:53 [http-nio-8080-exec-3] o.s.w.s.m.m.a.ExceptionHandlerExceptionResolver - Resolved [io.jsonwebtoken.SignatureException: tokentoken不能为空]
[WARN ] 2020-02-25 14:49:53 [http-nio-8080-exec-8] o.s.w.s.m.m.a.ExceptionHandlerExceptionResolver - Resolved [io.jsonwebtoken.SignatureException: tokentoken不能为空]
[WARN ] 2020-02-25 14:49:53 [http-nio-8080-exec-2] o.s.w.s.m.m.a.ExceptionHandlerExceptionResolver - Resolved [io.jsonwebtoken.SignatureException: tokentoken不能为空]
[WARN ] 2020-02-25 14:49:53 [http-nio-8080-exec-5] o.s.w.s.m.m.a.ExceptionHandlerExceptionResolver - Resolved [io.jsonwebtoken.SignatureException: tokentoken不能为空]
[WARN ] 2020-02-25 14:49:53 [http-nio-8080-exec-1] o.s.w.s.m.m.a.ExceptionHandlerExceptionResolver - Resolved [io.jsonwebtoken.SignatureException: tokentoken不能为空]
[WARN ] 2020-02-25 14:49:53 [http-nio-8080-exec-10] o.s.w.s.m.m.a.ExceptionHandlerExceptionResolver - Resolved [io.jsonwebtoken.SignatureException: tokentoken不能为空]
