[WARN ] 2020-02-06 11:53:02 [restartedMain] o.s.b.w.s.c.AnnotationConfigServletWebServerApplicationContext - Exception encountered during context initialization - cancelling refresh attempt: org.springframework.context.ApplicationContextException: Unable to start web server; nested exception is org.springframework.beans.factory.BeanCreationException: Error creating bean with name 'tomcatServletWebServerFactory' defined in class path resource [org/springframework/boot/autoconfigure/web/servlet/ServletWebServerFactoryConfiguration$EmbeddedTomcat.class]: Initialization of bean failed; nested exception is java.lang.IllegalArgumentException: ContextPath must start with '/' and not end with '/'
[WARN ] 2020-02-06 12:01:04 [restartedMain] o.s.b.w.s.c.AnnotationConfigServletWebServerApplicationContext - Exception encountered during context initialization - cancelling refresh attempt: org.springframework.beans.factory.BeanCreationException: Error creating bean with name 'loginController': Injection of resource dependencies failed; nested exception is org.springframework.beans.factory.BeanCreationException: Error creating bean with name 'userServiceImpl': Injection of resource dependencies failed; nested exception is org.springframework.beans.factory.BeanNotOfRequiredTypeException: Bean named 'userMapper' is expected to be of type 'com.shiep.mapper.IUserMapper' but was actually of type 'com.shiep.mapper.impl.UserMapper'
[WARN ] 2020-02-06 12:57:18 [restartedMain] o.m.s.mapper.ClassPathMapperScanner - No MyBatis mapper was found in '[com.shiep.mapper]' package. Please check your configuration.
[WARN ] 2020-02-06 12:57:18 [restartedMain] o.m.s.mapper.ClassPathMapperScanner - No MyBatis mapper was found in '[com.shiep]' package. Please check your configuration.
[WARN ] 2020-02-06 12:57:18 [restartedMain] t.m.s.mapper.ClassPathMapperScanner - No MyBatis mapper was found in '[com.shiep]' package. Please check your configuration.
[WARN ] 2020-02-06 12:57:18 [restartedMain] o.m.s.mapper.ClassPathMapperScanner - No MyBatis mapper was found in '[com.shiep]' package. Please check your configuration.
[WARN ] 2020-02-06 12:59:42 [restartedMain] o.m.s.mapper.ClassPathMapperScanner - No MyBatis mapper was found in '[com.shiep.mapper]' package. Please check your configuration.
[WARN ] 2020-02-06 12:59:42 [restartedMain] o.m.s.mapper.ClassPathMapperScanner - No MyBatis mapper was found in '[com.shiep]' package. Please check your configuration.
[WARN ] 2020-02-06 12:59:42 [restartedMain] t.m.s.mapper.ClassPathMapperScanner - No MyBatis mapper was found in '[com.shiep]' package. Please check your configuration.
[WARN ] 2020-02-06 12:59:42 [restartedMain] o.m.s.mapper.ClassPathMapperScanner - No MyBatis mapper was found in '[com.shiep]' package. Please check your configuration.
[WARN ] 2020-02-06 13:40:01 [restartedMain] o.m.s.mapper.ClassPathMapperScanner - No MyBatis mapper was found in '[com.shiep.mapper]' package. Please check your configuration.
[WARN ] 2020-02-06 13:40:01 [restartedMain] o.m.s.mapper.ClassPathMapperScanner - No MyBatis mapper was found in '[com.shiep]' package. Please check your configuration.
[WARN ] 2020-02-06 13:40:01 [restartedMain] t.m.s.mapper.ClassPathMapperScanner - No MyBatis mapper was found in '[com.shiep]' package. Please check your configuration.
[WARN ] 2020-02-06 13:40:01 [restartedMain] o.m.s.mapper.ClassPathMapperScanner - No MyBatis mapper was found in '[com.shiep]' package. Please check your configuration.
[WARN ] 2020-02-06 13:40:27 [restartedMain] o.s.b.w.s.c.AnnotationConfigServletWebServerApplicationContext - Exception encountered during context initialization - cancelling refresh attempt: org.springframework.beans.factory.BeanCreationException: Error creating bean with name 'jwtConfig': Lookup method resolution failed; nested exception is java.lang.IllegalStateException: Failed to introspect Class [com.shiep.jwt.config.JwtConfig] from ClassLoader [org.springframework.boot.devtools.restart.classloader.RestartClassLoader@42755cfd]
[WARN ] 2020-02-06 14:08:48 [restartedMain] o.m.s.mapper.ClassPathMapperScanner - No MyBatis mapper was found in '[com.shiep.mapper]' package. Please check your configuration.
[WARN ] 2020-02-06 14:08:48 [restartedMain] o.m.s.mapper.ClassPathMapperScanner - No MyBatis mapper was found in '[com.shiep]' package. Please check your configuration.
[WARN ] 2020-02-06 14:08:48 [restartedMain] t.m.s.mapper.ClassPathMapperScanner - No MyBatis mapper was found in '[com.shiep]' package. Please check your configuration.
[WARN ] 2020-02-06 14:08:48 [restartedMain] o.m.s.mapper.ClassPathMapperScanner - No MyBatis mapper was found in '[com.shiep]' package. Please check your configuration.
[WARN ] 2020-02-06 14:15:59 [http-nio-8080-exec-1] o.s.w.s.m.m.a.ExceptionHandlerExceptionResolver - Resolved [io.jsonwebtoken.SignatureException: token不能为空]
[WARN ] 2020-02-06 14:33:14 [http-nio-8080-exec-1] o.s.w.s.m.s.DefaultHandlerExceptionResolver - Resolved [org.springframework.web.HttpRequestMethodNotSupportedException: Request method 'POST' not supported]
[WARN ] 2020-02-06 14:33:14 [http-nio-8080-exec-1] o.s.w.s.m.m.a.ExceptionHandlerExceptionResolver - Resolved [io.jsonwebtoken.SignatureException: token不能为空]
[WARN ] 2020-02-06 14:33:14 [http-nio-8080-exec-3] o.s.w.s.m.s.DefaultHandlerExceptionResolver - Resolved [org.springframework.web.HttpRequestMethodNotSupportedException: Request method 'POST' not supported]
[WARN ] 2020-02-06 14:33:14 [http-nio-8080-exec-4] o.s.w.s.m.s.DefaultHandlerExceptionResolver - Resolved [org.springframework.web.HttpRequestMethodNotSupportedException: Request method 'POST' not supported]
[WARN ] 2020-02-06 14:33:14 [http-nio-8080-exec-5] o.s.w.s.m.s.DefaultHandlerExceptionResolver - Resolved [org.springframework.web.HttpRequestMethodNotSupportedException: Request method 'POST' not supported]
[WARN ] 2020-02-06 14:33:14 [http-nio-8080-exec-6] o.s.w.s.m.s.DefaultHandlerExceptionResolver - Resolved [org.springframework.web.HttpRequestMethodNotSupportedException: Request method 'POST' not supported]
[WARN ] 2020-02-06 14:33:14 [http-nio-8080-exec-6] o.s.w.s.m.m.a.ExceptionHandlerExceptionResolver - Resolved [io.jsonwebtoken.SignatureException: token不能为空]
[WARN ] 2020-02-06 14:33:14 [http-nio-8080-exec-7] o.s.w.s.m.s.DefaultHandlerExceptionResolver - Resolved [org.springframework.web.HttpRequestMethodNotSupportedException: Request method 'POST' not supported]
[WARN ] 2020-02-06 14:33:14 [http-nio-8080-exec-7] o.s.w.s.m.m.a.ExceptionHandlerExceptionResolver - Resolved [io.jsonwebtoken.SignatureException: token不能为空]
[WARN ] 2020-02-06 14:33:14 [http-nio-8080-exec-8] o.s.w.s.m.s.DefaultHandlerExceptionResolver - Resolved [org.springframework.web.HttpRequestMethodNotSupportedException: Request method 'POST' not supported]
[WARN ] 2020-02-06 14:33:14 [http-nio-8080-exec-8] o.s.w.s.m.m.a.ExceptionHandlerExceptionResolver - Resolved [io.jsonwebtoken.SignatureException: token不能为空]
[WARN ] 2020-02-06 14:33:14 [http-nio-8080-exec-9] o.s.w.s.m.s.DefaultHandlerExceptionResolver - Resolved [org.springframework.web.HttpRequestMethodNotSupportedException: Request method 'POST' not supported]
[WARN ] 2020-02-06 14:33:14 [http-nio-8080-exec-9] o.s.w.s.m.m.a.ExceptionHandlerExceptionResolver - Resolved [io.jsonwebtoken.SignatureException: token不能为空]
[WARN ] 2020-02-06 14:33:14 [http-nio-8080-exec-10] o.s.w.s.m.s.DefaultHandlerExceptionResolver - Resolved [org.springframework.web.HttpRequestMethodNotSupportedException: Request method 'POST' not supported]
[WARN ] 2020-02-06 14:33:14 [http-nio-8080-exec-10] o.s.w.s.m.m.a.ExceptionHandlerExceptionResolver - Resolved [io.jsonwebtoken.SignatureException: token不能为空]
[WARN ] 2020-02-06 14:33:14 [http-nio-8080-exec-1] o.s.w.s.m.s.DefaultHandlerExceptionResolver - Resolved [org.springframework.web.HttpRequestMethodNotSupportedException: Request method 'POST' not supported]
[WARN ] 2020-02-06 15:23:21 [restartedMain] o.m.s.mapper.ClassPathMapperScanner - No MyBatis mapper was found in '[com.shiep.mapper]' package. Please check your configuration.
[WARN ] 2020-02-06 15:23:21 [restartedMain] o.m.s.mapper.ClassPathMapperScanner - No MyBatis mapper was found in '[com.shiep]' package. Please check your configuration.
[WARN ] 2020-02-06 15:23:21 [restartedMain] t.m.s.mapper.ClassPathMapperScanner - No MyBatis mapper was found in '[com.shiep]' package. Please check your configuration.
[WARN ] 2020-02-06 15:23:21 [restartedMain] o.m.s.mapper.ClassPathMapperScanner - No MyBatis mapper was found in '[com.shiep]' package. Please check your configuration.
[WARN ] 2020-02-06 15:26:04 [restartedMain] o.m.s.mapper.ClassPathMapperScanner - No MyBatis mapper was found in '[com.shiep.mapper]' package. Please check your configuration.
[WARN ] 2020-02-06 15:26:04 [restartedMain] o.m.s.mapper.ClassPathMapperScanner - No MyBatis mapper was found in '[com.shiep]' package. Please check your configuration.
[WARN ] 2020-02-06 15:26:04 [restartedMain] t.m.s.mapper.ClassPathMapperScanner - No MyBatis mapper was found in '[com.shiep]' package. Please check your configuration.
[WARN ] 2020-02-06 15:26:04 [restartedMain] o.m.s.mapper.ClassPathMapperScanner - No MyBatis mapper was found in '[com.shiep]' package. Please check your configuration.
[WARN ] 2020-02-06 15:35:42 [http-nio-8080-exec-2] o.s.w.s.m.m.a.ExceptionHandlerExceptionResolver - Resolved [io.jsonwebtoken.SignatureException: token失效，请重新登录。]
[WARN ] 2020-02-06 15:35:42 [http-nio-8080-exec-3] o.s.w.s.m.m.a.ExceptionHandlerExceptionResolver - Resolved [io.jsonwebtoken.SignatureException: token失效，请重新登录。]
[WARN ] 2020-02-06 15:35:42 [http-nio-8080-exec-4] o.s.w.s.m.m.a.ExceptionHandlerExceptionResolver - Resolved [io.jsonwebtoken.SignatureException: token失效，请重新登录。]
[WARN ] 2020-02-06 15:35:42 [http-nio-8080-exec-5] o.s.w.s.m.m.a.ExceptionHandlerExceptionResolver - Resolved [io.jsonwebtoken.SignatureException: token失效，请重新登录。]
[WARN ] 2020-02-06 15:35:42 [http-nio-8080-exec-6] o.s.w.s.m.m.a.ExceptionHandlerExceptionResolver - Resolved [io.jsonwebtoken.SignatureException: token失效，请重新登录。]
[WARN ] 2020-02-06 16:33:14 [restartedMain] o.s.b.w.s.c.AnnotationConfigServletWebServerApplicationContext - Exception encountered during context initialization - cancelling refresh attempt: org.springframework.beans.factory.BeanCreationException: Error creating bean with name 'loginController' defined in file [D:\Tool_Workspace\IDEA\stary-animals\target\classes\com\shiep\controller\LoginController.class]: Post-processing of merged bean definition failed; nested exception is java.lang.IllegalStateException: Failed to introspect Class [com.shiep.controller.LoginController] from ClassLoader [org.springframework.boot.devtools.restart.classloader.RestartClassLoader@652693e4]
[WARN ] 2020-02-06 16:33:25 [restartedMain] o.s.b.w.s.c.AnnotationConfigServletWebServerApplicationContext - Exception encountered during context initialization - cancelling refresh attempt: org.springframework.beans.factory.BeanCreationException: Error creating bean with name 'webConfig' defined in file [D:\Tool_Workspace\IDEA\stary-animals\target\classes\com\shiep\jwt\config\WebConfig.class]: Post-processing of merged bean definition failed; nested exception is java.lang.IllegalStateException: Failed to introspect Class [com.shiep.jwt.config.WebConfig] from ClassLoader [org.springframework.boot.devtools.restart.classloader.RestartClassLoader@54617c70]
[WARN ] 2020-02-06 17:13:21 [http-nio-8080-exec-1] o.s.w.s.m.m.a.ExceptionHandlerExceptionResolver - Resolved [io.jsonwebtoken.SignatureException: token不能为空]
[WARN ] 2020-02-06 17:13:21 [http-nio-8080-exec-2] o.s.w.s.m.m.a.ExceptionHandlerExceptionResolver - Resolved [io.jsonwebtoken.SignatureException: token不能为空]
[WARN ] 2020-02-06 17:18:27 [http-nio-8080-exec-1] o.s.w.s.m.m.a.ExceptionHandlerExceptionResolver - Resolved [io.jsonwebtoken.SignatureException: token不能为空]
[WARN ] 2020-02-06 17:20:56 [http-nio-8080-exec-2] o.s.w.s.m.m.a.ExceptionHandlerExceptionResolver - Resolved [io.jsonwebtoken.SignatureException: token不能为空]
[WARN ] 2020-02-06 17:20:56 [http-nio-8080-exec-1] o.s.w.s.m.m.a.ExceptionHandlerExceptionResolver - Resolved [io.jsonwebtoken.SignatureException: token不能为空]
[WARN ] 2020-02-06 17:23:05 [http-nio-8080-exec-1] o.s.w.s.m.m.a.ExceptionHandlerExceptionResolver - Resolved [io.jsonwebtoken.SignatureException: token不能为空]
[WARN ] 2020-02-06 17:23:05 [http-nio-8080-exec-2] o.s.w.s.m.m.a.ExceptionHandlerExceptionResolver - Resolved [io.jsonwebtoken.SignatureException: token不能为空]
[WARN ] 2020-02-06 17:23:05 [http-nio-8080-exec-3] o.s.w.s.m.m.a.ExceptionHandlerExceptionResolver - Resolved [io.jsonwebtoken.SignatureException: token不能为空]
[WARN ] 2020-02-06 17:23:05 [http-nio-8080-exec-4] o.s.w.s.m.m.a.ExceptionHandlerExceptionResolver - Resolved [io.jsonwebtoken.SignatureException: token不能为空]
[WARN ] 2020-02-06 17:25:13 [http-nio-8080-exec-1] o.s.w.s.m.m.a.ExceptionHandlerExceptionResolver - Resolved [io.jsonwebtoken.SignatureException: token不能为空]
[WARN ] 2020-02-06 17:26:13 [http-nio-8080-exec-1] o.s.w.s.m.m.a.ExceptionHandlerExceptionResolver - Resolved [io.jsonwebtoken.SignatureException: token不能为空]
[WARN ] 2020-02-06 17:26:13 [http-nio-8080-exec-5] o.s.w.s.m.m.a.ExceptionHandlerExceptionResolver - Resolved [io.jsonwebtoken.SignatureException: token不能为空]
[WARN ] 2020-02-06 17:26:13 [http-nio-8080-exec-6] o.s.w.s.m.m.a.ExceptionHandlerExceptionResolver - Resolved [io.jsonwebtoken.SignatureException: token不能为空]
[WARN ] 2020-02-06 17:26:13 [http-nio-8080-exec-7] o.s.w.s.m.m.a.ExceptionHandlerExceptionResolver - Resolved [io.jsonwebtoken.SignatureException: token不能为空]
[WARN ] 2020-02-06 17:26:13 [http-nio-8080-exec-8] o.s.w.s.m.m.a.ExceptionHandlerExceptionResolver - Resolved [io.jsonwebtoken.SignatureException: token不能为空]
[WARN ] 2020-02-06 17:30:47 [http-nio-8080-exec-1] o.s.w.s.m.m.a.ExceptionHandlerExceptionResolver - Resolved [io.jsonwebtoken.SignatureException: token不能为空]
[WARN ] 2020-02-06 17:32:59 [http-nio-8080-exec-1] o.s.w.s.m.m.a.ExceptionHandlerExceptionResolver - Resolved [io.jsonwebtoken.SignatureException: token不能为空]
[WARN ] 2020-02-06 18:54:14 [restartedMain] o.s.b.w.s.c.AnnotationConfigServletWebServerApplicationContext - Exception encountered during context initialization - cancelling refresh attempt: org.springframework.beans.factory.BeanCreationException: Error creating bean with name 'webConfig': Injection of resource dependencies failed; nested exception is org.springframework.beans.factory.NoSuchBeanDefinitionException: No qualifying bean of type 'com.shiep.jwt.intercepter.TokenInterceptor' available: expected at least 1 bean which qualifies as autowire candidate. Dependency annotations: {@javax.annotation.Resource(shareable=true, lookup=, name=, description=, authenticationType=CONTAINER, type=class java.lang.Object, mappedName=)}
[WARN ] 2020-02-06 19:13:35 [restartedMain] o.s.b.w.s.c.AnnotationConfigServletWebServerApplicationContext - Exception encountered during context initialization - cancelling refresh attempt: org.springframework.beans.factory.BeanDefinitionStoreException: Failed to parse configuration class [com.shiep.SpringBootApplication]; nested exception is java.io.FileNotFoundException: class path resource [com/shiep/controller/AuthController.class] cannot be opened because it does not exist
[WARN ] 2020-02-06 19:28:39 [http-nio-8080-exec-4] o.s.w.s.m.m.a.ExceptionHandlerExceptionResolver - Resolved [io.jsonwebtoken.SignatureException: token不能为空]
[WARN ] 2020-02-06 19:28:39 [http-nio-8080-exec-3] o.s.w.s.m.m.a.ExceptionHandlerExceptionResolver - Resolved [io.jsonwebtoken.SignatureException: token不能为空]
[WARN ] 2020-02-06 19:28:39 [http-nio-8080-exec-5] o.s.w.s.m.m.a.ExceptionHandlerExceptionResolver - Resolved [io.jsonwebtoken.SignatureException: token不能为空]
[WARN ] 2020-02-06 19:28:39 [http-nio-8080-exec-6] o.s.w.s.m.m.a.ExceptionHandlerExceptionResolver - Resolved [io.jsonwebtoken.SignatureException: token不能为空]
[WARN ] 2020-02-06 19:28:39 [http-nio-8080-exec-7] o.s.w.s.m.m.a.ExceptionHandlerExceptionResolver - Resolved [io.jsonwebtoken.SignatureException: token不能为空]
[WARN ] 2020-02-06 22:15:42 [restartedMain] o.s.b.w.s.c.AnnotationConfigServletWebServerApplicationContext - Exception encountered during context initialization - cancelling refresh attempt: org.springframework.beans.factory.UnsatisfiedDependencyException: Error creating bean with name 'authController': Unsatisfied dependency expressed through field 'authService'; nested exception is org.springframework.beans.factory.BeanCreationException: Error creating bean with name 'authServiceImpl': Injection of resource dependencies failed; nested exception is org.springframework.beans.factory.NoSuchBeanDefinitionException: No qualifying bean of type 'com.shiep.service.impl.UserServiceImpl' available: expected at least 1 bean which qualifies as autowire candidate. Dependency annotations: {@javax.annotation.Resource(shareable=true, lookup=, name=, description=, authenticationType=CONTAINER, type=class java.lang.Object, mappedName=)}
