[INFO ] 2020-02-02 23:08:05 [http-nio-8080-exec-2] o.a.c.c.C.[.[.[/stary-animals] - Initializing Spring DispatcherServlet 'dispatcherServlet'
[INFO ] 2020-02-02 23:08:05 [http-nio-8080-exec-2] o.s.web.servlet.DispatcherServlet - Initializing Servlet 'dispatcherServlet'
[INFO ] 2020-02-02 23:08:05 [http-nio-8080-exec-2] o.s.web.servlet.DispatcherServlet - Completed initialization in 31 ms
[INFO ] 2020-02-03 09:55:48 [restartedMain] com.shiep.SpringBootApplication - Starting SpringBootApplication on DESKTOP-6UGKRGF with PID 14180 (D:\Tool_Workspace\IDEA\stary-animals\target\classes started by tuoji in D:\Tool_Workspace\IDEA\stary-animals)
[INFO ] 2020-02-03 09:55:48 [restartedMain] com.shiep.SpringBootApplication - No active profile set, falling back to default profiles: default
[INFO ] 2020-02-03 09:55:48 [restartedMain] o.s.b.d.e.DevToolsPropertyDefaultsPostProcessor - Devtools property defaults active! Set 'spring.devtools.add-properties' to 'false' to disable
[INFO ] 2020-02-03 09:55:48 [restartedMain] o.s.b.d.e.DevToolsPropertyDefaultsPostProcessor - For additional web related logging consider setting the 'logging.level.web' property to 'DEBUG'
[INFO ] 2020-02-03 09:55:48 [restartedMain] o.s.b.w.e.tomcat.TomcatWebServer - Tomcat initialized with port(s): 8080 (http)
[INFO ] 2020-02-03 09:55:48 [restartedMain] o.a.coyote.http11.Http11NioProtocol - Initializing ProtocolHandler ["http-nio-8080"]
[INFO ] 2020-02-03 09:55:48 [restartedMain] o.a.catalina.core.StandardService - Starting service [Tomcat]
[INFO ] 2020-02-03 09:55:48 [restartedMain] o.a.catalina.core.StandardEngine - Starting Servlet engine: [Apache Tomcat/9.0.19]
[INFO ] 2020-02-03 09:55:48 [restartedMain] o.a.c.c.C.[.[.[/stary-animals] - Initializing Spring embedded WebApplicationContext
[INFO ] 2020-02-03 09:55:48 [restartedMain] o.s.web.context.ContextLoader - Root WebApplicationContext: initialization completed in 3716 ms
[INFO ] 2020-02-03 09:55:48 [restartedMain] c.alibaba.druid.pool.DruidDataSource - {dataSource-1} inited
[INFO ] 2020-02-03 09:55:48 [restartedMain] o.s.s.c.ThreadPoolTaskExecutor - Initializing ExecutorService 'applicationTaskExecutor'
[INFO ] 2020-02-03 09:55:48 [restartedMain] o.s.b.d.a.OptionalLiveReloadServer - LiveReload server is running on port 35729
[INFO ] 2020-02-03 09:55:48 [restartedMain] o.a.coyote.http11.Http11NioProtocol - Starting ProtocolHandler ["http-nio-8080"]
[INFO ] 2020-02-03 09:55:48 [restartedMain] o.s.b.w.e.tomcat.TomcatWebServer - Tomcat started on port(s): 8080 (http) with context path '/stary-animals'
[INFO ] 2020-02-03 09:55:48 [restartedMain] com.shiep.SpringBootApplication - Started SpringBootApplication in 8.428 seconds (JVM running for 11.915)
[INFO ] 2020-02-03 09:55:48 [http-nio-8080-exec-1] o.a.c.c.C.[.[.[/stary-animals] - Initializing Spring DispatcherServlet 'dispatcherServlet'
[INFO ] 2020-02-03 09:55:48 [http-nio-8080-exec-1] o.s.web.servlet.DispatcherServlet - Initializing Servlet 'dispatcherServlet'
[INFO ] 2020-02-03 09:55:48 [http-nio-8080-exec-1] o.s.web.servlet.DispatcherServlet - Completed initialization in 13 ms
[INFO ] 2020-02-03 09:55:48 [Thread-23] o.s.s.c.ThreadPoolTaskExecutor - Shutting down ExecutorService 'applicationTaskExecutor'
[INFO ] 2020-02-03 09:55:48 [Thread-23] c.alibaba.druid.pool.DruidDataSource - {dataSource-1} closing ...
[INFO ] 2020-02-03 09:55:48 [Thread-23] c.alibaba.druid.pool.DruidDataSource - {dataSource-1} closed
[INFO ] 2020-02-03 10:08:55 [restartedMain] com.shiep.SpringBootApplication - Starting SpringBootApplication on DESKTOP-6UGKRGF with PID 14180 (D:\Tool_Workspace\IDEA\stary-animals\target\classes started by tuoji in D:\Tool_Workspace\IDEA\stary-animals)
[INFO ] 2020-02-03 10:08:55 [restartedMain] com.shiep.SpringBootApplication - No active profile set, falling back to default profiles: default
[INFO ] 2020-02-03 10:08:55 [restartedMain] o.s.b.w.e.tomcat.TomcatWebServer - Tomcat initialized with port(s): 8080 (http)
[INFO ] 2020-02-03 10:08:55 [restartedMain] o.a.coyote.http11.Http11NioProtocol - Initializing ProtocolHandler ["http-nio-8080"]
[INFO ] 2020-02-03 10:08:55 [restartedMain] o.a.catalina.core.StandardService - Starting service [Tomcat]
[INFO ] 2020-02-03 10:08:55 [restartedMain] o.a.catalina.core.StandardEngine - Starting Servlet engine: [Apache Tomcat/9.0.19]
[INFO ] 2020-02-03 10:08:55 [restartedMain] o.a.c.c.C.[.[.[/stary-animals] - Initializing Spring embedded WebApplicationContext
[INFO ] 2020-02-03 10:08:55 [restartedMain] o.s.web.context.ContextLoader - Root WebApplicationContext: initialization completed in 1268 ms
[INFO ] 2020-02-03 10:08:55 [restartedMain] c.alibaba.druid.pool.DruidDataSource - {dataSource-2} inited
[INFO ] 2020-02-03 10:08:55 [restartedMain] o.s.s.c.ThreadPoolTaskExecutor - Initializing ExecutorService 'applicationTaskExecutor'
[INFO ] 2020-02-03 10:08:55 [restartedMain] o.s.b.d.a.OptionalLiveReloadServer - LiveReload server is running on port 35729
[INFO ] 2020-02-03 10:08:55 [restartedMain] o.a.coyote.http11.Http11NioProtocol - Starting ProtocolHandler ["http-nio-8080"]
[INFO ] 2020-02-03 10:08:55 [restartedMain] o.s.b.w.e.tomcat.TomcatWebServer - Tomcat started on port(s): 8080 (http) with context path '/stary-animals'
[INFO ] 2020-02-03 10:08:55 [restartedMain] com.shiep.SpringBootApplication - Started SpringBootApplication in 2.611 seconds (JVM running for 793.599)
[INFO ] 2020-02-03 10:08:55 [restartedMain] o.s.b.d.a.ConditionEvaluationDeltaLoggingListener - Condition evaluation unchanged
[INFO ] 2020-02-03 10:08:58 [main] o.s.b.t.c.SpringBootTestContextBootstrapper - Neither @ContextConfiguration nor @ContextHierarchy found for test class [com.shiep.DBtest], using SpringBootContextLoader
[INFO ] 2020-02-03 10:08:58 [main] o.s.t.c.s.AbstractContextLoader - Could not detect default resource locations for test class [com.shiep.DBtest]: no resource found for suffixes {-context.xml, Context.groovy}.
[INFO ] 2020-02-03 10:08:58 [main] o.s.t.c.s.AnnotationConfigContextLoaderUtils - Could not detect default configuration classes for test class [com.shiep.DBtest]: DBtest does not declare any static, non-private, non-final, nested classes annotated with @Configuration.
[INFO ] 2020-02-03 10:08:58 [main] o.s.b.t.c.SpringBootTestContextBootstrapper - Found @SpringBootConfiguration com.shiep.SpringBootApplication for test class com.shiep.DBtest
[INFO ] 2020-02-03 10:08:58 [main] o.s.b.t.c.SpringBootTestContextBootstrapper - Loaded default TestExecutionListener class names from location [META-INF/spring.factories]: [org.springframework.boot.test.mock.mockito.MockitoTestExecutionListener, org.springframework.boot.test.mock.mockito.ResetMocksTestExecutionListener, org.springframework.boot.test.autoconfigure.restdocs.RestDocsTestExecutionListener, org.springframework.boot.test.autoconfigure.web.client.MockRestServiceServerResetTestExecutionListener, org.springframework.boot.test.autoconfigure.web.servlet.MockMvcPrintOnlyOnFailureTestExecutionListener, org.springframework.boot.test.autoconfigure.web.servlet.WebDriverTestExecutionListener, org.springframework.test.context.web.ServletTestExecutionListener, org.springframework.test.context.support.DirtiesContextBeforeModesTestExecutionListener, org.springframework.test.context.support.DependencyInjectionTestExecutionListener, org.springframework.test.context.support.DirtiesContextTestExecutionListener, org.springframework.test.context.transaction.TransactionalTestExecutionListener, org.springframework.test.context.jdbc.SqlScriptsTestExecutionListener]
[INFO ] 2020-02-03 10:08:58 [main] o.s.b.t.c.SpringBootTestContextBootstrapper - Using TestExecutionListeners: [org.springframework.test.context.web.ServletTestExecutionListener@fa36558, org.springframework.test.context.support.DirtiesContextBeforeModesTestExecutionListener@672872e1, org.springframework.boot.test.mock.mockito.MockitoTestExecutionListener@32910148, org.springframework.boot.test.autoconfigure.SpringBootDependencyInjectionTestExecutionListener@3f56875e, org.springframework.test.context.support.DirtiesContextTestExecutionListener@2b4bac49, org.springframework.test.context.transaction.TransactionalTestExecutionListener@fd07cbb, org.springframework.test.context.jdbc.SqlScriptsTestExecutionListener@3571b748, org.springframework.boot.test.mock.mockito.ResetMocksTestExecutionListener@3e96bacf, org.springframework.boot.test.autoconfigure.restdocs.RestDocsTestExecutionListener@484970b0, org.springframework.boot.test.autoconfigure.web.client.MockRestServiceServerResetTestExecutionListener@4470f8a6, org.springframework.boot.test.autoconfigure.web.servlet.MockMvcPrintOnlyOnFailureTestExecutionListener@7c83dc97, org.springframework.boot.test.autoconfigure.web.servlet.WebDriverTestExecutionListener@7748410a]
[INFO ] 2020-02-03 10:09:01 [main] com.shiep.DBtest - Starting DBtest on DESKTOP-6UGKRGF with PID 39184 (started by tuoji in D:\Tool_Workspace\IDEA\stary-animals)
[INFO ] 2020-02-03 10:09:01 [main] com.shiep.DBtest - No active profile set, falling back to default profiles: default
[INFO ] 2020-02-03 10:09:01 [main] c.alibaba.druid.pool.DruidDataSource - {dataSource-1} inited
[INFO ] 2020-02-03 10:09:01 [main] o.s.s.c.ThreadPoolTaskExecutor - Initializing ExecutorService 'applicationTaskExecutor'
[INFO ] 2020-02-03 10:09:01 [main] com.shiep.DBtest - Started DBtest in 11.394 seconds (JVM running for 15.13)
[INFO ] 2020-02-03 10:09:01 [Thread-3] o.s.s.c.ThreadPoolTaskExecutor - Shutting down ExecutorService 'applicationTaskExecutor'
[INFO ] 2020-02-03 10:09:01 [Thread-3] c.alibaba.druid.pool.DruidDataSource - {dataSource-1} closing ...
[INFO ] 2020-02-03 10:09:01 [Thread-3] c.alibaba.druid.pool.DruidDataSource - {dataSource-1} closed
[INFO ] 2020-02-03 10:08:55 [Thread-33] o.s.s.c.ThreadPoolTaskExecutor - Shutting down ExecutorService 'applicationTaskExecutor'
[INFO ] 2020-02-03 10:08:55 [Thread-33] c.alibaba.druid.pool.DruidDataSource - {dataSource-2} closing ...
[INFO ] 2020-02-03 10:08:55 [Thread-33] c.alibaba.druid.pool.DruidDataSource - {dataSource-2} closed
[INFO ] 2020-02-03 10:11:27 [restartedMain] com.shiep.SpringBootApplication - Starting SpringBootApplication on DESKTOP-6UGKRGF with PID 14180 (D:\Tool_Workspace\IDEA\stary-animals\target\classes started by tuoji in D:\Tool_Workspace\IDEA\stary-animals)
[INFO ] 2020-02-03 10:11:27 [restartedMain] com.shiep.SpringBootApplication - No active profile set, falling back to default profiles: default
[INFO ] 2020-02-03 10:11:27 [restartedMain] o.s.b.w.e.tomcat.TomcatWebServer - Tomcat initialized with port(s): 8080 (http)
[INFO ] 2020-02-03 10:11:27 [restartedMain] o.a.coyote.http11.Http11NioProtocol - Initializing ProtocolHandler ["http-nio-8080"]
[INFO ] 2020-02-03 10:11:27 [restartedMain] o.a.catalina.core.StandardService - Starting service [Tomcat]
[INFO ] 2020-02-03 10:11:27 [restartedMain] o.a.catalina.core.StandardEngine - Starting Servlet engine: [Apache Tomcat/9.0.19]
[INFO ] 2020-02-03 10:11:27 [restartedMain] o.a.c.c.C.[.[.[/stary-animals] - Initializing Spring embedded WebApplicationContext
[INFO ] 2020-02-03 10:11:27 [restartedMain] o.s.web.context.ContextLoader - Root WebApplicationContext: initialization completed in 918 ms
[INFO ] 2020-02-03 10:11:27 [restartedMain] c.alibaba.druid.pool.DruidDataSource - {dataSource-3} inited
[INFO ] 2020-02-03 10:11:27 [restartedMain] o.s.s.c.ThreadPoolTaskExecutor - Initializing ExecutorService 'applicationTaskExecutor'
[INFO ] 2020-02-03 10:11:27 [restartedMain] o.s.b.d.a.OptionalLiveReloadServer - LiveReload server is running on port 35729
[INFO ] 2020-02-03 10:11:27 [restartedMain] o.a.coyote.http11.Http11NioProtocol - Starting ProtocolHandler ["http-nio-8080"]
[INFO ] 2020-02-03 10:11:27 [restartedMain] o.s.b.w.e.tomcat.TomcatWebServer - Tomcat started on port(s): 8080 (http) with context path '/stary-animals'
[INFO ] 2020-02-03 10:11:27 [restartedMain] com.shiep.SpringBootApplication - Started SpringBootApplication in 1.996 seconds (JVM running for 945.07)
[INFO ] 2020-02-03 10:11:27 [restartedMain] o.s.b.d.a.ConditionEvaluationDeltaLoggingListener - Condition evaluation unchanged
[INFO ] 2020-02-03 10:11:29 [main] o.s.b.t.c.SpringBootTestContextBootstrapper - Neither @ContextConfiguration nor @ContextHierarchy found for test class [com.shiep.DBtest], using SpringBootContextLoader
[INFO ] 2020-02-03 10:11:29 [main] o.s.t.c.s.AbstractContextLoader - Could not detect default resource locations for test class [com.shiep.DBtest]: no resource found for suffixes {-context.xml, Context.groovy}.
[INFO ] 2020-02-03 10:11:29 [main] o.s.t.c.s.AnnotationConfigContextLoaderUtils - Could not detect default configuration classes for test class [com.shiep.DBtest]: DBtest does not declare any static, non-private, non-final, nested classes annotated with @Configuration.
[INFO ] 2020-02-03 10:11:29 [main] o.s.b.t.c.SpringBootTestContextBootstrapper - Found @SpringBootConfiguration com.shiep.SpringBootApplication for test class com.shiep.DBtest
[INFO ] 2020-02-03 10:11:29 [main] o.s.b.t.c.SpringBootTestContextBootstrapper - Loaded default TestExecutionListener class names from location [META-INF/spring.factories]: [org.springframework.boot.test.mock.mockito.MockitoTestExecutionListener, org.springframework.boot.test.mock.mockito.ResetMocksTestExecutionListener, org.springframework.boot.test.autoconfigure.restdocs.RestDocsTestExecutionListener, org.springframework.boot.test.autoconfigure.web.client.MockRestServiceServerResetTestExecutionListener, org.springframework.boot.test.autoconfigure.web.servlet.MockMvcPrintOnlyOnFailureTestExecutionListener, org.springframework.boot.test.autoconfigure.web.servlet.WebDriverTestExecutionListener, org.springframework.test.context.web.ServletTestExecutionListener, org.springframework.test.context.support.DirtiesContextBeforeModesTestExecutionListener, org.springframework.test.context.support.DependencyInjectionTestExecutionListener, org.springframework.test.context.support.DirtiesContextTestExecutionListener, org.springframework.test.context.transaction.TransactionalTestExecutionListener, org.springframework.test.context.jdbc.SqlScriptsTestExecutionListener]
[INFO ] 2020-02-03 10:11:29 [main] o.s.b.t.c.SpringBootTestContextBootstrapper - Using TestExecutionListeners: [org.springframework.test.context.web.ServletTestExecutionListener@3f56875e, org.springframework.test.context.support.DirtiesContextBeforeModesTestExecutionListener@2b4bac49, org.springframework.boot.test.mock.mockito.MockitoTestExecutionListener@fd07cbb, org.springframework.boot.test.autoconfigure.SpringBootDependencyInjectionTestExecutionListener@3571b748, org.springframework.test.context.support.DirtiesContextTestExecutionListener@3e96bacf, org.springframework.test.context.transaction.TransactionalTestExecutionListener@484970b0, org.springframework.test.context.jdbc.SqlScriptsTestExecutionListener@4470f8a6, org.springframework.boot.test.mock.mockito.ResetMocksTestExecutionListener@7c83dc97, org.springframework.boot.test.autoconfigure.restdocs.RestDocsTestExecutionListener@7748410a, org.springframework.boot.test.autoconfigure.web.client.MockRestServiceServerResetTestExecutionListener@740773a3, org.springframework.boot.test.autoconfigure.web.servlet.MockMvcPrintOnlyOnFailureTestExecutionListener@37f1104d, org.springframework.boot.test.autoconfigure.web.servlet.WebDriverTestExecutionListener@55740540]
[INFO ] 2020-02-03 10:11:32 [main] com.shiep.DBtest - Starting DBtest on DESKTOP-6UGKRGF with PID 32584 (started by tuoji in D:\Tool_Workspace\IDEA\stary-animals)
[INFO ] 2020-02-03 10:11:32 [main] com.shiep.DBtest - No active profile set, falling back to default profiles: default
[INFO ] 2020-02-03 10:11:32 [main] c.alibaba.druid.pool.DruidDataSource - {dataSource-1} inited
[INFO ] 2020-02-03 10:11:32 [main] o.s.s.c.ThreadPoolTaskExecutor - Initializing ExecutorService 'applicationTaskExecutor'
[INFO ] 2020-02-03 10:11:32 [main] com.shiep.DBtest - Started DBtest in 11.424 seconds (JVM running for 14.362)
[INFO ] 2020-02-03 10:11:32 [Thread-3] o.s.s.c.ThreadPoolTaskExecutor - Shutting down ExecutorService 'applicationTaskExecutor'
[INFO ] 2020-02-03 10:11:32 [Thread-3] c.alibaba.druid.pool.DruidDataSource - {dataSource-1} closing ...
[INFO ] 2020-02-03 10:11:32 [Thread-3] c.alibaba.druid.pool.DruidDataSource - {dataSource-1} closed
[INFO ] 2020-02-03 10:11:27 [Thread-39] o.s.s.c.ThreadPoolTaskExecutor - Shutting down ExecutorService 'applicationTaskExecutor'
[INFO ] 2020-02-03 10:11:27 [Thread-39] c.alibaba.druid.pool.DruidDataSource - {dataSource-3} closing ...
[INFO ] 2020-02-03 10:11:27 [Thread-39] c.alibaba.druid.pool.DruidDataSource - {dataSource-3} closed
[INFO ] 2020-02-03 10:13:07 [restartedMain] com.shiep.SpringBootApplication - Starting SpringBootApplication on DESKTOP-6UGKRGF with PID 14180 (D:\Tool_Workspace\IDEA\stary-animals\target\classes started by tuoji in D:\Tool_Workspace\IDEA\stary-animals)
[INFO ] 2020-02-03 10:13:07 [restartedMain] com.shiep.SpringBootApplication - No active profile set, falling back to default profiles: default
[INFO ] 2020-02-03 10:13:07 [restartedMain] o.s.b.w.e.tomcat.TomcatWebServer - Tomcat initialized with port(s): 8080 (http)
[INFO ] 2020-02-03 10:13:07 [restartedMain] o.a.coyote.http11.Http11NioProtocol - Initializing ProtocolHandler ["http-nio-8080"]
[INFO ] 2020-02-03 10:13:07 [restartedMain] o.a.catalina.core.StandardService - Starting service [Tomcat]
[INFO ] 2020-02-03 10:13:07 [restartedMain] o.a.catalina.core.StandardEngine - Starting Servlet engine: [Apache Tomcat/9.0.19]
[INFO ] 2020-02-03 10:13:07 [restartedMain] o.a.c.c.C.[.[.[/stary-animals] - Initializing Spring embedded WebApplicationContext
[INFO ] 2020-02-03 10:13:07 [restartedMain] o.s.web.context.ContextLoader - Root WebApplicationContext: initialization completed in 814 ms
[INFO ] 2020-02-03 10:13:07 [restartedMain] c.alibaba.druid.pool.DruidDataSource - {dataSource-4} inited
[INFO ] 2020-02-03 10:13:07 [restartedMain] c.alibaba.druid.pool.DruidDataSource - {dataSource-4} closing ...
[INFO ] 2020-02-03 10:13:07 [restartedMain] c.alibaba.druid.pool.DruidDataSource - {dataSource-4} closed
[INFO ] 2020-02-03 10:13:07 [restartedMain] o.a.catalina.core.StandardService - Stopping service [Tomcat]
[INFO ] 2020-02-03 10:13:10 [main] o.s.b.t.c.SpringBootTestContextBootstrapper - Neither @ContextConfiguration nor @ContextHierarchy found for test class [com.shiep.DBtest], using SpringBootContextLoader
[INFO ] 2020-02-03 10:13:10 [main] o.s.t.c.s.AbstractContextLoader - Could not detect default resource locations for test class [com.shiep.DBtest]: no resource found for suffixes {-context.xml, Context.groovy}.
[INFO ] 2020-02-03 10:13:10 [main] o.s.t.c.s.AnnotationConfigContextLoaderUtils - Could not detect default configuration classes for test class [com.shiep.DBtest]: DBtest does not declare any static, non-private, non-final, nested classes annotated with @Configuration.
[INFO ] 2020-02-03 10:13:10 [main] o.s.b.t.c.SpringBootTestContextBootstrapper - Found @SpringBootConfiguration com.shiep.SpringBootApplication for test class com.shiep.DBtest
[INFO ] 2020-02-03 10:13:10 [main] o.s.b.t.c.SpringBootTestContextBootstrapper - Loaded default TestExecutionListener class names from location [META-INF/spring.factories]: [org.springframework.boot.test.mock.mockito.MockitoTestExecutionListener, org.springframework.boot.test.mock.mockito.ResetMocksTestExecutionListener, org.springframework.boot.test.autoconfigure.restdocs.RestDocsTestExecutionListener, org.springframework.boot.test.autoconfigure.web.client.MockRestServiceServerResetTestExecutionListener, org.springframework.boot.test.autoconfigure.web.servlet.MockMvcPrintOnlyOnFailureTestExecutionListener, org.springframework.boot.test.autoconfigure.web.servlet.WebDriverTestExecutionListener, org.springframework.test.context.web.ServletTestExecutionListener, org.springframework.test.context.support.DirtiesContextBeforeModesTestExecutionListener, org.springframework.test.context.support.DependencyInjectionTestExecutionListener, org.springframework.test.context.support.DirtiesContextTestExecutionListener, org.springframework.test.context.transaction.TransactionalTestExecutionListener, org.springframework.test.context.jdbc.SqlScriptsTestExecutionListener]
[INFO ] 2020-02-03 10:13:10 [main] o.s.b.t.c.SpringBootTestContextBootstrapper - Using TestExecutionListeners: [org.springframework.test.context.web.ServletTestExecutionListener@3f56875e, org.springframework.test.context.support.DirtiesContextBeforeModesTestExecutionListener@2b4bac49, org.springframework.boot.test.mock.mockito.MockitoTestExecutionListener@fd07cbb, org.springframework.boot.test.autoconfigure.SpringBootDependencyInjectionTestExecutionListener@3571b748, org.springframework.test.context.support.DirtiesContextTestExecutionListener@3e96bacf, org.springframework.test.context.transaction.TransactionalTestExecutionListener@484970b0, org.springframework.test.context.jdbc.SqlScriptsTestExecutionListener@4470f8a6, org.springframework.boot.test.mock.mockito.ResetMocksTestExecutionListener@7c83dc97, org.springframework.boot.test.autoconfigure.restdocs.RestDocsTestExecutionListener@7748410a, org.springframework.boot.test.autoconfigure.web.client.MockRestServiceServerResetTestExecutionListener@740773a3, org.springframework.boot.test.autoconfigure.web.servlet.MockMvcPrintOnlyOnFailureTestExecutionListener@37f1104d, org.springframework.boot.test.autoconfigure.web.servlet.WebDriverTestExecutionListener@55740540]
[INFO ] 2020-02-03 10:13:12 [main] com.shiep.DBtest - Starting DBtest on DESKTOP-6UGKRGF with PID 41852 (started by tuoji in D:\Tool_Workspace\IDEA\stary-animals)
[INFO ] 2020-02-03 10:13:12 [main] com.shiep.DBtest - No active profile set, falling back to default profiles: default
[INFO ] 2020-02-03 10:13:12 [main] c.alibaba.druid.pool.DruidDataSource - {dataSource-1} inited
[INFO ] 2020-02-03 10:13:12 [main] c.alibaba.druid.pool.DruidDataSource - {dataSource-1} closing ...
[INFO ] 2020-02-03 10:13:12 [main] c.alibaba.druid.pool.DruidDataSource - {dataSource-1} closed
[INFO ] 2020-02-03 10:16:05 [restartedMain] com.shiep.SpringBootApplication - Starting SpringBootApplication on DESKTOP-6UGKRGF with PID 34960 (D:\Tool_Workspace\IDEA\stary-animals\target\classes started by tuoji in D:\Tool_Workspace\IDEA\stary-animals)
[INFO ] 2020-02-03 10:16:05 [restartedMain] com.shiep.SpringBootApplication - No active profile set, falling back to default profiles: default
[INFO ] 2020-02-03 10:16:05 [restartedMain] o.s.b.d.e.DevToolsPropertyDefaultsPostProcessor - Devtools property defaults active! Set 'spring.devtools.add-properties' to 'false' to disable
[INFO ] 2020-02-03 10:16:05 [restartedMain] o.s.b.d.e.DevToolsPropertyDefaultsPostProcessor - For additional web related logging consider setting the 'logging.level.web' property to 'DEBUG'
[INFO ] 2020-02-03 10:16:05 [restartedMain] o.s.b.w.e.tomcat.TomcatWebServer - Tomcat initialized with port(s): 8080 (http)
[INFO ] 2020-02-03 10:16:05 [restartedMain] o.a.coyote.http11.Http11NioProtocol - Initializing ProtocolHandler ["http-nio-8080"]
[INFO ] 2020-02-03 10:16:05 [restartedMain] o.a.catalina.core.StandardService - Starting service [Tomcat]
[INFO ] 2020-02-03 10:16:05 [restartedMain] o.a.catalina.core.StandardEngine - Starting Servlet engine: [Apache Tomcat/9.0.19]
[INFO ] 2020-02-03 10:16:05 [restartedMain] o.a.c.c.C.[.[.[/stary-animals] - Initializing Spring embedded WebApplicationContext
[INFO ] 2020-02-03 10:16:05 [restartedMain] o.s.web.context.ContextLoader - Root WebApplicationContext: initialization completed in 3198 ms
[INFO ] 2020-02-03 10:16:05 [restartedMain] c.alibaba.druid.pool.DruidDataSource - {dataSource-1} inited
[INFO ] 2020-02-03 10:16:05 [restartedMain] c.alibaba.druid.pool.DruidDataSource - {dataSource-1} closing ...
[INFO ] 2020-02-03 10:16:05 [restartedMain] c.alibaba.druid.pool.DruidDataSource - {dataSource-1} closed
[INFO ] 2020-02-03 10:16:05 [restartedMain] o.a.catalina.core.StandardService - Stopping service [Tomcat]
[INFO ] 2020-02-03 10:21:20 [restartedMain] com.shiep.SpringBootApplication - Starting SpringBootApplication on DESKTOP-6UGKRGF with PID 9212 (D:\Tool_Workspace\IDEA\stary-animals\target\classes started by tuoji in D:\Tool_Workspace\IDEA\stary-animals)
[INFO ] 2020-02-03 10:21:20 [restartedMain] com.shiep.SpringBootApplication - No active profile set, falling back to default profiles: default
[INFO ] 2020-02-03 10:21:20 [restartedMain] o.s.b.d.e.DevToolsPropertyDefaultsPostProcessor - Devtools property defaults active! Set 'spring.devtools.add-properties' to 'false' to disable
[INFO ] 2020-02-03 10:21:20 [restartedMain] o.s.b.d.e.DevToolsPropertyDefaultsPostProcessor - For additional web related logging consider setting the 'logging.level.web' property to 'DEBUG'
[INFO ] 2020-02-03 10:21:20 [restartedMain] o.s.b.w.e.tomcat.TomcatWebServer - Tomcat initialized with port(s): 8080 (http)
[INFO ] 2020-02-03 10:21:20 [restartedMain] o.a.coyote.http11.Http11NioProtocol - Initializing ProtocolHandler ["http-nio-8080"]
[INFO ] 2020-02-03 10:21:20 [restartedMain] o.a.catalina.core.StandardService - Starting service [Tomcat]
[INFO ] 2020-02-03 10:21:20 [restartedMain] o.a.catalina.core.StandardEngine - Starting Servlet engine: [Apache Tomcat/9.0.19]
[INFO ] 2020-02-03 10:21:20 [restartedMain] o.a.c.c.C.[.[.[/stary-animals] - Initializing Spring embedded WebApplicationContext
[INFO ] 2020-02-03 10:21:20 [restartedMain] o.s.web.context.ContextLoader - Root WebApplicationContext: initialization completed in 2703 ms
[INFO ] 2020-02-03 10:21:20 [restartedMain] c.alibaba.druid.pool.DruidDataSource - {dataSource-1} inited
[INFO ] 2020-02-03 10:21:20 [restartedMain] o.s.s.c.ThreadPoolTaskExecutor - Initializing ExecutorService 'applicationTaskExecutor'
[INFO ] 2020-02-03 10:21:20 [restartedMain] o.s.b.d.a.OptionalLiveReloadServer - LiveReload server is running on port 35729
[INFO ] 2020-02-03 10:21:20 [restartedMain] o.a.coyote.http11.Http11NioProtocol - Starting ProtocolHandler ["http-nio-8080"]
[INFO ] 2020-02-03 10:21:20 [restartedMain] o.s.b.w.e.tomcat.TomcatWebServer - Tomcat started on port(s): 8080 (http) with context path '/stary-animals'
[INFO ] 2020-02-03 10:21:20 [restartedMain] com.shiep.SpringBootApplication - Started SpringBootApplication in 5.827 seconds (JVM running for 8.358)
[INFO ] 2020-02-03 10:21:20 [http-nio-8080-exec-2] o.a.c.c.C.[.[.[/stary-animals] - Initializing Spring DispatcherServlet 'dispatcherServlet'
[INFO ] 2020-02-03 10:21:20 [http-nio-8080-exec-2] o.s.web.servlet.DispatcherServlet - Initializing Servlet 'dispatcherServlet'
[INFO ] 2020-02-03 10:21:20 [http-nio-8080-exec-2] o.s.web.servlet.DispatcherServlet - Completed initialization in 42 ms
[INFO ] 2020-02-03 10:35:55 [restartedMain] com.shiep.SpringBootApplication - Starting SpringBootApplication on DESKTOP-6UGKRGF with PID 40576 (D:\Tool_Workspace\IDEA\stary-animals\target\classes started by tuoji in D:\Tool_Workspace\IDEA\stary-animals)
[INFO ] 2020-02-03 10:35:55 [restartedMain] com.shiep.SpringBootApplication - No active profile set, falling back to default profiles: default
[INFO ] 2020-02-03 10:35:55 [restartedMain] o.s.b.d.e.DevToolsPropertyDefaultsPostProcessor - Devtools property defaults active! Set 'spring.devtools.add-properties' to 'false' to disable
[INFO ] 2020-02-03 10:35:55 [restartedMain] o.s.b.d.e.DevToolsPropertyDefaultsPostProcessor - For additional web related logging consider setting the 'logging.level.web' property to 'DEBUG'
[INFO ] 2020-02-03 10:35:55 [restartedMain] o.s.b.w.e.tomcat.TomcatWebServer - Tomcat initialized with port(s): 8080 (http)
[INFO ] 2020-02-03 10:35:55 [restartedMain] o.a.coyote.http11.Http11NioProtocol - Initializing ProtocolHandler ["http-nio-8080"]
[INFO ] 2020-02-03 10:35:55 [restartedMain] o.a.catalina.core.StandardService - Starting service [Tomcat]
[INFO ] 2020-02-03 10:35:55 [restartedMain] o.a.catalina.core.StandardEngine - Starting Servlet engine: [Apache Tomcat/9.0.19]
[INFO ] 2020-02-03 10:35:55 [restartedMain] o.a.c.c.C.[.[.[/stary-animals] - Initializing Spring embedded WebApplicationContext
[INFO ] 2020-02-03 10:35:55 [restartedMain] o.s.web.context.ContextLoader - Root WebApplicationContext: initialization completed in 2992 ms
[INFO ] 2020-02-03 10:35:55 [restartedMain] c.alibaba.druid.pool.DruidDataSource - {dataSource-1} inited
[INFO ] 2020-02-03 10:35:55 [restartedMain] o.s.s.c.ThreadPoolTaskExecutor - Initializing ExecutorService 'applicationTaskExecutor'
[INFO ] 2020-02-03 10:35:55 [restartedMain] o.s.b.d.a.OptionalLiveReloadServer - LiveReload server is running on port 35729
[INFO ] 2020-02-03 10:35:55 [restartedMain] o.a.coyote.http11.Http11NioProtocol - Starting ProtocolHandler ["http-nio-8080"]
[INFO ] 2020-02-03 10:35:55 [restartedMain] o.s.b.w.e.tomcat.TomcatWebServer - Tomcat started on port(s): 8080 (http) with context path '/stary-animals'
[INFO ] 2020-02-03 10:35:55 [restartedMain] com.shiep.SpringBootApplication - Started SpringBootApplication in 5.886 seconds (JVM running for 8.028)
[INFO ] 2020-02-03 10:35:55 [http-nio-8080-exec-2] o.a.c.c.C.[.[.[/stary-animals] - Initializing Spring DispatcherServlet 'dispatcherServlet'
[INFO ] 2020-02-03 10:35:55 [http-nio-8080-exec-2] o.s.web.servlet.DispatcherServlet - Initializing Servlet 'dispatcherServlet'
[INFO ] 2020-02-03 10:35:55 [http-nio-8080-exec-2] o.s.web.servlet.DispatcherServlet - Completed initialization in 18 ms
[INFO ] 2020-02-03 10:39:25 [restartedMain] com.shiep.SpringBootApplication - Starting SpringBootApplication on DESKTOP-6UGKRGF with PID 35812 (D:\Tool_Workspace\IDEA\stary-animals\target\classes started by tuoji in D:\Tool_Workspace\IDEA\stary-animals)
[INFO ] 2020-02-03 10:39:25 [restartedMain] com.shiep.SpringBootApplication - No active profile set, falling back to default profiles: default
[INFO ] 2020-02-03 10:39:25 [restartedMain] o.s.b.d.e.DevToolsPropertyDefaultsPostProcessor - Devtools property defaults active! Set 'spring.devtools.add-properties' to 'false' to disable
[INFO ] 2020-02-03 10:39:25 [restartedMain] o.s.b.d.e.DevToolsPropertyDefaultsPostProcessor - For additional web related logging consider setting the 'logging.level.web' property to 'DEBUG'
[INFO ] 2020-02-03 10:39:25 [restartedMain] o.s.b.w.e.tomcat.TomcatWebServer - Tomcat initialized with port(s): 8080 (http)
[INFO ] 2020-02-03 10:39:25 [restartedMain] o.a.coyote.http11.Http11NioProtocol - Initializing ProtocolHandler ["http-nio-8080"]
[INFO ] 2020-02-03 10:39:25 [restartedMain] o.a.catalina.core.StandardService - Starting service [Tomcat]
[INFO ] 2020-02-03 10:39:25 [restartedMain] o.a.catalina.core.StandardEngine - Starting Servlet engine: [Apache Tomcat/9.0.19]
[INFO ] 2020-02-03 10:39:25 [restartedMain] o.a.c.c.C.[.[.[/stary-animals] - Initializing Spring embedded WebApplicationContext
[INFO ] 2020-02-03 10:39:25 [restartedMain] o.s.web.context.ContextLoader - Root WebApplicationContext: initialization completed in 3293 ms
[INFO ] 2020-02-03 10:39:25 [restartedMain] c.alibaba.druid.pool.DruidDataSource - {dataSource-1} inited
[INFO ] 2020-02-03 10:39:25 [restartedMain] o.s.s.c.ThreadPoolTaskExecutor - Initializing ExecutorService 'applicationTaskExecutor'
[INFO ] 2020-02-03 10:39:25 [restartedMain] o.s.b.d.a.OptionalLiveReloadServer - LiveReload server is running on port 35729
[INFO ] 2020-02-03 10:39:25 [restartedMain] o.a.coyote.http11.Http11NioProtocol - Starting ProtocolHandler ["http-nio-8080"]
[INFO ] 2020-02-03 10:39:25 [restartedMain] o.s.b.w.e.tomcat.TomcatWebServer - Tomcat started on port(s): 8080 (http) with context path '/stary-animals'
[INFO ] 2020-02-03 10:39:25 [restartedMain] com.shiep.SpringBootApplication - Started SpringBootApplication in 6.984 seconds (JVM running for 9.265)
[INFO ] 2020-02-03 10:39:25 [http-nio-8080-exec-2] o.a.c.c.C.[.[.[/stary-animals] - Initializing Spring DispatcherServlet 'dispatcherServlet'
[INFO ] 2020-02-03 10:39:25 [http-nio-8080-exec-2] o.s.web.servlet.DispatcherServlet - Initializing Servlet 'dispatcherServlet'
[INFO ] 2020-02-03 10:39:25 [http-nio-8080-exec-2] o.s.web.servlet.DispatcherServlet - Completed initialization in 17 ms
[INFO ] 2020-02-03 10:43:58 [restartedMain] com.shiep.SpringBootApplication - Starting SpringBootApplication on DESKTOP-6UGKRGF with PID 41152 (D:\Tool_Workspace\IDEA\stary-animals\target\classes started by tuoji in D:\Tool_Workspace\IDEA\stary-animals)
[INFO ] 2020-02-03 10:43:58 [restartedMain] com.shiep.SpringBootApplication - No active profile set, falling back to default profiles: default
[INFO ] 2020-02-03 10:43:58 [restartedMain] o.s.b.d.e.DevToolsPropertyDefaultsPostProcessor - Devtools property defaults active! Set 'spring.devtools.add-properties' to 'false' to disable
[INFO ] 2020-02-03 10:43:58 [restartedMain] o.s.b.d.e.DevToolsPropertyDefaultsPostProcessor - For additional web related logging consider setting the 'logging.level.web' property to 'DEBUG'
[INFO ] 2020-02-03 10:43:58 [restartedMain] o.s.b.w.e.tomcat.TomcatWebServer - Tomcat initialized with port(s): 8080 (http)
[INFO ] 2020-02-03 10:43:58 [restartedMain] o.a.coyote.http11.Http11NioProtocol - Initializing ProtocolHandler ["http-nio-8080"]
[INFO ] 2020-02-03 10:43:58 [restartedMain] o.a.catalina.core.StandardService - Starting service [Tomcat]
[INFO ] 2020-02-03 10:43:58 [restartedMain] o.a.catalina.core.StandardEngine - Starting Servlet engine: [Apache Tomcat/9.0.19]
[INFO ] 2020-02-03 10:43:58 [restartedMain] o.a.c.c.C.[.[.[/stary-animals] - Initializing Spring embedded WebApplicationContext
[INFO ] 2020-02-03 10:43:58 [restartedMain] o.s.web.context.ContextLoader - Root WebApplicationContext: initialization completed in 3140 ms
[INFO ] 2020-02-03 10:43:58 [restartedMain] c.alibaba.druid.pool.DruidDataSource - {dataSource-1} inited
[INFO ] 2020-02-03 10:43:58 [restartedMain] o.s.s.c.ThreadPoolTaskExecutor - Initializing ExecutorService 'applicationTaskExecutor'
[INFO ] 2020-02-03 10:43:58 [restartedMain] o.s.b.d.a.OptionalLiveReloadServer - LiveReload server is running on port 35729
[INFO ] 2020-02-03 10:43:58 [restartedMain] o.a.coyote.http11.Http11NioProtocol - Starting ProtocolHandler ["http-nio-8080"]
[INFO ] 2020-02-03 10:43:58 [restartedMain] o.s.b.w.e.tomcat.TomcatWebServer - Tomcat started on port(s): 8080 (http) with context path '/stary-animals'
[INFO ] 2020-02-03 10:43:58 [restartedMain] com.shiep.SpringBootApplication - Started SpringBootApplication in 6.967 seconds (JVM running for 9.161)
[INFO ] 2020-02-03 10:43:58 [http-nio-8080-exec-2] o.a.c.c.C.[.[.[/stary-animals] - Initializing Spring DispatcherServlet 'dispatcherServlet'
[INFO ] 2020-02-03 10:43:58 [http-nio-8080-exec-2] o.s.web.servlet.DispatcherServlet - Initializing Servlet 'dispatcherServlet'
[INFO ] 2020-02-03 10:43:58 [http-nio-8080-exec-2] o.s.web.servlet.DispatcherServlet - Completed initialization in 15 ms
[INFO ] 2020-02-03 10:43:58 [Thread-21] o.s.s.c.ThreadPoolTaskExecutor - Shutting down ExecutorService 'applicationTaskExecutor'
[INFO ] 2020-02-03 10:43:58 [Thread-21] c.alibaba.druid.pool.DruidDataSource - {dataSource-1} closing ...
[INFO ] 2020-02-03 10:43:58 [Thread-21] c.alibaba.druid.pool.DruidDataSource - {dataSource-1} closed
[INFO ] 2020-02-03 11:04:15 [restartedMain] com.shiep.SpringBootApplication - Starting SpringBootApplication on DESKTOP-6UGKRGF with PID 41152 (D:\Tool_Workspace\IDEA\stary-animals\target\classes started by tuoji in D:\Tool_Workspace\IDEA\stary-animals)
[INFO ] 2020-02-03 11:04:15 [restartedMain] com.shiep.SpringBootApplication - No active profile set, falling back to default profiles: default
[INFO ] 2020-02-03 11:04:15 [restartedMain] o.s.b.w.e.tomcat.TomcatWebServer - Tomcat initialized with port(s): 8080 (http)
[INFO ] 2020-02-03 11:04:15 [restartedMain] o.a.coyote.http11.Http11NioProtocol - Initializing ProtocolHandler ["http-nio-8080"]
[INFO ] 2020-02-03 11:04:15 [restartedMain] o.a.catalina.core.StandardService - Starting service [Tomcat]
[INFO ] 2020-02-03 11:04:15 [restartedMain] o.a.catalina.core.StandardEngine - Starting Servlet engine: [Apache Tomcat/9.0.19]
[INFO ] 2020-02-03 11:04:15 [restartedMain] o.a.c.c.C.[.[.[/stary-animals] - Initializing Spring embedded WebApplicationContext
[INFO ] 2020-02-03 11:04:15 [restartedMain] o.s.web.context.ContextLoader - Root WebApplicationContext: initialization completed in 1049 ms
[INFO ] 2020-02-03 11:04:15 [restartedMain] c.alibaba.druid.pool.DruidDataSource - {dataSource-2} inited
[INFO ] 2020-02-03 11:04:15 [restartedMain] c.alibaba.druid.pool.DruidDataSource - {dataSource-2} closing ...
[INFO ] 2020-02-03 11:04:15 [restartedMain] c.alibaba.druid.pool.DruidDataSource - {dataSource-2} closed
[INFO ] 2020-02-03 11:04:15 [restartedMain] o.a.catalina.core.StandardService - Stopping service [Tomcat]
[INFO ] 2020-02-03 11:14:05 [restartedMain] com.shiep.SpringBootApplication - Starting SpringBootApplication on DESKTOP-6UGKRGF with PID 39060 (D:\Tool_Workspace\IDEA\stary-animals\target\classes started by tuoji in D:\Tool_Workspace\IDEA\stary-animals)
[INFO ] 2020-02-03 11:14:05 [restartedMain] com.shiep.SpringBootApplication - No active profile set, falling back to default profiles: default
[INFO ] 2020-02-03 11:14:05 [restartedMain] o.s.b.d.e.DevToolsPropertyDefaultsPostProcessor - Devtools property defaults active! Set 'spring.devtools.add-properties' to 'false' to disable
[INFO ] 2020-02-03 11:14:05 [restartedMain] o.s.b.d.e.DevToolsPropertyDefaultsPostProcessor - For additional web related logging consider setting the 'logging.level.web' property to 'DEBUG'
[INFO ] 2020-02-03 11:14:05 [restartedMain] o.s.b.w.e.tomcat.TomcatWebServer - Tomcat initialized with port(s): 8080 (http)
[INFO ] 2020-02-03 11:14:05 [restartedMain] o.a.coyote.http11.Http11NioProtocol - Initializing ProtocolHandler ["http-nio-8080"]
[INFO ] 2020-02-03 11:14:05 [restartedMain] o.a.catalina.core.StandardService - Starting service [Tomcat]
[INFO ] 2020-02-03 11:14:05 [restartedMain] o.a.catalina.core.StandardEngine - Starting Servlet engine: [Apache Tomcat/9.0.19]
[INFO ] 2020-02-03 11:14:05 [restartedMain] o.a.c.c.C.[.[.[/stary-animals] - Initializing Spring embedded WebApplicationContext
[INFO ] 2020-02-03 11:14:05 [restartedMain] o.s.web.context.ContextLoader - Root WebApplicationContext: initialization completed in 2754 ms
[INFO ] 2020-02-03 11:14:05 [restartedMain] c.alibaba.druid.pool.DruidDataSource - {dataSource-1} inited
[INFO ] 2020-02-03 11:14:05 [restartedMain] o.s.s.c.ThreadPoolTaskExecutor - Initializing ExecutorService 'applicationTaskExecutor'
[INFO ] 2020-02-03 11:14:05 [restartedMain] o.s.b.d.a.OptionalLiveReloadServer - LiveReload server is running on port 35729
[INFO ] 2020-02-03 11:14:05 [restartedMain] o.a.coyote.http11.Http11NioProtocol - Starting ProtocolHandler ["http-nio-8080"]
[INFO ] 2020-02-03 11:14:05 [restartedMain] o.s.b.w.e.tomcat.TomcatWebServer - Tomcat started on port(s): 8080 (http) with context path '/stary-animals'
[INFO ] 2020-02-03 11:14:05 [restartedMain] com.shiep.SpringBootApplication - Started SpringBootApplication in 5.854 seconds (JVM running for 8.571)
[INFO ] 2020-02-03 11:14:05 [http-nio-8080-exec-1] o.a.c.c.C.[.[.[/stary-animals] - Initializing Spring DispatcherServlet 'dispatcherServlet'
[INFO ] 2020-02-03 11:14:05 [http-nio-8080-exec-1] o.s.web.servlet.DispatcherServlet - Initializing Servlet 'dispatcherServlet'
[INFO ] 2020-02-03 11:14:05 [http-nio-8080-exec-1] o.s.web.servlet.DispatcherServlet - Completed initialization in 13 ms
