[INFO ] 2020-05-13 16:54:47 [restartedMain] com.shiep.StaryAnimalsApplication - Starting SpringBootApplication on DESKTOP-6UGKRGF with PID 25392 (D:\Tool_Workspace\IDEA\stary-animals\target\classes started by tuoji in D:\Tool_Workspace\IDEA\stary-animals)
[INFO ] 2020-05-13 16:54:47 [restartedMain] com.shiep.StaryAnimalsApplication - No active profile set, falling back to default profiles: default
[INFO ] 2020-05-13 16:54:47 [restartedMain] o.s.b.d.e.DevToolsPropertyDefaultsPostProcessor - Devtools property defaults active! Set 'spring.devtools.add-properties' to 'false' to disable
[INFO ] 2020-05-13 16:54:47 [restartedMain] o.s.b.d.e.DevToolsPropertyDefaultsPostProcessor - For additional web related logging consider setting the 'logging.level.web' property to 'DEBUG'
[INFO ] 2020-05-13 16:54:47 [restartedMain] o.s.d.r.c.RepositoryConfigurationDelegate - Multiple Spring Data modules found, entering strict repository configuration mode!
[INFO ] 2020-05-13 16:54:47 [restartedMain] o.s.d.r.c.RepositoryConfigurationDelegate - Bootstrapping Spring Data repositories in DEFAULT mode.
[INFO ] 2020-05-13 16:54:47 [restartedMain] o.s.d.r.c.RepositoryConfigurationDelegate - Finished Spring Data repository scanning in 52ms. Found 0 repository interfaces.
[INFO ] 2020-05-13 16:54:47 [restartedMain] o.s.c.s.PostProcessorRegistrationDelegate$BeanPostProcessorChecker - Bean 'org.springframework.transaction.annotation.ProxyTransactionManagementConfiguration' of type [org.springframework.transaction.annotation.ProxyTransactionManagementConfiguration$$EnhancerBySpringCGLIB$$1939b40c] is not eligible for getting processed by all BeanPostProcessors (for example: not eligible for auto-proxying)
[INFO ] 2020-05-13 16:54:47 [restartedMain] o.s.b.w.e.tomcat.TomcatWebServer - Tomcat initialized with port(s): 8080 (http)
[INFO ] 2020-05-13 16:54:47 [restartedMain] o.a.coyote.http11.Http11NioProtocol - Initializing ProtocolHandler ["http-nio-8080"]
[INFO ] 2020-05-13 16:54:47 [restartedMain] o.a.catalina.core.StandardService - Starting service [Tomcat]
[INFO ] 2020-05-13 16:54:47 [restartedMain] o.a.catalina.core.StandardEngine - Starting Servlet engine: [Apache Tomcat/9.0.19]
[INFO ] 2020-05-13 16:54:47 [restartedMain] o.a.c.c.C.[.[.[/stary-animals] - Initializing Spring embedded WebApplicationContext
[INFO ] 2020-05-13 16:54:47 [restartedMain] o.s.web.context.ContextLoader - Root WebApplicationContext: initialization completed in 8778 ms
[INFO ] 2020-05-13 16:54:47 [restartedMain] c.alibaba.druid.pool.DruidDataSource - {dataSource-1} inited
[INFO ] 2020-05-13 16:54:47 [restartedMain] o.s.s.c.ThreadPoolTaskExecutor - Initializing ExecutorService 'applicationTaskExecutor'
[INFO ] 2020-05-13 16:54:47 [restartedMain] o.s.b.d.a.OptionalLiveReloadServer - LiveReload server is running on port 35729
[INFO ] 2020-05-13 16:54:47 [restartedMain] o.a.coyote.http11.Http11NioProtocol - Starting ProtocolHandler ["http-nio-8080"]
[INFO ] 2020-05-13 16:54:47 [restartedMain] o.s.b.w.e.tomcat.TomcatWebServer - Tomcat started on port(s): 8080 (http) with context path '/stary-animals'
[INFO ] 2020-05-13 16:54:47 [restartedMain] com.shiep.StaryAnimalsApplication - Started SpringBootApplication in 19.135 seconds (JVM running for 25.389)
[INFO ] 2020-05-13 16:58:18 [restartedMain] com.shiep.StaryAnimalsApplication - Starting SpringBootApplication on DESKTOP-6UGKRGF with PID 31412 (D:\Tool_Workspace\IDEA\stary-animals\target\classes started by tuoji in D:\Tool_Workspace\IDEA\stary-animals)
[INFO ] 2020-05-13 16:58:18 [restartedMain] com.shiep.StaryAnimalsApplication - No active profile set, falling back to default profiles: default
[INFO ] 2020-05-13 16:58:18 [restartedMain] o.s.b.d.e.DevToolsPropertyDefaultsPostProcessor - Devtools property defaults active! Set 'spring.devtools.add-properties' to 'false' to disable
[INFO ] 2020-05-13 16:58:18 [restartedMain] o.s.b.d.e.DevToolsPropertyDefaultsPostProcessor - For additional web related logging consider setting the 'logging.level.web' property to 'DEBUG'
[INFO ] 2020-05-13 16:58:18 [restartedMain] o.s.d.r.c.RepositoryConfigurationDelegate - Multiple Spring Data modules found, entering strict repository configuration mode!
[INFO ] 2020-05-13 16:58:18 [restartedMain] o.s.d.r.c.RepositoryConfigurationDelegate - Bootstrapping Spring Data repositories in DEFAULT mode.
[INFO ] 2020-05-13 16:58:18 [restartedMain] o.s.d.r.c.RepositoryConfigurationDelegate - Finished Spring Data repository scanning in 33ms. Found 0 repository interfaces.
[INFO ] 2020-05-13 16:58:18 [restartedMain] o.s.c.s.PostProcessorRegistrationDelegate$BeanPostProcessorChecker - Bean 'org.springframework.transaction.annotation.ProxyTransactionManagementConfiguration' of type [org.springframework.transaction.annotation.ProxyTransactionManagementConfiguration$$EnhancerBySpringCGLIB$$51a0eb65] is not eligible for getting processed by all BeanPostProcessors (for example: not eligible for auto-proxying)
[INFO ] 2020-05-13 16:58:18 [restartedMain] o.s.b.w.e.tomcat.TomcatWebServer - Tomcat initialized with port(s): 8080 (http)
[INFO ] 2020-05-13 16:58:18 [restartedMain] o.a.coyote.http11.Http11NioProtocol - Initializing ProtocolHandler ["http-nio-8080"]
[INFO ] 2020-05-13 16:58:18 [restartedMain] o.a.catalina.core.StandardService - Starting service [Tomcat]
[INFO ] 2020-05-13 16:58:18 [restartedMain] o.a.catalina.core.StandardEngine - Starting Servlet engine: [Apache Tomcat/9.0.19]
[INFO ] 2020-05-13 16:58:18 [restartedMain] o.a.c.c.C.[.[.[/stary-animals] - Initializing Spring embedded WebApplicationContext
[INFO ] 2020-05-13 16:58:18 [restartedMain] o.s.web.context.ContextLoader - Root WebApplicationContext: initialization completed in 3460 ms
[INFO ] 2020-05-13 16:58:18 [restartedMain] c.alibaba.druid.pool.DruidDataSource - {dataSource-1} inited
[INFO ] 2020-05-13 16:58:18 [restartedMain] o.s.s.c.ThreadPoolTaskExecutor - Initializing ExecutorService 'applicationTaskExecutor'
[INFO ] 2020-05-13 16:58:18 [restartedMain] o.s.b.d.a.OptionalLiveReloadServer - LiveReload server is running on port 35729
[INFO ] 2020-05-13 16:58:18 [restartedMain] o.a.coyote.http11.Http11NioProtocol - Starting ProtocolHandler ["http-nio-8080"]
[INFO ] 2020-05-13 16:58:18 [restartedMain] o.s.b.w.e.tomcat.TomcatWebServer - Tomcat started on port(s): 8080 (http) with context path '/stary-animals'
[INFO ] 2020-05-13 16:58:18 [restartedMain] com.shiep.StaryAnimalsApplication - Started SpringBootApplication in 8.238 seconds (JVM running for 11.505)
[INFO ] 2020-05-13 17:04:19 [restartedMain] com.shiep.StaryAnimalsApplication - Starting SpringBootApplication on DESKTOP-6UGKRGF with PID 47600 (D:\Tool_Workspace\IDEA\stary-animals\target\classes started by tuoji in D:\Tool_Workspace\IDEA\stary-animals)
[INFO ] 2020-05-13 17:04:19 [restartedMain] com.shiep.StaryAnimalsApplication - No active profile set, falling back to default profiles: default
[INFO ] 2020-05-13 17:04:19 [restartedMain] o.s.b.d.e.DevToolsPropertyDefaultsPostProcessor - Devtools property defaults active! Set 'spring.devtools.add-properties' to 'false' to disable
[INFO ] 2020-05-13 17:04:19 [restartedMain] o.s.b.d.e.DevToolsPropertyDefaultsPostProcessor - For additional web related logging consider setting the 'logging.level.web' property to 'DEBUG'
[INFO ] 2020-05-13 17:04:19 [restartedMain] o.s.d.r.c.RepositoryConfigurationDelegate - Multiple Spring Data modules found, entering strict repository configuration mode!
[INFO ] 2020-05-13 17:04:19 [restartedMain] o.s.d.r.c.RepositoryConfigurationDelegate - Bootstrapping Spring Data repositories in DEFAULT mode.
[INFO ] 2020-05-13 17:04:19 [restartedMain] o.s.d.r.c.RepositoryConfigurationDelegate - Finished Spring Data repository scanning in 34ms. Found 0 repository interfaces.
[INFO ] 2020-05-13 17:04:19 [restartedMain] o.s.c.s.PostProcessorRegistrationDelegate$BeanPostProcessorChecker - Bean 'org.springframework.transaction.annotation.ProxyTransactionManagementConfiguration' of type [org.springframework.transaction.annotation.ProxyTransactionManagementConfiguration$$EnhancerBySpringCGLIB$$d1c6a399] is not eligible for getting processed by all BeanPostProcessors (for example: not eligible for auto-proxying)
[INFO ] 2020-05-13 17:04:19 [restartedMain] o.s.b.w.e.tomcat.TomcatWebServer - Tomcat initialized with port(s): 8080 (http)
[INFO ] 2020-05-13 17:04:19 [restartedMain] o.a.coyote.http11.Http11NioProtocol - Initializing ProtocolHandler ["http-nio-8080"]
[INFO ] 2020-05-13 17:04:19 [restartedMain] o.a.catalina.core.StandardService - Starting service [Tomcat]
[INFO ] 2020-05-13 17:04:19 [restartedMain] o.a.catalina.core.StandardEngine - Starting Servlet engine: [Apache Tomcat/9.0.19]
[INFO ] 2020-05-13 17:04:19 [restartedMain] o.a.c.c.C.[.[.[/stary-animals] - Initializing Spring embedded WebApplicationContext
[INFO ] 2020-05-13 17:04:19 [restartedMain] o.s.web.context.ContextLoader - Root WebApplicationContext: initialization completed in 4506 ms
[INFO ] 2020-05-13 17:04:19 [restartedMain] c.alibaba.druid.pool.DruidDataSource - {dataSource-1} inited
[INFO ] 2020-05-13 17:04:19 [restartedMain] o.s.s.c.ThreadPoolTaskExecutor - Initializing ExecutorService 'applicationTaskExecutor'
[INFO ] 2020-05-13 17:04:19 [restartedMain] o.s.b.d.a.OptionalLiveReloadServer - LiveReload server is running on port 35729
[INFO ] 2020-05-13 17:04:19 [restartedMain] o.a.coyote.http11.Http11NioProtocol - Starting ProtocolHandler ["http-nio-8080"]
[INFO ] 2020-05-13 17:04:19 [restartedMain] o.s.b.w.e.tomcat.TomcatWebServer - Tomcat started on port(s): 8080 (http) with context path '/stary-animals'
[INFO ] 2020-05-13 17:04:19 [restartedMain] com.shiep.StaryAnimalsApplication - Started SpringBootApplication in 11.706 seconds (JVM running for 14.403)
[INFO ] 2020-05-13 17:06:09 [restartedMain] com.shiep.StaryAnimalsApplication - Starting SpringBootApplication on DESKTOP-6UGKRGF with PID 8400 (D:\Tool_Workspace\IDEA\stary-animals\target\classes started by tuoji in D:\Tool_Workspace\IDEA\stary-animals)
[INFO ] 2020-05-13 17:06:09 [restartedMain] com.shiep.StaryAnimalsApplication - No active profile set, falling back to default profiles: default
[INFO ] 2020-05-13 17:06:09 [restartedMain] o.s.b.d.e.DevToolsPropertyDefaultsPostProcessor - Devtools property defaults active! Set 'spring.devtools.add-properties' to 'false' to disable
[INFO ] 2020-05-13 17:06:09 [restartedMain] o.s.b.d.e.DevToolsPropertyDefaultsPostProcessor - For additional web related logging consider setting the 'logging.level.web' property to 'DEBUG'
[INFO ] 2020-05-13 17:06:09 [restartedMain] o.s.d.r.c.RepositoryConfigurationDelegate - Multiple Spring Data modules found, entering strict repository configuration mode!
[INFO ] 2020-05-13 17:06:09 [restartedMain] o.s.d.r.c.RepositoryConfigurationDelegate - Bootstrapping Spring Data repositories in DEFAULT mode.
[INFO ] 2020-05-13 17:06:09 [restartedMain] o.s.d.r.c.RepositoryConfigurationDelegate - Finished Spring Data repository scanning in 31ms. Found 0 repository interfaces.
[INFO ] 2020-05-13 17:06:09 [restartedMain] o.s.c.s.PostProcessorRegistrationDelegate$BeanPostProcessorChecker - Bean 'org.springframework.transaction.annotation.ProxyTransactionManagementConfiguration' of type [org.springframework.transaction.annotation.ProxyTransactionManagementConfiguration$$EnhancerBySpringCGLIB$$8760d9aa] is not eligible for getting processed by all BeanPostProcessors (for example: not eligible for auto-proxying)
[INFO ] 2020-05-13 17:06:09 [restartedMain] o.s.b.w.e.tomcat.TomcatWebServer - Tomcat initialized with port(s): 8080 (http)
[INFO ] 2020-05-13 17:06:09 [restartedMain] o.a.coyote.http11.Http11NioProtocol - Initializing ProtocolHandler ["http-nio-8080"]
[INFO ] 2020-05-13 17:06:09 [restartedMain] o.a.catalina.core.StandardService - Starting service [Tomcat]
[INFO ] 2020-05-13 17:06:09 [restartedMain] o.a.catalina.core.StandardEngine - Starting Servlet engine: [Apache Tomcat/9.0.19]
[INFO ] 2020-05-13 17:06:09 [restartedMain] o.a.c.c.C.[.[.[/stary-animals] - Initializing Spring embedded WebApplicationContext
[INFO ] 2020-05-13 17:06:09 [restartedMain] o.s.web.context.ContextLoader - Root WebApplicationContext: initialization completed in 3063 ms
[INFO ] 2020-05-13 17:06:09 [restartedMain] c.alibaba.druid.pool.DruidDataSource - {dataSource-1} inited
[INFO ] 2020-05-13 17:06:09 [restartedMain] o.s.s.c.ThreadPoolTaskExecutor - Initializing ExecutorService 'applicationTaskExecutor'
[INFO ] 2020-05-13 17:06:09 [restartedMain] o.s.b.d.a.OptionalLiveReloadServer - LiveReload server is running on port 35729
[INFO ] 2020-05-13 17:06:09 [restartedMain] o.a.coyote.http11.Http11NioProtocol - Starting ProtocolHandler ["http-nio-8080"]
[INFO ] 2020-05-13 17:06:09 [restartedMain] o.s.b.w.e.tomcat.TomcatWebServer - Tomcat started on port(s): 8080 (http) with context path '/stary-animals'
[INFO ] 2020-05-13 17:06:09 [restartedMain] com.shiep.StaryAnimalsApplication - Started SpringBootApplication in 7.296 seconds (JVM running for 10.343)
[INFO ] 2020-05-13 17:10:20 [restartedMain] com.shiep.StaryAnimalsApplication - Starting SpringBootApplication on DESKTOP-6UGKRGF with PID 1780 (D:\Tool_Workspace\IDEA\stary-animals\target\classes started by tuoji in D:\Tool_Workspace\IDEA\stary-animals)
[INFO ] 2020-05-13 17:10:20 [restartedMain] com.shiep.StaryAnimalsApplication - No active profile set, falling back to default profiles: default
[INFO ] 2020-05-13 17:10:20 [restartedMain] o.s.b.d.e.DevToolsPropertyDefaultsPostProcessor - Devtools property defaults active! Set 'spring.devtools.add-properties' to 'false' to disable
[INFO ] 2020-05-13 17:10:20 [restartedMain] o.s.b.d.e.DevToolsPropertyDefaultsPostProcessor - For additional web related logging consider setting the 'logging.level.web' property to 'DEBUG'
[INFO ] 2020-05-13 17:10:20 [restartedMain] o.s.d.r.c.RepositoryConfigurationDelegate - Multiple Spring Data modules found, entering strict repository configuration mode!
[INFO ] 2020-05-13 17:10:20 [restartedMain] o.s.d.r.c.RepositoryConfigurationDelegate - Bootstrapping Spring Data repositories in DEFAULT mode.
[INFO ] 2020-05-13 17:10:20 [restartedMain] o.s.d.r.c.RepositoryConfigurationDelegate - Finished Spring Data repository scanning in 48ms. Found 0 repository interfaces.
[INFO ] 2020-05-13 17:10:20 [restartedMain] o.s.c.s.PostProcessorRegistrationDelegate$BeanPostProcessorChecker - Bean 'org.springframework.transaction.annotation.ProxyTransactionManagementConfiguration' of type [org.springframework.transaction.annotation.ProxyTransactionManagementConfiguration$$EnhancerBySpringCGLIB$$fc1add61] is not eligible for getting processed by all BeanPostProcessors (for example: not eligible for auto-proxying)
[INFO ] 2020-05-13 17:10:20 [restartedMain] o.s.b.w.e.tomcat.TomcatWebServer - Tomcat initialized with port(s): 8080 (http)
[INFO ] 2020-05-13 17:10:20 [restartedMain] o.a.coyote.http11.Http11NioProtocol - Initializing ProtocolHandler ["http-nio-8080"]
[INFO ] 2020-05-13 17:10:20 [restartedMain] o.a.catalina.core.StandardService - Starting service [Tomcat]
[INFO ] 2020-05-13 17:10:20 [restartedMain] o.a.catalina.core.StandardEngine - Starting Servlet engine: [Apache Tomcat/9.0.19]
[INFO ] 2020-05-13 17:10:20 [restartedMain] o.a.c.c.C.[.[.[/stary-animals] - Initializing Spring embedded WebApplicationContext
[INFO ] 2020-05-13 17:10:20 [restartedMain] o.s.web.context.ContextLoader - Root WebApplicationContext: initialization completed in 4825 ms
[INFO ] 2020-05-13 17:10:20 [restartedMain] c.alibaba.druid.pool.DruidDataSource - {dataSource-1} inited
[INFO ] 2020-05-13 17:10:20 [restartedMain] o.s.s.c.ThreadPoolTaskExecutor - Initializing ExecutorService 'applicationTaskExecutor'
[INFO ] 2020-05-13 17:10:20 [restartedMain] o.s.b.d.a.OptionalLiveReloadServer - LiveReload server is running on port 35729
[INFO ] 2020-05-13 17:10:20 [restartedMain] o.a.coyote.http11.Http11NioProtocol - Starting ProtocolHandler ["http-nio-8080"]
[INFO ] 2020-05-13 17:10:20 [restartedMain] o.s.b.w.e.tomcat.TomcatWebServer - Tomcat started on port(s): 8080 (http) with context path '/stary-animals'
[INFO ] 2020-05-13 17:10:20 [restartedMain] com.shiep.StaryAnimalsApplication - Started SpringBootApplication in 11.071 seconds (JVM running for 14.166)
[INFO ] 2020-05-13 17:10:20 [Thread-28] o.s.s.c.ThreadPoolTaskExecutor - Shutting down ExecutorService 'applicationTaskExecutor'
[INFO ] 2020-05-13 17:10:20 [Thread-28] c.alibaba.druid.pool.DruidDataSource - {dataSource-1} closing ...
[INFO ] 2020-05-13 17:10:20 [Thread-28] c.alibaba.druid.pool.DruidDataSource - {dataSource-1} closed
[INFO ] 2020-05-13 17:15:32 [restartedMain] com.shiep.StaryAnimalsApplication - Starting SpringBootApplication on DESKTOP-6UGKRGF with PID 14240 (D:\Tool_Workspace\IDEA\stary-animals\target\classes started by tuoji in D:\Tool_Workspace\IDEA\stary-animals)
[INFO ] 2020-05-13 17:15:32 [restartedMain] com.shiep.StaryAnimalsApplication - No active profile set, falling back to default profiles: default
[INFO ] 2020-05-13 17:15:32 [restartedMain] o.s.b.d.e.DevToolsPropertyDefaultsPostProcessor - Devtools property defaults active! Set 'spring.devtools.add-properties' to 'false' to disable
[INFO ] 2020-05-13 17:15:32 [restartedMain] o.s.b.d.e.DevToolsPropertyDefaultsPostProcessor - For additional web related logging consider setting the 'logging.level.web' property to 'DEBUG'
[INFO ] 2020-05-13 17:15:32 [restartedMain] o.s.d.r.c.RepositoryConfigurationDelegate - Multiple Spring Data modules found, entering strict repository configuration mode!
[INFO ] 2020-05-13 17:15:32 [restartedMain] o.s.d.r.c.RepositoryConfigurationDelegate - Bootstrapping Spring Data repositories in DEFAULT mode.
[INFO ] 2020-05-13 17:15:32 [restartedMain] o.s.d.r.c.RepositoryConfigurationDelegate - Finished Spring Data repository scanning in 34ms. Found 0 repository interfaces.
[INFO ] 2020-05-13 17:15:32 [restartedMain] o.s.c.s.PostProcessorRegistrationDelegate$BeanPostProcessorChecker - Bean 'org.springframework.transaction.annotation.ProxyTransactionManagementConfiguration' of type [org.springframework.transaction.annotation.ProxyTransactionManagementConfiguration$$EnhancerBySpringCGLIB$$d2b35212] is not eligible for getting processed by all BeanPostProcessors (for example: not eligible for auto-proxying)
[INFO ] 2020-05-13 17:15:32 [restartedMain] o.s.b.w.e.tomcat.TomcatWebServer - Tomcat initialized with port(s): 8080 (http)
[INFO ] 2020-05-13 17:15:32 [restartedMain] o.a.coyote.http11.Http11NioProtocol - Initializing ProtocolHandler ["http-nio-8080"]
[INFO ] 2020-05-13 17:15:32 [restartedMain] o.a.catalina.core.StandardService - Starting service [Tomcat]
[INFO ] 2020-05-13 17:15:32 [restartedMain] o.a.catalina.core.StandardEngine - Starting Servlet engine: [Apache Tomcat/9.0.19]
[INFO ] 2020-05-13 17:15:32 [restartedMain] o.a.c.c.C.[.[.[/stary-animals] - Initializing Spring embedded WebApplicationContext
[INFO ] 2020-05-13 17:15:32 [restartedMain] o.s.web.context.ContextLoader - Root WebApplicationContext: initialization completed in 3439 ms
[INFO ] 2020-05-13 17:15:32 [restartedMain] c.alibaba.druid.pool.DruidDataSource - {dataSource-1} inited
[INFO ] 2020-05-13 17:15:32 [restartedMain] o.s.s.c.ThreadPoolTaskExecutor - Initializing ExecutorService 'applicationTaskExecutor'
[INFO ] 2020-05-13 17:15:32 [restartedMain] o.s.b.d.a.OptionalLiveReloadServer - LiveReload server is running on port 35729
[INFO ] 2020-05-13 17:15:32 [restartedMain] o.a.coyote.http11.Http11NioProtocol - Starting ProtocolHandler ["http-nio-8080"]
[INFO ] 2020-05-13 17:15:32 [restartedMain] o.s.b.w.e.tomcat.TomcatWebServer - Tomcat started on port(s): 8080 (http) with context path '/stary-animals'
[INFO ] 2020-05-13 17:15:32 [restartedMain] com.shiep.StaryAnimalsApplication - Started SpringBootApplication in 7.669 seconds (JVM running for 10.726)
[INFO ] 2020-05-13 20:29:22 [restartedMain] com.shiep.StaryAnimalsApplication - Starting SpringBootApplication on DESKTOP-6UGKRGF with PID 14468 (D:\Tool_Workspace\IDEA\stary-animals\target\classes started by tuoji in D:\Tool_Workspace\IDEA\stary-animals)
[INFO ] 2020-05-13 20:29:22 [restartedMain] com.shiep.StaryAnimalsApplication - No active profile set, falling back to default profiles: default
[INFO ] 2020-05-13 20:29:22 [restartedMain] o.s.b.d.e.DevToolsPropertyDefaultsPostProcessor - Devtools property defaults active! Set 'spring.devtools.add-properties' to 'false' to disable
[INFO ] 2020-05-13 20:29:22 [restartedMain] o.s.b.d.e.DevToolsPropertyDefaultsPostProcessor - For additional web related logging consider setting the 'logging.level.web' property to 'DEBUG'
[INFO ] 2020-05-13 20:29:22 [restartedMain] o.s.d.r.c.RepositoryConfigurationDelegate - Multiple Spring Data modules found, entering strict repository configuration mode!
[INFO ] 2020-05-13 20:29:22 [restartedMain] o.s.d.r.c.RepositoryConfigurationDelegate - Bootstrapping Spring Data repositories in DEFAULT mode.
[INFO ] 2020-05-13 20:29:22 [restartedMain] o.s.d.r.c.RepositoryConfigurationDelegate - Finished Spring Data repository scanning in 49ms. Found 0 repository interfaces.
[INFO ] 2020-05-13 20:29:22 [restartedMain] o.s.c.s.PostProcessorRegistrationDelegate$BeanPostProcessorChecker - Bean 'org.springframework.transaction.annotation.ProxyTransactionManagementConfiguration' of type [org.springframework.transaction.annotation.ProxyTransactionManagementConfiguration$$EnhancerBySpringCGLIB$$68488826] is not eligible for getting processed by all BeanPostProcessors (for example: not eligible for auto-proxying)
[INFO ] 2020-05-13 20:29:22 [restartedMain] o.s.b.w.e.tomcat.TomcatWebServer - Tomcat initialized with port(s): 8080 (http)
[INFO ] 2020-05-13 20:29:22 [restartedMain] o.a.coyote.http11.Http11NioProtocol - Initializing ProtocolHandler ["http-nio-8080"]
[INFO ] 2020-05-13 20:29:22 [restartedMain] o.a.catalina.core.StandardService - Starting service [Tomcat]
[INFO ] 2020-05-13 20:29:22 [restartedMain] o.a.catalina.core.StandardEngine - Starting Servlet engine: [Apache Tomcat/9.0.19]
[INFO ] 2020-05-13 20:29:22 [restartedMain] o.a.c.c.C.[.[.[/stary-animals] - Initializing Spring embedded WebApplicationContext
[INFO ] 2020-05-13 20:29:22 [restartedMain] o.s.web.context.ContextLoader - Root WebApplicationContext: initialization completed in 5901 ms
[INFO ] 2020-05-13 20:29:22 [restartedMain] c.alibaba.druid.pool.DruidDataSource - {dataSource-1} inited
[INFO ] 2020-05-13 20:29:22 [restartedMain] o.s.s.c.ThreadPoolTaskExecutor - Initializing ExecutorService 'applicationTaskExecutor'
[INFO ] 2020-05-13 20:29:22 [restartedMain] o.s.b.d.a.OptionalLiveReloadServer - LiveReload server is running on port 35729
[INFO ] 2020-05-13 20:29:22 [restartedMain] o.a.coyote.http11.Http11NioProtocol - Starting ProtocolHandler ["http-nio-8080"]
[INFO ] 2020-05-13 20:29:22 [restartedMain] o.s.b.w.e.tomcat.TomcatWebServer - Tomcat started on port(s): 8080 (http) with context path '/stary-animals'
[INFO ] 2020-05-13 20:29:22 [restartedMain] com.shiep.StaryAnimalsApplication - Started SpringBootApplication in 12.23 seconds (JVM running for 16.416)
[INFO ] 2020-05-13 20:29:22 [http-nio-8080-exec-1] o.a.c.c.C.[.[.[/stary-animals] - Initializing Spring DispatcherServlet 'dispatcherServlet'
[INFO ] 2020-05-13 20:29:22 [http-nio-8080-exec-1] o.s.web.servlet.DispatcherServlet - Initializing Servlet 'dispatcherServlet'
[INFO ] 2020-05-13 20:29:22 [http-nio-8080-exec-1] o.s.web.servlet.DispatcherServlet - Completed initialization in 9 ms
[INFO ] 2020-05-13 20:29:22 [Thread-30] o.s.s.c.ThreadPoolTaskExecutor - Shutting down ExecutorService 'applicationTaskExecutor'
[INFO ] 2020-05-13 20:29:22 [Thread-30] c.alibaba.druid.pool.DruidDataSource - {dataSource-1} closing ...
[INFO ] 2020-05-13 20:29:22 [Thread-30] c.alibaba.druid.pool.DruidDataSource - {dataSource-1} closed
[INFO ] 2020-05-13 22:23:14 [restartedMain] com.shiep.StaryAnimalsApplication - Starting SpringBootApplication on DESKTOP-6UGKRGF with PID 14468 (D:\Tool_Workspace\IDEA\stary-animals\target\classes started by tuoji in D:\Tool_Workspace\IDEA\stary-animals)
[INFO ] 2020-05-13 22:23:14 [restartedMain] com.shiep.StaryAnimalsApplication - No active profile set, falling back to default profiles: default
[INFO ] 2020-05-13 22:23:14 [restartedMain] o.s.d.r.c.RepositoryConfigurationDelegate - Multiple Spring Data modules found, entering strict repository configuration mode!
[INFO ] 2020-05-13 22:23:14 [restartedMain] o.s.d.r.c.RepositoryConfigurationDelegate - Bootstrapping Spring Data repositories in DEFAULT mode.
[INFO ] 2020-05-13 22:23:14 [restartedMain] o.s.d.r.c.RepositoryConfigurationDelegate - Finished Spring Data repository scanning in 21ms. Found 0 repository interfaces.
[INFO ] 2020-05-13 22:23:14 [restartedMain] o.s.c.s.PostProcessorRegistrationDelegate$BeanPostProcessorChecker - Bean 'org.springframework.transaction.annotation.ProxyTransactionManagementConfiguration' of type [org.springframework.transaction.annotation.ProxyTransactionManagementConfiguration$$EnhancerBySpringCGLIB$$68488826] is not eligible for getting processed by all BeanPostProcessors (for example: not eligible for auto-proxying)
[INFO ] 2020-05-13 22:23:14 [restartedMain] o.s.b.w.e.tomcat.TomcatWebServer - Tomcat initialized with port(s): 8080 (http)
[INFO ] 2020-05-13 22:23:14 [restartedMain] o.a.coyote.http11.Http11NioProtocol - Initializing ProtocolHandler ["http-nio-8080"]
[INFO ] 2020-05-13 22:23:14 [restartedMain] o.a.catalina.core.StandardService - Starting service [Tomcat]
[INFO ] 2020-05-13 22:23:14 [restartedMain] o.a.catalina.core.StandardEngine - Starting Servlet engine: [Apache Tomcat/9.0.19]
[INFO ] 2020-05-13 22:23:14 [restartedMain] o.a.c.c.C.[.[.[/stary-animals] - Initializing Spring embedded WebApplicationContext
[INFO ] 2020-05-13 22:23:14 [restartedMain] o.s.web.context.ContextLoader - Root WebApplicationContext: initialization completed in 958 ms
[INFO ] 2020-05-13 22:23:14 [restartedMain] c.alibaba.druid.pool.DruidDataSource - {dataSource-2} inited
[INFO ] 2020-05-13 22:23:14 [restartedMain] o.s.s.c.ThreadPoolTaskExecutor - Initializing ExecutorService 'applicationTaskExecutor'
[INFO ] 2020-05-13 22:23:14 [restartedMain] o.s.b.d.a.OptionalLiveReloadServer - LiveReload server is running on port 35729
[INFO ] 2020-05-13 22:23:14 [restartedMain] o.a.coyote.http11.Http11NioProtocol - Starting ProtocolHandler ["http-nio-8080"]
[INFO ] 2020-05-13 22:23:14 [restartedMain] o.s.b.w.e.tomcat.TomcatWebServer - Tomcat started on port(s): 8080 (http) with context path '/stary-animals'
[INFO ] 2020-05-13 22:23:14 [restartedMain] com.shiep.StaryAnimalsApplication - Started SpringBootApplication in 3.036 seconds (JVM running for 6839.723)
[INFO ] 2020-05-13 22:23:14 [restartedMain] o.s.b.d.a.ConditionEvaluationDeltaLoggingListener - Condition evaluation unchanged
[INFO ] 2020-05-13 22:23:14 [http-nio-8080-exec-9] o.a.c.c.C.[.[.[/stary-animals] - Initializing Spring DispatcherServlet 'dispatcherServlet'
[INFO ] 2020-05-13 22:23:14 [http-nio-8080-exec-9] o.s.web.servlet.DispatcherServlet - Initializing Servlet 'dispatcherServlet'
[INFO ] 2020-05-13 22:23:14 [http-nio-8080-exec-9] o.s.web.servlet.DispatcherServlet - Completed initialization in 8 ms
