[INFO ] 2020-02-19 19:47:04 [Thread-23] o.s.s.c.ThreadPoolTaskExecutor - Shutting down ExecutorService 'applicationTaskExecutor'
[INFO ] 2020-02-19 19:47:04 [Thread-23] c.alibaba.druid.pool.DruidDataSource - {dataSource-1} closing ...
[INFO ] 2020-02-19 19:47:04 [Thread-23] c.alibaba.druid.pool.DruidDataSource - {dataSource-1} closed
[INFO ] 2020-02-20 11:11:04 [restartedMain] com.shiep.StaryAnimalsApplication - Starting SpringBootApplication on DESKTOP-6UGKRGF with PID 33092 (D:\Tool_Workspace\IDEA\stary-animals\target\classes started by tuoji in D:\Tool_Workspace\IDEA\stary-animals)
[INFO ] 2020-02-20 11:11:04 [restartedMain] com.shiep.StaryAnimalsApplication - No active profile set, falling back to default profiles: default
[INFO ] 2020-02-20 11:11:04 [restartedMain] o.s.d.r.c.RepositoryConfigurationDelegate - Multiple Spring Data modules found, entering strict repository configuration mode!
[INFO ] 2020-02-20 11:11:04 [restartedMain] o.s.d.r.c.RepositoryConfigurationDelegate - Bootstrapping Spring Data repositories in DEFAULT mode.
[INFO ] 2020-02-20 11:11:04 [restartedMain] o.s.d.r.c.RepositoryConfigurationDelegate - Finished Spring Data repository scanning in 97ms. Found 0 repository interfaces.
[INFO ] 2020-02-20 11:11:04 [restartedMain] o.s.c.s.PostProcessorRegistrationDelegate$BeanPostProcessorChecker - Bean 'org.springframework.transaction.annotation.ProxyTransactionManagementConfiguration' of type [org.springframework.transaction.annotation.ProxyTransactionManagementConfiguration$$EnhancerBySpringCGLIB$$a472e0fc] is not eligible for getting processed by all BeanPostProcessors (for example: not eligible for auto-proxying)
[INFO ] 2020-02-20 11:11:04 [restartedMain] o.s.b.w.e.tomcat.TomcatWebServer - Tomcat initialized with port(s): 8080 (http)
[INFO ] 2020-02-20 11:11:04 [restartedMain] o.a.coyote.http11.Http11NioProtocol - Initializing ProtocolHandler ["http-nio-8080"]
[INFO ] 2020-02-20 11:11:04 [restartedMain] o.a.catalina.core.StandardService - Starting service [Tomcat]
[INFO ] 2020-02-20 11:11:04 [restartedMain] o.a.catalina.core.StandardEngine - Starting Servlet engine: [Apache Tomcat/9.0.19]
[INFO ] 2020-02-20 11:11:04 [restartedMain] o.a.c.c.C.[.[.[/stary-animals] - Initializing Spring embedded WebApplicationContext
[INFO ] 2020-02-20 11:11:04 [restartedMain] o.s.web.context.ContextLoader - Root WebApplicationContext: initialization completed in 4487 ms
[INFO ] 2020-02-20 11:11:04 [restartedMain] c.alibaba.druid.pool.DruidDataSource - {dataSource-2} inited
[INFO ] 2020-02-20 11:11:08 [restartedMain] com.shiep.StaryAnimalsApplication - Starting SpringBootApplication on DESKTOP-6UGKRGF with PID 40980 (D:\Tool_Workspace\IDEA\stary-animals\target\classes started by tuoji in D:\Tool_Workspace\IDEA\stary-animals)
[INFO ] 2020-02-20 11:11:08 [restartedMain] com.shiep.StaryAnimalsApplication - No active profile set, falling back to default profiles: default
[INFO ] 2020-02-20 11:11:08 [restartedMain] o.s.b.d.e.DevToolsPropertyDefaultsPostProcessor - Devtools property defaults active! Set 'spring.devtools.add-properties' to 'false' to disable
[INFO ] 2020-02-20 11:11:08 [restartedMain] o.s.b.d.e.DevToolsPropertyDefaultsPostProcessor - For additional web related logging consider setting the 'logging.level.web' property to 'DEBUG'
[INFO ] 2020-02-20 11:11:04 [restartedMain] o.s.s.c.ThreadPoolTaskExecutor - Initializing ExecutorService 'applicationTaskExecutor'
[INFO ] 2020-02-20 11:11:04 [restartedMain] o.s.b.d.a.OptionalLiveReloadServer - LiveReload server is running on port 35729
[INFO ] 2020-02-20 11:11:04 [restartedMain] o.a.coyote.http11.Http11NioProtocol - Starting ProtocolHandler ["http-nio-8080"]
[INFO ] 2020-02-20 11:11:04 [restartedMain] o.s.b.w.e.tomcat.TomcatWebServer - Tomcat started on port(s): 8080 (http) with context path '/stary-animals'
[INFO ] 2020-02-20 11:11:04 [restartedMain] com.shiep.StaryAnimalsApplication - Started SpringBootApplication in 7.427 seconds (JVM running for 55461.805)
[INFO ] 2020-02-20 11:11:04 [restartedMain] o.s.b.d.a.ConditionEvaluationDeltaLoggingListener - Condition evaluation unchanged
[INFO ] 2020-02-20 11:11:08 [restartedMain] o.s.d.r.c.RepositoryConfigurationDelegate - Multiple Spring Data modules found, entering strict repository configuration mode!
[INFO ] 2020-02-20 11:11:08 [restartedMain] o.s.d.r.c.RepositoryConfigurationDelegate - Bootstrapping Spring Data repositories in DEFAULT mode.
[INFO ] 2020-02-20 11:11:08 [restartedMain] o.s.d.r.c.RepositoryConfigurationDelegate - Finished Spring Data repository scanning in 27ms. Found 0 repository interfaces.
[INFO ] 2020-02-20 11:11:08 [restartedMain] o.s.c.s.PostProcessorRegistrationDelegate$BeanPostProcessorChecker - Bean 'org.springframework.transaction.annotation.ProxyTransactionManagementConfiguration' of type [org.springframework.transaction.annotation.ProxyTransactionManagementConfiguration$$EnhancerBySpringCGLIB$$cd551d90] is not eligible for getting processed by all BeanPostProcessors (for example: not eligible for auto-proxying)
[INFO ] 2020-02-20 11:11:08 [restartedMain] o.s.b.w.e.tomcat.TomcatWebServer - Tomcat initialized with port(s): 8080 (http)
[INFO ] 2020-02-20 11:11:08 [restartedMain] o.a.coyote.http11.Http11NioProtocol - Initializing ProtocolHandler ["http-nio-8080"]
[INFO ] 2020-02-20 11:11:08 [restartedMain] o.a.catalina.core.StandardService - Starting service [Tomcat]
[INFO ] 2020-02-20 11:11:08 [restartedMain] o.a.catalina.core.StandardEngine - Starting Servlet engine: [Apache Tomcat/9.0.19]
[INFO ] 2020-02-20 11:11:08 [restartedMain] o.a.c.c.C.[.[.[/stary-animals] - Initializing Spring embedded WebApplicationContext
[INFO ] 2020-02-20 11:11:08 [restartedMain] o.s.web.context.ContextLoader - Root WebApplicationContext: initialization completed in 4324 ms
[INFO ] 2020-02-20 11:11:08 [restartedMain] c.alibaba.druid.pool.DruidDataSource - {dataSource-1} inited
[INFO ] 2020-02-20 11:11:08 [restartedMain] o.s.s.c.ThreadPoolTaskExecutor - Initializing ExecutorService 'applicationTaskExecutor'
[INFO ] 2020-02-20 11:11:08 [restartedMain] o.a.coyote.http11.Http11NioProtocol - Starting ProtocolHandler ["http-nio-8080"]
[INFO ] 2020-02-20 11:11:08 [restartedMain] o.a.coyote.http11.Http11NioProtocol - Pausing ProtocolHandler ["http-nio-8080"]
[INFO ] 2020-02-20 11:11:08 [restartedMain] o.a.catalina.core.StandardService - Stopping service [Tomcat]
[INFO ] 2020-02-20 11:11:08 [restartedMain] o.apache.catalina.util.LifecycleBase - The stop() method was called on component [StandardServer[-1]] after stop() had already been called. The second call will be ignored.
[INFO ] 2020-02-20 11:11:08 [restartedMain] o.a.coyote.http11.Http11NioProtocol - Stopping ProtocolHandler ["http-nio-8080"]
[INFO ] 2020-02-20 11:11:08 [restartedMain] o.a.coyote.http11.Http11NioProtocol - Destroying ProtocolHandler ["http-nio-8080"]
[INFO ] 2020-02-20 11:11:08 [restartedMain] o.s.s.c.ThreadPoolTaskExecutor - Shutting down ExecutorService 'applicationTaskExecutor'
[INFO ] 2020-02-20 11:11:08 [restartedMain] c.alibaba.druid.pool.DruidDataSource - {dataSource-1} closing ...
[INFO ] 2020-02-20 11:11:08 [restartedMain] c.alibaba.druid.pool.DruidDataSource - {dataSource-1} closed
[INFO ] 2020-02-20 11:11:04 [http-nio-8080-exec-10] o.a.c.c.C.[.[.[/stary-animals] - Initializing Spring DispatcherServlet 'dispatcherServlet'
[INFO ] 2020-02-20 11:11:04 [http-nio-8080-exec-10] o.s.web.servlet.DispatcherServlet - Initializing Servlet 'dispatcherServlet'
[INFO ] 2020-02-20 11:11:04 [http-nio-8080-exec-10] o.s.web.servlet.DispatcherServlet - Completed initialization in 73 ms
[INFO ] 2020-02-20 11:11:04 [Thread-36] o.s.s.c.ThreadPoolTaskExecutor - Shutting down ExecutorService 'applicationTaskExecutor'
[INFO ] 2020-02-20 11:11:04 [Thread-36] c.alibaba.druid.pool.DruidDataSource - {dataSource-2} closing ...
[INFO ] 2020-02-20 11:11:04 [Thread-36] c.alibaba.druid.pool.DruidDataSource - {dataSource-2} closed
[INFO ] 2020-02-20 17:21:05 [restartedMain] com.shiep.StaryAnimalsApplication - Starting SpringBootApplication on DESKTOP-6UGKRGF with PID 33092 (D:\Tool_Workspace\IDEA\stary-animals\target\classes started by tuoji in D:\Tool_Workspace\IDEA\stary-animals)
[INFO ] 2020-02-20 17:21:05 [restartedMain] com.shiep.StaryAnimalsApplication - No active profile set, falling back to default profiles: default
[INFO ] 2020-02-20 17:21:05 [restartedMain] o.s.d.r.c.RepositoryConfigurationDelegate - Multiple Spring Data modules found, entering strict repository configuration mode!
[INFO ] 2020-02-20 17:21:05 [restartedMain] o.s.d.r.c.RepositoryConfigurationDelegate - Bootstrapping Spring Data repositories in DEFAULT mode.
[INFO ] 2020-02-20 17:21:05 [restartedMain] o.s.d.r.c.RepositoryConfigurationDelegate - Finished Spring Data repository scanning in 25ms. Found 0 repository interfaces.
[INFO ] 2020-02-20 17:21:05 [restartedMain] o.s.c.s.PostProcessorRegistrationDelegate$BeanPostProcessorChecker - Bean 'org.springframework.transaction.annotation.ProxyTransactionManagementConfiguration' of type [org.springframework.transaction.annotation.ProxyTransactionManagementConfiguration$$EnhancerBySpringCGLIB$$a472e0fc] is not eligible for getting processed by all BeanPostProcessors (for example: not eligible for auto-proxying)
[INFO ] 2020-02-20 17:21:05 [restartedMain] o.s.b.w.e.tomcat.TomcatWebServer - Tomcat initialized with port(s): 8080 (http)
[INFO ] 2020-02-20 17:21:05 [restartedMain] o.a.coyote.http11.Http11NioProtocol - Initializing ProtocolHandler ["http-nio-8080"]
[INFO ] 2020-02-20 17:21:05 [restartedMain] o.a.catalina.core.StandardService - Starting service [Tomcat]
[INFO ] 2020-02-20 17:21:05 [restartedMain] o.a.catalina.core.StandardEngine - Starting Servlet engine: [Apache Tomcat/9.0.19]
[INFO ] 2020-02-20 17:21:05 [restartedMain] o.a.c.c.C.[.[.[/stary-animals] - Initializing Spring embedded WebApplicationContext
[INFO ] 2020-02-20 17:21:05 [restartedMain] o.s.web.context.ContextLoader - Root WebApplicationContext: initialization completed in 3705 ms
[INFO ] 2020-02-20 17:21:05 [restartedMain] c.alibaba.druid.pool.DruidDataSource - {dataSource-3} inited
[INFO ] 2020-02-20 17:21:09 [restartedMain] com.shiep.StaryAnimalsApplication - Starting SpringBootApplication on DESKTOP-6UGKRGF with PID 35208 (D:\Tool_Workspace\IDEA\stary-animals\target\classes started by tuoji in D:\Tool_Workspace\IDEA\stary-animals)
[INFO ] 2020-02-20 17:21:09 [restartedMain] com.shiep.StaryAnimalsApplication - No active profile set, falling back to default profiles: default
[INFO ] 2020-02-20 17:21:09 [restartedMain] o.s.b.d.e.DevToolsPropertyDefaultsPostProcessor - Devtools property defaults active! Set 'spring.devtools.add-properties' to 'false' to disable
[INFO ] 2020-02-20 17:21:09 [restartedMain] o.s.b.d.e.DevToolsPropertyDefaultsPostProcessor - For additional web related logging consider setting the 'logging.level.web' property to 'DEBUG'
[INFO ] 2020-02-20 17:21:05 [restartedMain] o.s.s.c.ThreadPoolTaskExecutor - Initializing ExecutorService 'applicationTaskExecutor'
[INFO ] 2020-02-20 17:21:05 [restartedMain] o.s.b.d.a.OptionalLiveReloadServer - LiveReload server is running on port 35729
[INFO ] 2020-02-20 17:21:05 [restartedMain] o.a.coyote.http11.Http11NioProtocol - Starting ProtocolHandler ["http-nio-8080"]
[INFO ] 2020-02-20 17:21:05 [restartedMain] o.s.b.w.e.tomcat.TomcatWebServer - Tomcat started on port(s): 8080 (http) with context path '/stary-animals'
[INFO ] 2020-02-20 17:21:05 [restartedMain] com.shiep.StaryAnimalsApplication - Started SpringBootApplication in 5.877 seconds (JVM running for 77661.776)
[INFO ] 2020-02-20 17:21:05 [restartedMain] o.s.b.d.a.ConditionEvaluationDeltaLoggingListener - Condition evaluation unchanged
[INFO ] 2020-02-20 17:21:09 [restartedMain] o.s.d.r.c.RepositoryConfigurationDelegate - Multiple Spring Data modules found, entering strict repository configuration mode!
[INFO ] 2020-02-20 17:21:09 [restartedMain] o.s.d.r.c.RepositoryConfigurationDelegate - Bootstrapping Spring Data repositories in DEFAULT mode.
[INFO ] 2020-02-20 17:21:09 [restartedMain] o.s.d.r.c.RepositoryConfigurationDelegate - Finished Spring Data repository scanning in 51ms. Found 0 repository interfaces.
[INFO ] 2020-02-20 17:21:09 [restartedMain] o.s.c.s.PostProcessorRegistrationDelegate$BeanPostProcessorChecker - Bean 'org.springframework.transaction.annotation.ProxyTransactionManagementConfiguration' of type [org.springframework.transaction.annotation.ProxyTransactionManagementConfiguration$$EnhancerBySpringCGLIB$$c092b462] is not eligible for getting processed by all BeanPostProcessors (for example: not eligible for auto-proxying)
[INFO ] 2020-02-20 17:21:09 [restartedMain] o.s.b.w.e.tomcat.TomcatWebServer - Tomcat initialized with port(s): 8080 (http)
[INFO ] 2020-02-20 17:21:09 [restartedMain] o.a.coyote.http11.Http11NioProtocol - Initializing ProtocolHandler ["http-nio-8080"]
[INFO ] 2020-02-20 17:21:09 [restartedMain] o.a.catalina.core.StandardService - Starting service [Tomcat]
[INFO ] 2020-02-20 17:21:09 [restartedMain] o.a.catalina.core.StandardEngine - Starting Servlet engine: [Apache Tomcat/9.0.19]
[INFO ] 2020-02-20 17:21:09 [restartedMain] o.a.c.c.C.[.[.[/stary-animals] - Initializing Spring embedded WebApplicationContext
[INFO ] 2020-02-20 17:21:09 [restartedMain] o.s.web.context.ContextLoader - Root WebApplicationContext: initialization completed in 4236 ms
[INFO ] 2020-02-20 17:21:09 [restartedMain] c.alibaba.druid.pool.DruidDataSource - {dataSource-1} inited
[INFO ] 2020-02-20 17:21:09 [restartedMain] o.s.s.c.ThreadPoolTaskExecutor - Initializing ExecutorService 'applicationTaskExecutor'
[INFO ] 2020-02-20 17:21:09 [restartedMain] o.a.coyote.http11.Http11NioProtocol - Starting ProtocolHandler ["http-nio-8080"]
[INFO ] 2020-02-20 17:21:09 [restartedMain] o.a.coyote.http11.Http11NioProtocol - Pausing ProtocolHandler ["http-nio-8080"]
[INFO ] 2020-02-20 17:21:09 [restartedMain] o.a.catalina.core.StandardService - Stopping service [Tomcat]
[INFO ] 2020-02-20 17:21:09 [restartedMain] o.apache.catalina.util.LifecycleBase - The stop() method was called on component [StandardServer[-1]] after stop() had already been called. The second call will be ignored.
[INFO ] 2020-02-20 17:21:09 [restartedMain] o.a.coyote.http11.Http11NioProtocol - Stopping ProtocolHandler ["http-nio-8080"]
[INFO ] 2020-02-20 17:21:09 [restartedMain] o.a.coyote.http11.Http11NioProtocol - Destroying ProtocolHandler ["http-nio-8080"]
[INFO ] 2020-02-20 17:21:09 [restartedMain] o.s.s.c.ThreadPoolTaskExecutor - Shutting down ExecutorService 'applicationTaskExecutor'
[INFO ] 2020-02-20 17:21:09 [restartedMain] c.alibaba.druid.pool.DruidDataSource - {dataSource-1} closing ...
[INFO ] 2020-02-20 17:21:09 [restartedMain] c.alibaba.druid.pool.DruidDataSource - {dataSource-1} closed
[INFO ] 2020-02-20 17:21:05 [http-nio-8080-exec-10] o.a.c.c.C.[.[.[/stary-animals] - Initializing Spring DispatcherServlet 'dispatcherServlet'
[INFO ] 2020-02-20 17:21:05 [http-nio-8080-exec-10] o.s.web.servlet.DispatcherServlet - Initializing Servlet 'dispatcherServlet'
[INFO ] 2020-02-20 17:21:05 [http-nio-8080-exec-10] o.s.web.servlet.DispatcherServlet - Completed initialization in 10 ms
